#
# A fatal error has been detected by the Java Runtime Environment:
#
#  EXCEPTION_ACCESS_VIOLATION (0xc0000005) at pc=0x00007ffe7cb00380, pid=5028, tid=14972
#
# JRE version: OpenJDK Runtime Environment (11.0.12+7) (build 11.0.12+7-b1504.28-7817840)
# Java VM: OpenJDK 64-Bit Server VM (11.0.12+7-b1504.28-7817840, mixed mode, tiered, compressed oops, g1 gc, windows-amd64)
# Problematic frame:
# V  [jvm.dll+0x360380]
#
# No core dump will be written. Minidumps are not enabled by default on client versions of Windows
#
# If you would like to submit a bug report, please visit:
#   https://bugreport.java.com/bugreport/crash.jsp
#

---------------  S U M M A R Y ------------

Command Line: --add-opens=java.base/java.util=ALL-UNNAMED --add-opens=java.base/java.lang=ALL-UNNAMED --add-opens=java.base/java.lang.invoke=ALL-UNNAMED --add-opens=java.base/java.util=ALL-UNNAMED --add-opens=java.prefs/java.util.prefs=ALL-UNNAMED --add-opens=java.prefs/java.util.prefs=ALL-UNNAMED --add-opens=java.base/java.nio.charset=ALL-UNNAMED --add-opens=java.base/java.net=ALL-UNNAMED --add-opens=java.base/java.util.concurrent.atomic=ALL-UNNAMED -Xmx2048m -Dfile.encoding=UTF-8 -Duser.country=US -Duser.language=en -Duser.variant org.gradle.launcher.daemon.bootstrap.GradleDaemon 7.3.3

Host: Intel(R) Core(TM) i7-4600M CPU @ 2.90GHz, 4 cores, 7G,  Windows 10 , 64 bit Build 19041 (10.0.19041.207)
Time: Wed Aug 24 15:55:00 2022 GTB Daylight Time elapsed time: 11.213282 seconds (0d 0h 0m 11s)

---------------  T H R E A D  ---------------

Current thread (0x0000020823610800):  JavaThread "C2 CompilerThread1" daemon [_thread_in_native, id=14972, stack(0x0000001c0a300000,0x0000001c0a400000)]


Current CompileTask:
C2:  11213 2517   !   4       java.lang.reflect.Executable::declaredAnnotations (85 bytes)

Stack: [0x0000001c0a300000,0x0000001c0a400000],  sp=0x0000001c0a3fc000,  free space=1008k
Native frames: (J=compiled Java code, j=interpreted, Vv=VM code, C=native code)
V  [jvm.dll+0x360380]
V  [jvm.dll+0x359800]
V  [jvm.dll+0x19d0f9]
V  [jvm.dll+0x20070e]
V  [jvm.dll+0x1ff794]
V  [jvm.dll+0x18868c]
V  [jvm.dll+0x20e0d7]
V  [jvm.dll+0x20c901]
V  [jvm.dll+0x6f9b7f]
V  [jvm.dll+0x6f26a5]
V  [jvm.dll+0x5fabf6]
C  [ucrtbase.dll+0x21542]
C  [KERNEL32.DLL+0x16fd4]
C  [ntdll.dll+0x4cec1]


siginfo: EXCEPTION_ACCESS_VIOLATION (0xc0000005), reading address 0x00007fbe7d1ac898


Register to memory mapping:

RIP=0x00007ffe7cb00380 jvm.dll
RAX=0x00007fbe7d1ac898 is an unknown value
RBX=0x0000000000000068 is an unknown value
RCX=0x0000000000000002 is an unknown value
RDX=0x0 is NULL
RSP=0x0000001c0a3fc000 is pointing into the stack for thread: 0x0000020823610800
RBP=0x0000000000000008 is an unknown value
RSI=0x00007ffe7d1ac898 jvm.dll
RDI=0x0000020826e2b540 points into unknown readable memory: 0x0000020825c5ca40 | 40 ca c5 25 08 02 00 00
R8 =0x0000000000004000 is an unknown value
R9 =0x0000001c0a3fc050 is pointing into the stack for thread: 0x0000020823610800
R10=0x000000000000000d is an unknown value
R11=0x0000001c0a3fbf60 is pointing into the stack for thread: 0x0000020823610800
R12=0x00007ffe7c7a0000 jvm.dll
R13=0x0000000000000008 is an unknown value
R14=0x000000000000000e is an unknown value
R15=0x00007ffe7d1ac898 jvm.dll


Registers:
RAX=0x00007fbe7d1ac898, RBX=0x0000000000000068, RCX=0x0000000000000002, RDX=0x0000000000000000
RSP=0x0000001c0a3fc000, RBP=0x0000000000000008, RSI=0x00007ffe7d1ac898, RDI=0x0000020826e2b540
R8 =0x0000000000004000, R9 =0x0000001c0a3fc050, R10=0x000000000000000d, R11=0x0000001c0a3fbf60
R12=0x00007ffe7c7a0000, R13=0x0000000000000008, R14=0x000000000000000e, R15=0x00007ffe7d1ac898
RIP=0x00007ffe7cb00380, EFLAGS=0x0000000000010246

Top of Stack: (sp=0x0000001c0a3fc000)
0x0000001c0a3fc000:   0000000000000000 0000000000000000
0x0000001c0a3fc010:   0000020825c5ca48 000002082463d600
0x0000001c0a3fc020:   00000000000007ee 00007ffe7caf9800
0x0000001c0a3fc030:   00000208291ca730 0000001c0a3fc170
0x0000001c0a3fc040:   00000000000007ee 00007ffe7cfddf20
0x0000001c0a3fc050:   000007f200000000 0000020800000008
0x0000001c0a3fc060:   00007fbe7d1ac898 0000000000000008
0x0000001c0a3fc070:   00000208288c21c0 0000020800000012
0x0000001c0a3fc080:   00000208291ca7d0 0000001c0a3fc5f8
0x0000001c0a3fc090:   00000208253ffc00 0000000000000000
0x0000001c0a3fc0a0:   0000001c0a3fc1b0 00007ffe7c93d0f9
0x0000001c0a3fc0b0:   0000001c0a3fc510 0000001c0a3fc5f8
0x0000001c0a3fc0c0:   00000000000003d8 00000208253ffc10
0x0000001c0a3fc0d0:   0000001c0a3fc100 00000000000001c4
0x0000001c0a3fc0e0:   00007ffe00000006 00000208253ffc00
0x0000001c0a3fc0f0:   00000208236c0020 00000208236c4890 

Instructions: (pc=0x00007ffe7cb00380)
0x00007ffe7cb00280:   58 4c 8b 64 24 50 48 8b c3 48 83 c4 20 41 5f 5f
0x00007ffe7cb00290:   5e 5d 5b c3 cc cc cc cc cc cc cc cc cc cc cc cc
0x00007ffe7cb002a0:   83 3a 00 4c 8b c2 c7 41 08 08 00 00 00 75 16 33
0x00007ffe7cb002b0:   d2 c7 41 18 01 00 00 00 89 11 48 8b c1 c7 41 28
0x00007ffe7cb002c0:   01 00 00 00 c3 33 d2 48 89 11 89 51 18 41 8b 80
0x00007ffe7cb002d0:   90 00 00 00 89 41 28 48 89 51 10 49 8b 40 08 48
0x00007ffe7cb002e0:   89 41 20 48 8b c1 4c 89 41 30 c3 cc cc cc cc cc
0x00007ffe7cb002f0:   48 83 ec 28 8b 51 08 4c 8b c9 83 fa 08 73 18 4c
0x00007ffe7cb00300:   8b 41 10 8b c2 41 83 3c 80 00 0f 85 0d 01 00 00
0x00007ffe7cb00310:   ff c2 83 fa 08 72 ec 44 8b 51 18 48 89 5c 24 30
0x00007ffe7cb00320:   48 89 6c 24 38 48 89 74 24 40 48 89 7c 24 20 44
0x00007ffe7cb00330:   3b 51 28 0f 83 b9 00 00 00 8b 0d 3d 81 6e 00 48
0x00007ffe7cb00340:   8d 35 52 c5 6a 00 65 48 8b 04 25 58 00 00 00 bd
0x00007ffe7cb00350:   08 00 00 00 48 8d 3c c8 0f 1f 84 00 00 00 00 00
0x00007ffe7cb00360:   41 8b c2 48 8d 1c c5 00 00 00 00 49 8b 41 20 48
0x00007ffe7cb00370:   8b 04 03 48 3b c6 74 6d 49 89 41 10 33 d2 66 90
0x00007ffe7cb00380:   83 38 00 0f 85 c3 00 00 00 ff c2 48 83 c0 04 83
0x00007ffe7cb00390:   fa 08 72 ec 4d 8b 59 30 4d 85 db 74 48 49 8b 43
0x00007ffe7cb003a0:   08 8b d5 48 03 17 4c 8b 04 03 48 8b 02 48 8b 88
0x00007ffe7cb003b0:   d0 04 00 00 48 8b 81 88 00 00 00 48 8b 88 88 08
0x00007ffe7cb003c0:   00 00 49 89 08 48 8b 02 48 8b 88 d0 04 00 00 48
0x00007ffe7cb003d0:   8b 81 88 00 00 00 4c 89 80 88 08 00 00 49 8b 43
0x00007ffe7cb003e0:   08 48 89 34 03 41 ff c2 45 3b 51 28 0f 82 6e ff
0x00007ffe7cb003f0:   ff ff 41 8b 41 28 41 89 41 18 33 c0 41 c7 41 08
0x00007ffe7cb00400:   08 00 00 00 48 8b 74 24 40 48 8b 6c 24 38 48 8b
0x00007ffe7cb00410:   5c 24 30 48 8b 7c 24 20 48 83 c4 28 c3 8b 41 18
0x00007ffe7cb00420:   8d 0c c2 8b c2 c1 e1 05 81 e9 00 01 00 00 41 89
0x00007ffe7cb00430:   49 04 41 8b 0c 80 8d 42 01 41 89 09 49 8b c9 41
0x00007ffe7cb00440:   89 41 08 48 83 c4 28 e9 c4 fd e3 ff 42 8d 04 d2
0x00007ffe7cb00450:   c1 e0 05 41 89 41 04 49 8b 41 10 8b 0c 90 41 8d
0x00007ffe7cb00460:   42 01 41 89 41 18 8d 42 01 41 89 09 49 8b c9 41
0x00007ffe7cb00470:   89 41 08 e8 98 fd e3 ff eb 8a cc cc cc cc cc cc 


Stack slot to memory mapping:
stack at sp + 0 slots: 0x0 is NULL
stack at sp + 1 slots: 0x0 is NULL
stack at sp + 2 slots: 0x0000020825c5ca48 points into unknown readable memory: 0x0000020823610800 | 00 08 61 23 08 02 00 00
stack at sp + 3 slots: 0x000002082463d600 points into unknown readable memory: 0x24736569726f7463 | 63 74 6f 72 69 65 73 24
stack at sp + 4 slots: 0x00000000000007ee is an unknown value
stack at sp + 5 slots: 0x00007ffe7caf9800 jvm.dll
stack at sp + 6 slots: 0x00000208291ca730 points into unknown readable memory: 0x0000000000000007 | 07 00 00 00 00 00 00 00
stack at sp + 7 slots: 0x0000001c0a3fc170 is pointing into the stack for thread: 0x0000020823610800


---------------  P R O C E S S  ---------------

Threads class SMR info:
_java_thread_list=0x0000020828c41b40, length=31, elements={
0x0000020808537800, 0x000002082294a000, 0x000002082294d800, 0x0000020822964800,
0x0000020822967800, 0x000002082296a800, 0x000002082296f000, 0x0000020822970000,
0x0000020822987800, 0x000002082341a800, 0x00000208252a0000, 0x000002082489a000,
0x0000020825a7a800, 0x0000020826abc800, 0x0000020824c6b800, 0x0000020824e53000,
0x00000208253d0000, 0x0000020824a9f000, 0x00000208252dd800, 0x00000208268a1000,
0x00000208268a0800, 0x00000208268a2000, 0x00000208268a2800, 0x0000020825807000,
0x0000020825807800, 0x0000020825808800, 0x000002082580b800, 0x000002082580b000,
0x0000020823610800, 0x0000020825806000, 0x000002082580c800
}

Java Threads: ( => current thread )
  0x0000020808537800 JavaThread "main" [_thread_blocked, id=15220, stack(0x0000001c07d00000,0x0000001c07e00000)]
  0x000002082294a000 JavaThread "Reference Handler" daemon [_thread_blocked, id=14836, stack(0x0000001c08400000,0x0000001c08500000)]
  0x000002082294d800 JavaThread "Finalizer" daemon [_thread_blocked, id=3588, stack(0x0000001c08500000,0x0000001c08600000)]
  0x0000020822964800 JavaThread "Signal Dispatcher" daemon [_thread_blocked, id=11768, stack(0x0000001c08600000,0x0000001c08700000)]
  0x0000020822967800 JavaThread "Attach Listener" daemon [_thread_blocked, id=11592, stack(0x0000001c08700000,0x0000001c08800000)]
  0x000002082296a800 JavaThread "Service Thread" daemon [_thread_blocked, id=16032, stack(0x0000001c08800000,0x0000001c08900000)]
  0x000002082296f000 JavaThread "C2 CompilerThread0" daemon [_thread_in_native, id=14004, stack(0x0000001c08900000,0x0000001c08a00000)]
  0x0000020822970000 JavaThread "C1 CompilerThread0" daemon [_thread_blocked, id=14508, stack(0x0000001c08a00000,0x0000001c08b00000)]
  0x0000020822987800 JavaThread "Sweeper thread" daemon [_thread_blocked, id=9448, stack(0x0000001c08b00000,0x0000001c08c00000)]
  0x000002082341a800 JavaThread "Common-Cleaner" daemon [_thread_blocked, id=8792, stack(0x0000001c08c00000,0x0000001c08d00000)]
  0x00000208252a0000 JavaThread "Daemon health stats" [_thread_blocked, id=15236, stack(0x0000001c09100000,0x0000001c09200000)]
  0x000002082489a000 JavaThread "Incoming local TCP Connector on port 62591" [_thread_in_native, id=8604, stack(0x0000001c08e00000,0x0000001c08f00000)]
  0x0000020825a7a800 JavaThread "Daemon periodic checks" [_thread_blocked, id=1744, stack(0x0000001c09200000,0x0000001c09300000)]
  0x0000020826abc800 JavaThread "Daemon" [_thread_blocked, id=15976, stack(0x0000001c09300000,0x0000001c09400000)]
  0x0000020824c6b800 JavaThread "Handler for socket connection from /127.0.0.1:62591 to /127.0.0.1:62592" [_thread_in_native, id=9268, stack(0x0000001c09400000,0x0000001c09500000)]
  0x0000020824e53000 JavaThread "Cancel handler" [_thread_blocked, id=1652, stack(0x0000001c09500000,0x0000001c09600000)]
  0x00000208253d0000 JavaThread "Daemon worker" [_thread_in_vm, id=14248, stack(0x0000001c09600000,0x0000001c09700000)]
  0x0000020824a9f000 JavaThread "Asynchronous log dispatcher for DefaultDaemonConnection: socket connection from /127.0.0.1:62591 to /127.0.0.1:62592" [_thread_blocked, id=12116, stack(0x0000001c09700000,0x0000001c09800000)]
  0x00000208252dd800 JavaThread "Stdin handler" [_thread_blocked, id=10900, stack(0x0000001c09800000,0x0000001c09900000)]
  0x00000208268a1000 JavaThread "Daemon client event forwarder" [_thread_blocked, id=8, stack(0x0000001c09900000,0x0000001c09a00000)]
  0x00000208268a0800 JavaThread "Cache worker for journal cache (C:\Users\apantele\.gradle\caches\journal-1)" [_thread_blocked, id=2076, stack(0x0000001c09b00000,0x0000001c09c00000)]
  0x00000208268a2000 JavaThread "File lock request listener" [_thread_in_native, id=10664, stack(0x0000001c09c00000,0x0000001c09d00000)]
  0x00000208268a2800 JavaThread "Cache worker for file hash cache (C:\Users\apantele\.gradle\caches\7.3.3\fileHashes)" [_thread_blocked, id=10292, stack(0x0000001c09d00000,0x0000001c09e00000)]
  0x0000020825807000 JavaThread "Cache worker for file hash cache (C:\Users\apantele\AndroidStudioProjects\BeacOnOffice\.gradle\7.3.3\fileHashes)" [_thread_blocked, id=5460, stack(0x0000001c09e00000,0x0000001c09f00000)]
  0x0000020825807800 JavaThread "File watcher server" daemon [_thread_in_native, id=8732, stack(0x0000001c0a000000,0x0000001c0a100000)]
  0x0000020825808800 JavaThread "File watcher consumer" daemon [_thread_blocked, id=2968, stack(0x0000001c0a100000,0x0000001c0a200000)]
  0x000002082580b800 JavaThread "Cache worker for checksums cache (C:\Users\apantele\AndroidStudioProjects\BeacOnOffice\.gradle\7.3.3\checksums)" [_thread_blocked, id=15564, stack(0x0000001c09f00000,0x0000001c0a000000)]
  0x000002082580b000 JavaThread "Cache worker for cache directory md-supplier (C:\Users\apantele\.gradle\caches\7.3.3\md-supplier)" [_thread_blocked, id=4960, stack(0x0000001c0a200000,0x0000001c0a300000)]
=>0x0000020823610800 JavaThread "C2 CompilerThread1" daemon [_thread_in_native, id=14972, stack(0x0000001c0a300000,0x0000001c0a400000)]
  0x0000020825806000 JavaThread "Cache worker for cache directory md-rule (C:\Users\apantele\.gradle\caches\7.3.3\md-rule)" [_thread_blocked, id=7544, stack(0x0000001c0a400000,0x0000001c0a500000)]
  0x000002082580c800 JavaThread "Cache worker for execution history cache (C:\Users\apantele\.gradle\caches\7.3.3\executionHistory)" [_thread_blocked, id=3300, stack(0x0000001c0a500000,0x0000001c0a600000)]

Other Threads:
  0x0000020822943800 VMThread "VM Thread" [stack: 0x0000001c08300000,0x0000001c08400000] [id=2288]
  0x000002082341f800 WatcherThread [stack: 0x0000001c08d00000,0x0000001c08e00000] [id=16216]
  0x000002080854e800 GCTaskThread "GC Thread#0" [stack: 0x0000001c07e00000,0x0000001c07f00000] [id=7812]
  0x00000208235f3000 GCTaskThread "GC Thread#1" [stack: 0x0000001c08f00000,0x0000001c09000000] [id=10796]
  0x0000020823967000 GCTaskThread "GC Thread#2" [stack: 0x0000001c09000000,0x0000001c09100000] [id=12408]
  0x0000020824005000 GCTaskThread "GC Thread#3" [stack: 0x0000001c09a00000,0x0000001c09b00000] [id=7680]
  0x0000020808583000 ConcurrentGCThread "G1 Main Marker" [stack: 0x0000001c07f00000,0x0000001c08000000] [id=13976]
  0x0000020808584000 ConcurrentGCThread "G1 Conc#0" [stack: 0x0000001c08000000,0x0000001c08100000] [id=16196]
  0x0000020808602800 ConcurrentGCThread "G1 Refine#0" [stack: 0x0000001c08100000,0x0000001c08200000] [id=14848]
  0x00000208227a0800 ConcurrentGCThread "G1 Young RemSet Sampling" [stack: 0x0000001c08200000,0x0000001c08300000] [id=4604]

Threads with active compile tasks:
C2 CompilerThread0  11394 2564       4       jdk.internal.loader.URLClassPath::getResource (74 bytes)
C2 CompilerThread1  11394 2517   !   4       java.lang.reflect.Executable::declaredAnnotations (85 bytes)

VM state:not at safepoint (normal execution)

VM Mutex/Monitor currently owned by a thread: None

Heap address: 0x0000000080000000, size: 2048 MB, Compressed Oops mode: 32-bit
Narrow klass base: 0x0000000000000000, Narrow klass shift: 3
Compressed class space size: 1073741824 Address: 0x0000000100000000

Heap:
 garbage-first heap   total 131072K, used 30099K [0x0000000080000000, 0x0000000100000000)
  region size 1024K, 15 young (15360K), 5 survivors (5120K)
 Metaspace       used 34542K, capacity 35435K, committed 35584K, reserved 1079296K
  class space    used 4471K, capacity 4807K, committed 4864K, reserved 1048576K
Heap Regions: E=young(eden), S=young(survivor), O=old, HS=humongous(starts), HC=humongous(continues), CS=collection set, F=free, A=archive, TAMS=top-at-mark-start (previous, next)
|   0|0x0000000080000000, 0x0000000080100000, 0x0000000080100000|100%| O|  |TAMS 0x0000000080100000, 0x0000000080000000| Untracked 
|   1|0x0000000080100000, 0x0000000080200000, 0x0000000080200000|100%| O|  |TAMS 0x0000000080200000, 0x0000000080100000| Untracked 
|   2|0x0000000080200000, 0x0000000080300000, 0x0000000080300000|100%| O|  |TAMS 0x0000000080300000, 0x0000000080200000| Untracked 
|   3|0x0000000080300000, 0x0000000080400000, 0x0000000080400000|100%|HS|  |TAMS 0x0000000080400000, 0x0000000080300000| Complete 
|   4|0x0000000080400000, 0x0000000080500000, 0x0000000080500000|100%|HC|  |TAMS 0x0000000080500000, 0x0000000080400000| Complete 
|   5|0x0000000080500000, 0x0000000080600000, 0x0000000080600000|100%|HC|  |TAMS 0x0000000080600000, 0x0000000080500000| Complete 
|   6|0x0000000080600000, 0x0000000080700000, 0x0000000080700000|100%| O|  |TAMS 0x0000000080700000, 0x0000000080600000| Untracked 
|   7|0x0000000080700000, 0x0000000080800000, 0x0000000080800000|100%| O|  |TAMS 0x0000000080800000, 0x0000000080700000| Untracked 
|   8|0x0000000080800000, 0x0000000080900000, 0x0000000080900000|100%| O|  |TAMS 0x0000000080900000, 0x0000000080800000| Untracked 
|   9|0x0000000080900000, 0x0000000080a00000, 0x0000000080a00000|100%| O|  |TAMS 0x0000000080a00000, 0x0000000080900000| Untracked 
|  10|0x0000000080a00000, 0x0000000080b00000, 0x0000000080b00000|100%| O|  |TAMS 0x0000000080b00000, 0x0000000080a00000| Untracked 
|  11|0x0000000080b00000, 0x0000000080c00000, 0x0000000080c00000|100%| O|  |TAMS 0x0000000080c00000, 0x0000000080b00000| Untracked 
|  12|0x0000000080c00000, 0x0000000080d00000, 0x0000000080d00000|100%| O|  |TAMS 0x0000000080d00000, 0x0000000080c00000| Untracked 
|  13|0x0000000080d00000, 0x0000000080e00000, 0x0000000080e00000|100%| O|  |TAMS 0x0000000080e00000, 0x0000000080d00000| Untracked 
|  14|0x0000000080e00000, 0x0000000080f00000, 0x0000000080f00000|100%| O|  |TAMS 0x0000000080f00000, 0x0000000080e00000| Untracked 
|  15|0x0000000080f00000, 0x0000000081000000, 0x0000000081000000|100%| O|  |TAMS 0x0000000081000000, 0x0000000080f00000| Untracked 
|  16|0x0000000081000000, 0x0000000081049c00, 0x0000000081100000| 28%| O|  |TAMS 0x0000000081049c00, 0x0000000081000000| Untracked 
|  17|0x0000000081100000, 0x0000000081100000, 0x0000000081200000|  0%| F|  |TAMS 0x0000000081100000, 0x0000000081100000| Untracked 
|  18|0x0000000081200000, 0x0000000081200000, 0x0000000081300000|  0%| F|  |TAMS 0x0000000081200000, 0x0000000081200000| Untracked 
|  19|0x0000000081300000, 0x0000000081300000, 0x0000000081400000|  0%| F|  |TAMS 0x0000000081300000, 0x0000000081300000| Untracked 
|  20|0x0000000081400000, 0x0000000081400000, 0x0000000081500000|  0%| F|  |TAMS 0x0000000081400000, 0x0000000081400000| Untracked 
|  21|0x0000000081500000, 0x0000000081500000, 0x0000000081600000|  0%| F|  |TAMS 0x0000000081500000, 0x0000000081500000| Untracked 
|  22|0x0000000081600000, 0x0000000081600000, 0x0000000081700000|  0%| F|  |TAMS 0x0000000081600000, 0x0000000081600000| Untracked 
|  23|0x0000000081700000, 0x0000000081700000, 0x0000000081800000|  0%| F|  |TAMS 0x0000000081700000, 0x0000000081700000| Untracked 
|  24|0x0000000081800000, 0x0000000081800000, 0x0000000081900000|  0%| F|  |TAMS 0x0000000081800000, 0x0000000081800000| Untracked 
|  25|0x0000000081900000, 0x0000000081900000, 0x0000000081a00000|  0%| F|  |TAMS 0x0000000081900000, 0x0000000081900000| Untracked 
|  26|0x0000000081a00000, 0x0000000081a00000, 0x0000000081b00000|  0%| F|  |TAMS 0x0000000081a00000, 0x0000000081a00000| Untracked 
|  27|0x0000000081b00000, 0x0000000081b00000, 0x0000000081c00000|  0%| F|  |TAMS 0x0000000081b00000, 0x0000000081b00000| Untracked 
|  28|0x0000000081c00000, 0x0000000081c00000, 0x0000000081d00000|  0%| F|  |TAMS 0x0000000081c00000, 0x0000000081c00000| Untracked 
|  29|0x0000000081d00000, 0x0000000081d00000, 0x0000000081e00000|  0%| F|  |TAMS 0x0000000081d00000, 0x0000000081d00000| Untracked 
|  30|0x0000000081e00000, 0x0000000081e00000, 0x0000000081f00000|  0%| F|  |TAMS 0x0000000081e00000, 0x0000000081e00000| Untracked 
|  31|0x0000000081f00000, 0x0000000081f00000, 0x0000000082000000|  0%| F|  |TAMS 0x0000000081f00000, 0x0000000081f00000| Untracked 
|  32|0x0000000082000000, 0x0000000082000000, 0x0000000082100000|  0%| F|  |TAMS 0x0000000082000000, 0x0000000082000000| Untracked 
|  33|0x0000000082100000, 0x0000000082100000, 0x0000000082200000|  0%| F|  |TAMS 0x0000000082100000, 0x0000000082100000| Untracked 
|  34|0x0000000082200000, 0x0000000082200000, 0x0000000082300000|  0%| F|  |TAMS 0x0000000082200000, 0x0000000082200000| Untracked 
|  35|0x0000000082300000, 0x0000000082300000, 0x0000000082400000|  0%| F|  |TAMS 0x0000000082300000, 0x0000000082300000| Untracked 
|  36|0x0000000082400000, 0x0000000082400000, 0x0000000082500000|  0%| F|  |TAMS 0x0000000082400000, 0x0000000082400000| Untracked 
|  37|0x0000000082500000, 0x0000000082500000, 0x0000000082600000|  0%| F|  |TAMS 0x0000000082500000, 0x0000000082500000| Untracked 
|  38|0x0000000082600000, 0x0000000082600000, 0x0000000082700000|  0%| F|  |TAMS 0x0000000082600000, 0x0000000082600000| Untracked 
|  39|0x0000000082700000, 0x0000000082700000, 0x0000000082800000|  0%| F|  |TAMS 0x0000000082700000, 0x0000000082700000| Untracked 
|  40|0x0000000082800000, 0x0000000082800000, 0x0000000082900000|  0%| F|  |TAMS 0x0000000082800000, 0x0000000082800000| Untracked 
|  41|0x0000000082900000, 0x0000000082900000, 0x0000000082a00000|  0%| F|  |TAMS 0x0000000082900000, 0x0000000082900000| Untracked 
|  42|0x0000000082a00000, 0x0000000082a00000, 0x0000000082b00000|  0%| F|  |TAMS 0x0000000082a00000, 0x0000000082a00000| Untracked 
|  43|0x0000000082b00000, 0x0000000082b00000, 0x0000000082c00000|  0%| F|  |TAMS 0x0000000082b00000, 0x0000000082b00000| Untracked 
|  44|0x0000000082c00000, 0x0000000082c00000, 0x0000000082d00000|  0%| F|  |TAMS 0x0000000082c00000, 0x0000000082c00000| Untracked 
|  45|0x0000000082d00000, 0x0000000082d00000, 0x0000000082e00000|  0%| F|  |TAMS 0x0000000082d00000, 0x0000000082d00000| Untracked 
|  46|0x0000000082e00000, 0x0000000082e00000, 0x0000000082f00000|  0%| F|  |TAMS 0x0000000082e00000, 0x0000000082e00000| Untracked 
|  47|0x0000000082f00000, 0x0000000082f00000, 0x0000000083000000|  0%| F|  |TAMS 0x0000000082f00000, 0x0000000082f00000| Untracked 
|  48|0x0000000083000000, 0x0000000083000000, 0x0000000083100000|  0%| F|  |TAMS 0x0000000083000000, 0x0000000083000000| Untracked 
|  49|0x0000000083100000, 0x0000000083100000, 0x0000000083200000|  0%| F|  |TAMS 0x0000000083100000, 0x0000000083100000| Untracked 
|  50|0x0000000083200000, 0x0000000083200000, 0x0000000083300000|  0%| F|  |TAMS 0x0000000083200000, 0x0000000083200000| Untracked 
|  51|0x0000000083300000, 0x0000000083300000, 0x0000000083400000|  0%| F|  |TAMS 0x0000000083300000, 0x0000000083300000| Untracked 
|  52|0x0000000083400000, 0x0000000083400000, 0x0000000083500000|  0%| F|  |TAMS 0x0000000083400000, 0x0000000083400000| Untracked 
|  53|0x0000000083500000, 0x0000000083500000, 0x0000000083600000|  0%| F|  |TAMS 0x0000000083500000, 0x0000000083500000| Untracked 
|  54|0x0000000083600000, 0x0000000083600000, 0x0000000083700000|  0%| F|  |TAMS 0x0000000083600000, 0x0000000083600000| Untracked 
|  55|0x0000000083700000, 0x0000000083700000, 0x0000000083800000|  0%| F|  |TAMS 0x0000000083700000, 0x0000000083700000| Untracked 
|  56|0x0000000083800000, 0x0000000083800000, 0x0000000083900000|  0%| F|  |TAMS 0x0000000083800000, 0x0000000083800000| Untracked 
|  57|0x0000000083900000, 0x0000000083900000, 0x0000000083a00000|  0%| F|  |TAMS 0x0000000083900000, 0x0000000083900000| Untracked 
|  58|0x0000000083a00000, 0x0000000083a00000, 0x0000000083b00000|  0%| F|  |TAMS 0x0000000083a00000, 0x0000000083a00000| Untracked 
|  59|0x0000000083b00000, 0x0000000083b00000, 0x0000000083c00000|  0%| F|  |TAMS 0x0000000083b00000, 0x0000000083b00000| Untracked 
|  60|0x0000000083c00000, 0x0000000083c00000, 0x0000000083d00000|  0%| F|  |TAMS 0x0000000083c00000, 0x0000000083c00000| Untracked 
|  61|0x0000000083d00000, 0x0000000083d00000, 0x0000000083e00000|  0%| F|  |TAMS 0x0000000083d00000, 0x0000000083d00000| Untracked 
|  62|0x0000000083e00000, 0x0000000083e00000, 0x0000000083f00000|  0%| F|  |TAMS 0x0000000083e00000, 0x0000000083e00000| Untracked 
|  63|0x0000000083f00000, 0x0000000083f00000, 0x0000000084000000|  0%| F|  |TAMS 0x0000000083f00000, 0x0000000083f00000| Untracked 
|  64|0x0000000084000000, 0x0000000084000000, 0x0000000084100000|  0%| F|  |TAMS 0x0000000084000000, 0x0000000084000000| Untracked 
|  65|0x0000000084100000, 0x0000000084100000, 0x0000000084200000|  0%| F|  |TAMS 0x0000000084100000, 0x0000000084100000| Untracked 
|  66|0x0000000084200000, 0x0000000084200000, 0x0000000084300000|  0%| F|  |TAMS 0x0000000084200000, 0x0000000084200000| Untracked 
|  67|0x0000000084300000, 0x0000000084300000, 0x0000000084400000|  0%| F|  |TAMS 0x0000000084300000, 0x0000000084300000| Untracked 
|  68|0x0000000084400000, 0x000000008441b2a0, 0x0000000084500000| 10%| S|CS|TAMS 0x0000000084400000, 0x0000000084400000| Complete 
|  69|0x0000000084500000, 0x0000000084600000, 0x0000000084600000|100%| S|CS|TAMS 0x0000000084500000, 0x0000000084500000| Complete 
|  70|0x0000000084600000, 0x0000000084700000, 0x0000000084700000|100%| S|CS|TAMS 0x0000000084600000, 0x0000000084600000| Complete 
|  71|0x0000000084700000, 0x0000000084800000, 0x0000000084800000|100%| S|CS|TAMS 0x0000000084700000, 0x0000000084700000| Complete 
|  72|0x0000000084800000, 0x0000000084900000, 0x0000000084900000|100%| S|CS|TAMS 0x0000000084800000, 0x0000000084800000| Complete 
|  73|0x0000000084900000, 0x0000000084900000, 0x0000000084a00000|  0%| F|  |TAMS 0x0000000084900000, 0x0000000084900000| Untracked 
|  74|0x0000000084a00000, 0x0000000084a00000, 0x0000000084b00000|  0%| F|  |TAMS 0x0000000084a00000, 0x0000000084a00000| Untracked 
|  75|0x0000000084b00000, 0x0000000084b00000, 0x0000000084c00000|  0%| F|  |TAMS 0x0000000084b00000, 0x0000000084b00000| Untracked 
|  76|0x0000000084c00000, 0x0000000084c00000, 0x0000000084d00000|  0%| F|  |TAMS 0x0000000084c00000, 0x0000000084c00000| Untracked 
|  77|0x0000000084d00000, 0x0000000084d00000, 0x0000000084e00000|  0%| F|  |TAMS 0x0000000084d00000, 0x0000000084d00000| Untracked 
|  78|0x0000000084e00000, 0x0000000084e00000, 0x0000000084f00000|  0%| F|  |TAMS 0x0000000084e00000, 0x0000000084e00000| Untracked 
|  79|0x0000000084f00000, 0x0000000084f00000, 0x0000000085000000|  0%| F|  |TAMS 0x0000000084f00000, 0x0000000084f00000| Untracked 
|  80|0x0000000085000000, 0x0000000085000000, 0x0000000085100000|  0%| F|  |TAMS 0x0000000085000000, 0x0000000085000000| Untracked 
|  81|0x0000000085100000, 0x0000000085100000, 0x0000000085200000|  0%| F|  |TAMS 0x0000000085100000, 0x0000000085100000| Untracked 
|  82|0x0000000085200000, 0x0000000085200000, 0x0000000085300000|  0%| F|  |TAMS 0x0000000085200000, 0x0000000085200000| Untracked 
|  83|0x0000000085300000, 0x0000000085300000, 0x0000000085400000|  0%| F|  |TAMS 0x0000000085300000, 0x0000000085300000| Untracked 
|  84|0x0000000085400000, 0x0000000085400000, 0x0000000085500000|  0%| F|  |TAMS 0x0000000085400000, 0x0000000085400000| Untracked 
|  85|0x0000000085500000, 0x0000000085500000, 0x0000000085600000|  0%| F|  |TAMS 0x0000000085500000, 0x0000000085500000| Untracked 
|  86|0x0000000085600000, 0x0000000085600000, 0x0000000085700000|  0%| F|  |TAMS 0x0000000085600000, 0x0000000085600000| Untracked 
|  87|0x0000000085700000, 0x0000000085700000, 0x0000000085800000|  0%| F|  |TAMS 0x0000000085700000, 0x0000000085700000| Untracked 
|  88|0x0000000085800000, 0x0000000085800000, 0x0000000085900000|  0%| F|  |TAMS 0x0000000085800000, 0x0000000085800000| Untracked 
|  89|0x0000000085900000, 0x0000000085900000, 0x0000000085a00000|  0%| F|  |TAMS 0x0000000085900000, 0x0000000085900000| Untracked 
|  90|0x0000000085a00000, 0x0000000085a00000, 0x0000000085b00000|  0%| F|  |TAMS 0x0000000085a00000, 0x0000000085a00000| Untracked 
|  91|0x0000000085b00000, 0x0000000085b00000, 0x0000000085c00000|  0%| F|  |TAMS 0x0000000085b00000, 0x0000000085b00000| Untracked 
|  92|0x0000000085c00000, 0x0000000085c00000, 0x0000000085d00000|  0%| F|  |TAMS 0x0000000085c00000, 0x0000000085c00000| Untracked 
|  93|0x0000000085d00000, 0x0000000085d00000, 0x0000000085e00000|  0%| F|  |TAMS 0x0000000085d00000, 0x0000000085d00000| Untracked 
|  94|0x0000000085e00000, 0x0000000085e00000, 0x0000000085f00000|  0%| F|  |TAMS 0x0000000085e00000, 0x0000000085e00000| Untracked 
|  95|0x0000000085f00000, 0x0000000085f00000, 0x0000000086000000|  0%| F|  |TAMS 0x0000000085f00000, 0x0000000085f00000| Untracked 
|  96|0x0000000086000000, 0x0000000086000000, 0x0000000086100000|  0%| F|  |TAMS 0x0000000086000000, 0x0000000086000000| Untracked 
|  97|0x0000000086100000, 0x0000000086100000, 0x0000000086200000|  0%| F|  |TAMS 0x0000000086100000, 0x0000000086100000| Untracked 
|  98|0x0000000086200000, 0x0000000086200000, 0x0000000086300000|  0%| F|  |TAMS 0x0000000086200000, 0x0000000086200000| Untracked 
|  99|0x0000000086300000, 0x0000000086300000, 0x0000000086400000|  0%| F|  |TAMS 0x0000000086300000, 0x0000000086300000| Untracked 
| 100|0x0000000086400000, 0x0000000086400000, 0x0000000086500000|  0%| F|  |TAMS 0x0000000086400000, 0x0000000086400000| Untracked 
| 101|0x0000000086500000, 0x0000000086500000, 0x0000000086600000|  0%| F|  |TAMS 0x0000000086500000, 0x0000000086500000| Untracked 
| 102|0x0000000086600000, 0x0000000086600000, 0x0000000086700000|  0%| F|  |TAMS 0x0000000086600000, 0x0000000086600000| Untracked 
| 103|0x0000000086700000, 0x0000000086700000, 0x0000000086800000|  0%| F|  |TAMS 0x0000000086700000, 0x0000000086700000| Untracked 
| 104|0x0000000086800000, 0x0000000086800000, 0x0000000086900000|  0%| F|  |TAMS 0x0000000086800000, 0x0000000086800000| Untracked 
| 105|0x0000000086900000, 0x0000000086900000, 0x0000000086a00000|  0%| F|  |TAMS 0x0000000086900000, 0x0000000086900000| Untracked 
| 106|0x0000000086a00000, 0x0000000086a00000, 0x0000000086b00000|  0%| F|  |TAMS 0x0000000086a00000, 0x0000000086a00000| Untracked 
| 107|0x0000000086b00000, 0x0000000086b00000, 0x0000000086c00000|  0%| F|  |TAMS 0x0000000086b00000, 0x0000000086b00000| Untracked 
| 108|0x0000000086c00000, 0x0000000086c00000, 0x0000000086d00000|  0%| F|  |TAMS 0x0000000086c00000, 0x0000000086c00000| Untracked 
| 109|0x0000000086d00000, 0x0000000086d00000, 0x0000000086e00000|  0%| F|  |TAMS 0x0000000086d00000, 0x0000000086d00000| Untracked 
| 110|0x0000000086e00000, 0x0000000086e00000, 0x0000000086f00000|  0%| F|  |TAMS 0x0000000086e00000, 0x0000000086e00000| Untracked 
| 111|0x0000000086f00000, 0x0000000086f00000, 0x0000000087000000|  0%| F|  |TAMS 0x0000000086f00000, 0x0000000086f00000| Untracked 
| 112|0x0000000087000000, 0x0000000087000000, 0x0000000087100000|  0%| F|  |TAMS 0x0000000087000000, 0x0000000087000000| Untracked 
| 113|0x0000000087100000, 0x0000000087100000, 0x0000000087200000|  0%| F|  |TAMS 0x0000000087100000, 0x0000000087100000| Untracked 
| 114|0x0000000087200000, 0x0000000087200000, 0x0000000087300000|  0%| F|  |TAMS 0x0000000087200000, 0x0000000087200000| Untracked 
| 115|0x0000000087300000, 0x0000000087300000, 0x0000000087400000|  0%| F|  |TAMS 0x0000000087300000, 0x0000000087300000| Untracked 
| 116|0x0000000087400000, 0x0000000087400000, 0x0000000087500000|  0%| F|  |TAMS 0x0000000087400000, 0x0000000087400000| Untracked 
| 117|0x0000000087500000, 0x0000000087500000, 0x0000000087600000|  0%| F|  |TAMS 0x0000000087500000, 0x0000000087500000| Untracked 
| 118|0x0000000087600000, 0x0000000087700000, 0x0000000087700000|100%| E|  |TAMS 0x0000000087600000, 0x0000000087600000| Complete 
| 119|0x0000000087700000, 0x0000000087800000, 0x0000000087800000|100%| E|CS|TAMS 0x0000000087700000, 0x0000000087700000| Complete 
| 120|0x0000000087800000, 0x0000000087900000, 0x0000000087900000|100%| E|CS|TAMS 0x0000000087800000, 0x0000000087800000| Complete 
| 121|0x0000000087900000, 0x0000000087a00000, 0x0000000087a00000|100%| E|CS|TAMS 0x0000000087900000, 0x0000000087900000| Complete 
| 122|0x0000000087a00000, 0x0000000087b00000, 0x0000000087b00000|100%| E|CS|TAMS 0x0000000087a00000, 0x0000000087a00000| Complete 
| 123|0x0000000087b00000, 0x0000000087c00000, 0x0000000087c00000|100%| E|CS|TAMS 0x0000000087b00000, 0x0000000087b00000| Complete 
| 124|0x0000000087c00000, 0x0000000087d00000, 0x0000000087d00000|100%| E|CS|TAMS 0x0000000087c00000, 0x0000000087c00000| Complete 
| 125|0x0000000087d00000, 0x0000000087e00000, 0x0000000087e00000|100%| E|CS|TAMS 0x0000000087d00000, 0x0000000087d00000| Complete 
| 126|0x0000000087e00000, 0x0000000087f00000, 0x0000000087f00000|100%| E|CS|TAMS 0x0000000087e00000, 0x0000000087e00000| Complete 
| 127|0x0000000087f00000, 0x0000000088000000, 0x0000000088000000|100%| E|CS|TAMS 0x0000000087f00000, 0x0000000087f00000| Complete 

Card table byte_map: [0x000002081bb50000,0x000002081bf50000] _byte_map_base: 0x000002081b750000

Marking Bits (Prev, Next): (CMBitMap*) 0x000002080857a330, (CMBitMap*) 0x000002080857a2f8
 Prev Bits: [0x000002081e350000, 0x0000020820350000)
 Next Bits: [0x000002081c350000, 0x000002081e350000)

Polling page: 0x0000020806cb0000

Metaspace:

Usage:
  Non-class:     30.22 MB capacity,    29.69 MB ( 98%) used,   470.98 KB (  2%) free+waste,    71.25 KB ( <1%) overhead. 
      Class:      4.73 MB capacity,     4.43 MB ( 94%) used,   272.70 KB (  6%) free+waste,    34.81 KB ( <1%) overhead. 
       Both:     34.95 MB capacity,    34.12 MB ( 98%) used,   743.69 KB (  2%) free+waste,   106.06 KB ( <1%) overhead. 

Virtual space:
  Non-class space:       32.00 MB reserved,      30.25 MB ( 95%) committed 
      Class space:        1.00 GB reserved,       4.75 MB ( <1%) committed 
             Both:        1.03 GB reserved,      35.00 MB (  3%) committed 

Chunk freelists:
   Non-Class:  28.00 KB
       Class:  25.00 KB
        Both:  53.00 KB

MaxMetaspaceSize: 17179869184.00 GB
CompressedClassSpaceSize: 1.00 GB
Initial GC threshold: 20.80 MB
Current GC threshold: 35.00 MB
CDS: off

CodeHeap 'non-profiled nmethods': size=120064Kb used=1348Kb max_used=1348Kb free=118715Kb
 bounds [0x0000020813be0000, 0x0000020813e50000, 0x000002081b120000]
CodeHeap 'profiled nmethods': size=120000Kb used=5812Kb max_used=5812Kb free=114188Kb
 bounds [0x000002080c6b0000, 0x000002080cc60000, 0x0000020813be0000]
CodeHeap 'non-nmethods': size=5696Kb used=1245Kb max_used=1285Kb free=4450Kb
 bounds [0x000002080c120000, 0x000002080c390000, 0x000002080c6b0000]
 total_blobs=3239 nmethods=2721 adapters=430
 compilation: enabled
              stopped_count=0, restarted_count=0
 full_count=0

Compilation events (20 events):
Event: 11.188 Thread 0x0000020822970000 2682       2       java.lang.Class::getDeclaredMethods (27 bytes)
Event: 11.188 Thread 0x0000020822970000 nmethod 2682 0x000002080cc4b110 code [0x000002080cc4b2e0, 0x000002080cc4b478]
Event: 11.189 Thread 0x0000020822970000 2683       2       org.codehaus.groovy.util.ManagedReference::<init> (40 bytes)
Event: 11.189 Thread 0x0000020822970000 nmethod 2683 0x000002080cc4b590 code [0x000002080cc4b760, 0x000002080cc4b998]
Event: 11.189 Thread 0x0000020822970000 2684       2       org.codehaus.groovy.util.ManagedReference::<init> (14 bytes)
Event: 11.189 Thread 0x0000020822970000 nmethod 2684 0x000002080cc4ba90 code [0x000002080cc4bc40, 0x000002080cc4bd68]
Event: 11.189 Thread 0x0000020822970000 2685       2       org.codehaus.groovy.util.ReferenceManager$1::afterReferenceCreation (57 bytes)
Event: 11.189 Thread 0x0000020822970000 nmethod 2685 0x000002080cc4be90 code [0x000002080cc4c060, 0x000002080cc4c258]
Event: 11.190 Thread 0x0000020822970000 2686   !   2       org.codehaus.groovy.util.LazyReference::getLocked (85 bytes)
Event: 11.190 Thread 0x0000020822970000 nmethod 2686 0x000002080cc4c390 code [0x000002080cc4c600, 0x000002080cc4cc58]
Event: 11.191 Thread 0x0000020822970000 2688       2       org.codehaus.groovy.util.LockableObject::tryRelease (45 bytes)
Event: 11.191 Thread 0x0000020822970000 nmethod 2688 0x000002080cc4d110 code [0x000002080cc4d2c0, 0x000002080cc4d4c8]
Event: 11.198 Thread 0x0000020822970000 2689       2       org.codehaus.groovy.reflection.CachedClass::getInterfaces (11 bytes)
Event: 11.198 Thread 0x0000020822970000 nmethod 2689 0x000002080cc4d590 code [0x000002080cc4d740, 0x000002080cc4d8a8]
Event: 11.198 Thread 0x0000020822970000 2690       2       org.codehaus.groovy.util.ReferenceType$1::createReference (11 bytes)
Event: 11.198 Thread 0x0000020822970000 nmethod 2690 0x000002080cc4d990 code [0x000002080cc4db40, 0x000002080cc4ddf8]
Event: 11.198 Thread 0x0000020822970000 2691       2       org.codehaus.groovy.util.ReferenceType$SoftRef::<init> (12 bytes)
Event: 11.198 Thread 0x0000020822970000 nmethod 2691 0x000002080cc4de90 code [0x000002080cc4e040, 0x000002080cc4e278]
Event: 11.198 Thread 0x0000020822970000 2692       2       java.util.concurrent.atomic.AtomicInteger::<init> (5 bytes)
Event: 11.198 Thread 0x0000020822970000 nmethod 2692 0x000002080cc4e310 code [0x000002080cc4e4c0, 0x000002080cc4e5b8]

GC Heap History (14 events):
Event: 0.608 GC heap before
{Heap before GC invocations=0 (full 0):
 garbage-first heap   total 131072K, used 20480K [0x0000000080000000, 0x0000000100000000)
  region size 1024K, 14 young (14336K), 0 survivors (0K)
 Metaspace       used 6731K, capacity 6925K, committed 7168K, reserved 1056768K
  class space    used 582K, capacity 650K, committed 768K, reserved 1048576K
}
Event: 0.613 GC heap after
{Heap after GC invocations=1 (full 0):
 garbage-first heap   total 131072K, used 8115K [0x0000000080000000, 0x0000000100000000)
  region size 1024K, 2 young (2048K), 2 survivors (2048K)
 Metaspace       used 6731K, capacity 6925K, committed 7168K, reserved 1056768K
  class space    used 582K, capacity 650K, committed 768K, reserved 1048576K
}
Event: 0.910 GC heap before
{Heap before GC invocations=1 (full 0):
 garbage-first heap   total 131072K, used 20403K [0x0000000080000000, 0x0000000100000000)
  region size 1024K, 14 young (14336K), 2 survivors (2048K)
 Metaspace       used 9873K, capacity 10118K, committed 10368K, reserved 1058816K
  class space    used 1027K, capacity 1102K, committed 1152K, reserved 1048576K
}
Event: 0.914 GC heap after
{Heap after GC invocations=2 (full 0):
 garbage-first heap   total 131072K, used 9477K [0x0000000080000000, 0x0000000100000000)
  region size 1024K, 2 young (2048K), 2 survivors (2048K)
 Metaspace       used 9873K, capacity 10118K, committed 10368K, reserved 1058816K
  class space    used 1027K, capacity 1102K, committed 1152K, reserved 1048576K
}
Event: 1.671 GC heap before
{Heap before GC invocations=2 (full 0):
 garbage-first heap   total 131072K, used 40197K [0x0000000080000000, 0x0000000100000000)
  region size 1024K, 32 young (32768K), 2 survivors (2048K)
 Metaspace       used 10839K, capacity 11073K, committed 11264K, reserved 1058816K
  class space    used 1130K, capacity 1207K, committed 1280K, reserved 1048576K
}
Event: 1.674 GC heap after
{Heap after GC invocations=3 (full 0):
 garbage-first heap   total 131072K, used 11547K [0x0000000080000000, 0x0000000100000000)
  region size 1024K, 4 young (4096K), 4 survivors (4096K)
 Metaspace       used 10839K, capacity 11073K, committed 11264K, reserved 1058816K
  class space    used 1130K, capacity 1207K, committed 1280K, reserved 1048576K
}
Event: 9.137 GC heap before
{Heap before GC invocations=3 (full 0):
 garbage-first heap   total 131072K, used 60699K [0x0000000080000000, 0x0000000100000000)
  region size 1024K, 52 young (53248K), 4 survivors (4096K)
 Metaspace       used 18522K, capacity 18878K, committed 19072K, reserved 1067008K
  class space    used 2210K, capacity 2341K, committed 2432K, reserved 1048576K
}
Event: 9.146 GC heap after
{Heap after GC invocations=4 (full 0):
 garbage-first heap   total 131072K, used 16548K [0x0000000080000000, 0x0000000100000000)
  region size 1024K, 7 young (7168K), 7 survivors (7168K)
 Metaspace       used 18522K, capacity 18878K, committed 19072K, reserved 1067008K
  class space    used 2210K, capacity 2341K, committed 2432K, reserved 1048576K
}
Event: 9.430 GC heap before
{Heap before GC invocations=4 (full 0):
 garbage-first heap   total 131072K, used 38052K [0x0000000080000000, 0x0000000100000000)
  region size 1024K, 29 young (29696K), 7 survivors (7168K)
 Metaspace       used 20737K, capacity 21135K, committed 21248K, reserved 1067008K
  class space    used 2546K, capacity 2710K, committed 2816K, reserved 1048576K
}
Event: 9.437 GC heap after
{Heap after GC invocations=5 (full 0):
 garbage-first heap   total 131072K, used 17572K [0x0000000080000000, 0x0000000100000000)
  region size 1024K, 1 young (1024K), 1 survivors (1024K)
 Metaspace       used 20737K, capacity 21135K, committed 21248K, reserved 1067008K
  class space    used 2546K, capacity 2710K, committed 2816K, reserved 1048576K
}
Event: 10.220 GC heap before
{Heap before GC invocations=6 (full 0):
 garbage-first heap   total 131072K, used 66724K [0x0000000080000000, 0x0000000100000000)
  region size 1024K, 50 young (51200K), 1 survivors (1024K)
 Metaspace       used 25866K, capacity 26387K, committed 26624K, reserved 1073152K
  class space    used 3344K, capacity 3551K, committed 3584K, reserved 1048576K
}
Event: 10.224 GC heap after
{Heap after GC invocations=7 (full 0):
 garbage-first heap   total 131072K, used 19392K [0x0000000080000000, 0x0000000100000000)
  region size 1024K, 3 young (3072K), 3 survivors (3072K)
 Metaspace       used 25866K, capacity 26387K, committed 26624K, reserved 1073152K
  class space    used 3344K, capacity 3551K, committed 3584K, reserved 1048576K
}
Event: 11.003 GC heap before
{Heap before GC invocations=7 (full 0):
 garbage-first heap   total 131072K, used 72640K [0x0000000080000000, 0x0000000100000000)
  region size 1024K, 55 young (56320K), 3 survivors (3072K)
 Metaspace       used 31214K, capacity 31975K, committed 32128K, reserved 1077248K
  class space    used 4170K, capacity 4441K, committed 4480K, reserved 1048576K
}
Event: 11.009 GC heap after
{Heap after GC invocations=8 (full 0):
 garbage-first heap   total 131072K, used 20883K [0x0000000080000000, 0x0000000100000000)
  region size 1024K, 5 young (5120K), 5 survivors (5120K)
 Metaspace       used 31214K, capacity 31975K, committed 32128K, reserved 1077248K
  class space    used 4170K, capacity 4441K, committed 4480K, reserved 1048576K
}

Deoptimization events (20 events):
Event: 10.243 Thread 0x00000208253d0000 Uncommon trap: trap_request=0xffffff7e fr.pc=0x0000020813cf129c relative=0x000000000000015c
Event: 10.243 Thread 0x00000208253d0000 Uncommon trap: reason=predicate action=maybe_recompile pc=0x0000020813cf129c method=com.google.common.base.CharMatcher.indexIn(Ljava/lang/CharSequence;I)I @ 19 c2
Event: 10.243 Thread 0x00000208253d0000 DEOPT PACKING pc=0x0000020813cf129c sp=0x0000001c096fb550
Event: 10.243 Thread 0x00000208253d0000 DEOPT UNPACKING pc=0x000002080c16a1af sp=0x0000001c096fb4e0 mode 2
Event: 10.258 Thread 0x00000208253d0000 Uncommon trap: trap_request=0xffffff4d fr.pc=0x0000020813c947ac relative=0x00000000000013ec
Event: 10.258 Thread 0x00000208253d0000 Uncommon trap: reason=unstable_if action=reinterpret pc=0x0000020813c947ac method=java.util.concurrent.ConcurrentHashMap.putVal(Ljava/lang/Object;Ljava/lang/Object;Z)Ljava/lang/Object; @ 231 c2
Event: 10.258 Thread 0x00000208253d0000 DEOPT PACKING pc=0x0000020813c947ac sp=0x0000001c096fc7d0
Event: 10.258 Thread 0x00000208253d0000 DEOPT UNPACKING pc=0x000002080c16a1af sp=0x0000001c096fc750 mode 2
Event: 10.581 Thread 0x00000208253d0000 Uncommon trap: trap_request=0xffffff4d fr.pc=0x0000020813cc80cc relative=0x000000000000020c
Event: 10.581 Thread 0x00000208253d0000 Uncommon trap: reason=unstable_if action=reinterpret pc=0x0000020813cc80cc method=java.util.HashMap.hash(Ljava/lang/Object;)I @ 1 c2
Event: 10.581 Thread 0x00000208253d0000 DEOPT PACKING pc=0x0000020813cc80cc sp=0x0000001c096f8c10
Event: 10.581 Thread 0x00000208253d0000 DEOPT UNPACKING pc=0x000002080c16a1af sp=0x0000001c096f8b48 mode 2
Event: 10.581 Thread 0x00000208253d0000 Uncommon trap: trap_request=0xffffff4d fr.pc=0x0000020813c915ac relative=0x000000000000008c
Event: 10.581 Thread 0x00000208253d0000 Uncommon trap: reason=unstable_if action=reinterpret pc=0x0000020813c915ac method=java.util.HashMap.hash(Ljava/lang/Object;)I @ 1 c2
Event: 10.581 Thread 0x00000208253d0000 DEOPT PACKING pc=0x0000020813c915ac sp=0x0000001c096f8980
Event: 10.581 Thread 0x00000208253d0000 DEOPT UNPACKING pc=0x000002080c16a1af sp=0x0000001c096f8918 mode 2
Event: 10.938 Thread 0x00000208253d0000 Uncommon trap: trap_request=0xffffff4d fr.pc=0x0000020813cbf450 relative=0x00000000000001f0
Event: 10.938 Thread 0x00000208253d0000 Uncommon trap: reason=unstable_if action=reinterpret pc=0x0000020813cbf450 method=java.util.HashMap.putVal(ILjava/lang/Object;Ljava/lang/Object;ZZ)Ljava/lang/Object; @ 162 c2
Event: 10.938 Thread 0x00000208253d0000 DEOPT PACKING pc=0x0000020813cbf450 sp=0x0000001c096fa680
Event: 10.938 Thread 0x00000208253d0000 DEOPT UNPACKING pc=0x000002080c16a1af sp=0x0000001c096fa600 mode 2

Classes redefined (0 events):
No events

Internal exceptions (20 events):
Event: 10.325 Thread 0x00000208253d0000 Exception <a 'java/lang/NoSuchMethodError'{0x0000000087dc9f38}: 'java.lang.Object java.lang.invoke.DirectMethodHandle$Holder.invokeVirtual(java.lang.Object, java.lang.Object, java.lang.Object)'> (0x0000000087dc9f38) thrown at [./src/hotspot/share/interpreter/linkResolver.cpp, line 773]
Event: 10.327 Thread 0x00000208253d0000 Exception <a 'java/lang/NoSuchMethodError'{0x0000000087df2550}: 'int java.lang.invoke.DirectMethodHandle$Holder.invokeVirtual(java.lang.Object, java.lang.Object)'> (0x0000000087df2550) thrown at [./src/hotspot/share/interpreter/linkResolver.cpp, line 773]
Event: 10.333 Thread 0x00000208253d0000 Exception <a 'java/lang/NoSuchMethodError'{0x0000000087c2cd08}: 'int java.lang.invoke.DirectMethodHandle$Holder.invokeVirtual(java.lang.Object, java.lang.Object, java.lang.Object)'> (0x0000000087c2cd08) thrown at [./src/hotspot/share/interpreter/linkResolver.cpp, line 773]
Event: 10.351 Thread 0x00000208253d0000 Exception <a 'java/lang/NoSuchMethodError'{0x0000000087ba4778}: 'void java.lang.invoke.DirectMethodHandle$Holder.invokeSpecial(java.lang.Object, java.lang.Object)'> (0x0000000087ba4778) thrown at [./src/hotspot/share/interpreter/linkResolver.cpp, line 773]
Event: 10.452 Thread 0x00000208253d0000 Exception <a 'java/lang/NoSuchMethodError'{0x000000008717b910}: 'java.lang.Object java.lang.invoke.DirectMethodHandle$Holder.invokeSpecialIFC(java.lang.Object, java.lang.Object, java.lang.Object, java.lang.Object)'> (0x000000008717b910) thrown at [./src/hotspot/share/interpreter/linkResolver.cpp, line 773]
Event: 10.458 Thread 0x00000208253d0000 Exception <a 'java/lang/NoSuchMethodError'{0x0000000087085680}: 'java.lang.Object java.lang.invoke.DirectMethodHandle$Holder.invokeSpecial(java.lang.Object, java.lang.Object, java.lang.Object, java.lang.Object, java.lang.Object, java.lang.Object, java.lang.Object, java.lang.Object, java.lang.Object, java.lang.Object, java.lang.Object, java.lang.Object, java.lang.Object)'> (0x0000000087085680) thrown at [./src/hotspot/share/interpreter/linkResolver.cpp, line 773]
Event: 10.459 Thread 0x00000208253d0000 Exception <a 'java/lang/NoSuchMethodError'{0x00000000870964e0}: 'java.lang.Object java.lang.invoke.DirectMethodHandle$Holder.invokeSpecial(java.lang.Object, java.lang.Object, java.lang.Object, java.lang.Object, java.lang.Object, java.lang.Object, java.lang.Object, java.lang.Object, java.lang.Object, java.lang.Object, java.lang.Object, java.lang.Object)'> (0x00000000870964e0) thrown at [./src/hotspot/share/interpreter/linkResolver.cpp, line 773]
Event: 10.460 Thread 0x00000208253d0000 Exception <a 'java/lang/NoSuchMethodError'{0x000000008709b608}: 'java.lang.Object java.lang.invoke.Invokers$Holder.linkToTargetMethod(java.lang.Object, java.lang.Object, java.lang.Object, java.lang.Object, java.lang.Object, java.lang.Object, java.lang.Object, java.lang.Object, java.lang.Object, java.lang.Object, java.lang.Object)'> (0x000000008709b608) thrown at [./src/hotspot/share/interpreter/linkResolver.cpp, line 773]
Event: 10.472 Thread 0x00000208253d0000 Exception <a 'java/lang/NoSuchMethodError'{0x0000000086fe1680}: 'java.lang.Object java.lang.invoke.DirectMethodHandle$Holder.invokeSpecial(java.lang.Object, java.lang.Object, java.lang.Object, java.lang.Object, java.lang.Object, java.lang.Object, java.lang.Object, java.lang.Object, java.lang.Object, java.lang.Object, java.lang.Object, java.lang.Object, java.lang.Object, java.lang.Object)'> (0x0000000086fe1680) thrown at [./src/hotspot/share/interpreter/linkResolver.cpp, line 773]
Event: 10.472 Thread 0x00000208253d0000 Exception <a 'java/lang/NoSuchMethodError'{0x0000000086ff2cf8}: 'java.lang.Object java.lang.invoke.Invokers$Holder.linkToTargetMethod(java.lang.Object, java.lang.Object, java.lang.Object, java.lang.Object, java.lang.Object, java.lang.Object, java.lang.Object, java.lang.Object, java.lang.Object, java.lang.Object, java.lang.Object, java.lang.Object)'> (0x0000000086ff2cf8) thrown at [./src/hotspot/share/interpreter/linkResolver.cpp, line 773]
Event: 10.485 Thread 0x00000208253d0000 Exception <a 'java/lang/NoSuchMethodError'{0x0000000086edc868}: 'java.lang.Object java.lang.invoke.DirectMethodHandle$Holder.invokeStaticInit(java.lang.Object, java.lang.Object, java.lang.Object, java.lang.Object)'> (0x0000000086edc868) thrown at [./src/hotspot/share/interpreter/linkResolver.cpp, line 773]
Event: 10.581 Thread 0x00000208253d0000 Implicit null exception at 0x0000020813cc7ef5 to 0x0000020813cc80bc
Event: 10.581 Thread 0x00000208253d0000 Implicit null exception at 0x0000020813c9152f to 0x0000020813c9159d
Event: 10.751 Thread 0x00000208253d0000 Exception <a 'java/lang/NoSuchMethodError'{0x0000000085c50ef0}: 'java.lang.Object java.lang.invoke.Invokers$Holder.linkToTargetMethod(java.lang.Object, java.lang.Object, java.lang.Object, java.lang.Object, java.lang.Object, java.lang.Object, java.lang.Object, java.lang.Object)'> (0x0000000085c50ef0) thrown at [./src/hotspot/share/interpreter/linkResolver.cpp, line 773]
Event: 10.754 Thread 0x00000208253d0000 Exception <a 'java/lang/NoSuchMethodError'{0x0000000085c9f340}: 'java.lang.Object java.lang.invoke.Invokers$Holder.linkToTargetMethod(java.lang.Object, java.lang.Object, java.lang.Object, java.lang.Object, java.lang.Object, java.lang.Object, java.lang.Object)'> (0x0000000085c9f340) thrown at [./src/hotspot/share/interpreter/linkResolver.cpp, line 773]
Event: 10.757 Thread 0x00000208253d0000 Exception <a 'java/lang/IncompatibleClassChangeError'{0x0000000085cdf730}: Found class java.lang.Object, but interface was expected> (0x0000000085cdf730) thrown at [./src/hotspot/share/interpreter/linkResolver.cpp, line 839]
Event: 11.105 Thread 0x00000208253d0000 Exception <a 'java/lang/NoSuchMethodError'{0x0000000087cc2438}: 'void java.lang.invoke.DirectMethodHandle$Holder.invokeStaticInit(java.lang.Object, java.lang.Object, java.lang.Object)'> (0x0000000087cc2438) thrown at [./src/hotspot/share/interpreter/linkResolver.cpp, line 773]
Event: 11.106 Thread 0x00000208253d0000 Exception <a 'java/lang/NoSuchMethodError'{0x0000000087cc9690}: 'void java.lang.invoke.DirectMethodHandle$Holder.invokeStaticInit(java.lang.Object, java.lang.Object, java.lang.Object, java.lang.Object)'> (0x0000000087cc9690) thrown at [./src/hotspot/share/interpreter/linkResolver.cpp, line 773]
Event: 11.110 Thread 0x00000208253d0000 Exception <a 'java/lang/NoSuchMethodError'{0x0000000087cebce8}: 'void java.lang.invoke.DirectMethodHandle$Holder.invokeStaticInit(java.lang.Object, java.lang.Object, java.lang.Object, java.lang.Object, java.lang.Object)'> (0x0000000087cebce8) thrown at [./src/hotspot/share/interpreter/linkResolver.cpp, line 773]
Event: 11.171 Thread 0x00000208253d0000 Exception <a 'java/lang/NoSuchMethodError'{0x0000000087b4a8c8}: 'int java.lang.invoke.DirectMethodHandle$Holder.invokeStaticInit(java.lang.Object, java.lang.Object, java.lang.Object, java.lang.Object)'> (0x0000000087b4a8c8) thrown at [./src/hotspot/share/interpreter/linkResolver.cpp, line 773]

Events (20 events):
Event: 11.181 loading class org/codehaus/groovy/reflection/CachedClass$CachedMethodComparatorByName
Event: 11.181 loading class org/codehaus/groovy/reflection/CachedClass$CachedMethodComparatorByName done
Event: 11.185 loading class java/lang/ClassFormatError
Event: 11.185 loading class java/lang/ClassFormatError done
Event: 11.191 loading class java/lang/ProcessHandle$Info
Event: 11.191 loading class java/lang/ProcessHandle$Info done
Event: 11.191 loading class java/util/concurrent/CompletableFuture
Event: 11.192 loading class java/util/concurrent/CompletionStage
Event: 11.192 loading class java/util/concurrent/CompletionStage done
Event: 11.192 loading class java/util/concurrent/CompletableFuture done
Event: 11.192 loading class java/lang/ProcessHandle
Event: 11.192 loading class java/lang/ProcessHandle done
Event: 11.193 loading class groovy/lang/GString$1
Event: 11.193 loading class groovy/lang/GString$1 done
Event: 11.194 loading class groovy/lang/StringWriterIOException
Event: 11.194 loading class groovy/lang/StringWriterIOException done
Event: 11.197 loading class java/io/UnsupportedEncodingException
Event: 11.197 loading class java/io/UnsupportedEncodingException done
Event: 11.198 loading class org/codehaus/groovy/runtime/DefaultGroovyMethods
Event: 11.198 loading class org/codehaus/groovy/runtime/DefaultGroovyMethods done


Dynamic libraries:
0x00007ff6b2f50000 - 0x00007ff6b2f5a000 	C:\Program Files\Android\Android Studio\jre\bin\java.exe
0x00007ffed6c50000 - 0x00007ffed6e44000 	C:\WINDOWS\SYSTEM32\ntdll.dll
0x00007ffed53f0000 - 0x00007ffed54ad000 	C:\WINDOWS\System32\KERNEL32.DLL
0x00007ffed46e0000 - 0x00007ffed49a7000 	C:\WINDOWS\System32\KERNELBASE.dll
0x00007ffed4b10000 - 0x00007ffed4c10000 	C:\WINDOWS\System32\ucrtbase.dll
0x00007ffec1df0000 - 0x00007ffec1e09000 	C:\Program Files\Android\Android Studio\jre\bin\jli.dll
0x00007ffec1040000 - 0x00007ffec1057000 	C:\Program Files\Android\Android Studio\jre\bin\VCRUNTIME140.dll
0x00007ffed5970000 - 0x00007ffed5b10000 	C:\WINDOWS\System32\USER32.dll
0x00007ffec3cd0000 - 0x00007ffec3f6a000 	C:\WINDOWS\WinSxS\amd64_microsoft.windows.common-controls_6595b64144ccf1df_6.0.19041.1_none_b555e41d4684ddec\COMCTL32.dll
0x00007ffed4440000 - 0x00007ffed4462000 	C:\WINDOWS\System32\win32u.dll
0x00007ffed5560000 - 0x00007ffed55fe000 	C:\WINDOWS\System32\msvcrt.dll
0x00007ffed5240000 - 0x00007ffed526a000 	C:\WINDOWS\System32\GDI32.dll
0x00007ffed4470000 - 0x00007ffed4579000 	C:\WINDOWS\System32\gdi32full.dll
0x00007ffed43a0000 - 0x00007ffed443d000 	C:\WINDOWS\System32\msvcp_win.dll
0x00007ffed4cc0000 - 0x00007ffed4cf0000 	C:\WINDOWS\System32\IMM32.DLL
0x0000020806cd0000 - 0x0000020806ce4000 	C:\WINDOWS\System32\umppc15610.dll
0x00007ffec0fa0000 - 0x00007ffec103d000 	C:\Program Files\Android\Android Studio\jre\bin\msvcp140.dll
0x00007ffe7c7a0000 - 0x00007ffe7d285000 	C:\Program Files\Android\Android Studio\jre\bin\server\jvm.dll
0x00007ffed5340000 - 0x00007ffed53ea000 	C:\WINDOWS\System32\ADVAPI32.dll
0x00007ffed4dd0000 - 0x00007ffed4e6b000 	C:\WINDOWS\System32\sechost.dll
0x00007ffed6ae0000 - 0x00007ffed6c03000 	C:\WINDOWS\System32\RPCRT4.dll
0x00007ffed5960000 - 0x00007ffed5968000 	C:\WINDOWS\System32\PSAPI.DLL
0x00007ffec1e50000 - 0x00007ffec1e59000 	C:\WINDOWS\SYSTEM32\WSOCK32.dll
0x00007ffed52d0000 - 0x00007ffed533b000 	C:\WINDOWS\System32\WS2_32.dll
0x00007ffec5600000 - 0x00007ffec5627000 	C:\WINDOWS\SYSTEM32\WINMM.dll
0x00007ffeca690000 - 0x00007ffeca69a000 	C:\WINDOWS\SYSTEM32\VERSION.dll
0x00007ffed2eb0000 - 0x00007ffed2ec3000 	C:\WINDOWS\SYSTEM32\kernel.appcore.dll
0x00007ffea7fe0000 - 0x00007ffea7ff1000 	C:\Program Files\Android\Android Studio\jre\bin\verify.dll
0x00007ffec0430000 - 0x00007ffec0614000 	C:\WINDOWS\SYSTEM32\DBGHELP.DLL
0x00007ffec17a0000 - 0x00007ffec17cc000 	C:\WINDOWS\SYSTEM32\dbgcore.DLL
0x00007ffed49e0000 - 0x00007ffed4a5f000 	C:\WINDOWS\System32\bcryptPrimitives.dll
0x00007ffea7fb0000 - 0x00007ffea7fd9000 	C:\Program Files\Android\Android Studio\jre\bin\java.dll
0x00007ffea9d60000 - 0x00007ffea9d6b000 	C:\Program Files\Android\Android Studio\jre\bin\jimage.dll
0x00007ffe9ac50000 - 0x00007ffe9ac68000 	C:\Program Files\Android\Android Studio\jre\bin\zip.dll
0x00007ffed6250000 - 0x00007ffed6981000 	C:\WINDOWS\System32\SHELL32.dll
0x00007ffed2300000 - 0x00007ffed2a8a000 	C:\WINDOWS\SYSTEM32\windows.storage.dll
0x00007ffed5600000 - 0x00007ffed5954000 	C:\WINDOWS\System32\combase.dll
0x00007ffed3d50000 - 0x00007ffed3d7b000 	C:\WINDOWS\SYSTEM32\Wldp.dll
0x00007ffed5190000 - 0x00007ffed523e000 	C:\WINDOWS\System32\SHCORE.dll
0x00007ffed4e70000 - 0x00007ffed4ec5000 	C:\WINDOWS\System32\shlwapi.dll
0x00007ffed42e0000 - 0x00007ffed42ff000 	C:\WINDOWS\SYSTEM32\profapi.dll
0x00007ffe9aa10000 - 0x00007ffe9aa2a000 	C:\Program Files\Android\Android Studio\jre\bin\net.dll
0x00007ffed3400000 - 0x00007ffed3500000 	C:\WINDOWS\SYSTEM32\WINHTTP.dll
0x00007ffed3ad0000 - 0x00007ffed3b3a000 	C:\WINDOWS\system32\mswsock.dll
0x00007ffe9a9f0000 - 0x00007ffe9aa04000 	C:\Program Files\Android\Android Studio\jre\bin\nio.dll
0x00007ffed1710000 - 0x00007ffed1737000 	C:\Users\apantele\.gradle\native\e1d6ef7f7dcc3fd88c89a11ec53ec762bb8ba0a96d01ffa2cd45eb1d1d8dd5c5\windows-amd64\native-platform.dll
0x00007ffe98790000 - 0x00007ffe988d4000 	C:\Users\apantele\.gradle\native\5664cfc778a61ccfe75a443a1ab52a65af34e5dc3c78e0209fed803814484fcb\windows-amd64\native-platform-file-events.dll
0x00007ffe9ac40000 - 0x00007ffe9ac4a000 	C:\Program Files\Android\Android Studio\jre\bin\management.dll
0x00007ffe9a9e0000 - 0x00007ffe9a9ed000 	C:\Program Files\Android\Android Studio\jre\bin\management_ext.dll
0x00007ffed3cb0000 - 0x00007ffed3cc8000 	C:\WINDOWS\SYSTEM32\CRYPTSP.dll
0x00007ffed3360000 - 0x00007ffed3394000 	C:\WINDOWS\system32\rsaenh.dll
0x00007ffed49b0000 - 0x00007ffed49d7000 	C:\WINDOWS\System32\bcrypt.dll
0x00007ffed42a0000 - 0x00007ffed42ce000 	C:\WINDOWS\SYSTEM32\USERENV.dll
0x00007ffed3ca0000 - 0x00007ffed3cac000 	C:\WINDOWS\SYSTEM32\CRYPTBASE.dll
0x00007ffed37c0000 - 0x00007ffed37fb000 	C:\WINDOWS\SYSTEM32\IPHLPAPI.DLL
0x00007ffed4f60000 - 0x00007ffed4f69000 	C:\WINDOWS\System32\NSI.dll
0x00007ffeceeb0000 - 0x00007ffeceec7000 	C:\WINDOWS\SYSTEM32\dhcpcsvc6.DLL
0x00007ffece9e0000 - 0x00007ffece9fd000 	C:\WINDOWS\SYSTEM32\dhcpcsvc.DLL
0x00007ffed3800000 - 0x00007ffed38ca000 	C:\WINDOWS\SYSTEM32\DNSAPI.dll

dbghelp: loaded successfully - version: 4.0.5 - missing functions: none
symbol engine: initialized successfully - sym options: 0x614 - pdb path: .;C:\Program Files\Android\Android Studio\jre\bin;C:\WINDOWS\SYSTEM32;C:\WINDOWS\WinSxS\amd64_microsoft.windows.common-controls_6595b64144ccf1df_6.0.19041.1_none_b555e41d4684ddec;C:\Program Files\Android\Android Studio\jre\bin\server;C:\Users\apantele\.gradle\native\e1d6ef7f7dcc3fd88c89a11ec53ec762bb8ba0a96d01ffa2cd45eb1d1d8dd5c5\windows-amd64;C:\Users\apantele\.gradle\native\5664cfc778a61ccfe75a443a1ab52a65af34e5dc3c78e0209fed803814484fcb\windows-amd64

VM Arguments:
jvm_args: --add-opens=java.base/java.util=ALL-UNNAMED --add-opens=java.base/java.lang=ALL-UNNAMED --add-opens=java.base/java.lang.invoke=ALL-UNNAMED --add-opens=java.base/java.util=ALL-UNNAMED --add-opens=java.prefs/java.util.prefs=ALL-UNNAMED --add-opens=java.prefs/java.util.prefs=ALL-UNNAMED --add-opens=java.base/java.nio.charset=ALL-UNNAMED --add-opens=java.base/java.net=ALL-UNNAMED --add-opens=java.base/java.util.concurrent.atomic=ALL-UNNAMED -Xmx2048m -Dfile.encoding=UTF-8 -Duser.country=US -Duser.language=en -Duser.variant 
java_command: org.gradle.launcher.daemon.bootstrap.GradleDaemon 7.3.3
java_class_path (initial): C:\Users\apantele\.gradle\wrapper\dists\gradle-7.3.3-bin\6a41zxkdtcxs8rphpq6y0069z\gradle-7.3.3\lib\gradle-launcher-7.3.3.jar
Launcher Type: SUN_STANDARD

[Global flags]
     intx CICompilerCount                          = 3                                         {product} {ergonomic}
     uint ConcGCThreads                            = 1                                         {product} {ergonomic}
     uint G1ConcRefinementThreads                  = 4                                         {product} {ergonomic}
   size_t G1HeapRegionSize                         = 1048576                                   {product} {ergonomic}
    uintx GCDrainStackTargetSize                   = 64                                        {product} {ergonomic}
   size_t InitialHeapSize                          = 134217728                                 {product} {ergonomic}
   size_t MarkStackSize                            = 4194304                                   {product} {ergonomic}
   size_t MaxHeapSize                              = 2147483648                                {product} {command line}
   size_t MaxNewSize                               = 1287651328                                {product} {ergonomic}
   size_t MinHeapDeltaBytes                        = 1048576                                   {product} {ergonomic}
    uintx NonNMethodCodeHeapSize                   = 5830732                                {pd product} {ergonomic}
    uintx NonProfiledCodeHeapSize                  = 122913754                              {pd product} {ergonomic}
    uintx ProfiledCodeHeapSize                     = 122913754                              {pd product} {ergonomic}
    uintx ReservedCodeCacheSize                    = 251658240                              {pd product} {ergonomic}
     bool SegmentedCodeCache                       = true                                      {product} {ergonomic}
     bool UseCompressedClassPointers               = true                                 {lp64_product} {ergonomic}
     bool UseCompressedOops                        = true                                 {lp64_product} {ergonomic}
     bool UseG1GC                                  = true                                      {product} {ergonomic}
     bool UseLargePagesIndividualAllocation        = false                                  {pd product} {ergonomic}

Logging:
Log output configuration:
 #0: stdout all=warning uptime,level,tags
 #1: stderr all=off uptime,level,tags

Environment Variables:
PATH=C:\Python27\Lib\site-packages\PyQt4;C:\Python27\Lib\site-packages\PyQt4;C:\Program Files (x86)\Intel\iCLS Client\;C:\Program Files\Intel\iCLS Client\;C:\ProgramData\Oracle\Java\javapath;C:\Program Files\Common Files\Microsoft Shared\Microsoft Online Services;C:\Program Files (x86)\Common Files\Microsoft Shared\Microsoft Online Services;C:\WINDOWS\system32;C:\WINDOWS;C:\WINDOWS\System32\Wbem;C:\WINDOWS\System32\WindowsPowerShell\v1.0\;C:\WINDOWS\System32\OpenSSH\;C:\Program Files (x86)\Enterprise Vault\EVClient\;C:\Program Files (x86)\Intel\Intel(R) Management Engine Components\DAL;C:\Program Files\Intel\Intel(R) Management Engine Components\DAL;C:\Program Files (x86)\Intel\Intel(R) Management Engine Components\IPT;C:\Program Files\Intel\Intel(R) Management Engine Components\IPT;C:\Program Files\Git\cmd;C:\Users\apantele\AppData\Local\Programs\Python\Python310-32\Scripts\;C:\Users\apantele\AppData\Local\Programs\Python\Python310-32\;C:\Users\apantele\AppData\Local\Microsoft\WindowsApps;C:\ProgramData\Microsoft\Windows\Start Menu\Programs\Python 2.7;C:\Python27;C:\Users\apantele\AppData\Roaming\Microsoft\Windows\Start Menu\Programs\Python 3.10;C:\Users\apantele\AppData\Local\Programs\Microsoft VS Code\bin
USERNAME=apantele
OS=Windows_NT
PROCESSOR_IDENTIFIER=Intel64 Family 6 Model 60 Stepping 3, GenuineIntel



---------------  S Y S T E M  ---------------

OS: Windows 10 , 64 bit Build 19041 (10.0.19041.207)
OS uptime: 0 days 6:08 hours

CPU:total 4 (initial active 4) (2 cores per cpu, 2 threads per core) family 6 model 60 stepping 3 microcode 0x27, cmov, cx8, fxsr, mmx, sse, sse2, sse3, ssse3, sse4.1, sse4.2, popcnt, avx, avx2, aes, clmul, erms, lzcnt, ht, tsc, tscinvbit, bmi1, bmi2, fma

Memory: 4k page, system-wide physical 8097M (1744M free)
TotalPageFile size 12449M (AvailPageFile size 3777M)
current process WorkingSet (physical memory assigned to process): 216M, peak: 219M
current process commit charge ("private bytes"): 298M, peak: 301M

vm_info: OpenJDK 64-Bit Server VM (11.0.12+7-b1504.28-7817840) for windows-amd64 JRE (11.0.12+7-b1504.28-7817840), built on Oct 13 2021 22:12:33 by "builder" with MS VC++ 14.0 (VS2015)

END.
