#
# A fatal error has been detected by the Java Runtime Environment:
#
#  EXCEPTION_ACCESS_VIOLATION (0xc0000005) at pc=0x00007ffd908b0251, pid=14092, tid=3296
#
# JRE version: OpenJDK Runtime Environment (11.0.12+7) (build 11.0.12+7-b1504.28-7817840)
# Java VM: OpenJDK 64-Bit Server VM (11.0.12+7-b1504.28-7817840, mixed mode, tiered, compressed oops, g1 gc, windows-amd64)
# Problematic frame:
# V  [jvm.dll+0x360251]
#
# No core dump will be written. Minidumps are not enabled by default on client versions of Windows
#
# If you would like to submit a bug report, please visit:
#   https://bugreport.java.com/bugreport/crash.jsp
#

---------------  S U M M A R Y ------------

Command Line: --add-opens=java.base/java.util=ALL-UNNAMED --add-opens=java.base/java.lang=ALL-UNNAMED --add-opens=java.base/java.lang.invoke=ALL-UNNAMED --add-opens=java.base/java.util=ALL-UNNAMED --add-opens=java.prefs/java.util.prefs=ALL-UNNAMED --add-opens=java.prefs/java.util.prefs=ALL-UNNAMED --add-opens=java.base/java.nio.charset=ALL-UNNAMED --add-opens=java.base/java.net=ALL-UNNAMED --add-opens=java.base/java.util.concurrent.atomic=ALL-UNNAMED -Xmx2048m -Dfile.encoding=UTF-8 -Duser.country=US -Duser.language=en -Duser.variant org.gradle.launcher.daemon.bootstrap.GradleDaemon 7.3.3

Host: Intel(R) Core(TM) i7-4600M CPU @ 2.90GHz, 4 cores, 7G,  Windows 10 , 64 bit Build 19041 (10.0.19041.207)
Time: Fri Jul 22 16:58:38 2022 GTB Daylight Time elapsed time: 12.064381 seconds (0d 0h 0m 12s)

---------------  T H R E A D  ---------------

Current thread (0x00000218bf2eb800):  JavaThread "C2 CompilerThread1" daemon [_thread_in_native, id=3296, stack(0x000000f384800000,0x000000f384900000)]


Current CompileTask:
C2:  12064 2617       4       jdk.internal.loader.URLClassPath::getResource (74 bytes)

Stack: [0x000000f384800000,0x000000f384900000],  sp=0x000000f3848fbca0,  free space=1007k
Native frames: (J=compiled Java code, j=interpreted, Vv=VM code, C=native code)
V  [jvm.dll+0x360251]
V  [jvm.dll+0x359b17]
V  [jvm.dll+0x19cef0]
V  [jvm.dll+0x20070e]
V  [jvm.dll+0x1ff794]
V  [jvm.dll+0x18868c]
V  [jvm.dll+0x20e0d7]
V  [jvm.dll+0x20c901]
V  [jvm.dll+0x6f9b7f]
V  [jvm.dll+0x6f26a5]
V  [jvm.dll+0x5fabf6]
C  [ucrtbase.dll+0x21542]
C  [KERNEL32.DLL+0x16fd4]
C  [ntdll.dll+0x4cec1]


siginfo: EXCEPTION_ACCESS_VIOLATION (0xc0000005), reading address 0x00007fbd90f5c898


Register to memory mapping:

RIP=0x00007ffd908b0251 jvm.dll
RAX=0x0 is NULL
RBX=0x000000f3848fbd80 is pointing into the stack for thread: 0x00000218bf2eb800
RCX=0x00000218beef43e0 points into unknown readable memory: 0x0000000000000000 | 00 00 00 00 00 00 00 00
RDX=0x00000218c29f60c0 points into unknown readable memory: 0x000000000000001c | 1c 00 00 00 00 00 00 00
RSP=0x000000f3848fbca0 is pointing into the stack for thread: 0x00000218bf2eb800
RBP=0x000000f3848fe820 is pointing into the stack for thread: 0x00000218bf2eb800
RSI=0x0000000000000050 is an unknown value
RDI=0x000000000000000a is an unknown value
R8 =0x000000000000002b is an unknown value
R9 =0x0000000000000008 is an unknown value
R10=0x000000000000002b is an unknown value
R11=0x000000f3848fbd80 is pointing into the stack for thread: 0x00000218bf2eb800
R12=0x00000218bedcac60 points into unknown readable memory: 0x00000218bed58bc0 | c0 8b d5 be 18 02 00 00
R13=0x00007ffd90f5c898 jvm.dll
R14=0x00007fbd90f5c898 is an unknown value
R15=0x00000218c29f60c0 points into unknown readable memory: 0x000000000000001c | 1c 00 00 00 00 00 00 00


Registers:
RAX=0x0000000000000000, RBX=0x000000f3848fbd80, RCX=0x00000218beef43e0, RDX=0x00000218c29f60c0
RSP=0x000000f3848fbca0, RBP=0x000000f3848fe820, RSI=0x0000000000000050, RDI=0x000000000000000a
R8 =0x000000000000002b, R9 =0x0000000000000008, R10=0x000000000000002b, R11=0x000000f3848fbd80
R12=0x00000218bedcac60, R13=0x00007ffd90f5c898, R14=0x00007fbd90f5c898, R15=0x00000218c29f60c0
RIP=0x00007ffd908b0251, EFLAGS=0x0000000000010246

Top of Stack: (sp=0x000000f3848fbca0)
0x000000f3848fbca0:   00000218beef47f8 000000000000002b
0x000000f3848fbcb0:   000000f3848fbd80 00007ffd90ba25c0
0x000000f3848fbcc0:   00000218bc8f1dd8 0000000000000003
0x000000f3848fbcd0:   0000000000000001 000000f3848fbdf0
0x000000f3848fbce0:   0000000000000004 00007ffd908a9b17
0x000000f3848fbcf0:   0000000000000000 000000f3848fc330
0x000000f3848fbd00:   00000218bea5f0e8 0000000000000001
0x000000f3848fbd10:   000000f3848fbd48 3ff37dc10dc2ed25
0x000000f3848fbd20:   000000f3000f423f 0000000400000000
0x000000f3848fbd30:   0000000d00000001 0000000000000000
0x000000f3848fbd40:   00000001ffffffff 0000000400000000
0x000000f3848fbd50:   0000000e00000000 00007ffd00000000
0x000000f3848fbd60:   0000039700000003 0000021800000004
0x000000f3848fbd70:   0000000000000000 00007ffd00001000
0x000000f3848fbd80:   000002180000001c 00000218beef4950
0x000000f3848fbd90:   00000218be7b3780 00007ffd00000000 

Instructions: (pc=0x00007ffd908b0251)
0x00007ffd908b0151:   88 00 00 00 48 8b c6 48 f7 d0 48 8b b9 80 08 00
0x00007ffd908b0161:   00 48 3b 47 18 73 12 4c 8d 05 a1 f5 48 00 48 8b
0x00007ffd908b0171:   d6 48 8b cf e8 f6 08 d6 ff 48 8b 47 18 48 8d 0c
0x00007ffd908b0181:   30 48 3b 4f 20 76 10 45 33 c0 48 8b d6 48 8b cf
0x00007ffd908b0191:   e8 fa 04 d6 ff eb 04 48 89 4f 18 48 89 43 08 41
0x00007ffd908b01a1:   b9 08 00 00 00 33 ff 39 bb 90 00 00 00 0f 86 d2
0x00007ffd908b01b1:   00 00 00 65 48 8b 04 25 58 00 00 00 4c 89 64 24
0x00007ffd908b01c1:   50 4c 89 6c 24 58 4c 8d 2d ca c6 6a 00 4c 89 74
0x00007ffd908b01d1:   24 60 4c 8d 24 e8 66 0f 1f 84 00 00 00 00 00 49
0x00007ffd908b01e1:   8b 47 08 48 8d 34 fd 00 00 00 00 4c 8b 34 06 4d
0x00007ffd908b01f1:   3b f5 75 0a 48 8b 43 08 4c 89 2c 06 eb 6a 49 8b
0x00007ffd908b0201:   04 24 41 8b c9 48 8b 0c 01 48 8b 81 d0 04 00 00
0x00007ffd908b0211:   48 8b a8 88 00 00 00 48 8b 8d 88 08 00 00 48 85
0x00007ffd908b0221:   c9 75 12 e8 97 09 00 00 48 8b 8d 88 08 00 00 41
0x00007ffd908b0231:   b9 08 00 00 00 48 8b 01 48 89 85 88 08 00 00 33
0x00007ffd908b0241:   c0 48 89 01 48 89 41 08 48 89 41 10 48 89 41 18
0x00007ffd908b0251:   41 0f 10 06 0f 11 01 41 0f 10 4e 10 0f 11 49 10
0x00007ffd908b0261:   48 8b 43 08 48 89 0c 06 ff c7 3b bb 90 00 00 00
0x00007ffd908b0271:   0f 82 69 ff ff ff 4c 8b 74 24 60 4c 8b 6c 24 58
0x00007ffd908b0281:   4c 8b 64 24 50 48 8b c3 48 83 c4 20 41 5f 5f 5e
0x00007ffd908b0291:   5d 5b c3 cc cc cc cc cc cc cc cc cc cc cc cc 83
0x00007ffd908b02a1:   3a 00 4c 8b c2 c7 41 08 08 00 00 00 75 16 33 d2
0x00007ffd908b02b1:   c7 41 18 01 00 00 00 89 11 48 8b c1 c7 41 28 01
0x00007ffd908b02c1:   00 00 00 c3 33 d2 48 89 11 89 51 18 41 8b 80 90
0x00007ffd908b02d1:   00 00 00 89 41 28 48 89 51 10 49 8b 40 08 48 89
0x00007ffd908b02e1:   41 20 48 8b c1 4c 89 41 30 c3 cc cc cc cc cc 48
0x00007ffd908b02f1:   83 ec 28 8b 51 08 4c 8b c9 83 fa 08 73 18 4c 8b
0x00007ffd908b0301:   41 10 8b c2 41 83 3c 80 00 0f 85 0d 01 00 00 ff
0x00007ffd908b0311:   c2 83 fa 08 72 ec 44 8b 51 18 48 89 5c 24 30 48
0x00007ffd908b0321:   89 6c 24 38 48 89 74 24 40 48 89 7c 24 20 44 3b
0x00007ffd908b0331:   51 28 0f 83 b9 00 00 00 8b 0d 3d 81 6e 00 48 8d
0x00007ffd908b0341:   35 52 c5 6a 00 65 48 8b 04 25 58 00 00 00 bd 08 


Stack slot to memory mapping:
stack at sp + 0 slots: 0x00000218beef47f8 points into unknown readable memory: 0x00000218beef44c0 | c0 44 ef be 18 02 00 00
stack at sp + 1 slots: 0x000000000000002b is an unknown value
stack at sp + 2 slots: 0x000000f3848fbd80 is pointing into the stack for thread: 0x00000218bf2eb800
stack at sp + 3 slots: 0x00007ffd90ba25c0 jvm.dll
stack at sp + 4 slots: 0x00000218bc8f1dd8 points into unknown readable memory: 0x00007ffd90d45590 | 90 55 d4 90 fd 7f 00 00
stack at sp + 5 slots: 0x0000000000000003 is an unknown value
stack at sp + 6 slots: 0x0000000000000001 is an unknown value
stack at sp + 7 slots: 0x000000f3848fbdf0 is pointing into the stack for thread: 0x00000218bf2eb800


---------------  P R O C E S S  ---------------

Threads class SMR info:
_java_thread_list=0x00000218bd579c50, length=31, elements={
0x00000218a1853000, 0x00000218bbc23000, 0x00000218bbc26800, 0x00000218bc5c3800,
0x00000218bbc41000, 0x00000218bbc44800, 0x00000218bbc4b800, 0x00000218bbc50000,
0x00000218bbc63800, 0x00000218bc6fa800, 0x00000218bedaf800, 0x00000218bdd78000,
0x00000218bf9a1800, 0x00000218be40e800, 0x00000218bda82800, 0x00000218bde7a800,
0x00000218bd502000, 0x00000218bd503000, 0x00000218bf0ee800, 0x00000218bfad6000,
0x00000218bfad7000, 0x00000218bfad8800, 0x00000218bfad8000, 0x00000218bf2eb800,
0x00000218bf793800, 0x00000218bf794000, 0x00000218bf797800, 0x00000218bf799000,
0x00000218bf798000, 0x00000218bf795800, 0x00000218bf79a000
}

Java Threads: ( => current thread )
  0x00000218a1853000 JavaThread "main" [_thread_blocked, id=72, stack(0x000000f382700000,0x000000f382800000)]
  0x00000218bbc23000 JavaThread "Reference Handler" daemon [_thread_blocked, id=13664, stack(0x000000f382e00000,0x000000f382f00000)]
  0x00000218bbc26800 JavaThread "Finalizer" daemon [_thread_blocked, id=12468, stack(0x000000f382f00000,0x000000f383000000)]
  0x00000218bc5c3800 JavaThread "Signal Dispatcher" daemon [_thread_blocked, id=2336, stack(0x000000f383000000,0x000000f383100000)]
  0x00000218bbc41000 JavaThread "Attach Listener" daemon [_thread_blocked, id=2116, stack(0x000000f383100000,0x000000f383200000)]
  0x00000218bbc44800 JavaThread "Service Thread" daemon [_thread_blocked, id=13164, stack(0x000000f383200000,0x000000f383300000)]
  0x00000218bbc4b800 JavaThread "C2 CompilerThread0" daemon [_thread_in_vm, id=12748, stack(0x000000f383300000,0x000000f383400000)]
  0x00000218bbc50000 JavaThread "C1 CompilerThread0" daemon [_thread_in_native, id=13504, stack(0x000000f383400000,0x000000f383500000)]
  0x00000218bbc63800 JavaThread "Sweeper thread" daemon [_thread_blocked, id=12492, stack(0x000000f383500000,0x000000f383600000)]
  0x00000218bc6fa800 JavaThread "Common-Cleaner" daemon [_thread_blocked, id=11768, stack(0x000000f383600000,0x000000f383700000)]
  0x00000218bedaf800 JavaThread "Daemon health stats" [_thread_blocked, id=6836, stack(0x000000f383b00000,0x000000f383c00000)]
  0x00000218bdd78000 JavaThread "Incoming local TCP Connector on port 57618" [_thread_in_native, id=1452, stack(0x000000f383800000,0x000000f383900000)]
  0x00000218bf9a1800 JavaThread "Daemon periodic checks" [_thread_blocked, id=2764, stack(0x000000f383c00000,0x000000f383d00000)]
  0x00000218be40e800 JavaThread "Daemon" [_thread_blocked, id=2680, stack(0x000000f383d00000,0x000000f383e00000)]
  0x00000218bda82800 JavaThread "Handler for socket connection from /127.0.0.1:57618 to /127.0.0.1:57619" [_thread_in_native, id=8948, stack(0x000000f383e00000,0x000000f383f00000)]
  0x00000218bde7a800 JavaThread "Cancel handler" [_thread_blocked, id=3412, stack(0x000000f383f00000,0x000000f384000000)]
  0x00000218bd502000 JavaThread "Daemon worker" [_thread_in_Java, id=8944, stack(0x000000f384000000,0x000000f384100000)]
  0x00000218bd503000 JavaThread "Asynchronous log dispatcher for DefaultDaemonConnection: socket connection from /127.0.0.1:57618 to /127.0.0.1:57619" [_thread_blocked, id=9008, stack(0x000000f384100000,0x000000f384200000)]
  0x00000218bf0ee800 JavaThread "Stdin handler" [_thread_blocked, id=9012, stack(0x000000f384200000,0x000000f384300000)]
  0x00000218bfad6000 JavaThread "Daemon client event forwarder" [_thread_blocked, id=2788, stack(0x000000f384300000,0x000000f384400000)]
  0x00000218bfad7000 JavaThread "Cache worker for journal cache (C:\Users\apantele\.gradle\caches\journal-1)" [_thread_blocked, id=13068, stack(0x000000f384400000,0x000000f384500000)]
  0x00000218bfad8800 JavaThread "File lock request listener" [_thread_in_native, id=11976, stack(0x000000f384600000,0x000000f384700000)]
  0x00000218bfad8000 JavaThread "Cache worker for file hash cache (C:\Users\apantele\.gradle\caches\7.3.3\fileHashes)" [_thread_blocked, id=3176, stack(0x000000f384700000,0x000000f384800000)]
=>0x00000218bf2eb800 JavaThread "C2 CompilerThread1" daemon [_thread_in_native, id=3296, stack(0x000000f384800000,0x000000f384900000)]
  0x00000218bf793800 JavaThread "Cache worker for file hash cache (C:\Users\apantele\AndroidStudioProjects\BeacOnOffice\.gradle\7.3.3\fileHashes)" [_thread_blocked, id=7532, stack(0x000000f384900000,0x000000f384a00000)]
  0x00000218bf794000 JavaThread "File watcher server" daemon [_thread_in_native, id=7272, stack(0x000000f384a00000,0x000000f384b00000)]
  0x00000218bf797800 JavaThread "File watcher consumer" daemon [_thread_blocked, id=856, stack(0x000000f384b00000,0x000000f384c00000)]
  0x00000218bf799000 JavaThread "Cache worker for checksums cache (C:\Users\apantele\AndroidStudioProjects\BeacOnOffice\.gradle\7.3.3\checksums)" [_thread_blocked, id=860, stack(0x000000f384c00000,0x000000f384d00000)]
  0x00000218bf798000 JavaThread "Cache worker for cache directory md-supplier (C:\Users\apantele\.gradle\caches\7.3.3\md-supplier)" [_thread_blocked, id=3236, stack(0x000000f384d00000,0x000000f384e00000)]
  0x00000218bf795800 JavaThread "Cache worker for cache directory md-rule (C:\Users\apantele\.gradle\caches\7.3.3\md-rule)" [_thread_blocked, id=3284, stack(0x000000f384e00000,0x000000f384f00000)]
  0x00000218bf79a000 JavaThread "Cache worker for execution history cache (C:\Users\apantele\.gradle\caches\7.3.3\executionHistory)" [_thread_blocked, id=3200, stack(0x000000f384f00000,0x000000f385000000)]

Other Threads:
  0x00000218bbc1d800 VMThread "VM Thread" [stack: 0x000000f382d00000,0x000000f382e00000] [id=9932]
  0x00000218bc70e000 WatcherThread [stack: 0x000000f383700000,0x000000f383800000] [id=2012]
  0x00000218a186b000 GCTaskThread "GC Thread#0" [stack: 0x000000f382800000,0x000000f382900000] [id=1968]
  0x00000218bcc72000 GCTaskThread "GC Thread#1" [stack: 0x000000f383900000,0x000000f383a00000] [id=11208]
  0x00000218bd3d8000 GCTaskThread "GC Thread#2" [stack: 0x000000f383a00000,0x000000f383b00000] [id=5932]
  0x00000218bd450800 GCTaskThread "GC Thread#3" [stack: 0x000000f384500000,0x000000f384600000] [id=6908]
  0x00000218a189d800 ConcurrentGCThread "G1 Main Marker" [stack: 0x000000f382900000,0x000000f382a00000] [id=7612]
  0x00000218a189f000 ConcurrentGCThread "G1 Conc#0" [stack: 0x000000f382a00000,0x000000f382b00000] [id=2108]
  0x00000218a192e000 ConcurrentGCThread "G1 Refine#0" [stack: 0x000000f382b00000,0x000000f382c00000] [id=11248]
  0x00000218bba70800 ConcurrentGCThread "G1 Young RemSet Sampling" [stack: 0x000000f382c00000,0x000000f382d00000] [id=4236]

Threads with active compile tasks:
C2 CompilerThread0  12249 3099       4       jdk.internal.jimage.ImageStringsReader::charsFromByteBuffer (186 bytes)
C1 CompilerThread0  12250 3108   !   3       java.nio.file.FileTreeWalker::visit (204 bytes)
C2 CompilerThread1  12250 2617       4       jdk.internal.loader.URLClassPath::getResource (74 bytes)

VM state:not at safepoint (normal execution)

VM Mutex/Monitor currently owned by a thread: None

Heap address: 0x0000000080000000, size: 2048 MB, Compressed Oops mode: 32-bit
Narrow klass base: 0x0000000000000000, Narrow klass shift: 3
Compressed class space size: 1073741824 Address: 0x0000000100000000

Heap:
 garbage-first heap   total 131072K, used 33370K [0x0000000080000000, 0x0000000100000000)
  region size 1024K, 19 young (19456K), 6 survivors (6144K)
 Metaspace       used 37027K, capacity 37863K, committed 38092K, reserved 1083392K
  class space    used 4769K, capacity 5084K, committed 5120K, reserved 1048576K
Heap Regions: E=young(eden), S=young(survivor), O=old, HS=humongous(starts), HC=humongous(continues), CS=collection set, F=free, A=archive, TAMS=top-at-mark-start (previous, next)
|   0|0x0000000080000000, 0x0000000080100000, 0x0000000080100000|100%| O|  |TAMS 0x0000000080100000, 0x0000000080000000| Untracked 
|   1|0x0000000080100000, 0x0000000080200000, 0x0000000080200000|100%| O|  |TAMS 0x0000000080200000, 0x0000000080100000| Untracked 
|   2|0x0000000080200000, 0x0000000080300000, 0x0000000080300000|100%| O|  |TAMS 0x0000000080300000, 0x0000000080200000| Untracked 
|   3|0x0000000080300000, 0x0000000080400000, 0x0000000080400000|100%|HS|  |TAMS 0x0000000080400000, 0x0000000080300000| Complete 
|   4|0x0000000080400000, 0x0000000080500000, 0x0000000080500000|100%|HC|  |TAMS 0x0000000080500000, 0x0000000080400000| Complete 
|   5|0x0000000080500000, 0x0000000080600000, 0x0000000080600000|100%|HC|  |TAMS 0x0000000080600000, 0x0000000080500000| Complete 
|   6|0x0000000080600000, 0x0000000080700000, 0x0000000080700000|100%| O|  |TAMS 0x0000000080700000, 0x0000000080600000| Untracked 
|   7|0x0000000080700000, 0x0000000080800000, 0x0000000080800000|100%| O|  |TAMS 0x0000000080800000, 0x0000000080700000| Untracked 
|   8|0x0000000080800000, 0x0000000080900000, 0x0000000080900000|100%| O|  |TAMS 0x0000000080900000, 0x0000000080800000| Untracked 
|   9|0x0000000080900000, 0x0000000080a00000, 0x0000000080a00000|100%| O|  |TAMS 0x0000000080a00000, 0x0000000080900000| Untracked 
|  10|0x0000000080a00000, 0x0000000080b00000, 0x0000000080b00000|100%| O|  |TAMS 0x0000000080b00000, 0x0000000080a00000| Untracked 
|  11|0x0000000080b00000, 0x0000000080c00000, 0x0000000080c00000|100%| O|  |TAMS 0x0000000080c00000, 0x0000000080b00000| Untracked 
|  12|0x0000000080c00000, 0x0000000080d00000, 0x0000000080d00000|100%| O|  |TAMS 0x0000000080d00000, 0x0000000080c00000| Untracked 
|  13|0x0000000080d00000, 0x0000000080e00000, 0x0000000080e00000|100%| O|  |TAMS 0x0000000080e00000, 0x0000000080d00000| Untracked 
|  14|0x0000000080e00000, 0x0000000080f00000, 0x0000000080f00000|100%| O|  |TAMS 0x0000000080f00000, 0x0000000080e00000| Untracked 
|  15|0x0000000080f00000, 0x0000000080fd1800, 0x0000000081000000| 81%| O|  |TAMS 0x0000000080fd1800, 0x0000000080f00000| Untracked 
|  16|0x0000000081000000, 0x0000000081000000, 0x0000000081100000|  0%| F|  |TAMS 0x0000000081000000, 0x0000000081000000| Untracked 
|  17|0x0000000081100000, 0x0000000081100000, 0x0000000081200000|  0%| F|  |TAMS 0x0000000081100000, 0x0000000081100000| Untracked 
|  18|0x0000000081200000, 0x0000000081200000, 0x0000000081300000|  0%| F|  |TAMS 0x0000000081200000, 0x0000000081200000| Untracked 
|  19|0x0000000081300000, 0x0000000081300000, 0x0000000081400000|  0%| F|  |TAMS 0x0000000081300000, 0x0000000081300000| Untracked 
|  20|0x0000000081400000, 0x0000000081400000, 0x0000000081500000|  0%| F|  |TAMS 0x0000000081400000, 0x0000000081400000| Untracked 
|  21|0x0000000081500000, 0x0000000081500000, 0x0000000081600000|  0%| F|  |TAMS 0x0000000081500000, 0x0000000081500000| Untracked 
|  22|0x0000000081600000, 0x0000000081600000, 0x0000000081700000|  0%| F|  |TAMS 0x0000000081600000, 0x0000000081600000| Untracked 
|  23|0x0000000081700000, 0x0000000081700000, 0x0000000081800000|  0%| F|  |TAMS 0x0000000081700000, 0x0000000081700000| Untracked 
|  24|0x0000000081800000, 0x0000000081800000, 0x0000000081900000|  0%| F|  |TAMS 0x0000000081800000, 0x0000000081800000| Untracked 
|  25|0x0000000081900000, 0x0000000081900000, 0x0000000081a00000|  0%| F|  |TAMS 0x0000000081900000, 0x0000000081900000| Untracked 
|  26|0x0000000081a00000, 0x0000000081a00000, 0x0000000081b00000|  0%| F|  |TAMS 0x0000000081a00000, 0x0000000081a00000| Untracked 
|  27|0x0000000081b00000, 0x0000000081b00000, 0x0000000081c00000|  0%| F|  |TAMS 0x0000000081b00000, 0x0000000081b00000| Untracked 
|  28|0x0000000081c00000, 0x0000000081c00000, 0x0000000081d00000|  0%| F|  |TAMS 0x0000000081c00000, 0x0000000081c00000| Untracked 
|  29|0x0000000081d00000, 0x0000000081d00000, 0x0000000081e00000|  0%| F|  |TAMS 0x0000000081d00000, 0x0000000081d00000| Untracked 
|  30|0x0000000081e00000, 0x0000000081e00000, 0x0000000081f00000|  0%| F|  |TAMS 0x0000000081e00000, 0x0000000081e00000| Untracked 
|  31|0x0000000081f00000, 0x0000000081f00000, 0x0000000082000000|  0%| F|  |TAMS 0x0000000081f00000, 0x0000000081f00000| Untracked 
|  32|0x0000000082000000, 0x0000000082000000, 0x0000000082100000|  0%| F|  |TAMS 0x0000000082000000, 0x0000000082000000| Untracked 
|  33|0x0000000082100000, 0x0000000082100000, 0x0000000082200000|  0%| F|  |TAMS 0x0000000082100000, 0x0000000082100000| Untracked 
|  34|0x0000000082200000, 0x0000000082200000, 0x0000000082300000|  0%| F|  |TAMS 0x0000000082200000, 0x0000000082200000| Untracked 
|  35|0x0000000082300000, 0x0000000082300000, 0x0000000082400000|  0%| F|  |TAMS 0x0000000082300000, 0x0000000082300000| Untracked 
|  36|0x0000000082400000, 0x0000000082400000, 0x0000000082500000|  0%| F|  |TAMS 0x0000000082400000, 0x0000000082400000| Untracked 
|  37|0x0000000082500000, 0x0000000082500000, 0x0000000082600000|  0%| F|  |TAMS 0x0000000082500000, 0x0000000082500000| Untracked 
|  38|0x0000000082600000, 0x0000000082600000, 0x0000000082700000|  0%| F|  |TAMS 0x0000000082600000, 0x0000000082600000| Untracked 
|  39|0x0000000082700000, 0x0000000082700000, 0x0000000082800000|  0%| F|  |TAMS 0x0000000082700000, 0x0000000082700000| Untracked 
|  40|0x0000000082800000, 0x0000000082800000, 0x0000000082900000|  0%| F|  |TAMS 0x0000000082800000, 0x0000000082800000| Untracked 
|  41|0x0000000082900000, 0x0000000082900000, 0x0000000082a00000|  0%| F|  |TAMS 0x0000000082900000, 0x0000000082900000| Untracked 
|  42|0x0000000082a00000, 0x0000000082a00000, 0x0000000082b00000|  0%| F|  |TAMS 0x0000000082a00000, 0x0000000082a00000| Untracked 
|  43|0x0000000082b00000, 0x0000000082b00000, 0x0000000082c00000|  0%| F|  |TAMS 0x0000000082b00000, 0x0000000082b00000| Untracked 
|  44|0x0000000082c00000, 0x0000000082c00000, 0x0000000082d00000|  0%| F|  |TAMS 0x0000000082c00000, 0x0000000082c00000| Untracked 
|  45|0x0000000082d00000, 0x0000000082d00000, 0x0000000082e00000|  0%| F|  |TAMS 0x0000000082d00000, 0x0000000082d00000| Untracked 
|  46|0x0000000082e00000, 0x0000000082e00000, 0x0000000082f00000|  0%| F|  |TAMS 0x0000000082e00000, 0x0000000082e00000| Untracked 
|  47|0x0000000082f00000, 0x0000000082f00000, 0x0000000083000000|  0%| F|  |TAMS 0x0000000082f00000, 0x0000000082f00000| Untracked 
|  48|0x0000000083000000, 0x0000000083000000, 0x0000000083100000|  0%| F|  |TAMS 0x0000000083000000, 0x0000000083000000| Untracked 
|  49|0x0000000083100000, 0x0000000083100000, 0x0000000083200000|  0%| F|  |TAMS 0x0000000083100000, 0x0000000083100000| Untracked 
|  50|0x0000000083200000, 0x0000000083200000, 0x0000000083300000|  0%| F|  |TAMS 0x0000000083200000, 0x0000000083200000| Untracked 
|  51|0x0000000083300000, 0x0000000083300000, 0x0000000083400000|  0%| F|  |TAMS 0x0000000083300000, 0x0000000083300000| Untracked 
|  52|0x0000000083400000, 0x0000000083400000, 0x0000000083500000|  0%| F|  |TAMS 0x0000000083400000, 0x0000000083400000| Untracked 
|  53|0x0000000083500000, 0x0000000083500000, 0x0000000083600000|  0%| F|  |TAMS 0x0000000083500000, 0x0000000083500000| Untracked 
|  54|0x0000000083600000, 0x0000000083600000, 0x0000000083700000|  0%| F|  |TAMS 0x0000000083600000, 0x0000000083600000| Untracked 
|  55|0x0000000083700000, 0x0000000083700000, 0x0000000083800000|  0%| F|  |TAMS 0x0000000083700000, 0x0000000083700000| Untracked 
|  56|0x0000000083800000, 0x0000000083800000, 0x0000000083900000|  0%| F|  |TAMS 0x0000000083800000, 0x0000000083800000| Untracked 
|  57|0x0000000083900000, 0x0000000083900000, 0x0000000083a00000|  0%| F|  |TAMS 0x0000000083900000, 0x0000000083900000| Untracked 
|  58|0x0000000083a00000, 0x0000000083a00000, 0x0000000083b00000|  0%| F|  |TAMS 0x0000000083a00000, 0x0000000083a00000| Untracked 
|  59|0x0000000083b00000, 0x0000000083b00000, 0x0000000083c00000|  0%| F|  |TAMS 0x0000000083b00000, 0x0000000083b00000| Untracked 
|  60|0x0000000083c00000, 0x0000000083c00000, 0x0000000083d00000|  0%| F|  |TAMS 0x0000000083c00000, 0x0000000083c00000| Untracked 
|  61|0x0000000083d00000, 0x0000000083d00000, 0x0000000083e00000|  0%| F|  |TAMS 0x0000000083d00000, 0x0000000083d00000| Untracked 
|  62|0x0000000083e00000, 0x0000000083e00000, 0x0000000083f00000|  0%| F|  |TAMS 0x0000000083e00000, 0x0000000083e00000| Untracked 
|  63|0x0000000083f00000, 0x0000000083f00000, 0x0000000084000000|  0%| F|  |TAMS 0x0000000083f00000, 0x0000000083f00000| Untracked 
|  64|0x0000000084000000, 0x0000000084000000, 0x0000000084100000|  0%| F|  |TAMS 0x0000000084000000, 0x0000000084000000| Untracked 
|  65|0x0000000084100000, 0x0000000084100000, 0x0000000084200000|  0%| F|  |TAMS 0x0000000084100000, 0x0000000084100000| Untracked 
|  66|0x0000000084200000, 0x0000000084200000, 0x0000000084300000|  0%| F|  |TAMS 0x0000000084200000, 0x0000000084200000| Untracked 
|  67|0x0000000084300000, 0x0000000084300000, 0x0000000084400000|  0%| F|  |TAMS 0x0000000084300000, 0x0000000084300000| Untracked 
|  68|0x0000000084400000, 0x0000000084400000, 0x0000000084500000|  0%| F|  |TAMS 0x0000000084400000, 0x0000000084400000| Untracked 
|  69|0x0000000084500000, 0x0000000084500000, 0x0000000084600000|  0%| F|  |TAMS 0x0000000084500000, 0x0000000084500000| Untracked 
|  70|0x0000000084600000, 0x0000000084600000, 0x0000000084700000|  0%| F|  |TAMS 0x0000000084600000, 0x0000000084600000| Untracked 
|  71|0x0000000084700000, 0x0000000084700000, 0x0000000084800000|  0%| F|  |TAMS 0x0000000084700000, 0x0000000084700000| Untracked 
|  72|0x0000000084800000, 0x0000000084800000, 0x0000000084900000|  0%| F|  |TAMS 0x0000000084800000, 0x0000000084800000| Untracked 
|  73|0x0000000084900000, 0x0000000084900000, 0x0000000084a00000|  0%| F|  |TAMS 0x0000000084900000, 0x0000000084900000| Untracked 
|  74|0x0000000084a00000, 0x0000000084a00000, 0x0000000084b00000|  0%| F|  |TAMS 0x0000000084a00000, 0x0000000084a00000| Untracked 
|  75|0x0000000084b00000, 0x0000000084b00000, 0x0000000084c00000|  0%| F|  |TAMS 0x0000000084b00000, 0x0000000084b00000| Untracked 
|  76|0x0000000084c00000, 0x0000000084c00000, 0x0000000084d00000|  0%| F|  |TAMS 0x0000000084c00000, 0x0000000084c00000| Untracked 
|  77|0x0000000084d00000, 0x0000000084d00000, 0x0000000084e00000|  0%| F|  |TAMS 0x0000000084d00000, 0x0000000084d00000| Untracked 
|  78|0x0000000084e00000, 0x0000000084e00000, 0x0000000084f00000|  0%| F|  |TAMS 0x0000000084e00000, 0x0000000084e00000| Untracked 
|  79|0x0000000084f00000, 0x0000000084f00000, 0x0000000085000000|  0%| F|  |TAMS 0x0000000084f00000, 0x0000000084f00000| Untracked 
|  80|0x0000000085000000, 0x0000000085000000, 0x0000000085100000|  0%| F|  |TAMS 0x0000000085000000, 0x0000000085000000| Untracked 
|  81|0x0000000085100000, 0x0000000085100000, 0x0000000085200000|  0%| F|  |TAMS 0x0000000085100000, 0x0000000085100000| Untracked 
|  82|0x0000000085200000, 0x0000000085200000, 0x0000000085300000|  0%| F|  |TAMS 0x0000000085200000, 0x0000000085200000| Untracked 
|  83|0x0000000085300000, 0x0000000085300000, 0x0000000085400000|  0%| F|  |TAMS 0x0000000085300000, 0x0000000085300000| Untracked 
|  84|0x0000000085400000, 0x0000000085400000, 0x0000000085500000|  0%| F|  |TAMS 0x0000000085400000, 0x0000000085400000| Untracked 
|  85|0x0000000085500000, 0x0000000085500000, 0x0000000085600000|  0%| F|  |TAMS 0x0000000085500000, 0x0000000085500000| Untracked 
|  86|0x0000000085600000, 0x0000000085600000, 0x0000000085700000|  0%| F|  |TAMS 0x0000000085600000, 0x0000000085600000| Untracked 
|  87|0x0000000085700000, 0x0000000085700000, 0x0000000085800000|  0%| F|  |TAMS 0x0000000085700000, 0x0000000085700000| Untracked 
|  88|0x0000000085800000, 0x0000000085800000, 0x0000000085900000|  0%| F|  |TAMS 0x0000000085800000, 0x0000000085800000| Untracked 
|  89|0x0000000085900000, 0x0000000085900000, 0x0000000085a00000|  0%| F|  |TAMS 0x0000000085900000, 0x0000000085900000| Untracked 
|  90|0x0000000085a00000, 0x0000000085a00000, 0x0000000085b00000|  0%| F|  |TAMS 0x0000000085a00000, 0x0000000085a00000| Untracked 
|  91|0x0000000085b00000, 0x0000000085b00000, 0x0000000085c00000|  0%| F|  |TAMS 0x0000000085b00000, 0x0000000085b00000| Untracked 
|  92|0x0000000085c00000, 0x0000000085c00000, 0x0000000085d00000|  0%| F|  |TAMS 0x0000000085c00000, 0x0000000085c00000| Untracked 
|  93|0x0000000085d00000, 0x0000000085d00000, 0x0000000085e00000|  0%| F|  |TAMS 0x0000000085d00000, 0x0000000085d00000| Untracked 
|  94|0x0000000085e00000, 0x0000000085e00000, 0x0000000085f00000|  0%| F|  |TAMS 0x0000000085e00000, 0x0000000085e00000| Untracked 
|  95|0x0000000085f00000, 0x0000000085f00000, 0x0000000086000000|  0%| F|  |TAMS 0x0000000085f00000, 0x0000000085f00000| Untracked 
|  96|0x0000000086000000, 0x0000000086000000, 0x0000000086100000|  0%| F|  |TAMS 0x0000000086000000, 0x0000000086000000| Untracked 
|  97|0x0000000086100000, 0x0000000086100000, 0x0000000086200000|  0%| F|  |TAMS 0x0000000086100000, 0x0000000086100000| Untracked 
|  98|0x0000000086200000, 0x0000000086200000, 0x0000000086300000|  0%| F|  |TAMS 0x0000000086200000, 0x0000000086200000| Untracked 
|  99|0x0000000086300000, 0x0000000086300000, 0x0000000086400000|  0%| F|  |TAMS 0x0000000086300000, 0x0000000086300000| Untracked 
| 100|0x0000000086400000, 0x0000000086400000, 0x0000000086500000|  0%| F|  |TAMS 0x0000000086400000, 0x0000000086400000| Untracked 
| 101|0x0000000086500000, 0x0000000086500000, 0x0000000086600000|  0%| F|  |TAMS 0x0000000086500000, 0x0000000086500000| Untracked 
| 102|0x0000000086600000, 0x0000000086600000, 0x0000000086700000|  0%| F|  |TAMS 0x0000000086600000, 0x0000000086600000| Untracked 
| 103|0x0000000086700000, 0x0000000086700000, 0x0000000086800000|  0%| F|  |TAMS 0x0000000086700000, 0x0000000086700000| Untracked 
| 104|0x0000000086800000, 0x0000000086800000, 0x0000000086900000|  0%| F|  |TAMS 0x0000000086800000, 0x0000000086800000| Untracked 
| 105|0x0000000086900000, 0x0000000086900000, 0x0000000086a00000|  0%| F|  |TAMS 0x0000000086900000, 0x0000000086900000| Untracked 
| 106|0x0000000086a00000, 0x0000000086a00000, 0x0000000086b00000|  0%| F|  |TAMS 0x0000000086a00000, 0x0000000086a00000| Untracked 
| 107|0x0000000086b00000, 0x0000000086b80800, 0x0000000086c00000| 50%| E|  |TAMS 0x0000000086b00000, 0x0000000086b00000| Complete 
| 108|0x0000000086c00000, 0x0000000086d00000, 0x0000000086d00000|100%| E|CS|TAMS 0x0000000086c00000, 0x0000000086c00000| Complete 
| 109|0x0000000086d00000, 0x0000000086e00000, 0x0000000086e00000|100%| E|CS|TAMS 0x0000000086d00000, 0x0000000086d00000| Complete 
| 110|0x0000000086e00000, 0x0000000086f00000, 0x0000000086f00000|100%| E|CS|TAMS 0x0000000086e00000, 0x0000000086e00000| Complete 
| 111|0x0000000086f00000, 0x0000000087000000, 0x0000000087000000|100%| E|CS|TAMS 0x0000000086f00000, 0x0000000086f00000| Complete 
| 112|0x0000000087000000, 0x00000000870c5340, 0x0000000087100000| 77%| S|CS|TAMS 0x0000000087000000, 0x0000000087000000| Complete 
| 113|0x0000000087100000, 0x0000000087200000, 0x0000000087200000|100%| S|CS|TAMS 0x0000000087100000, 0x0000000087100000| Complete 
| 114|0x0000000087200000, 0x0000000087300000, 0x0000000087300000|100%| S|CS|TAMS 0x0000000087200000, 0x0000000087200000| Complete 
| 115|0x0000000087300000, 0x0000000087400000, 0x0000000087400000|100%| S|CS|TAMS 0x0000000087300000, 0x0000000087300000| Complete 
| 116|0x0000000087400000, 0x0000000087500000, 0x0000000087500000|100%| S|CS|TAMS 0x0000000087400000, 0x0000000087400000| Complete 
| 117|0x0000000087500000, 0x0000000087600000, 0x0000000087600000|100%| S|CS|TAMS 0x0000000087500000, 0x0000000087500000| Complete 
| 118|0x0000000087600000, 0x0000000087700000, 0x0000000087700000|100%| E|CS|TAMS 0x0000000087600000, 0x0000000087600000| Complete 
| 119|0x0000000087700000, 0x0000000087800000, 0x0000000087800000|100%| E|CS|TAMS 0x0000000087700000, 0x0000000087700000| Complete 
| 120|0x0000000087800000, 0x0000000087900000, 0x0000000087900000|100%| E|CS|TAMS 0x0000000087800000, 0x0000000087800000| Complete 
| 121|0x0000000087900000, 0x0000000087a00000, 0x0000000087a00000|100%| E|CS|TAMS 0x0000000087900000, 0x0000000087900000| Complete 
| 122|0x0000000087a00000, 0x0000000087b00000, 0x0000000087b00000|100%| E|  |TAMS 0x0000000087a00000, 0x0000000087a00000| Complete 
| 123|0x0000000087b00000, 0x0000000087c00000, 0x0000000087c00000|100%| E|CS|TAMS 0x0000000087b00000, 0x0000000087b00000| Complete 
| 124|0x0000000087c00000, 0x0000000087d00000, 0x0000000087d00000|100%| E|CS|TAMS 0x0000000087c00000, 0x0000000087c00000| Complete 
| 125|0x0000000087d00000, 0x0000000087e00000, 0x0000000087e00000|100%| E|CS|TAMS 0x0000000087d00000, 0x0000000087d00000| Complete 
| 126|0x0000000087e00000, 0x0000000087f00000, 0x0000000087f00000|100%| E|CS|TAMS 0x0000000087e00000, 0x0000000087e00000| Complete 
| 127|0x0000000087f00000, 0x0000000088000000, 0x0000000088000000|100%| E|CS|TAMS 0x0000000087f00000, 0x0000000087f00000| Complete 

Card table byte_map: [0x00000218b4e30000,0x00000218b5230000] _byte_map_base: 0x00000218b4a30000

Marking Bits (Prev, Next): (CMBitMap*) 0x00000218a1894b08, (CMBitMap*) 0x00000218a1894b40
 Prev Bits: [0x00000218b5630000, 0x00000218b7630000)
 Next Bits: [0x00000218b7630000, 0x00000218b9630000)

Polling page: 0x000002189fe80000

Metaspace:

Usage:
  Non-class:     32.08 MB capacity,    31.54 MB ( 98%) used,   468.13 KB (  1%) free+waste,    79.63 KB ( <1%) overhead. 
      Class:      4.96 MB capacity,     4.66 MB ( 94%) used,   275.92 KB (  5%) free+waste,    38.50 KB ( <1%) overhead. 
       Both:     37.04 MB capacity,    36.20 MB ( 98%) used,   744.05 KB (  2%) free+waste,   118.13 KB ( <1%) overhead. 

Virtual space:
  Non-class space:       34.00 MB reserved,      32.20 MB ( 95%) committed 
      Class space:        1.00 GB reserved,       5.00 MB ( <1%) committed 
             Both:        1.03 GB reserved,      37.20 MB (  4%) committed 

Chunk freelists:
   Non-Class:  0 bytes
       Class:  4.00 KB
        Both:  4.00 KB

MaxMetaspaceSize: 17179869184.00 GB
CompressedClassSpaceSize: 1.00 GB
Initial GC threshold: 20.80 MB
Current GC threshold: 58.88 MB
CDS: off

CodeHeap 'non-profiled nmethods': size=120064Kb used=1545Kb max_used=1545Kb free=118518Kb
 bounds [0x00000218aced0000, 0x00000218ad140000, 0x00000218b4410000]
CodeHeap 'profiled nmethods': size=120000Kb used=6586Kb max_used=6586Kb free=113413Kb
 bounds [0x00000218a59a0000, 0x00000218a6010000, 0x00000218aced0000]
CodeHeap 'non-nmethods': size=5696Kb used=1587Kb max_used=1611Kb free=4108Kb
 bounds [0x00000218a5410000, 0x00000218a5680000, 0x00000218a59a0000]
 total_blobs=3778 nmethods=3156 adapters=534
 compilation: enabled
              stopped_count=0, restarted_count=0
 full_count=0

Compilation events (20 events):
Event: 11.990 Thread 0x00000218bbc50000 2897       1       java.lang.reflect.Field::getDeclaringClass (5 bytes)
Event: 11.990 Thread 0x00000218bbc50000 nmethod 2897 0x00000218ad042010 code [0x00000218ad0421c0, 0x00000218ad042278]
Event: 11.990 Thread 0x00000218bbc50000 2898       3       java.lang.reflect.Field::copy (76 bytes)
Event: 11.990 Thread 0x00000218bbc50000 nmethod 2898 0x00000218a5f9df90 code [0x00000218a5f9e180, 0x00000218a5f9e578]
Event: 11.991 Thread 0x00000218bbc50000 2899       1       groovy.lang.MetaProperty::getName (5 bytes)
Event: 11.991 Thread 0x00000218bbc50000 nmethod 2899 0x00000218ad042310 code [0x00000218ad0424c0, 0x00000218ad042578]
Event: 11.991 Thread 0x00000218bbc50000 2900       3       java.beans.MethodRef::get (91 bytes)
Event: 11.992 Thread 0x00000218bbc50000 nmethod 2900 0x00000218a5f9e690 code [0x00000218a5f9e900, 0x00000218a5f9f4b8]
Event: 11.992 Thread 0x00000218bbc50000 2901       3       org.codehaus.groovy.reflection.CachedMethod::getReturnType (8 bytes)
Event: 11.992 Thread 0x00000218bbc50000 nmethod 2901 0x00000218a5f9f790 code [0x00000218a5f9f940, 0x00000218a5f9fa58]
Event: 11.992 Thread 0x00000218bbc50000 2902       3       org.codehaus.groovy.util.ComplexKeyHashMap::hash (31 bytes)
Event: 11.992 Thread 0x00000218bbc50000 nmethod 2902 0x00000218a5f9fb10 code [0x00000218a5f9fcc0, 0x00000218a5f9fdb8]
Event: 11.993 Thread 0x00000218bbc50000 2903       3       org.codehaus.groovy.util.SingleKeyHashMap::getOrPut (137 bytes)
Event: 11.993 Thread 0x00000218bbc50000 nmethod 2903 0x00000218a5f9fe90 code [0x00000218a5fa00e0, 0x00000218a5fa0c28]
Event: 11.996 Thread 0x00000218bbc50000 2904       1       java.util.logging.Logger::getName (5 bytes)
Event: 11.996 Thread 0x00000218bbc50000 nmethod 2904 0x00000218ad042610 code [0x00000218ad0427c0, 0x00000218ad042878]
Event: 12.010 Thread 0x00000218bbc50000 2905       3       java.util.stream.ReduceOps$3ReducingSink::accept (15 bytes)
Event: 12.010 Thread 0x00000218bbc50000 nmethod 2905 0x00000218a5fa0f90 code [0x00000218a5fa1140, 0x00000218a5fa1308]
Event: 12.010 Thread 0x00000218bbc50000 2906       3       java.util.Collections$SingletonSet::contains (9 bytes)
Event: 12.010 Thread 0x00000218bbc50000 nmethod 2906 0x00000218a5fa1410 code [0x00000218a5fa15e0, 0x00000218a5fa18c8]

GC Heap History (16 events):
Event: 0.912 GC heap before
{Heap before GC invocations=0 (full 0):
 garbage-first heap   total 131072K, used 20480K [0x0000000080000000, 0x0000000100000000)
  region size 1024K, 14 young (14336K), 0 survivors (0K)
 Metaspace       used 6739K, capacity 6925K, committed 7168K, reserved 1056768K
  class space    used 582K, capacity 650K, committed 768K, reserved 1048576K
}
Event: 0.917 GC heap after
{Heap after GC invocations=1 (full 0):
 garbage-first heap   total 131072K, used 7962K [0x0000000080000000, 0x0000000100000000)
  region size 1024K, 2 young (2048K), 2 survivors (2048K)
 Metaspace       used 6739K, capacity 6925K, committed 7168K, reserved 1056768K
  class space    used 582K, capacity 650K, committed 768K, reserved 1048576K
}
Event: 1.338 GC heap before
{Heap before GC invocations=1 (full 0):
 garbage-first heap   total 131072K, used 20250K [0x0000000080000000, 0x0000000100000000)
  region size 1024K, 14 young (14336K), 2 survivors (2048K)
 Metaspace       used 9897K, capacity 10118K, committed 10368K, reserved 1058816K
  class space    used 1027K, capacity 1102K, committed 1152K, reserved 1048576K
}
Event: 1.341 GC heap after
{Heap after GC invocations=2 (full 0):
 garbage-first heap   total 131072K, used 9185K [0x0000000080000000, 0x0000000100000000)
  region size 1024K, 2 young (2048K), 2 survivors (2048K)
 Metaspace       used 9897K, capacity 10118K, committed 10368K, reserved 1058816K
  class space    used 1027K, capacity 1102K, committed 1152K, reserved 1048576K
}
Event: 2.499 GC heap before
{Heap before GC invocations=2 (full 0):
 garbage-first heap   total 131072K, used 48097K [0x0000000080000000, 0x0000000100000000)
  region size 1024K, 40 young (40960K), 2 survivors (2048K)
 Metaspace       used 10951K, capacity 11201K, committed 11520K, reserved 1058816K
  class space    used 1137K, capacity 1207K, committed 1280K, reserved 1048576K
}
Event: 2.505 GC heap after
{Heap after GC invocations=3 (full 0):
 garbage-first heap   total 131072K, used 13753K [0x0000000080000000, 0x0000000100000000)
  region size 1024K, 5 young (5120K), 5 survivors (5120K)
 Metaspace       used 10951K, capacity 11201K, committed 11520K, reserved 1058816K
  class space    used 1137K, capacity 1207K, committed 1280K, reserved 1048576K
}
Event: 9.895 GC heap before
{Heap before GC invocations=3 (full 0):
 garbage-first heap   total 131072K, used 65977K [0x0000000080000000, 0x0000000100000000)
  region size 1024K, 56 young (57344K), 5 survivors (5120K)
 Metaspace       used 19560K, capacity 19943K, committed 20224K, reserved 1067008K
  class space    used 2388K, capacity 2504K, committed 2560K, reserved 1048576K
}
Event: 9.905 GC heap after
{Heap after GC invocations=4 (full 0):
 garbage-first heap   total 131072K, used 16402K [0x0000000080000000, 0x0000000100000000)
  region size 1024K, 3 young (3072K), 3 survivors (3072K)
 Metaspace       used 19560K, capacity 19943K, committed 20224K, reserved 1067008K
  class space    used 2388K, capacity 2504K, committed 2560K, reserved 1048576K
}
Event: 10.110 GC heap before
{Heap before GC invocations=4 (full 0):
 garbage-first heap   total 131072K, used 26642K [0x0000000080000000, 0x0000000100000000)
  region size 1024K, 14 young (14336K), 3 survivors (3072K)
 Metaspace       used 20716K, capacity 21135K, committed 21248K, reserved 1067008K
  class space    used 2540K, capacity 2710K, committed 2816K, reserved 1048576K
}
Event: 10.115 GC heap after
{Heap after GC invocations=5 (full 0):
 garbage-first heap   total 131072K, used 16997K [0x0000000080000000, 0x0000000100000000)
  region size 1024K, 4 young (4096K), 4 survivors (4096K)
 Metaspace       used 20716K, capacity 21135K, committed 21248K, reserved 1067008K
  class space    used 2540K, capacity 2710K, committed 2816K, reserved 1048576K
}
Event: 10.777 GC heap before
{Heap before GC invocations=6 (full 0):
 garbage-first heap   total 131072K, used 66149K [0x0000000080000000, 0x0000000100000000)
  region size 1024K, 53 young (54272K), 4 survivors (4096K)
 Metaspace       used 25895K, capacity 26387K, committed 26624K, reserved 1073152K
  class space    used 3347K, capacity 3551K, committed 3584K, reserved 1048576K
}
Event: 10.784 GC heap after
{Heap after GC invocations=7 (full 0):
 garbage-first heap   total 131072K, used 18845K [0x0000000080000000, 0x0000000100000000)
  region size 1024K, 6 young (6144K), 6 survivors (6144K)
 Metaspace       used 25895K, capacity 26387K, committed 26624K, reserved 1073152K
  class space    used 3347K, capacity 3551K, committed 3584K, reserved 1048576K
}
Event: 11.542 GC heap before
{Heap before GC invocations=7 (full 0):
 garbage-first heap   total 131072K, used 72093K [0x0000000080000000, 0x0000000100000000)
  region size 1024K, 58 young (59392K), 6 survivors (6144K)
 Metaspace       used 31272K, capacity 31975K, committed 32128K, reserved 1077248K
  class space    used 4172K, capacity 4441K, committed 4480K, reserved 1048576K
}
Event: 11.551 GC heap after
{Heap after GC invocations=8 (full 0):
 garbage-first heap   total 131072K, used 20191K [0x0000000080000000, 0x0000000100000000)
  region size 1024K, 4 young (4096K), 4 survivors (4096K)
 Metaspace       used 31272K, capacity 31975K, committed 32128K, reserved 1077248K
  class space    used 4172K, capacity 4441K, committed 4480K, reserved 1048576K
}
Event: 11.880 GC heap before
{Heap before GC invocations=8 (full 0):
 garbage-first heap   total 131072K, used 29407K [0x0000000080000000, 0x0000000100000000)
  region size 1024K, 14 young (14336K), 4 survivors (4096K)
 Metaspace       used 34958K, capacity 35787K, committed 35840K, reserved 1081344K
  class space    used 4531K, capacity 4839K, committed 4864K, reserved 1048576K
}
Event: 11.895 GC heap after
{Heap after GC invocations=9 (full 0):
 garbage-first heap   total 131072K, used 22106K [0x0000000080000000, 0x0000000100000000)
  region size 1024K, 6 young (6144K), 6 survivors (6144K)
 Metaspace       used 34958K, capacity 35787K, committed 35840K, reserved 1081344K
  class space    used 4531K, capacity 4839K, committed 4864K, reserved 1048576K
}

Deoptimization events (20 events):
Event: 11.456 Thread 0x00000218bd502000 DEOPT PACKING pc=0x00000218ad00e964 sp=0x000000f3840f9190
Event: 11.456 Thread 0x00000218bd502000 DEOPT UNPACKING pc=0x00000218a545a1af sp=0x000000f3840f9140 mode 2
Event: 11.493 Thread 0x00000218bd502000 Uncommon trap: trap_request=0xffffff4d fr.pc=0x00000218acfd4d50 relative=0x00000000000001f0
Event: 11.493 Thread 0x00000218bd502000 Uncommon trap: reason=unstable_if action=reinterpret pc=0x00000218acfd4d50 method=java.util.HashMap.putVal(ILjava/lang/Object;Ljava/lang/Object;ZZ)Ljava/lang/Object; @ 162 c2
Event: 11.493 Thread 0x00000218bd502000 DEOPT PACKING pc=0x00000218acfd4d50 sp=0x000000f3840fa240
Event: 11.493 Thread 0x00000218bd502000 DEOPT UNPACKING pc=0x00000218a545a1af sp=0x000000f3840fa1c0 mode 2
Event: 11.814 Thread 0x00000218bd502000 Uncommon trap: trap_request=0xffffff4d fr.pc=0x00000218acfcc3e8 relative=0x0000000000005288
Event: 11.814 Thread 0x00000218bd502000 Uncommon trap: reason=unstable_if action=reinterpret pc=0x00000218acfcc3e8 method=jdk.internal.loader.BuiltinClassLoader.loadClassOrNull(Ljava/lang/String;Z)Ljava/lang/Class; @ 42 c2
Event: 11.814 Thread 0x00000218bd502000 DEOPT PACKING pc=0x00000218acfcc3e8 sp=0x000000f3840f4e50
Event: 11.814 Thread 0x00000218bd502000 DEOPT UNPACKING pc=0x00000218a545a1af sp=0x000000f3840f4ce0 mode 2
Event: 11.955 Thread 0x00000218bd502000 Uncommon trap: trap_request=0xffffff4d fr.pc=0x00000218ad01b5b0 relative=0x0000000000000290
Event: 11.955 Thread 0x00000218bd502000 Uncommon trap: reason=unstable_if action=reinterpret pc=0x00000218ad01b5b0 method=jdk.internal.org.objectweb.asm.Type.getArgumentsAndReturnSizes(Ljava/lang/String;)I @ 136 c2
Event: 11.955 Thread 0x00000218bd502000 DEOPT PACKING pc=0x00000218ad01b5b0 sp=0x000000f3840f5da0
Event: 11.955 Thread 0x00000218bd502000 DEOPT UNPACKING pc=0x00000218a545a1af sp=0x000000f3840f5d38 mode 2
Event: 11.968 Thread 0x00000218bd502000 DEOPT PACKING pc=0x00000218a5f8cdf9 sp=0x000000f3840f5cf0
Event: 11.968 Thread 0x00000218bd502000 DEOPT UNPACKING pc=0x00000218a545a95e sp=0x000000f3840f5238 mode 0
Event: 11.971 Thread 0x00000218bd502000 Uncommon trap: trap_request=0xffffff5c fr.pc=0x00000218acf80de0 relative=0x0000000000000d40
Event: 11.971 Thread 0x00000218bd502000 Uncommon trap: reason=speculate_null_assert action=make_not_entrant pc=0x00000218acf80de0 method=jdk.internal.loader.URLClassPath$JarLoader.getResource(Ljava/lang/String;ZLjava/util/Set;)Ljdk/internal/loader/Resource; @ 17 c2
Event: 11.971 Thread 0x00000218bd502000 DEOPT PACKING pc=0x00000218acf80de0 sp=0x000000f3840f4c10
Event: 11.971 Thread 0x00000218bd502000 DEOPT UNPACKING pc=0x00000218a545a1af sp=0x000000f3840f4ba8 mode 2

Classes redefined (0 events):
No events

Internal exceptions (20 events):
Event: 11.090 Thread 0x00000218bd502000 Exception <a 'java/lang/NoSuchMethodError'{0x0000000086edc868}: 'java.lang.Object java.lang.invoke.DirectMethodHandle$Holder.invokeStaticInit(java.lang.Object, java.lang.Object, java.lang.Object, java.lang.Object)'> (0x0000000086edc868) thrown at [./src/hotspot/share/interpreter/linkResolver.cpp, line 773]
Event: 11.187 Thread 0x00000218bd502000 Implicit null exception at 0x00000218acfb1c75 to 0x00000218acfb1e3c
Event: 11.187 Thread 0x00000218bd502000 Implicit null exception at 0x00000218acf7992f to 0x00000218acf7999d
Event: 11.341 Thread 0x00000218bd502000 Exception <a 'java/lang/NoSuchMethodError'{0x0000000085c62e00}: 'java.lang.Object java.lang.invoke.Invokers$Holder.linkToTargetMethod(java.lang.Object, java.lang.Object, java.lang.Object, java.lang.Object, java.lang.Object, java.lang.Object, java.lang.Object, java.lang.Object)'> (0x0000000085c62e00) thrown at [./src/hotspot/share/interpreter/linkResolver.cpp, line 773]
Event: 11.345 Thread 0x00000218bd502000 Exception <a 'java/lang/NoSuchMethodError'{0x0000000085cb1268}: 'java.lang.Object java.lang.invoke.Invokers$Holder.linkToTargetMethod(java.lang.Object, java.lang.Object, java.lang.Object, java.lang.Object, java.lang.Object, java.lang.Object, java.lang.Object)'> (0x0000000085cb1268) thrown at [./src/hotspot/share/interpreter/linkResolver.cpp, line 773]
Event: 11.350 Thread 0x00000218bd502000 Exception <a 'java/lang/IncompatibleClassChangeError'{0x0000000085cf1658}: Found class java.lang.Object, but interface was expected> (0x0000000085cf1658) thrown at [./src/hotspot/share/interpreter/linkResolver.cpp, line 839]
Event: 11.639 Thread 0x00000218bd502000 Exception <a 'java/lang/NoSuchMethodError'{0x0000000087caf230}: 'void java.lang.invoke.DirectMethodHandle$Holder.invokeStaticInit(java.lang.Object, java.lang.Object, java.lang.Object)'> (0x0000000087caf230) thrown at [./src/hotspot/share/interpreter/linkResolver.cpp, line 773]
Event: 11.640 Thread 0x00000218bd502000 Exception <a 'java/lang/NoSuchMethodError'{0x0000000087cb6488}: 'void java.lang.invoke.DirectMethodHandle$Holder.invokeStaticInit(java.lang.Object, java.lang.Object, java.lang.Object, java.lang.Object)'> (0x0000000087cb6488) thrown at [./src/hotspot/share/interpreter/linkResolver.cpp, line 773]
Event: 11.644 Thread 0x00000218bd502000 Exception <a 'java/lang/NoSuchMethodError'{0x0000000087cd8ae0}: 'void java.lang.invoke.DirectMethodHandle$Holder.invokeStaticInit(java.lang.Object, java.lang.Object, java.lang.Object, java.lang.Object, java.lang.Object)'> (0x0000000087cd8ae0) thrown at [./src/hotspot/share/interpreter/linkResolver.cpp, line 773]
Event: 11.690 Thread 0x00000218bd502000 Exception <a 'java/lang/NoSuchMethodError'{0x0000000087b376d8}: 'int java.lang.invoke.DirectMethodHandle$Holder.invokeStaticInit(java.lang.Object, java.lang.Object, java.lang.Object, java.lang.Object)'> (0x0000000087b376d8) thrown at [./src/hotspot/share/interpreter/linkResolver.cpp, line 773]
Event: 11.956 Thread 0x00000218bd502000 Exception <a 'java/lang/NoSuchMethodError'{0x0000000087efd230}: 'java.lang.Object java.lang.invoke.DirectMethodHandle$Holder.invokeStatic(java.lang.Object, java.lang.Object, java.lang.Object, java.lang.Object, java.lang.Object, java.lang.Object, java.lang.Object, java.lang.Object, java.lang.Object, java.lang.Object, java.lang.Object, int)'> (0x0000000087efd230) thrown at [./src/hotspot/share/interpreter/linkResolver.cpp, line 773]
Event: 11.958 Thread 0x00000218bd502000 Exception <a 'java/lang/NoSuchMethodError'{0x0000000087d1c628}: 'java.lang.Object java.lang.invoke.DirectMethodHandle$Holder.invokeStatic(java.lang.Object, java.lang.Object, java.lang.Object, java.lang.Object, java.lang.Object, java.lang.Object, java.lang.Object, java.lang.Object, java.lang.Object, java.lang.Object, java.lang.Object, int, int)'> (0x0000000087d1c628) thrown at [./src/hotspot/share/interpreter/linkResolver.cpp, line 773]
Event: 11.960 Thread 0x00000218bd502000 Exception <a 'java/lang/NoSuchMethodError'{0x0000000087d3be58}: 'java.lang.Object java.lang.invoke.DirectMethodHandle$Holder.invokeStatic(java.lang.Object, java.lang.Object, java.lang.Object, java.lang.Object, java.lang.Object, java.lang.Object, java.lang.Object, java.lang.Object, java.lang.Object, java.lang.Object, java.lang.Object, int, int, java.lang.Object)'> (0x0000000087d3be58) thrown at [./src/hotspot/share/interpreter/linkResolver.cpp, line 773]
Event: 11.970 Thread 0x00000218bd502000 Exception <a 'java/lang/NoSuchMethodError'{0x0000000087d5cf50}: 'java.lang.Object java.lang.invoke.DirectMethodHandle$Holder.invokeStatic(java.lang.Object, java.lang.Object, java.lang.Object, java.lang.Object, java.lang.Object, java.lang.Object, java.lang.Object, java.lang.Object, java.lang.Object, java.lang.Object, java.lang.Object, int, int, java.lang.Object, java.lang.Object)'> (0x0000000087d5cf50) thrown at [./src/hotspot/share/interpreter/linkResolver.cpp, line 773]
Event: 11.973 Thread 0x00000218bd502000 Exception <a 'java/lang/ClassNotFoundException'{0x0000000087d8ce10}: groovy/lang/ExpandoMetaClassBeanInfo> (0x0000000087d8ce10) thrown at [./src/hotspot/share/classfile/systemDictionary.cpp, line 231]
Event: 11.974 Thread 0x00000218bd502000 Exception <a 'java/lang/ClassNotFoundException'{0x0000000087dacef0}: groovy/lang/MetaClassImplBeanInfo> (0x0000000087dacef0) thrown at [./src/hotspot/share/classfile/systemDictionary.cpp, line 231]
Event: 11.974 Thread 0x00000218bd502000 Exception <a 'java/lang/ClassNotFoundException'{0x0000000087db61a8}: java/lang/ObjectBeanInfo> (0x0000000087db61a8) thrown at [./src/hotspot/share/classfile/systemDictionary.cpp, line 231]
Event: 11.975 Thread 0x00000218bd502000 Exception <a 'java/lang/ClassNotFoundException'{0x0000000087dc18a0}: java/lang/ObjectCustomizer> (0x0000000087dc18a0) thrown at [./src/hotspot/share/classfile/systemDictionary.cpp, line 231]
Event: 11.982 Thread 0x00000218bd502000 Exception <a 'java/lang/ClassNotFoundException'{0x0000000087de89f8}: groovy/lang/MetaClassImplCustomizer> (0x0000000087de89f8) thrown at [./src/hotspot/share/classfile/systemDictionary.cpp, line 231]
Event: 11.985 Thread 0x00000218bd502000 Exception <a 'java/lang/ClassNotFoundException'{0x0000000087c27918}: groovy/lang/ExpandoMetaClassCustomizer> (0x0000000087c27918) thrown at [./src/hotspot/share/classfile/systemDictionary.cpp, line 231]

Events (20 events):
Event: 12.046 loading class org/codehaus/groovy/ast/expr/ElvisOperatorExpression
Event: 12.046 loading class org/codehaus/groovy/ast/expr/ElvisOperatorExpression done
Event: 12.046 loading class org/codehaus/groovy/ast/expr/BinaryExpression
Event: 12.046 loading class org/codehaus/groovy/ast/expr/BinaryExpression done
Event: 12.047 loading class org/codehaus/groovy/ast/expr/DeclarationExpression
Event: 12.047 loading class org/codehaus/groovy/ast/expr/DeclarationExpression done
Event: 12.048 loading class org/codehaus/groovy/ast/expr/ClosureExpression
Event: 12.048 loading class org/codehaus/groovy/ast/expr/ClosureExpression done
Event: 12.048 loading class org/codehaus/groovy/ast/expr/LambdaExpression
Event: 12.048 loading class org/codehaus/groovy/ast/expr/LambdaExpression done
Event: 12.048 loading class org/codehaus/groovy/ast/expr/MethodPointerExpression
Event: 12.048 loading class org/codehaus/groovy/ast/expr/MethodPointerExpression done
Event: 12.051 loading class org/codehaus/groovy/ast/expr/MethodReferenceExpression
Event: 12.051 loading class org/codehaus/groovy/ast/expr/MethodReferenceExpression done
Event: 12.052 loading class org/codehaus/groovy/ast/expr/TupleExpression
Event: 12.052 loading class org/codehaus/groovy/ast/expr/TupleExpression done
Event: 12.053 loading class org/codehaus/groovy/ast/expr/ArgumentListExpression
Event: 12.053 loading class org/codehaus/groovy/ast/expr/ArgumentListExpression done
Event: 12.054 loading class org/codehaus/groovy/ast/PropertyNode
Event: 12.054 loading class org/codehaus/groovy/ast/PropertyNode done


Dynamic libraries:
0x00007ff68fce0000 - 0x00007ff68fcea000 	C:\Program Files\Android\Android Studio\jre\bin\java.exe
0x00007ffdc2750000 - 0x00007ffdc2944000 	C:\WINDOWS\SYSTEM32\ntdll.dll
0x00007ffdc1840000 - 0x00007ffdc18fd000 	C:\WINDOWS\System32\KERNEL32.DLL
0x00007ffdc0370000 - 0x00007ffdc0637000 	C:\WINDOWS\System32\KERNELBASE.dll
0x00007ffdc0690000 - 0x00007ffdc0790000 	C:\WINDOWS\System32\ucrtbase.dll
0x00007ffda3410000 - 0x00007ffda3429000 	C:\Program Files\Android\Android Studio\jre\bin\jli.dll
0x00007ffda3430000 - 0x00007ffda3447000 	C:\Program Files\Android\Android Studio\jre\bin\VCRUNTIME140.dll
0x00007ffdc2540000 - 0x00007ffdc26e0000 	C:\WINDOWS\System32\USER32.dll
0x00007ffdaee00000 - 0x00007ffdaf09a000 	C:\WINDOWS\WinSxS\amd64_microsoft.windows.common-controls_6595b64144ccf1df_6.0.19041.1_none_b555e41d4684ddec\COMCTL32.dll
0x00007ffdbfea0000 - 0x00007ffdbfec2000 	C:\WINDOWS\System32\win32u.dll
0x00007ffdc1710000 - 0x00007ffdc17ae000 	C:\WINDOWS\System32\msvcrt.dll
0x00007ffdc26e0000 - 0x00007ffdc270a000 	C:\WINDOWS\System32\GDI32.dll
0x00007ffdbfed0000 - 0x00007ffdbffd9000 	C:\WINDOWS\System32\gdi32full.dll
0x00007ffdc01f0000 - 0x00007ffdc028d000 	C:\WINDOWS\System32\msvcp_win.dll
0x00007ffdc0a00000 - 0x00007ffdc0a30000 	C:\WINDOWS\System32\IMM32.DLL
0x00000218a1810000 - 0x00000218a1824000 	C:\WINDOWS\System32\umppc15316.dll
0x00007ffd67950000 - 0x00007ffd679ed000 	C:\Program Files\Android\Android Studio\jre\bin\msvcp140.dll
0x00007ffd90550000 - 0x00007ffd91035000 	C:\Program Files\Android\Android Studio\jre\bin\server\jvm.dll
0x00007ffdc07c0000 - 0x00007ffdc086a000 	C:\WINDOWS\System32\ADVAPI32.dll
0x00007ffdc1ce0000 - 0x00007ffdc1d7b000 	C:\WINDOWS\System32\sechost.dll
0x00007ffdc0870000 - 0x00007ffdc0993000 	C:\WINDOWS\System32\RPCRT4.dll
0x00007ffdc0cb0000 - 0x00007ffdc0cb8000 	C:\WINDOWS\System32\PSAPI.DLL
0x00007ffdace40000 - 0x00007ffdace49000 	C:\WINDOWS\SYSTEM32\WSOCK32.dll
0x00007ffdc0b20000 - 0x00007ffdc0b8b000 	C:\WINDOWS\System32\WS2_32.dll
0x00007ffdb1260000 - 0x00007ffdb1287000 	C:\WINDOWS\SYSTEM32\WINMM.dll
0x00007ffdbd620000 - 0x00007ffdbd62a000 	C:\WINDOWS\SYSTEM32\VERSION.dll
0x00007ffdbe670000 - 0x00007ffdbe683000 	C:\WINDOWS\SYSTEM32\kernel.appcore.dll
0x00007ffdb9490000 - 0x00007ffdb94a1000 	C:\Program Files\Android\Android Studio\jre\bin\verify.dll
0x00007ffdac5d0000 - 0x00007ffdac7b4000 	C:\WINDOWS\SYSTEM32\DBGHELP.DLL
0x00007ffdabdc0000 - 0x00007ffdabdec000 	C:\WINDOWS\SYSTEM32\dbgcore.DLL
0x00007ffdc0290000 - 0x00007ffdc030f000 	C:\WINDOWS\System32\bcryptPrimitives.dll
0x00007ffdb9460000 - 0x00007ffdb9489000 	C:\Program Files\Android\Android Studio\jre\bin\java.dll
0x00007ffdb9450000 - 0x00007ffdb945b000 	C:\Program Files\Android\Android Studio\jre\bin\jimage.dll
0x00007ffdb9430000 - 0x00007ffdb9448000 	C:\Program Files\Android\Android Studio\jre\bin\zip.dll
0x00007ffdc1e00000 - 0x00007ffdc2531000 	C:\WINDOWS\System32\SHELL32.dll
0x00007ffdbded0000 - 0x00007ffdbe65a000 	C:\WINDOWS\SYSTEM32\windows.storage.dll
0x00007ffdc0e00000 - 0x00007ffdc1154000 	C:\WINDOWS\System32\combase.dll
0x00007ffdbf920000 - 0x00007ffdbf94b000 	C:\WINDOWS\SYSTEM32\Wldp.dll
0x00007ffdc0c00000 - 0x00007ffdc0cae000 	C:\WINDOWS\System32\SHCORE.dll
0x00007ffdc09a0000 - 0x00007ffdc09f5000 	C:\WINDOWS\System32\shlwapi.dll
0x00007ffdbfde0000 - 0x00007ffdbfdff000 	C:\WINDOWS\SYSTEM32\profapi.dll
0x00007ffdb9410000 - 0x00007ffdb942a000 	C:\Program Files\Android\Android Studio\jre\bin\net.dll
0x00007ffdbef60000 - 0x00007ffdbf060000 	C:\WINDOWS\SYSTEM32\WINHTTP.dll
0x00007ffdbf6a0000 - 0x00007ffdbf70a000 	C:\WINDOWS\system32\mswsock.dll
0x00007ffdb93f0000 - 0x00007ffdb9404000 	C:\Program Files\Android\Android Studio\jre\bin\nio.dll
0x00007ffd84600000 - 0x00007ffd84627000 	C:\Users\apantele\.gradle\native\e1d6ef7f7dcc3fd88c89a11ec53ec762bb8ba0a96d01ffa2cd45eb1d1d8dd5c5\windows-amd64\native-platform.dll
0x00007ffd70ea0000 - 0x00007ffd70fe4000 	C:\Users\apantele\.gradle\native\5664cfc778a61ccfe75a443a1ab52a65af34e5dc3c78e0209fed803814484fcb\windows-amd64\native-platform-file-events.dll
0x00007ffdb8d90000 - 0x00007ffdb8d9a000 	C:\Program Files\Android\Android Studio\jre\bin\management.dll
0x00007ffdb8d80000 - 0x00007ffdb8d8d000 	C:\Program Files\Android\Android Studio\jre\bin\management_ext.dll
0x00007ffdbf880000 - 0x00007ffdbf898000 	C:\WINDOWS\SYSTEM32\CRYPTSP.dll
0x00007ffdbeec0000 - 0x00007ffdbeef4000 	C:\WINDOWS\system32\rsaenh.dll
0x00007ffdc0790000 - 0x00007ffdc07b7000 	C:\WINDOWS\System32\bcrypt.dll
0x00007ffdbfda0000 - 0x00007ffdbfdce000 	C:\WINDOWS\SYSTEM32\USERENV.dll
0x00007ffdbf870000 - 0x00007ffdbf87c000 	C:\WINDOWS\SYSTEM32\CRYPTBASE.dll
0x00007ffdbf340000 - 0x00007ffdbf37b000 	C:\WINDOWS\SYSTEM32\IPHLPAPI.DLL
0x00007ffdc0b90000 - 0x00007ffdc0b99000 	C:\WINDOWS\System32\NSI.dll
0x00007ffdbae80000 - 0x00007ffdbae97000 	C:\WINDOWS\SYSTEM32\dhcpcsvc6.DLL
0x00007ffdbae60000 - 0x00007ffdbae7d000 	C:\WINDOWS\SYSTEM32\dhcpcsvc.DLL
0x00007ffdbf390000 - 0x00007ffdbf45a000 	C:\WINDOWS\SYSTEM32\DNSAPI.dll

dbghelp: loaded successfully - version: 4.0.5 - missing functions: none
symbol engine: initialized successfully - sym options: 0x614 - pdb path: .;C:\Program Files\Android\Android Studio\jre\bin;C:\WINDOWS\SYSTEM32;C:\WINDOWS\WinSxS\amd64_microsoft.windows.common-controls_6595b64144ccf1df_6.0.19041.1_none_b555e41d4684ddec;C:\Program Files\Android\Android Studio\jre\bin\server;C:\Users\apantele\.gradle\native\e1d6ef7f7dcc3fd88c89a11ec53ec762bb8ba0a96d01ffa2cd45eb1d1d8dd5c5\windows-amd64;C:\Users\apantele\.gradle\native\5664cfc778a61ccfe75a443a1ab52a65af34e5dc3c78e0209fed803814484fcb\windows-amd64

VM Arguments:
jvm_args: --add-opens=java.base/java.util=ALL-UNNAMED --add-opens=java.base/java.lang=ALL-UNNAMED --add-opens=java.base/java.lang.invoke=ALL-UNNAMED --add-opens=java.base/java.util=ALL-UNNAMED --add-opens=java.prefs/java.util.prefs=ALL-UNNAMED --add-opens=java.prefs/java.util.prefs=ALL-UNNAMED --add-opens=java.base/java.nio.charset=ALL-UNNAMED --add-opens=java.base/java.net=ALL-UNNAMED --add-opens=java.base/java.util.concurrent.atomic=ALL-UNNAMED -Xmx2048m -Dfile.encoding=UTF-8 -Duser.country=US -Duser.language=en -Duser.variant 
java_command: org.gradle.launcher.daemon.bootstrap.GradleDaemon 7.3.3
java_class_path (initial): C:\Users\apantele\.gradle\wrapper\dists\gradle-7.3.3-bin\6a41zxkdtcxs8rphpq6y0069z\gradle-7.3.3\lib\gradle-launcher-7.3.3.jar
Launcher Type: SUN_STANDARD

[Global flags]
     intx CICompilerCount                          = 3                                         {product} {ergonomic}
     uint ConcGCThreads                            = 1                                         {product} {ergonomic}
     uint G1ConcRefinementThreads                  = 4                                         {product} {ergonomic}
   size_t G1HeapRegionSize                         = 1048576                                   {product} {ergonomic}
    uintx GCDrainStackTargetSize                   = 64                                        {product} {ergonomic}
   size_t InitialHeapSize                          = 134217728                                 {product} {ergonomic}
   size_t MarkStackSize                            = 4194304                                   {product} {ergonomic}
   size_t MaxHeapSize                              = 2147483648                                {product} {command line}
   size_t MaxNewSize                               = 1287651328                                {product} {ergonomic}
   size_t MinHeapDeltaBytes                        = 1048576                                   {product} {ergonomic}
    uintx NonNMethodCodeHeapSize                   = 5830732                                {pd product} {ergonomic}
    uintx NonProfiledCodeHeapSize                  = 122913754                              {pd product} {ergonomic}
    uintx ProfiledCodeHeapSize                     = 122913754                              {pd product} {ergonomic}
    uintx ReservedCodeCacheSize                    = 251658240                              {pd product} {ergonomic}
     bool SegmentedCodeCache                       = true                                      {product} {ergonomic}
     bool UseCompressedClassPointers               = true                                 {lp64_product} {ergonomic}
     bool UseCompressedOops                        = true                                 {lp64_product} {ergonomic}
     bool UseG1GC                                  = true                                      {product} {ergonomic}
     bool UseLargePagesIndividualAllocation        = false                                  {pd product} {ergonomic}

Logging:
Log output configuration:
 #0: stdout all=warning uptime,level,tags
 #1: stderr all=off uptime,level,tags

Environment Variables:
PATH=C:\Python27\Lib\site-packages\PyQt4;C:\Python27\Lib\site-packages\PyQt4;C:\Program Files (x86)\Intel\iCLS Client\;C:\Program Files\Intel\iCLS Client\;C:\ProgramData\Oracle\Java\javapath;C:\Program Files\Common Files\Microsoft Shared\Microsoft Online Services;C:\Program Files (x86)\Common Files\Microsoft Shared\Microsoft Online Services;C:\WINDOWS\system32;C:\WINDOWS;C:\WINDOWS\System32\Wbem;C:\WINDOWS\System32\WindowsPowerShell\v1.0\;C:\WINDOWS\System32\OpenSSH\;C:\Program Files (x86)\Enterprise Vault\EVClient\;C:\Program Files (x86)\Intel\Intel(R) Management Engine Components\DAL;C:\Program Files\Intel\Intel(R) Management Engine Components\DAL;C:\Program Files (x86)\Intel\Intel(R) Management Engine Components\IPT;C:\Program Files\Intel\Intel(R) Management Engine Components\IPT;C:\Program Files\Git\cmd;C:\Users\apantele\AppData\Local\Programs\Python\Python310-32\Scripts\;C:\Users\apantele\AppData\Local\Programs\Python\Python310-32\;C:\Users\apantele\AppData\Local\Microsoft\WindowsApps;C:\ProgramData\Microsoft\Windows\Start Menu\Programs\Python 2.7;C:\Python27;C:\Users\apantele\AppData\Roaming\Microsoft\Windows\Start Menu\Programs\Python 3.10;C:\Users\apantele\AppData\Local\Programs\Microsoft VS Code\bin
USERNAME=apantele
OS=Windows_NT
PROCESSOR_IDENTIFIER=Intel64 Family 6 Model 60 Stepping 3, GenuineIntel



---------------  S Y S T E M  ---------------

OS: Windows 10 , 64 bit Build 19041 (10.0.19041.207)
OS uptime: 0 days 0:02 hours

CPU:total 4 (initial active 4) (2 cores per cpu, 2 threads per core) family 6 model 60 stepping 3 microcode 0x27, cmov, cx8, fxsr, mmx, sse, sse2, sse3, ssse3, sse4.1, sse4.2, popcnt, avx, avx2, aes, clmul, erms, lzcnt, ht, tsc, tscinvbit, bmi1, bmi2, fma

Memory: 4k page, system-wide physical 8097M (2528M free)
TotalPageFile size 12705M (AvailPageFile size 6974M)
current process WorkingSet (physical memory assigned to process): 231M, peak: 231M
current process commit charge ("private bytes"): 309M, peak: 309M

vm_info: OpenJDK 64-Bit Server VM (11.0.12+7-b1504.28-7817840) for windows-amd64 JRE (11.0.12+7-b1504.28-7817840), built on Oct 13 2021 22:12:33 by "builder" with MS VC++ 14.0 (VS2015)

END.
