#
# A fatal error has been detected by the Java Runtime Environment:
#
#  EXCEPTION_ACCESS_VIOLATION (0xc0000005) at pc=0x00007ffbd9aa0380, pid=8216, tid=3408
#
# JRE version: OpenJDK Runtime Environment (11.0.12+7) (build 11.0.12+7-b1504.28-7817840)
# Java VM: OpenJDK 64-Bit Server VM (11.0.12+7-b1504.28-7817840, mixed mode, tiered, compressed oops, g1 gc, windows-amd64)
# Problematic frame:
# V  [jvm.dll+0x360380]
#
# No core dump will be written. Minidumps are not enabled by default on client versions of Windows
#
# If you would like to submit a bug report, please visit:
#   https://bugreport.java.com/bugreport/crash.jsp
#

---------------  S U M M A R Y ------------

Command Line: --add-opens=java.base/java.util=ALL-UNNAMED --add-opens=java.base/java.lang=ALL-UNNAMED --add-opens=java.base/java.lang.invoke=ALL-UNNAMED --add-opens=java.base/java.util=ALL-UNNAMED --add-opens=java.prefs/java.util.prefs=ALL-UNNAMED --add-opens=java.prefs/java.util.prefs=ALL-UNNAMED --add-opens=java.base/java.nio.charset=ALL-UNNAMED --add-opens=java.base/java.net=ALL-UNNAMED --add-opens=java.base/java.util.concurrent.atomic=ALL-UNNAMED -Xmx2048m -Dfile.encoding=UTF-8 -Duser.country=US -Duser.language=en -Duser.variant org.gradle.launcher.daemon.bootstrap.GradleDaemon 7.3.3

Host: Intel(R) Core(TM) i7-4600M CPU @ 2.90GHz, 4 cores, 7G,  Windows 10 , 64 bit Build 19041 (10.0.19041.207)
Time: Thu Aug 25 10:03:40 2022 GTB Daylight Time elapsed time: 98.266963 seconds (0d 0h 1m 38s)

---------------  T H R E A D  ---------------

Current thread (0x000001c3e340d000):  JavaThread "C2 CompilerThread1" daemon [_thread_in_native, id=3408, stack(0x000000b70e200000,0x000000b70e300000)]


Current CompileTask:
C2:  98267 20050       4       com.android.tools.r8.internal.Ed::a (362 bytes)

Stack: [0x000000b70e200000,0x000000b70e300000],  sp=0x000000b70e2fbd70,  free space=1007k
Native frames: (J=compiled Java code, j=interpreted, Vv=VM code, C=native code)
V  [jvm.dll+0x360380]
V  [jvm.dll+0x359800]
V  [jvm.dll+0x19d0f9]
V  [jvm.dll+0x20070e]
V  [jvm.dll+0x1ff794]
V  [jvm.dll+0x18868c]
V  [jvm.dll+0x20e0d7]
V  [jvm.dll+0x20c901]
V  [jvm.dll+0x6f9b7f]
V  [jvm.dll+0x6f26a5]
V  [jvm.dll+0x5fabf6]
C  [ucrtbase.dll+0x21542]
C  [KERNEL32.DLL+0x16fd4]
C  [ntdll.dll+0x4cec1]


siginfo: EXCEPTION_ACCESS_VIOLATION (0xc0000005), reading address 0x00007fbbda14c898


Register to memory mapping:

RIP=0x00007ffbd9aa0380 jvm.dll
RAX=0x00007fbbda14c898 is an unknown value
RBX=0x0000000000000018 is an unknown value
RCX=0x0000000000000002 is an unknown value
RDX=0x0 is NULL
RSP=0x000000b70e2fbd70 is pointing into the stack for thread: 0x000001c3e340d000
RBP=0x0000000000000008 is an unknown value
RSI=0x00007ffbda14c898 jvm.dll
RDI=0x000001c3e8ffb9c0 points into unknown readable memory: 0x000001c3eff12c30 | 30 2c f1 ef c3 01 00 00
R8 =0x000001c3f3430e90 points into unknown readable memory: 0x0000000000000007 | 07 00 00 00 00 00 00 00
R9 =0x000000b70e2fbdc0 is pointing into the stack for thread: 0x000001c3e340d000
R10=0x0000000000000003 is an unknown value
R11=0x000000b70e2fbcd0 is pointing into the stack for thread: 0x000001c3e340d000
R12=0x00007ffbd9740000 jvm.dll
R13=0x0000000000000008 is an unknown value
R14=0x000000000000000a is an unknown value
R15=0x00007ffbda14c898 jvm.dll


Registers:
RAX=0x00007fbbda14c898, RBX=0x0000000000000018, RCX=0x0000000000000002, RDX=0x0000000000000000
RSP=0x000000b70e2fbd70, RBP=0x0000000000000008, RSI=0x00007ffbda14c898, RDI=0x000001c3e8ffb9c0
R8 =0x000001c3f3430e90, R9 =0x000000b70e2fbdc0, R10=0x0000000000000003, R11=0x000000b70e2fbcd0
R12=0x00007ffbd9740000, R13=0x0000000000000008, R14=0x000000000000000a, R15=0x00007ffbda14c898
RIP=0x00007ffbd9aa0380, EFLAGS=0x0000000000010246

Top of Stack: (sp=0x000000b70e2fbd70)
0x000000b70e2fbd70:   0000000000000000 0000000000000000
0x000000b70e2fbd80:   000001c3eff12c38 000001c3e5a46600
0x000000b70e2fbd90:   000000000000144a 00007ffbd9a99800
0x000000b70e2fbda0:   000001c3f3430d50 000000b70e2fbee0
0x000000b70e2fbdb0:   000000000000144a 00007ffbd9f7df20
0x000000b70e2fbdc0:   0000000000000000 000001c300000008
0x000000b70e2fbdd0:   00007fbbda14c898 0000000000000000
0x000000b70e2fbde0:   000001c3e353b210 000001c300000033
0x000000b70e2fbdf0:   000001c3f3430e90 000000b70e2fc368
0x000000b70e2fbe00:   000001c3eb6dae20 0000000000000000
0x000000b70e2fbe10:   000000b70e2fbf20 00007ffbd98dd0f9
0x000000b70e2fbe20:   000000b70e2fc280 000000b70e2fc368
0x000000b70e2fbe30:   00000000000003d8 000001c3eb6dae30
0x000000b70e2fbe40:   000000000000d300 0000000000000000
0x000000b70e2fbe50:   000000b700000006 000001c3eb6dae20
0x000000b70e2fbe60:   000001c3ea360000 000001c3ea360670 

Instructions: (pc=0x00007ffbd9aa0380)
0x00007ffbd9aa0280:   58 4c 8b 64 24 50 48 8b c3 48 83 c4 20 41 5f 5f
0x00007ffbd9aa0290:   5e 5d 5b c3 cc cc cc cc cc cc cc cc cc cc cc cc
0x00007ffbd9aa02a0:   83 3a 00 4c 8b c2 c7 41 08 08 00 00 00 75 16 33
0x00007ffbd9aa02b0:   d2 c7 41 18 01 00 00 00 89 11 48 8b c1 c7 41 28
0x00007ffbd9aa02c0:   01 00 00 00 c3 33 d2 48 89 11 89 51 18 41 8b 80
0x00007ffbd9aa02d0:   90 00 00 00 89 41 28 48 89 51 10 49 8b 40 08 48
0x00007ffbd9aa02e0:   89 41 20 48 8b c1 4c 89 41 30 c3 cc cc cc cc cc
0x00007ffbd9aa02f0:   48 83 ec 28 8b 51 08 4c 8b c9 83 fa 08 73 18 4c
0x00007ffbd9aa0300:   8b 41 10 8b c2 41 83 3c 80 00 0f 85 0d 01 00 00
0x00007ffbd9aa0310:   ff c2 83 fa 08 72 ec 44 8b 51 18 48 89 5c 24 30
0x00007ffbd9aa0320:   48 89 6c 24 38 48 89 74 24 40 48 89 7c 24 20 44
0x00007ffbd9aa0330:   3b 51 28 0f 83 b9 00 00 00 8b 0d 3d 81 6e 00 48
0x00007ffbd9aa0340:   8d 35 52 c5 6a 00 65 48 8b 04 25 58 00 00 00 bd
0x00007ffbd9aa0350:   08 00 00 00 48 8d 3c c8 0f 1f 84 00 00 00 00 00
0x00007ffbd9aa0360:   41 8b c2 48 8d 1c c5 00 00 00 00 49 8b 41 20 48
0x00007ffbd9aa0370:   8b 04 03 48 3b c6 74 6d 49 89 41 10 33 d2 66 90
0x00007ffbd9aa0380:   83 38 00 0f 85 c3 00 00 00 ff c2 48 83 c0 04 83
0x00007ffbd9aa0390:   fa 08 72 ec 4d 8b 59 30 4d 85 db 74 48 49 8b 43
0x00007ffbd9aa03a0:   08 8b d5 48 03 17 4c 8b 04 03 48 8b 02 48 8b 88
0x00007ffbd9aa03b0:   d0 04 00 00 48 8b 81 88 00 00 00 48 8b 88 88 08
0x00007ffbd9aa03c0:   00 00 49 89 08 48 8b 02 48 8b 88 d0 04 00 00 48
0x00007ffbd9aa03d0:   8b 81 88 00 00 00 4c 89 80 88 08 00 00 49 8b 43
0x00007ffbd9aa03e0:   08 48 89 34 03 41 ff c2 45 3b 51 28 0f 82 6e ff
0x00007ffbd9aa03f0:   ff ff 41 8b 41 28 41 89 41 18 33 c0 41 c7 41 08
0x00007ffbd9aa0400:   08 00 00 00 48 8b 74 24 40 48 8b 6c 24 38 48 8b
0x00007ffbd9aa0410:   5c 24 30 48 8b 7c 24 20 48 83 c4 28 c3 8b 41 18
0x00007ffbd9aa0420:   8d 0c c2 8b c2 c1 e1 05 81 e9 00 01 00 00 41 89
0x00007ffbd9aa0430:   49 04 41 8b 0c 80 8d 42 01 41 89 09 49 8b c9 41
0x00007ffbd9aa0440:   89 41 08 48 83 c4 28 e9 c4 fd e3 ff 42 8d 04 d2
0x00007ffbd9aa0450:   c1 e0 05 41 89 41 04 49 8b 41 10 8b 0c 90 41 8d
0x00007ffbd9aa0460:   42 01 41 89 41 18 8d 42 01 41 89 09 49 8b c9 41
0x00007ffbd9aa0470:   89 41 08 e8 98 fd e3 ff eb 8a cc cc cc cc cc cc 


Stack slot to memory mapping:
stack at sp + 0 slots: 0x0 is NULL
stack at sp + 1 slots: 0x0 is NULL
stack at sp + 2 slots: 0x000001c3eff12c38 points into unknown readable memory: 0x000001c3e340d000 | 00 d0 40 e3 c3 01 00 00
stack at sp + 3 slots: 0x000001c3e5a46600 points into unknown readable memory: 0x4928d22200020025 | 25 00 02 00 22 d2 28 49
stack at sp + 4 slots: 0x000000000000144a is an unknown value
stack at sp + 5 slots: 0x00007ffbd9a99800 jvm.dll
stack at sp + 6 slots: 0x000001c3f3430d50 points into unknown readable memory: 0x0000000000000006 | 06 00 00 00 00 00 00 00
stack at sp + 7 slots: 0x000000b70e2fbee0 is pointing into the stack for thread: 0x000001c3e340d000


---------------  P R O C E S S  ---------------

Threads class SMR info:
_java_thread_list=0x000001c3eff15aa0, length=89, elements={
0x000001c3c69e4000, 0x000001c3e25ab800, 0x000001c3e2e13800, 0x000001c3e2e24800,
0x000001c3e2e27800, 0x000001c3e2e2c000, 0x000001c3e2e30800, 0x000001c3e2601800,
0x000001c3e2e31000, 0x000001c3e2fd8800, 0x000001c3e4962000, 0x000001c3e3bcc800,
0x000001c3e41bd800, 0x000001c3e420c800, 0x000001c3e4210000, 0x000001c3e4ef9000,
0x000001c3e4efa000, 0x000001c3e4efa800, 0x000001c3e4ef6000, 0x000001c3e4efc800,
0x000001c3e4ef6800, 0x000001c3e4ef7800, 0x000001c3e595c000, 0x000001c3e5961000,
0x000001c3e5963800, 0x000001c3e5960000, 0x000001c3e93b8800, 0x000001c3e93ae000,
0x000001c3e93ab800, 0x000001c3e93ad000, 0x000001c3e93ae800, 0x000001c3e93b1000,
0x000001c3e93af800, 0x000001c3e93b0800, 0x000001c3e93b2000, 0x000001c3e93ac800,
0x000001c3e93b3000, 0x000001c3e93b9800, 0x000001c3e93b3800, 0x000001c3e93b5000,
0x000001c3e93b7800, 0x000001c3e93b4800, 0x000001c3e93ba000, 0x000001c3e93b7000,
0x000001c3e93b6000, 0x000001c3e595e800, 0x000001c3e595d000, 0x000001c3e595b000,
0x000001c3e595d800, 0x000001c3e5962800, 0x000001c3e5965000, 0x000001c3e595f000,
0x000001c3e5966800, 0x000001c3e5966000, 0x000001c3e596a000, 0x000001c3e5967800,
0x000001c3e5968000, 0x000001c3e5969000, 0x000001c3e4efb800, 0x000001c3e4ef8800,
0x000001c3ed09b000, 0x000001c3ed096000, 0x000001c3ed097000, 0x000001c3ed097800,
0x000001c3ed098800, 0x000001c3ed099800, 0x000001c3ed09a000, 0x000001c3ed095800,
0x000001c3ed0a0000, 0x000001c3ed09c800, 0x000001c3ed0a1800, 0x000001c3ed09c000,
0x000001c3ed09d800, 0x000001c3ed0a0800, 0x000001c3ed0a2800, 0x000001c3ed09f000,
0x000001c3ed09e000, 0x000001c3ed0a3000, 0x000001c3ed6d7800, 0x000001c3ed6da000,
0x000001c3ed6d8800, 0x000001c3ed6de000, 0x000001c3ed6d9000, 0x000001c3ed6db800,
0x000001c3ec06d800, 0x000001c3ec074000, 0x000001c3ec075000, 0x000001c3e340d000,
0x000001c3ec076000
}

Java Threads: ( => current thread )
  0x000001c3c69e4000 JavaThread "main" [_thread_blocked, id=5688, stack(0x000000b70ba00000,0x000000b70bb00000)]
  0x000001c3e25ab800 JavaThread "Reference Handler" daemon [_thread_blocked, id=3012, stack(0x000000b70c100000,0x000000b70c200000)]
  0x000001c3e2e13800 JavaThread "Finalizer" daemon [_thread_blocked, id=11596, stack(0x000000b70c200000,0x000000b70c300000)]
  0x000001c3e2e24800 JavaThread "Signal Dispatcher" daemon [_thread_blocked, id=12300, stack(0x000000b70c300000,0x000000b70c400000)]
  0x000001c3e2e27800 JavaThread "Attach Listener" daemon [_thread_blocked, id=13456, stack(0x000000b70c400000,0x000000b70c500000)]
  0x000001c3e2e2c000 JavaThread "Service Thread" daemon [_thread_blocked, id=3260, stack(0x000000b70c500000,0x000000b70c600000)]
  0x000001c3e2e30800 JavaThread "C2 CompilerThread0" daemon [_thread_in_native, id=13520, stack(0x000000b70c600000,0x000000b70c700000)]
  0x000001c3e2601800 JavaThread "C1 CompilerThread0" daemon [_thread_blocked, id=14312, stack(0x000000b70c700000,0x000000b70c800000)]
  0x000001c3e2e31000 JavaThread "Sweeper thread" daemon [_thread_blocked, id=10912, stack(0x000000b70c800000,0x000000b70c900000)]
  0x000001c3e2fd8800 JavaThread "Common-Cleaner" daemon [_thread_blocked, id=5904, stack(0x000000b70c900000,0x000000b70ca00000)]
  0x000001c3e4962000 JavaThread "Daemon health stats" [_thread_blocked, id=6520, stack(0x000000b70ce00000,0x000000b70cf00000)]
  0x000001c3e3bcc800 JavaThread "Incoming local TCP Connector on port 52144" [_thread_in_native, id=11676, stack(0x000000b70cb00000,0x000000b70cc00000)]
  0x000001c3e41bd800 JavaThread "Daemon periodic checks" [_thread_blocked, id=4284, stack(0x000000b70cf00000,0x000000b70d000000)]
  0x000001c3e420c800 JavaThread "Daemon" [_thread_blocked, id=10976, stack(0x000000b70d000000,0x000000b70d100000)]
  0x000001c3e4210000 JavaThread "Daemon worker" [_thread_blocked, id=11424, stack(0x000000b70d300000,0x000000b70d400000)]
  0x000001c3e4ef9000 JavaThread "Cache worker for journal cache (C:\Users\apantele\.gradle\caches\journal-1)" [_thread_blocked, id=4584, stack(0x000000b70d800000,0x000000b70d900000)]
  0x000001c3e4efa000 JavaThread "File lock request listener" [_thread_in_native, id=8600, stack(0x000000b70d900000,0x000000b70da00000)]
  0x000001c3e4efa800 JavaThread "Cache worker for file hash cache (C:\Users\apantele\.gradle\caches\7.3.3\fileHashes)" [_thread_blocked, id=6604, stack(0x000000b70da00000,0x000000b70db00000)]
  0x000001c3e4ef6000 JavaThread "File watcher server" daemon [_thread_in_native, id=10416, stack(0x000000b70dd00000,0x000000b70de00000)]
  0x000001c3e4efc800 JavaThread "File watcher consumer" daemon [_thread_blocked, id=13736, stack(0x000000b70de00000,0x000000b70df00000)]
  0x000001c3e4ef6800 JavaThread "jar transforms" [_thread_blocked, id=10876, stack(0x000000b70db00000,0x000000b70dc00000)]
  0x000001c3e4ef7800 JavaThread "jar transforms Thread 2" [_thread_blocked, id=10168, stack(0x000000b70df00000,0x000000b70e000000)]
  0x000001c3e595c000 JavaThread "jar transforms Thread 3" [_thread_blocked, id=9396, stack(0x000000b70e000000,0x000000b70e100000)]
  0x000001c3e5961000 JavaThread "jar transforms Thread 4" [_thread_blocked, id=764, stack(0x000000b70e100000,0x000000b70e200000)]
  0x000001c3e5963800 JavaThread "Cache worker for execution history cache (C:\Users\apantele\.gradle\caches\7.3.3\executionHistory)" [_thread_blocked, id=1548, stack(0x000000b70e600000,0x000000b70e700000)]
  0x000001c3e5960000 JavaThread "Cache worker for file content cache (C:\Users\apantele\.gradle\caches\7.3.3\fileContent)" [_thread_blocked, id=13764, stack(0x000000b70e700000,0x000000b70e800000)]
  0x000001c3e93b8800 JavaThread "Memory manager" [_thread_blocked, id=7144, stack(0x000000b711200000,0x000000b711300000)]
  0x000001c3e93ae000 JavaThread "Handler for socket connection from /127.0.0.1:52144 to /127.0.0.1:52198" [_thread_in_native, id=1640, stack(0x000000b70b900000,0x000000b70ba00000)]
  0x000001c3e93ab800 JavaThread "Cancel handler" [_thread_blocked, id=10800, stack(0x000000b70d100000,0x000000b70d200000)]
  0x000001c3e93ad000 JavaThread "Asynchronous log dispatcher for DefaultDaemonConnection: socket connection from /127.0.0.1:52144 to /127.0.0.1:52198" [_thread_blocked, id=11012, stack(0x000000b70d200000,0x000000b70d300000)]
  0x000001c3e93ae800 JavaThread "Stdin handler" [_thread_blocked, id=10328, stack(0x000000b70d400000,0x000000b70d500000)]
  0x000001c3e93b1000 JavaThread "Daemon client event forwarder" [_thread_blocked, id=14048, stack(0x000000b70d500000,0x000000b70d600000)]
  0x000001c3e93af800 JavaThread "Cache worker for file hash cache (C:\Users\apantele\Desktop\BeacOnOffice\.gradle\7.3.3\fileHashes)" [_thread_blocked, id=1204, stack(0x000000b70d600000,0x000000b70d700000)]
  0x000001c3e93b0800 JavaThread "Cache worker for checksums cache (C:\Users\apantele\Desktop\BeacOnOffice\.gradle\7.3.3\checksums)" [_thread_blocked, id=4872, stack(0x000000b70dc00000,0x000000b70dd00000)]
  0x000001c3e93b2000 JavaThread "Cache worker for cache directory md-supplier (C:\Users\apantele\.gradle\caches\7.3.3\md-supplier)" [_thread_blocked, id=4564, stack(0x000000b70e300000,0x000000b70e400000)]
  0x000001c3e93ac800 JavaThread "Cache worker for cache directory md-rule (C:\Users\apantele\.gradle\caches\7.3.3\md-rule)" [_thread_blocked, id=10748, stack(0x000000b70e400000,0x000000b70e500000)]
  0x000001c3e93b3000 JavaThread "Cache worker for dependencies-accessors (C:\Users\apantele\Desktop\BeacOnOffice\.gradle\7.3.3\dependencies-accessors)" [_thread_blocked, id=13540, stack(0x000000b70e500000,0x000000b70e600000)]
  0x000001c3e93b9800 JavaThread "Cache worker for Build Output Cleanup Cache (C:\Users\apantele\Desktop\BeacOnOffice\.gradle\buildOutputCleanup)" [_thread_blocked, id=1428, stack(0x000000b70e800000,0x000000b70e900000)]
  0x000001c3e93b3800 JavaThread "Unconstrained build operations" [_thread_blocked, id=3816, stack(0x000000b70e900000,0x000000b70ea00000)]
  0x000001c3e93b5000 JavaThread "Unconstrained build operations Thread 2" [_thread_blocked, id=10076, stack(0x000000b70ea00000,0x000000b70eb00000)]
  0x000001c3e93b7800 JavaThread "Unconstrained build operations Thread 3" [_thread_blocked, id=7900, stack(0x000000b70eb00000,0x000000b70ec00000)]
  0x000001c3e93b4800 JavaThread "Unconstrained build operations Thread 4" [_thread_blocked, id=9232, stack(0x000000b70ec00000,0x000000b70ed00000)]
  0x000001c3e93ba000 JavaThread "Unconstrained build operations Thread 5" [_thread_blocked, id=11252, stack(0x000000b70ed00000,0x000000b70ee00000)]
  0x000001c3e93b7000 JavaThread "Unconstrained build operations Thread 6" [_thread_blocked, id=3172, stack(0x000000b70ee00000,0x000000b70ef00000)]
  0x000001c3e93b6000 JavaThread "Unconstrained build operations Thread 7" [_thread_blocked, id=6932, stack(0x000000b70ef00000,0x000000b70f000000)]
  0x000001c3e595e800 JavaThread "Unconstrained build operations Thread 8" [_thread_blocked, id=9280, stack(0x000000b70f000000,0x000000b70f100000)]
  0x000001c3e595d000 JavaThread "Unconstrained build operations Thread 9" [_thread_blocked, id=10756, stack(0x000000b70f100000,0x000000b70f200000)]
  0x000001c3e595b000 JavaThread "Unconstrained build operations Thread 10" [_thread_blocked, id=10840, stack(0x000000b70f200000,0x000000b70f300000)]
  0x000001c3e595d800 JavaThread "Unconstrained build operations Thread 11" [_thread_blocked, id=2432, stack(0x000000b70f300000,0x000000b70f400000)]
  0x000001c3e5962800 JavaThread "Unconstrained build operations Thread 12" [_thread_blocked, id=14172, stack(0x000000b70f400000,0x000000b70f500000)]
  0x000001c3e5965000 JavaThread "Unconstrained build operations Thread 13" [_thread_blocked, id=8540, stack(0x000000b70f500000,0x000000b70f600000)]
  0x000001c3e595f000 JavaThread "Unconstrained build operations Thread 14" [_thread_blocked, id=2236, stack(0x000000b70f600000,0x000000b70f700000)]
  0x000001c3e5966800 JavaThread "Unconstrained build operations Thread 15" [_thread_blocked, id=2272, stack(0x000000b70f700000,0x000000b70f800000)]
  0x000001c3e5966000 JavaThread "Unconstrained build operations Thread 16" [_thread_blocked, id=14068, stack(0x000000b70f800000,0x000000b70f900000)]
  0x000001c3e596a000 JavaThread "Unconstrained build operations Thread 17" [_thread_blocked, id=13680, stack(0x000000b70f900000,0x000000b70fa00000)]
  0x000001c3e5967800 JavaThread "Unconstrained build operations Thread 18" [_thread_blocked, id=892, stack(0x000000b70fa00000,0x000000b70fb00000)]
  0x000001c3e5968000 JavaThread "Unconstrained build operations Thread 19" [_thread_blocked, id=10016, stack(0x000000b70fb00000,0x000000b70fc00000)]
  0x000001c3e5969000 JavaThread "Unconstrained build operations Thread 20" [_thread_blocked, id=3736, stack(0x000000b70fc00000,0x000000b70fd00000)]
  0x000001c3e4efb800 JavaThread "Unconstrained build operations Thread 21" [_thread_blocked, id=10156, stack(0x000000b70fd00000,0x000000b70fe00000)]
  0x000001c3e4ef8800 JavaThread "Unconstrained build operations Thread 22" [_thread_blocked, id=5644, stack(0x000000b70fe00000,0x000000b70ff00000)]
  0x000001c3ed09b000 JavaThread "Unconstrained build operations Thread 23" [_thread_blocked, id=11172, stack(0x000000b70ff00000,0x000000b710000000)]
  0x000001c3ed096000 JavaThread "Unconstrained build operations Thread 24" [_thread_blocked, id=4488, stack(0x000000b710000000,0x000000b710100000)]
  0x000001c3ed097000 JavaThread "Unconstrained build operations Thread 25" [_thread_blocked, id=8868, stack(0x000000b710100000,0x000000b710200000)]
  0x000001c3ed097800 JavaThread "Unconstrained build operations Thread 26" [_thread_blocked, id=13972, stack(0x000000b710200000,0x000000b710300000)]
  0x000001c3ed098800 JavaThread "Unconstrained build operations Thread 27" [_thread_blocked, id=8940, stack(0x000000b710300000,0x000000b710400000)]
  0x000001c3ed099800 JavaThread "Unconstrained build operations Thread 28" [_thread_blocked, id=3564, stack(0x000000b710400000,0x000000b710500000)]
  0x000001c3ed09a000 JavaThread "Unconstrained build operations Thread 29" [_thread_blocked, id=10592, stack(0x000000b710500000,0x000000b710600000)]
  0x000001c3ed095800 JavaThread "Unconstrained build operations Thread 30" [_thread_blocked, id=11368, stack(0x000000b710600000,0x000000b710700000)]
  0x000001c3ed0a0000 JavaThread "Unconstrained build operations Thread 31" [_thread_blocked, id=10012, stack(0x000000b710700000,0x000000b710800000)]
  0x000001c3ed09c800 JavaThread "Unconstrained build operations Thread 32" [_thread_blocked, id=11320, stack(0x000000b710800000,0x000000b710900000)]
  0x000001c3ed0a1800 JavaThread "Unconstrained build operations Thread 33" [_thread_blocked, id=14092, stack(0x000000b710900000,0x000000b710a00000)]
  0x000001c3ed09c000 JavaThread "Unconstrained build operations Thread 34" [_thread_blocked, id=12192, stack(0x000000b710a00000,0x000000b710b00000)]
  0x000001c3ed09d800 JavaThread "Unconstrained build operations Thread 35" [_thread_blocked, id=2040, stack(0x000000b710b00000,0x000000b710c00000)]
  0x000001c3ed0a0800 JavaThread "Unconstrained build operations Thread 36" [_thread_blocked, id=11376, stack(0x000000b710c00000,0x000000b710d00000)]
  0x000001c3ed0a2800 JavaThread "Unconstrained build operations Thread 37" [_thread_blocked, id=13912, stack(0x000000b710d00000,0x000000b710e00000)]
  0x000001c3ed09f000 JavaThread "Unconstrained build operations Thread 38" [_thread_blocked, id=8452, stack(0x000000b710e00000,0x000000b710f00000)]
  0x000001c3ed09e000 JavaThread "Unconstrained build operations Thread 39" [_thread_blocked, id=9768, stack(0x000000b710f00000,0x000000b711000000)]
  0x000001c3ed0a3000 JavaThread "Unconstrained build operations Thread 40" [_thread_blocked, id=8928, stack(0x000000b711000000,0x000000b711100000)]
  0x000001c3ed6d7800 JavaThread "build event listener" [_thread_blocked, id=1752, stack(0x000000b711100000,0x000000b711200000)]
  0x000001c3ed6da000 JavaThread "Execution worker for ':'" [_thread_in_native, id=11688, stack(0x000000b711300000,0x000000b711400000)]
  0x000001c3ed6d8800 JavaThread "Execution worker for ':' Thread 2" [_thread_blocked, id=12860, stack(0x000000b711400000,0x000000b711500000)]
  0x000001c3ed6de000 JavaThread "Execution worker for ':' Thread 3" [_thread_blocked, id=9092, stack(0x000000b711500000,0x000000b711600000)]
  0x000001c3ed6d9000 JavaThread "Cache worker for execution history cache (C:\Users\apantele\Desktop\BeacOnOffice\.gradle\7.3.3\executionHistory)" [_thread_blocked, id=6088, stack(0x000000b711600000,0x000000b711700000)]
  0x000001c3ed6db800 JavaThread "WorkerExecutor Queue Thread 3" [_thread_in_Java, id=10456, stack(0x000000b711a00000,0x000000b711b00000)]
  0x000001c3ec06d800 JavaThread "WorkerExecutor Queue Thread 5" [_thread_in_native, id=7676, stack(0x000000b711800000,0x000000b711900000)]
  0x000001c3ec074000 JavaThread "WorkerExecutor Queue Thread 6" [_thread_in_vm, id=12284, stack(0x000000b711900000,0x000000b711a00000)]
  0x000001c3ec075000 JavaThread "WorkerExecutor Queue Thread 7" [_thread_blocked, id=10600, stack(0x000000b711b00000,0x000000b711c00000)]
=>0x000001c3e340d000 JavaThread "C2 CompilerThread1" daemon [_thread_in_native, id=3408, stack(0x000000b70e200000,0x000000b70e300000)]
  0x000001c3ec076000 JavaThread "WorkerExecutor Queue Thread 8" [_thread_blocked, id=13340, stack(0x000000b711c00000,0x000000b711d00000)]

Other Threads:
  0x000001c3e25a8000 VMThread "VM Thread" [stack: 0x000000b70c000000,0x000000b70c100000] [id=3520]
  0x000001c3e2fe9000 WatcherThread [stack: 0x000000b70ca00000,0x000000b70cb00000] [id=1488]
  0x000001c3c69fc000 GCTaskThread "GC Thread#0" [stack: 0x000000b70bb00000,0x000000b70bc00000] [id=13840]
  0x000001c3e3a29800 GCTaskThread "GC Thread#1" [stack: 0x000000b70cc00000,0x000000b70cd00000] [id=8884]
  0x000001c3e3b34000 GCTaskThread "GC Thread#2" [stack: 0x000000b70cd00000,0x000000b70ce00000] [id=7896]
  0x000001c3e401f000 GCTaskThread "GC Thread#3" [stack: 0x000000b70d700000,0x000000b70d800000] [id=14096]
  0x000001c3c6a2e800 ConcurrentGCThread "G1 Main Marker" [stack: 0x000000b70bc00000,0x000000b70bd00000] [id=13256]
  0x000001c3c6a30000 ConcurrentGCThread "G1 Conc#0" [stack: 0x000000b70bd00000,0x000000b70be00000] [id=13244]
  0x000001c3c6ab1800 ConcurrentGCThread "G1 Refine#0" [stack: 0x000000b70be00000,0x000000b70bf00000] [id=8412]
  0x000001c3e2420800 ConcurrentGCThread "G1 Young RemSet Sampling" [stack: 0x000000b70bf00000,0x000000b70c000000] [id=13336]

Threads with active compile tasks:
C2 CompilerThread0  98476 20075       4       com.android.tools.r8.internal.Ql::a (1123 bytes)
C1 CompilerThread0  98476 20763       2       com.android.tools.r8.internal.xa::a (4216 bytes)
C2 CompilerThread1  98476 20050       4       com.android.tools.r8.internal.Ed::a (362 bytes)

VM state:not at safepoint (normal execution)

VM Mutex/Monitor currently owned by a thread: None

Heap address: 0x0000000080000000, size: 2048 MB, Compressed Oops mode: 32-bit
Narrow klass base: 0x0000000000000000, Narrow klass shift: 3
Compressed class space size: 1073741824 Address: 0x0000000100000000

Heap:
 garbage-first heap   total 286720K, used 199074K [0x0000000080000000, 0x0000000100000000)
  region size 1024K, 50 young (51200K), 5 survivors (5120K)
 Metaspace       used 135395K, capacity 138908K, committed 139084K, reserved 1169408K
  class space    used 16870K, capacity 18231K, committed 18252K, reserved 1048576K
Heap Regions: E=young(eden), S=young(survivor), O=old, HS=humongous(starts), HC=humongous(continues), CS=collection set, F=free, A=archive, TAMS=top-at-mark-start (previous, next)
|   0|0x0000000080000000, 0x0000000080100000, 0x0000000080100000|100%| O|  |TAMS 0x0000000080100000, 0x0000000080000000| Untracked 
|   1|0x0000000080100000, 0x0000000080200000, 0x0000000080200000|100%| O|  |TAMS 0x0000000080200000, 0x0000000080100000| Untracked 
|   2|0x0000000080200000, 0x0000000080300000, 0x0000000080300000|100%| O|  |TAMS 0x0000000080300000, 0x0000000080200000| Untracked 
|   3|0x0000000080300000, 0x0000000080400000, 0x0000000080400000|100%|HS|  |TAMS 0x0000000080400000, 0x0000000080300000| Complete 
|   4|0x0000000080400000, 0x0000000080500000, 0x0000000080500000|100%|HC|  |TAMS 0x0000000080500000, 0x0000000080400000| Complete 
|   5|0x0000000080500000, 0x0000000080600000, 0x0000000080600000|100%|HC|  |TAMS 0x0000000080600000, 0x0000000080500000| Complete 
|   6|0x0000000080600000, 0x0000000080700000, 0x0000000080700000|100%| O|  |TAMS 0x0000000080700000, 0x0000000080600000| Untracked 
|   7|0x0000000080700000, 0x0000000080800000, 0x0000000080800000|100%| O|  |TAMS 0x0000000080800000, 0x0000000080700000| Untracked 
|   8|0x0000000080800000, 0x0000000080900000, 0x0000000080900000|100%| O|  |TAMS 0x0000000080900000, 0x0000000080800000| Untracked 
|   9|0x0000000080900000, 0x0000000080a00000, 0x0000000080a00000|100%| O|  |TAMS 0x0000000080a00000, 0x0000000080900000| Untracked 
|  10|0x0000000080a00000, 0x0000000080b00000, 0x0000000080b00000|100%| O|  |TAMS 0x0000000080b00000, 0x0000000080a00000| Untracked 
|  11|0x0000000080b00000, 0x0000000080c00000, 0x0000000080c00000|100%| O|  |TAMS 0x0000000080c00000, 0x0000000080b00000| Untracked 
|  12|0x0000000080c00000, 0x0000000080d00000, 0x0000000080d00000|100%| O|  |TAMS 0x0000000080d00000, 0x0000000080c00000| Untracked 
|  13|0x0000000080d00000, 0x0000000080e00000, 0x0000000080e00000|100%| O|  |TAMS 0x0000000080e00000, 0x0000000080d00000| Untracked 
|  14|0x0000000080e00000, 0x0000000080f00000, 0x0000000080f00000|100%|HS|  |TAMS 0x0000000080f00000, 0x0000000080e00000| Complete 
|  15|0x0000000080f00000, 0x0000000081000000, 0x0000000081000000|100%|HC|  |TAMS 0x0000000081000000, 0x0000000080f00000| Complete 
|  16|0x0000000081000000, 0x0000000081100000, 0x0000000081100000|100%|HS|  |TAMS 0x0000000081100000, 0x0000000081000000| Complete 
|  17|0x0000000081100000, 0x0000000081200000, 0x0000000081200000|100%|HC|  |TAMS 0x0000000081200000, 0x0000000081100000| Complete 
|  18|0x0000000081200000, 0x0000000081300000, 0x0000000081300000|100%|HC|  |TAMS 0x0000000081300000, 0x0000000081200000| Complete 
|  19|0x0000000081300000, 0x0000000081400000, 0x0000000081400000|100%|HS|  |TAMS 0x0000000081400000, 0x0000000081300000| Complete 
|  20|0x0000000081400000, 0x0000000081500000, 0x0000000081500000|100%|HS|  |TAMS 0x0000000081500000, 0x0000000081400000| Complete 
|  21|0x0000000081500000, 0x0000000081600000, 0x0000000081600000|100%|HC|  |TAMS 0x0000000081600000, 0x0000000081500000| Complete 
|  22|0x0000000081600000, 0x0000000081700000, 0x0000000081700000|100%|HC|  |TAMS 0x0000000081700000, 0x0000000081600000| Complete 
|  23|0x0000000081700000, 0x0000000081800000, 0x0000000081800000|100%|HC|  |TAMS 0x0000000081800000, 0x0000000081700000| Complete 
|  24|0x0000000081800000, 0x0000000081900000, 0x0000000081900000|100%| O|  |TAMS 0x0000000081900000, 0x0000000081800000| Untracked 
|  25|0x0000000081900000, 0x0000000081a00000, 0x0000000081a00000|100%| O|  |TAMS 0x0000000081a00000, 0x0000000081900000| Untracked 
|  26|0x0000000081a00000, 0x0000000081b00000, 0x0000000081b00000|100%| O|  |TAMS 0x0000000081b00000, 0x0000000081a00000| Untracked 
|  27|0x0000000081b00000, 0x0000000081c00000, 0x0000000081c00000|100%| O|  |TAMS 0x0000000081c00000, 0x0000000081b00000| Untracked 
|  28|0x0000000081c00000, 0x0000000081d00000, 0x0000000081d00000|100%| O|  |TAMS 0x0000000081d00000, 0x0000000081c00000| Untracked 
|  29|0x0000000081d00000, 0x0000000081e00000, 0x0000000081e00000|100%| O|  |TAMS 0x0000000081e00000, 0x0000000081d00000| Untracked 
|  30|0x0000000081e00000, 0x0000000081f00000, 0x0000000081f00000|100%| O|  |TAMS 0x0000000081f00000, 0x0000000081e00000| Untracked 
|  31|0x0000000081f00000, 0x0000000082000000, 0x0000000082000000|100%| O|  |TAMS 0x0000000082000000, 0x0000000081f00000| Untracked 
|  32|0x0000000082000000, 0x0000000082100000, 0x0000000082100000|100%| O|  |TAMS 0x0000000082100000, 0x0000000082000000| Untracked 
|  33|0x0000000082100000, 0x0000000082200000, 0x0000000082200000|100%| O|  |TAMS 0x0000000082200000, 0x0000000082100000| Untracked 
|  34|0x0000000082200000, 0x0000000082300000, 0x0000000082300000|100%| O|  |TAMS 0x0000000082300000, 0x0000000082200000| Untracked 
|  35|0x0000000082300000, 0x0000000082400000, 0x0000000082400000|100%|HS|  |TAMS 0x0000000082400000, 0x0000000082300000| Complete 
|  36|0x0000000082400000, 0x0000000082500000, 0x0000000082500000|100%|HS|  |TAMS 0x0000000082500000, 0x0000000082400000| Complete 
|  37|0x0000000082500000, 0x0000000082600000, 0x0000000082600000|100%|HC|  |TAMS 0x0000000082600000, 0x0000000082500000| Complete 
|  38|0x0000000082600000, 0x0000000082700000, 0x0000000082700000|100%|HC|  |TAMS 0x0000000082700000, 0x0000000082600000| Complete 
|  39|0x0000000082700000, 0x0000000082800000, 0x0000000082800000|100%| O|  |TAMS 0x0000000082800000, 0x0000000082700000| Untracked 
|  40|0x0000000082800000, 0x0000000082900000, 0x0000000082900000|100%| O|  |TAMS 0x0000000082900000, 0x0000000082800000| Untracked 
|  41|0x0000000082900000, 0x0000000082a00000, 0x0000000082a00000|100%| O|  |TAMS 0x0000000082a00000, 0x0000000082900000| Untracked 
|  42|0x0000000082a00000, 0x0000000082b00000, 0x0000000082b00000|100%| O|  |TAMS 0x0000000082b00000, 0x0000000082a00000| Untracked 
|  43|0x0000000082b00000, 0x0000000082c00000, 0x0000000082c00000|100%| O|  |TAMS 0x0000000082c00000, 0x0000000082b00000| Untracked 
|  44|0x0000000082c00000, 0x0000000082d00000, 0x0000000082d00000|100%| O|  |TAMS 0x0000000082d00000, 0x0000000082c00000| Untracked 
|  45|0x0000000082d00000, 0x0000000082e00000, 0x0000000082e00000|100%|HS|  |TAMS 0x0000000082e00000, 0x0000000082d00000| Complete 
|  46|0x0000000082e00000, 0x0000000082f00000, 0x0000000082f00000|100%|HC|  |TAMS 0x0000000082f00000, 0x0000000082e00000| Complete 
|  47|0x0000000082f00000, 0x0000000083000000, 0x0000000083000000|100%|HC|  |TAMS 0x0000000083000000, 0x0000000082f00000| Complete 
|  48|0x0000000083000000, 0x0000000083100000, 0x0000000083100000|100%|HC|  |TAMS 0x0000000083100000, 0x0000000083000000| Complete 
|  49|0x0000000083100000, 0x0000000083200000, 0x0000000083200000|100%| O|  |TAMS 0x0000000083200000, 0x0000000083100000| Untracked 
|  50|0x0000000083200000, 0x0000000083300000, 0x0000000083300000|100%| O|  |TAMS 0x0000000083300000, 0x0000000083200000| Untracked 
|  51|0x0000000083300000, 0x0000000083400000, 0x0000000083400000|100%| O|  |TAMS 0x0000000083400000, 0x0000000083300000| Untracked 
|  52|0x0000000083400000, 0x0000000083500000, 0x0000000083500000|100%| O|  |TAMS 0x0000000083500000, 0x0000000083400000| Untracked 
|  53|0x0000000083500000, 0x0000000083600000, 0x0000000083600000|100%| O|  |TAMS 0x0000000083600000, 0x0000000083500000| Untracked 
|  54|0x0000000083600000, 0x0000000083700000, 0x0000000083700000|100%| O|  |TAMS 0x0000000083700000, 0x0000000083600000| Untracked 
|  55|0x0000000083700000, 0x0000000083800000, 0x0000000083800000|100%| O|  |TAMS 0x0000000083800000, 0x0000000083700000| Untracked 
|  56|0x0000000083800000, 0x0000000083900000, 0x0000000083900000|100%|HS|  |TAMS 0x0000000083900000, 0x0000000083800000| Complete 
|  57|0x0000000083900000, 0x0000000083a00000, 0x0000000083a00000|100%|HS|  |TAMS 0x0000000083a00000, 0x0000000083900000| Complete 
|  58|0x0000000083a00000, 0x0000000083b00000, 0x0000000083b00000|100%|HS|  |TAMS 0x0000000083b00000, 0x0000000083a00000| Complete 
|  59|0x0000000083b00000, 0x0000000083c00000, 0x0000000083c00000|100%|HC|  |TAMS 0x0000000083c00000, 0x0000000083b00000| Complete 
|  60|0x0000000083c00000, 0x0000000083d00000, 0x0000000083d00000|100%| O|  |TAMS 0x0000000083d00000, 0x0000000083c00000| Untracked 
|  61|0x0000000083d00000, 0x0000000083e00000, 0x0000000083e00000|100%| O|  |TAMS 0x0000000083e00000, 0x0000000083d00000| Untracked 
|  62|0x0000000083e00000, 0x0000000083f00000, 0x0000000083f00000|100%| O|  |TAMS 0x0000000083f00000, 0x0000000083e00000| Untracked 
|  63|0x0000000083f00000, 0x0000000084000000, 0x0000000084000000|100%| O|  |TAMS 0x0000000084000000, 0x0000000083f00000| Untracked 
|  64|0x0000000084000000, 0x0000000084100000, 0x0000000084100000|100%| O|  |TAMS 0x0000000084100000, 0x0000000084000000| Untracked 
|  65|0x0000000084100000, 0x0000000084200000, 0x0000000084200000|100%| O|  |TAMS 0x0000000084200000, 0x0000000084100000| Untracked 
|  66|0x0000000084200000, 0x0000000084300000, 0x0000000084300000|100%| O|  |TAMS 0x0000000084300000, 0x0000000084200000| Untracked 
|  67|0x0000000084300000, 0x0000000084400000, 0x0000000084400000|100%| O|  |TAMS 0x0000000084400000, 0x0000000084300000| Untracked 
|  68|0x0000000084400000, 0x0000000084500000, 0x0000000084500000|100%| O|  |TAMS 0x0000000084500000, 0x0000000084400000| Untracked 
|  69|0x0000000084500000, 0x0000000084600000, 0x0000000084600000|100%| O|  |TAMS 0x0000000084600000, 0x0000000084500000| Untracked 
|  70|0x0000000084600000, 0x0000000084700000, 0x0000000084700000|100%| O|  |TAMS 0x0000000084700000, 0x0000000084600000| Untracked 
|  71|0x0000000084700000, 0x0000000084800000, 0x0000000084800000|100%| O|  |TAMS 0x0000000084800000, 0x0000000084700000| Untracked 
|  72|0x0000000084800000, 0x0000000084900000, 0x0000000084900000|100%| O|  |TAMS 0x0000000084900000, 0x0000000084800000| Untracked 
|  73|0x0000000084900000, 0x0000000084a00000, 0x0000000084a00000|100%| O|  |TAMS 0x0000000084a00000, 0x0000000084900000| Untracked 
|  74|0x0000000084a00000, 0x0000000084b00000, 0x0000000084b00000|100%| O|  |TAMS 0x0000000084b00000, 0x0000000084a00000| Untracked 
|  75|0x0000000084b00000, 0x0000000084c00000, 0x0000000084c00000|100%| O|  |TAMS 0x0000000084c00000, 0x0000000084b00000| Untracked 
|  76|0x0000000084c00000, 0x0000000084d00000, 0x0000000084d00000|100%| O|  |TAMS 0x0000000084d00000, 0x0000000084c00000| Untracked 
|  77|0x0000000084d00000, 0x0000000084e00000, 0x0000000084e00000|100%| O|  |TAMS 0x0000000084e00000, 0x0000000084d00000| Untracked 
|  78|0x0000000084e00000, 0x0000000084f00000, 0x0000000084f00000|100%| O|  |TAMS 0x0000000084f00000, 0x0000000084e00000| Untracked 
|  79|0x0000000084f00000, 0x0000000085000000, 0x0000000085000000|100%|HS|  |TAMS 0x0000000085000000, 0x0000000084f00000| Complete 
|  80|0x0000000085000000, 0x0000000085100000, 0x0000000085100000|100%|HC|  |TAMS 0x0000000085100000, 0x0000000085000000| Complete 
|  81|0x0000000085100000, 0x0000000085200000, 0x0000000085200000|100%|HS|  |TAMS 0x0000000085200000, 0x0000000085100000| Complete 
|  82|0x0000000085200000, 0x0000000085300000, 0x0000000085300000|100%|HC|  |TAMS 0x0000000085300000, 0x0000000085200000| Complete 
|  83|0x0000000085300000, 0x0000000085400000, 0x0000000085400000|100%|HC|  |TAMS 0x0000000085400000, 0x0000000085300000| Complete 
|  84|0x0000000085400000, 0x0000000085500000, 0x0000000085500000|100%|HS|  |TAMS 0x0000000085500000, 0x0000000085400000| Complete 
|  85|0x0000000085500000, 0x0000000085600000, 0x0000000085600000|100%|HS|  |TAMS 0x0000000085600000, 0x0000000085500000| Complete 
|  86|0x0000000085600000, 0x0000000085700000, 0x0000000085700000|100%|HC|  |TAMS 0x0000000085700000, 0x0000000085600000| Complete 
|  87|0x0000000085700000, 0x0000000085800000, 0x0000000085800000|100%|HC|  |TAMS 0x0000000085800000, 0x0000000085700000| Complete 
|  88|0x0000000085800000, 0x0000000085900000, 0x0000000085900000|100%|HC|  |TAMS 0x0000000085900000, 0x0000000085800000| Complete 
|  89|0x0000000085900000, 0x0000000085a00000, 0x0000000085a00000|100%| O|  |TAMS 0x0000000085a00000, 0x0000000085900000| Untracked 
|  90|0x0000000085a00000, 0x0000000085a12a00, 0x0000000085b00000|  7%| O|  |TAMS 0x0000000085a00000, 0x0000000085a00000| Untracked 
|  91|0x0000000085b00000, 0x0000000085c00000, 0x0000000085c00000|100%| O|  |TAMS 0x0000000085b00000, 0x0000000085b00000| Untracked 
|  92|0x0000000085c00000, 0x0000000085d00000, 0x0000000085d00000|100%| O|  |TAMS 0x0000000085c00000, 0x0000000085c00000| Untracked 
|  93|0x0000000085d00000, 0x0000000085e00000, 0x0000000085e00000|100%| O|  |TAMS 0x0000000085e00000, 0x0000000085d00000| Untracked 
|  94|0x0000000085e00000, 0x0000000085f00000, 0x0000000085f00000|100%| O|  |TAMS 0x0000000085f00000, 0x0000000085e00000| Untracked 
|  95|0x0000000085f00000, 0x0000000086000000, 0x0000000086000000|100%| O|  |TAMS 0x0000000086000000, 0x0000000085f00000| Untracked 
|  96|0x0000000086000000, 0x0000000086100000, 0x0000000086100000|100%| O|  |TAMS 0x0000000086100000, 0x0000000086000000| Untracked 
|  97|0x0000000086100000, 0x0000000086100000, 0x0000000086200000|  0%| F|  |TAMS 0x0000000086100000, 0x0000000086100000| Untracked 
|  98|0x0000000086200000, 0x0000000086300000, 0x0000000086300000|100%| O|  |TAMS 0x0000000086300000, 0x0000000086200000| Untracked 
|  99|0x0000000086300000, 0x0000000086400000, 0x0000000086400000|100%| O|  |TAMS 0x0000000086400000, 0x0000000086300000| Untracked 
| 100|0x0000000086400000, 0x0000000086500000, 0x0000000086500000|100%| O|  |TAMS 0x0000000086500000, 0x0000000086400000| Untracked 
| 101|0x0000000086500000, 0x0000000086600000, 0x0000000086600000|100%| O|  |TAMS 0x0000000086600000, 0x0000000086500000| Untracked 
| 102|0x0000000086600000, 0x0000000086700000, 0x0000000086700000|100%| O|  |TAMS 0x0000000086700000, 0x0000000086600000| Untracked 
| 103|0x0000000086700000, 0x0000000086800000, 0x0000000086800000|100%| O|  |TAMS 0x0000000086800000, 0x0000000086700000| Untracked 
| 104|0x0000000086800000, 0x0000000086900000, 0x0000000086900000|100%| O|  |TAMS 0x0000000086800000, 0x0000000086800000| Untracked 
| 105|0x0000000086900000, 0x0000000086a00000, 0x0000000086a00000|100%| O|  |TAMS 0x0000000086a00000, 0x0000000086900000| Untracked 
| 106|0x0000000086a00000, 0x0000000086b00000, 0x0000000086b00000|100%| O|  |TAMS 0x0000000086b00000, 0x0000000086a00000| Untracked 
| 107|0x0000000086b00000, 0x0000000086c00000, 0x0000000086c00000|100%| O|  |TAMS 0x0000000086c00000, 0x0000000086b00000| Untracked 
| 108|0x0000000086c00000, 0x0000000086d00000, 0x0000000086d00000|100%| O|  |TAMS 0x0000000086c00000, 0x0000000086c00000| Untracked 
| 109|0x0000000086d00000, 0x0000000086e00000, 0x0000000086e00000|100%| O|  |TAMS 0x0000000086e00000, 0x0000000086d00000| Untracked 
| 110|0x0000000086e00000, 0x0000000086f00000, 0x0000000086f00000|100%| O|  |TAMS 0x0000000086f00000, 0x0000000086e00000| Untracked 
| 111|0x0000000086f00000, 0x0000000087000000, 0x0000000087000000|100%| O|  |TAMS 0x0000000087000000, 0x0000000086f00000| Untracked 
| 112|0x0000000087000000, 0x0000000087100000, 0x0000000087100000|100%| O|  |TAMS 0x0000000087100000, 0x0000000087000000| Untracked 
| 113|0x0000000087100000, 0x0000000087200000, 0x0000000087200000|100%| O|  |TAMS 0x0000000087200000, 0x0000000087100000| Untracked 
| 114|0x0000000087200000, 0x0000000087300000, 0x0000000087300000|100%| O|  |TAMS 0x0000000087300000, 0x0000000087200000| Untracked 
| 115|0x0000000087300000, 0x0000000087300000, 0x0000000087400000|  0%| F|  |TAMS 0x0000000087300000, 0x0000000087300000| Untracked 
| 116|0x0000000087400000, 0x0000000087500000, 0x0000000087500000|100%| O|  |TAMS 0x0000000087400000, 0x0000000087400000| Untracked 
| 117|0x0000000087500000, 0x0000000087600000, 0x0000000087600000|100%| O|  |TAMS 0x0000000087600000, 0x0000000087500000| Untracked 
| 118|0x0000000087600000, 0x0000000087700000, 0x0000000087700000|100%| O|  |TAMS 0x0000000087700000, 0x0000000087600000| Untracked 
| 119|0x0000000087700000, 0x0000000087800000, 0x0000000087800000|100%| O|  |TAMS 0x0000000087800000, 0x0000000087700000| Untracked 
| 120|0x0000000087800000, 0x0000000087900000, 0x0000000087900000|100%| O|  |TAMS 0x0000000087900000, 0x0000000087800000| Untracked 
| 121|0x0000000087900000, 0x0000000087a00000, 0x0000000087a00000|100%| O|  |TAMS 0x0000000087a00000, 0x0000000087900000| Untracked 
| 122|0x0000000087a00000, 0x0000000087b00000, 0x0000000087b00000|100%| O|  |TAMS 0x0000000087b00000, 0x0000000087a00000| Untracked 
| 123|0x0000000087b00000, 0x0000000087c00000, 0x0000000087c00000|100%| O|  |TAMS 0x0000000087c00000, 0x0000000087b00000| Untracked 
| 124|0x0000000087c00000, 0x0000000087d00000, 0x0000000087d00000|100%| O|  |TAMS 0x0000000087d00000, 0x0000000087c00000| Untracked 
| 125|0x0000000087d00000, 0x0000000087e00000, 0x0000000087e00000|100%| O|  |TAMS 0x0000000087e00000, 0x0000000087d00000| Untracked 
| 126|0x0000000087e00000, 0x0000000087f00000, 0x0000000087f00000|100%| O|  |TAMS 0x0000000087f00000, 0x0000000087e00000| Untracked 
| 127|0x0000000087f00000, 0x0000000088000000, 0x0000000088000000|100%| O|  |TAMS 0x0000000088000000, 0x0000000087f00000| Untracked 
| 128|0x0000000088000000, 0x0000000088100000, 0x0000000088100000|100%| O|  |TAMS 0x0000000088000000, 0x0000000088000000| Untracked 
| 129|0x0000000088100000, 0x0000000088200000, 0x0000000088200000|100%| O|  |TAMS 0x0000000088200000, 0x0000000088100000| Untracked 
| 130|0x0000000088200000, 0x0000000088300000, 0x0000000088300000|100%| O|  |TAMS 0x0000000088300000, 0x0000000088200000| Untracked 
| 131|0x0000000088300000, 0x0000000088300000, 0x0000000088400000|  0%| F|  |TAMS 0x0000000088300000, 0x0000000088300000| Untracked 
| 132|0x0000000088400000, 0x0000000088500000, 0x0000000088500000|100%| O|  |TAMS 0x0000000088500000, 0x0000000088400000| Untracked 
| 133|0x0000000088500000, 0x0000000088500000, 0x0000000088600000|  0%| F|  |TAMS 0x0000000088500000, 0x0000000088500000| Untracked 
| 134|0x0000000088600000, 0x0000000088600000, 0x0000000088700000|  0%| F|  |TAMS 0x0000000088600000, 0x0000000088600000| Untracked 
| 135|0x0000000088700000, 0x0000000088700000, 0x0000000088800000|  0%| F|  |TAMS 0x0000000088700000, 0x0000000088700000| Untracked 
| 136|0x0000000088800000, 0x0000000088800000, 0x0000000088900000|  0%| F|  |TAMS 0x0000000088800000, 0x0000000088800000| Untracked 
| 137|0x0000000088900000, 0x0000000088900000, 0x0000000088a00000|  0%| F|  |TAMS 0x0000000088900000, 0x0000000088900000| Untracked 
| 138|0x0000000088a00000, 0x0000000088a00000, 0x0000000088b00000|  0%| F|  |TAMS 0x0000000088a00000, 0x0000000088a00000| Untracked 
| 139|0x0000000088b00000, 0x0000000088b00000, 0x0000000088c00000|  0%| F|  |TAMS 0x0000000088b00000, 0x0000000088b00000| Untracked 
| 140|0x0000000088c00000, 0x0000000088c00000, 0x0000000088d00000|  0%| F|  |TAMS 0x0000000088c00000, 0x0000000088c00000| Untracked 
| 141|0x0000000088d00000, 0x0000000088d00000, 0x0000000088e00000|  0%| F|  |TAMS 0x0000000088d00000, 0x0000000088d00000| Untracked 
| 142|0x0000000088e00000, 0x0000000088e00000, 0x0000000088f00000|  0%| F|  |TAMS 0x0000000088e00000, 0x0000000088e00000| Untracked 
| 143|0x0000000088f00000, 0x0000000088f00000, 0x0000000089000000|  0%| F|  |TAMS 0x0000000088f00000, 0x0000000088f00000| Untracked 
| 144|0x0000000089000000, 0x0000000089000000, 0x0000000089100000|  0%| F|  |TAMS 0x0000000089000000, 0x0000000089000000| Untracked 
| 145|0x0000000089100000, 0x0000000089100000, 0x0000000089200000|  0%| F|  |TAMS 0x0000000089100000, 0x0000000089100000| Untracked 
| 146|0x0000000089200000, 0x0000000089200000, 0x0000000089300000|  0%| F|  |TAMS 0x0000000089200000, 0x0000000089200000| Untracked 
| 147|0x0000000089300000, 0x0000000089300000, 0x0000000089400000|  0%| F|  |TAMS 0x0000000089300000, 0x0000000089300000| Untracked 
| 148|0x0000000089400000, 0x0000000089400000, 0x0000000089500000|  0%| F|  |TAMS 0x0000000089400000, 0x0000000089400000| Untracked 
| 149|0x0000000089500000, 0x0000000089500000, 0x0000000089600000|  0%| F|  |TAMS 0x0000000089500000, 0x0000000089500000| Untracked 
| 150|0x0000000089600000, 0x0000000089600000, 0x0000000089700000|  0%| F|  |TAMS 0x0000000089600000, 0x0000000089600000| Untracked 
| 151|0x0000000089700000, 0x0000000089700000, 0x0000000089800000|  0%| F|  |TAMS 0x0000000089700000, 0x0000000089700000| Untracked 
| 152|0x0000000089800000, 0x0000000089800000, 0x0000000089900000|  0%| F|  |TAMS 0x0000000089800000, 0x0000000089800000| Untracked 
| 153|0x0000000089900000, 0x0000000089900000, 0x0000000089a00000|  0%| F|  |TAMS 0x0000000089900000, 0x0000000089900000| Untracked 
| 154|0x0000000089a00000, 0x0000000089a00000, 0x0000000089b00000|  0%| F|  |TAMS 0x0000000089a00000, 0x0000000089a00000| Untracked 
| 155|0x0000000089b00000, 0x0000000089b00000, 0x0000000089c00000|  0%| F|  |TAMS 0x0000000089b00000, 0x0000000089b00000| Untracked 
| 156|0x0000000089c00000, 0x0000000089c00000, 0x0000000089d00000|  0%| F|  |TAMS 0x0000000089c00000, 0x0000000089c00000| Untracked 
| 157|0x0000000089d00000, 0x0000000089d00000, 0x0000000089e00000|  0%| F|  |TAMS 0x0000000089d00000, 0x0000000089d00000| Untracked 
| 158|0x0000000089e00000, 0x0000000089e00000, 0x0000000089f00000|  0%| F|  |TAMS 0x0000000089e00000, 0x0000000089e00000| Untracked 
| 159|0x0000000089f00000, 0x0000000089f00000, 0x000000008a000000|  0%| F|  |TAMS 0x0000000089f00000, 0x0000000089f00000| Untracked 
| 160|0x000000008a000000, 0x000000008a000000, 0x000000008a100000|  0%| F|  |TAMS 0x000000008a000000, 0x000000008a000000| Untracked 
| 161|0x000000008a100000, 0x000000008a100000, 0x000000008a200000|  0%| F|  |TAMS 0x000000008a100000, 0x000000008a100000| Untracked 
| 162|0x000000008a200000, 0x000000008a200000, 0x000000008a300000|  0%| F|  |TAMS 0x000000008a200000, 0x000000008a200000| Untracked 
| 163|0x000000008a300000, 0x000000008a300000, 0x000000008a400000|  0%| F|  |TAMS 0x000000008a300000, 0x000000008a300000| Untracked 
| 164|0x000000008a400000, 0x000000008a400000, 0x000000008a500000|  0%| F|  |TAMS 0x000000008a400000, 0x000000008a400000| Untracked 
| 165|0x000000008a500000, 0x000000008a500000, 0x000000008a600000|  0%| F|  |TAMS 0x000000008a500000, 0x000000008a500000| Untracked 
| 166|0x000000008a600000, 0x000000008a600000, 0x000000008a700000|  0%| F|  |TAMS 0x000000008a600000, 0x000000008a600000| Untracked 
| 167|0x000000008a700000, 0x000000008a700000, 0x000000008a800000|  0%| F|  |TAMS 0x000000008a700000, 0x000000008a700000| Untracked 
| 168|0x000000008a800000, 0x000000008a800000, 0x000000008a900000|  0%| F|  |TAMS 0x000000008a800000, 0x000000008a800000| Untracked 
| 169|0x000000008a900000, 0x000000008a900000, 0x000000008aa00000|  0%| F|  |TAMS 0x000000008a900000, 0x000000008a900000| Untracked 
| 170|0x000000008aa00000, 0x000000008aa00000, 0x000000008ab00000|  0%| F|  |TAMS 0x000000008aa00000, 0x000000008aa00000| Untracked 
| 171|0x000000008ab00000, 0x000000008ab00000, 0x000000008ac00000|  0%| F|  |TAMS 0x000000008ab00000, 0x000000008ab00000| Untracked 
| 172|0x000000008ac00000, 0x000000008ac00000, 0x000000008ad00000|  0%| F|  |TAMS 0x000000008ac00000, 0x000000008ac00000| Untracked 
| 173|0x000000008ad00000, 0x000000008ad00000, 0x000000008ae00000|  0%| F|  |TAMS 0x000000008ad00000, 0x000000008ad00000| Untracked 
| 174|0x000000008ae00000, 0x000000008af00000, 0x000000008af00000|100%| O|  |TAMS 0x000000008af00000, 0x000000008ae00000| Untracked 
| 175|0x000000008af00000, 0x000000008b000000, 0x000000008b000000|100%| O|  |TAMS 0x000000008b000000, 0x000000008af00000| Untracked 
| 176|0x000000008b000000, 0x000000008b100000, 0x000000008b100000|100%| O|  |TAMS 0x000000008b100000, 0x000000008b000000| Untracked 
| 177|0x000000008b100000, 0x000000008b200000, 0x000000008b200000|100%| O|  |TAMS 0x000000008b200000, 0x000000008b100000| Untracked 
| 178|0x000000008b200000, 0x000000008b300000, 0x000000008b300000|100%| O|  |TAMS 0x000000008b300000, 0x000000008b200000| Untracked 
| 179|0x000000008b300000, 0x000000008b400000, 0x000000008b400000|100%| O|  |TAMS 0x000000008b400000, 0x000000008b300000| Untracked 
| 180|0x000000008b400000, 0x000000008b500000, 0x000000008b500000|100%| O|  |TAMS 0x000000008b500000, 0x000000008b400000| Untracked 
| 181|0x000000008b500000, 0x000000008b600000, 0x000000008b600000|100%| O|  |TAMS 0x000000008b600000, 0x000000008b500000| Untracked 
| 182|0x000000008b600000, 0x000000008b700000, 0x000000008b700000|100%| O|  |TAMS 0x000000008b700000, 0x000000008b600000| Untracked 
| 183|0x000000008b700000, 0x000000008b800000, 0x000000008b800000|100%| O|  |TAMS 0x000000008b800000, 0x000000008b700000| Untracked 
| 184|0x000000008b800000, 0x000000008b900000, 0x000000008b900000|100%| O|  |TAMS 0x000000008b900000, 0x000000008b800000| Untracked 
| 185|0x000000008b900000, 0x000000008ba00000, 0x000000008ba00000|100%| O|  |TAMS 0x000000008ba00000, 0x000000008b900000| Untracked 
| 186|0x000000008ba00000, 0x000000008bb00000, 0x000000008bb00000|100%| O|  |TAMS 0x000000008bb00000, 0x000000008ba00000| Untracked 
| 187|0x000000008bb00000, 0x000000008bc00000, 0x000000008bc00000|100%| O|  |TAMS 0x000000008bc00000, 0x000000008bb00000| Untracked 
| 188|0x000000008bc00000, 0x000000008bd00000, 0x000000008bd00000|100%| O|  |TAMS 0x000000008bd00000, 0x000000008bc00000| Untracked 
| 189|0x000000008bd00000, 0x000000008be00000, 0x000000008be00000|100%| O|  |TAMS 0x000000008be00000, 0x000000008bd00000| Untracked 
| 190|0x000000008be00000, 0x000000008bf00000, 0x000000008bf00000|100%| O|  |TAMS 0x000000008be3f200, 0x000000008be00000| Untracked 
| 191|0x000000008bf00000, 0x000000008c000000, 0x000000008c000000|100%| O|  |TAMS 0x000000008bf00000, 0x000000008bf00000| Untracked 
| 192|0x000000008c000000, 0x000000008c000000, 0x000000008c100000|  0%| F|  |TAMS 0x000000008c000000, 0x000000008c000000| Untracked 
| 193|0x000000008c100000, 0x000000008c100000, 0x000000008c200000|  0%| F|  |TAMS 0x000000008c100000, 0x000000008c100000| Untracked 
| 194|0x000000008c200000, 0x000000008c200000, 0x000000008c300000|  0%| F|  |TAMS 0x000000008c200000, 0x000000008c200000| Untracked 
| 195|0x000000008c300000, 0x000000008c300000, 0x000000008c400000|  0%| F|  |TAMS 0x000000008c300000, 0x000000008c300000| Untracked 
| 196|0x000000008c400000, 0x000000008c400000, 0x000000008c500000|  0%| F|  |TAMS 0x000000008c400000, 0x000000008c400000| Untracked 
| 197|0x000000008c500000, 0x000000008c500000, 0x000000008c600000|  0%| F|  |TAMS 0x000000008c500000, 0x000000008c500000| Untracked 
| 198|0x000000008c600000, 0x000000008c600000, 0x000000008c700000|  0%| F|  |TAMS 0x000000008c600000, 0x000000008c600000| Untracked 
| 199|0x000000008c700000, 0x000000008c700000, 0x000000008c800000|  0%| F|  |TAMS 0x000000008c700000, 0x000000008c700000| Untracked 
| 200|0x000000008c800000, 0x000000008c800000, 0x000000008c900000|  0%| F|  |TAMS 0x000000008c800000, 0x000000008c800000| Untracked 
| 201|0x000000008c900000, 0x000000008c900000, 0x000000008ca00000|  0%| F|  |TAMS 0x000000008c900000, 0x000000008c900000| Untracked 
| 202|0x000000008ca00000, 0x000000008ca00000, 0x000000008cb00000|  0%| F|  |TAMS 0x000000008ca00000, 0x000000008ca00000| Untracked 
| 203|0x000000008cb00000, 0x000000008cb00000, 0x000000008cc00000|  0%| F|  |TAMS 0x000000008cb00000, 0x000000008cb00000| Untracked 
| 204|0x000000008cc00000, 0x000000008cc00000, 0x000000008cd00000|  0%| F|  |TAMS 0x000000008cc00000, 0x000000008cc00000| Untracked 
| 205|0x000000008cd00000, 0x000000008cd00000, 0x000000008ce00000|  0%| F|  |TAMS 0x000000008cd00000, 0x000000008cd00000| Untracked 
| 206|0x000000008ce00000, 0x000000008ce00000, 0x000000008cf00000|  0%| F|  |TAMS 0x000000008ce00000, 0x000000008ce00000| Untracked 
| 207|0x000000008cf00000, 0x000000008cf00000, 0x000000008d000000|  0%| F|  |TAMS 0x000000008cf00000, 0x000000008cf00000| Untracked 
| 208|0x000000008d000000, 0x000000008d000000, 0x000000008d100000|  0%| F|  |TAMS 0x000000008d000000, 0x000000008d000000| Untracked 
| 209|0x000000008d100000, 0x000000008d100000, 0x000000008d200000|  0%| F|  |TAMS 0x000000008d100000, 0x000000008d100000| Untracked 
| 210|0x000000008d200000, 0x000000008d200000, 0x000000008d300000|  0%| F|  |TAMS 0x000000008d200000, 0x000000008d200000| Untracked 
| 211|0x000000008d300000, 0x000000008d300000, 0x000000008d400000|  0%| F|  |TAMS 0x000000008d300000, 0x000000008d300000| Untracked 
| 212|0x000000008d400000, 0x000000008d400000, 0x000000008d500000|  0%| F|  |TAMS 0x000000008d400000, 0x000000008d400000| Untracked 
| 213|0x000000008d500000, 0x000000008d500000, 0x000000008d600000|  0%| F|  |TAMS 0x000000008d500000, 0x000000008d500000| Untracked 
| 214|0x000000008d600000, 0x000000008d600000, 0x000000008d700000|  0%| F|  |TAMS 0x000000008d600000, 0x000000008d600000| Untracked 
| 215|0x000000008d700000, 0x000000008d700000, 0x000000008d800000|  0%| F|  |TAMS 0x000000008d700000, 0x000000008d700000| Untracked 
| 216|0x000000008d800000, 0x000000008d800000, 0x000000008d900000|  0%| F|  |TAMS 0x000000008d800000, 0x000000008d800000| Untracked 
| 217|0x000000008d900000, 0x000000008d900000, 0x000000008da00000|  0%| F|  |TAMS 0x000000008d900000, 0x000000008d900000| Untracked 
| 218|0x000000008da00000, 0x000000008da00000, 0x000000008db00000|  0%| F|  |TAMS 0x000000008da00000, 0x000000008da00000| Untracked 
| 219|0x000000008db00000, 0x000000008db00000, 0x000000008dc00000|  0%| F|  |TAMS 0x000000008db00000, 0x000000008db00000| Untracked 
| 220|0x000000008dc00000, 0x000000008dc560d0, 0x000000008dd00000| 33%| S|CS|TAMS 0x000000008dc00000, 0x000000008dc00000| Complete 
| 221|0x000000008dd00000, 0x000000008de00000, 0x000000008de00000|100%| S|CS|TAMS 0x000000008dd00000, 0x000000008dd00000| Complete 
| 222|0x000000008de00000, 0x000000008df00000, 0x000000008df00000|100%| S|CS|TAMS 0x000000008de00000, 0x000000008de00000| Complete 
| 223|0x000000008df00000, 0x000000008e000000, 0x000000008e000000|100%| S|CS|TAMS 0x000000008df00000, 0x000000008df00000| Complete 
| 224|0x000000008e000000, 0x000000008e100000, 0x000000008e100000|100%| S|CS|TAMS 0x000000008e000000, 0x000000008e000000| Complete 
| 225|0x000000008e100000, 0x000000008e100000, 0x000000008e200000|  0%| F|  |TAMS 0x000000008e100000, 0x000000008e100000| Untracked 
| 226|0x000000008e200000, 0x000000008e200000, 0x000000008e300000|  0%| F|  |TAMS 0x000000008e200000, 0x000000008e200000| Untracked 
| 227|0x000000008e300000, 0x000000008e300000, 0x000000008e400000|  0%| F|  |TAMS 0x000000008e300000, 0x000000008e300000| Untracked 
| 228|0x000000008e400000, 0x000000008e400000, 0x000000008e500000|  0%| F|  |TAMS 0x000000008e400000, 0x000000008e400000| Untracked 
| 229|0x000000008e500000, 0x000000008e500000, 0x000000008e600000|  0%| F|  |TAMS 0x000000008e500000, 0x000000008e500000| Untracked 
| 230|0x000000008e600000, 0x000000008e600000, 0x000000008e700000|  0%| F|  |TAMS 0x000000008e600000, 0x000000008e600000| Untracked 
| 231|0x000000008e700000, 0x000000008e700000, 0x000000008e800000|  0%| F|  |TAMS 0x000000008e700000, 0x000000008e700000| Untracked 
| 232|0x000000008e800000, 0x000000008e800000, 0x000000008e900000|  0%| F|  |TAMS 0x000000008e800000, 0x000000008e800000| Untracked 
| 233|0x000000008e900000, 0x000000008e900000, 0x000000008ea00000|  0%| F|  |TAMS 0x000000008e900000, 0x000000008e900000| Untracked 
| 234|0x000000008ea00000, 0x000000008eae18a0, 0x000000008eb00000| 88%| E|  |TAMS 0x000000008ea00000, 0x000000008ea00000| Complete 
| 235|0x000000008eb00000, 0x000000008ec00000, 0x000000008ec00000|100%| E|CS|TAMS 0x000000008eb00000, 0x000000008eb00000| Complete 
| 236|0x000000008ec00000, 0x000000008ed00000, 0x000000008ed00000|100%| E|CS|TAMS 0x000000008ec00000, 0x000000008ec00000| Complete 
| 237|0x000000008ed00000, 0x000000008ee00000, 0x000000008ee00000|100%| E|CS|TAMS 0x000000008ed00000, 0x000000008ed00000| Complete 
| 238|0x000000008ee00000, 0x000000008ef00000, 0x000000008ef00000|100%| E|CS|TAMS 0x000000008ee00000, 0x000000008ee00000| Complete 
| 239|0x000000008ef00000, 0x000000008f000000, 0x000000008f000000|100%| E|CS|TAMS 0x000000008ef00000, 0x000000008ef00000| Complete 
| 240|0x000000008f000000, 0x000000008f100000, 0x000000008f100000|100%| E|CS|TAMS 0x000000008f000000, 0x000000008f000000| Complete 
| 241|0x000000008f100000, 0x000000008f200000, 0x000000008f200000|100%| E|CS|TAMS 0x000000008f100000, 0x000000008f100000| Complete 
| 242|0x000000008f200000, 0x000000008f300000, 0x000000008f300000|100%| E|CS|TAMS 0x000000008f200000, 0x000000008f200000| Complete 
| 243|0x000000008f300000, 0x000000008f400000, 0x000000008f400000|100%| E|CS|TAMS 0x000000008f300000, 0x000000008f300000| Complete 
| 244|0x000000008f400000, 0x000000008f500000, 0x000000008f500000|100%| E|CS|TAMS 0x000000008f400000, 0x000000008f400000| Complete 
| 245|0x000000008f500000, 0x000000008f600000, 0x000000008f600000|100%| E|CS|TAMS 0x000000008f500000, 0x000000008f500000| Complete 
| 246|0x000000008f600000, 0x000000008f700000, 0x000000008f700000|100%| E|CS|TAMS 0x000000008f600000, 0x000000008f600000| Complete 
| 247|0x000000008f700000, 0x000000008f800000, 0x000000008f800000|100%| E|  |TAMS 0x000000008f700000, 0x000000008f700000| Complete 
| 248|0x000000008f800000, 0x000000008f900000, 0x000000008f900000|100%| E|CS|TAMS 0x000000008f800000, 0x000000008f800000| Complete 
| 249|0x000000008f900000, 0x000000008fa00000, 0x000000008fa00000|100%| E|CS|TAMS 0x000000008f900000, 0x000000008f900000| Complete 
| 250|0x000000008fa00000, 0x000000008fb00000, 0x000000008fb00000|100%| E|CS|TAMS 0x000000008fa00000, 0x000000008fa00000| Complete 
| 251|0x000000008fb00000, 0x000000008fc00000, 0x000000008fc00000|100%| E|CS|TAMS 0x000000008fb00000, 0x000000008fb00000| Complete 
| 252|0x000000008fc00000, 0x000000008fd00000, 0x000000008fd00000|100%| E|CS|TAMS 0x000000008fc00000, 0x000000008fc00000| Complete 
| 253|0x000000008fd00000, 0x000000008fe00000, 0x000000008fe00000|100%| E|CS|TAMS 0x000000008fd00000, 0x000000008fd00000| Complete 
| 254|0x000000008fe00000, 0x000000008ff00000, 0x000000008ff00000|100%| E|CS|TAMS 0x000000008fe00000, 0x000000008fe00000| Complete 
| 255|0x000000008ff00000, 0x0000000090000000, 0x0000000090000000|100%| E|CS|TAMS 0x000000008ff00000, 0x000000008ff00000| Complete 
| 256|0x0000000090000000, 0x0000000090100000, 0x0000000090100000|100%| E|CS|TAMS 0x0000000090000000, 0x0000000090000000| Complete 
| 257|0x0000000090100000, 0x0000000090200000, 0x0000000090200000|100%| E|CS|TAMS 0x0000000090100000, 0x0000000090100000| Complete 
| 258|0x0000000090200000, 0x0000000090300000, 0x0000000090300000|100%| E|CS|TAMS 0x0000000090200000, 0x0000000090200000| Complete 
| 259|0x0000000090300000, 0x0000000090400000, 0x0000000090400000|100%| E|CS|TAMS 0x0000000090300000, 0x0000000090300000| Complete 
| 260|0x0000000090400000, 0x0000000090500000, 0x0000000090500000|100%| E|CS|TAMS 0x0000000090400000, 0x0000000090400000| Complete 
| 261|0x0000000090500000, 0x0000000090600000, 0x0000000090600000|100%| E|CS|TAMS 0x0000000090500000, 0x0000000090500000| Complete 
| 262|0x0000000090600000, 0x0000000090700000, 0x0000000090700000|100%| E|CS|TAMS 0x0000000090600000, 0x0000000090600000| Complete 
| 263|0x0000000090700000, 0x0000000090800000, 0x0000000090800000|100%| E|CS|TAMS 0x0000000090700000, 0x0000000090700000| Complete 
| 264|0x0000000090800000, 0x0000000090900000, 0x0000000090900000|100%| E|CS|TAMS 0x0000000090800000, 0x0000000090800000| Complete 
| 265|0x0000000090900000, 0x0000000090a00000, 0x0000000090a00000|100%| E|CS|TAMS 0x0000000090900000, 0x0000000090900000| Complete 
| 266|0x0000000090a00000, 0x0000000090b00000, 0x0000000090b00000|100%| E|CS|TAMS 0x0000000090a00000, 0x0000000090a00000| Complete 
| 267|0x0000000090b00000, 0x0000000090c00000, 0x0000000090c00000|100%| E|CS|TAMS 0x0000000090b00000, 0x0000000090b00000| Complete 
| 268|0x0000000090c00000, 0x0000000090d00000, 0x0000000090d00000|100%| E|CS|TAMS 0x0000000090c00000, 0x0000000090c00000| Complete 
| 269|0x0000000090d00000, 0x0000000090e00000, 0x0000000090e00000|100%| E|CS|TAMS 0x0000000090d00000, 0x0000000090d00000| Complete 
| 270|0x0000000090e00000, 0x0000000090f00000, 0x0000000090f00000|100%| E|CS|TAMS 0x0000000090e00000, 0x0000000090e00000| Complete 
| 271|0x0000000090f00000, 0x0000000091000000, 0x0000000091000000|100%| E|CS|TAMS 0x0000000090f00000, 0x0000000090f00000| Complete 
| 272|0x0000000091000000, 0x0000000091100000, 0x0000000091100000|100%| E|CS|TAMS 0x0000000091000000, 0x0000000091000000| Complete 
| 273|0x0000000091100000, 0x0000000091200000, 0x0000000091200000|100%| E|CS|TAMS 0x0000000091100000, 0x0000000091100000| Complete 
| 274|0x0000000091200000, 0x0000000091300000, 0x0000000091300000|100%| E|CS|TAMS 0x0000000091200000, 0x0000000091200000| Complete 
| 275|0x0000000091300000, 0x0000000091400000, 0x0000000091400000|100%| E|CS|TAMS 0x0000000091300000, 0x0000000091300000| Complete 
| 276|0x0000000091400000, 0x0000000091500000, 0x0000000091500000|100%| E|CS|TAMS 0x0000000091400000, 0x0000000091400000| Complete 
| 277|0x0000000091500000, 0x0000000091600000, 0x0000000091600000|100%| E|CS|TAMS 0x0000000091500000, 0x0000000091500000| Complete 
| 278|0x0000000091600000, 0x0000000091700000, 0x0000000091700000|100%| E|CS|TAMS 0x0000000091600000, 0x0000000091600000| Complete 
| 279|0x0000000091700000, 0x0000000091800000, 0x0000000091800000|100%| E|CS|TAMS 0x0000000091700000, 0x0000000091700000| Complete 

Card table byte_map: [0x000001c3db7d0000,0x000001c3dbbd0000] _byte_map_base: 0x000001c3db3d0000

Marking Bits (Prev, Next): (CMBitMap*) 0x000001c3c6a25af0, (CMBitMap*) 0x000001c3c6a25ab8
 Prev Bits: [0x000001c3ddfd0000, 0x000001c3dffd0000)
 Next Bits: [0x000001c3dbfd0000, 0x000001c3ddfd0000)

Polling page: 0x000001c3c6880000

Metaspace:

Usage:
  Non-class:    117.91 MB capacity,   115.78 MB ( 98%) used,     1.72 MB (  1%) free+waste,   424.25 KB ( <1%) overhead. 
      Class:     17.80 MB capacity,    16.48 MB ( 93%) used,     1.14 MB (  6%) free+waste,   189.31 KB (  1%) overhead. 
       Both:    135.72 MB capacity,   132.25 MB ( 97%) used,     2.86 MB (  2%) free+waste,   613.56 KB ( <1%) overhead. 

Virtual space:
  Non-class space:      118.00 MB reserved,     118.00 MB (100%) committed 
      Class space:        1.00 GB reserved,      17.82 MB (  2%) committed 
             Both:        1.12 GB reserved,     135.82 MB ( 12%) committed 

Chunk freelists:
   Non-Class:  26.00 KB
       Class:  0 bytes
        Both:  26.00 KB

MaxMetaspaceSize: 17179869184.00 GB
CompressedClassSpaceSize: 1.00 GB
Initial GC threshold: 20.80 MB
Current GC threshold: 210.96 MB
CDS: off

CodeHeap 'non-profiled nmethods': size=120064Kb used=12383Kb max_used=12755Kb free=107680Kb
 bounds [0x000001c3d3960000, 0x000001c3d45e0000, 0x000001c3daea0000]
CodeHeap 'profiled nmethods': size=120000Kb used=43265Kb max_used=43265Kb free=76734Kb
 bounds [0x000001c3cc430000, 0x000001c3ceee0000, 0x000001c3d3960000]
CodeHeap 'non-nmethods': size=5696Kb used=2492Kb max_used=2537Kb free=3203Kb
 bounds [0x000001c3cbea0000, 0x000001c3cc130000, 0x000001c3cc430000]
 total_blobs=20062 nmethods=19031 adapters=942
 compilation: enabled
              stopped_count=0, restarted_count=0
 full_count=0

Compilation events (20 events):
Event: 98.162 Thread 0x000001c3e2601800 20618       2       com.android.tools.r8.internal.kj$$Lambda$1807/0x00000001011cb840::accept (12 bytes)
Event: 98.162 Thread 0x000001c3e2601800 nmethod 20618 0x000001c3cd55a910 code [0x000001c3cd55aae0, 0x000001c3cd55acc8]
Event: 98.162 Thread 0x000001c3e2601800 20619       2       com.android.tools.r8.internal.Ko$$Lambda$1630/0x0000000101155040::test (8 bytes)
Event: 98.162 Thread 0x000001c3e2601800 nmethod 20619 0x000001c3cd55a390 code [0x000001c3cd55a540, 0x000001c3cd55a6b8]
Event: 98.163 Thread 0x000001c3e2601800 20620       2       com.android.tools.r8.internal.sg::<init> (354 bytes)
Event: 98.164 Thread 0x000001c3e2601800 nmethod 20620 0x000001c3ccc9c810 code [0x000001c3ccc9cba0, 0x000001c3ccc9de18]
Event: 98.165 Thread 0x000001c3e2601800 20621       2       com.android.tools.r8.graph.f1::isEmpty (14 bytes)
Event: 98.165 Thread 0x000001c3e2601800 nmethod 20621 0x000001c3cd528f10 code [0x000001c3cd5290c0, 0x000001c3cd5291d8]
Event: 98.165 Thread 0x000001c3e2601800 20622       2       com.android.tools.r8.internal.jG::a (115 bytes)
Event: 98.166 Thread 0x000001c3e2601800 nmethod 20622 0x000001c3cd528710 code [0x000001c3cd528900, 0x000001c3cd528ca8]
Event: 98.166 Thread 0x000001c3e2601800 20623       2       com.android.tools.r8.internal.Xc::a (40 bytes)
Event: 98.166 Thread 0x000001c3e2601800 nmethod 20623 0x000001c3cd528310 code [0x000001c3cd5284c0, 0x000001c3cd528628]
Event: 98.167 Thread 0x000001c3e2601800 20624       2       com.android.tools.r8.internal.kj$$Lambda$1811/0x00000001011cc840::accept (12 bytes)
Event: 98.167 Thread 0x000001c3e2601800 nmethod 20624 0x000001c3cd527e90 code [0x000001c3cd528040, 0x000001c3cd528188]
Event: 98.167 Thread 0x000001c3e2601800 20625       2       com.android.tools.r8.internal.kj::a (119 bytes)
Event: 98.167 Thread 0x000001c3e2601800 nmethod 20625 0x000001c3cc921710 code [0x000001c3cc921940, 0x000001c3cc921c98]
Event: 98.168 Thread 0x000001c3e2601800 20626       2       com.android.tools.r8.internal.gI::a (10 bytes)
Event: 98.168 Thread 0x000001c3e2601800 nmethod 20626 0x000001c3cc921390 code [0x000001c3cc921540, 0x000001c3cc921648]
Event: 98.168 Thread 0x000001c3e2601800 20627       2       com.android.tools.r8.graph.L2$$Lambda$1769/0x00000001011c1c40::apply (8 bytes)
Event: 98.168 Thread 0x000001c3e2601800 nmethod 20627 0x000001c3cc920e90 code [0x000001c3cc921040, 0x000001c3cc921218]

GC Heap History (20 events):
Event: 94.219 GC heap before
{Heap before GC invocations=82 (full 0):
 garbage-first heap   total 227328K, used 201474K [0x0000000080000000, 0x0000000100000000)
  region size 1024K, 11 young (11264K), 2 survivors (2048K)
 Metaspace       used 122325K, capacity 125273K, committed 125388K, reserved 1159168K
  class space    used 15172K, capacity 16283K, committed 16332K, reserved 1048576K
}
Event: 94.223 GC heap after
{Heap after GC invocations=83 (full 0):
 garbage-first heap   total 227328K, used 193676K [0x0000000080000000, 0x0000000100000000)
  region size 1024K, 1 young (1024K), 1 survivors (1024K)
 Metaspace       used 122325K, capacity 125273K, committed 125388K, reserved 1159168K
  class space    used 15172K, capacity 16283K, committed 16332K, reserved 1048576K
}
Event: 94.384 GC heap before
{Heap before GC invocations=83 (full 0):
 garbage-first heap   total 227328K, used 203916K [0x0000000080000000, 0x0000000100000000)
  region size 1024K, 11 young (11264K), 1 survivors (1024K)
 Metaspace       used 123225K, capacity 126239K, committed 126540K, reserved 1159168K
  class space    used 15281K, capacity 16392K, committed 16460K, reserved 1048576K
}
Event: 94.388 GC heap after
{Heap after GC invocations=84 (full 0):
 garbage-first heap   total 227328K, used 195009K [0x0000000080000000, 0x0000000100000000)
  region size 1024K, 2 young (2048K), 2 survivors (2048K)
 Metaspace       used 123225K, capacity 126239K, committed 126540K, reserved 1159168K
  class space    used 15281K, capacity 16392K, committed 16460K, reserved 1048576K
}
Event: 94.503 GC heap before
{Heap before GC invocations=84 (full 0):
 garbage-first heap   total 227328K, used 203201K [0x0000000080000000, 0x0000000100000000)
  region size 1024K, 11 young (11264K), 2 survivors (2048K)
 Metaspace       used 124044K, capacity 127089K, committed 127180K, reserved 1159168K
  class space    used 15397K, capacity 16506K, committed 16588K, reserved 1048576K
}
Event: 94.509 GC heap after
{Heap after GC invocations=85 (full 0):
 garbage-first heap   total 227328K, used 196181K [0x0000000080000000, 0x0000000100000000)
  region size 1024K, 2 young (2048K), 2 survivors (2048K)
 Metaspace       used 124044K, capacity 127089K, committed 127180K, reserved 1159168K
  class space    used 15397K, capacity 16506K, committed 16588K, reserved 1048576K
}
Event: 94.790 GC heap before
{Heap before GC invocations=85 (full 0):
 garbage-first heap   total 227328K, used 205397K [0x0000000080000000, 0x0000000100000000)
  region size 1024K, 11 young (11264K), 2 survivors (2048K)
 Metaspace       used 125649K, capacity 128719K, committed 128972K, reserved 1161216K
  class space    used 15593K, capacity 16730K, committed 16844K, reserved 1048576K
}
Event: 94.794 GC heap after
{Heap after GC invocations=86 (full 0):
 garbage-first heap   total 227328K, used 196966K [0x0000000080000000, 0x0000000100000000)
  region size 1024K, 1 young (1024K), 1 survivors (1024K)
 Metaspace       used 125649K, capacity 128719K, committed 128972K, reserved 1161216K
  class space    used 15593K, capacity 16730K, committed 16844K, reserved 1048576K
}
Event: 95.115 GC heap before
{Heap before GC invocations=87 (full 0):
 garbage-first heap   total 227328K, used 190822K [0x0000000080000000, 0x0000000100000000)
  region size 1024K, 11 young (11264K), 1 survivors (1024K)
 Metaspace       used 127203K, capacity 130248K, committed 130508K, reserved 1163264K
  class space    used 15824K, capacity 16961K, committed 17100K, reserved 1048576K
}
Event: 95.122 GC heap after
{Heap after GC invocations=88 (full 0):
 garbage-first heap   total 227328K, used 181519K [0x0000000080000000, 0x0000000100000000)
  region size 1024K, 2 young (2048K), 2 survivors (2048K)
 Metaspace       used 127203K, capacity 130248K, committed 130508K, reserved 1163264K
  class space    used 15824K, capacity 16961K, committed 17100K, reserved 1048576K
}
Event: 95.448 GC heap before
{Heap before GC invocations=88 (full 0):
 garbage-first heap   total 227328K, used 189711K [0x0000000080000000, 0x0000000100000000)
  region size 1024K, 11 young (11264K), 2 survivors (2048K)
 Metaspace       used 128804K, capacity 131962K, committed 132044K, reserved 1163264K
  class space    used 16087K, capacity 17300K, committed 17356K, reserved 1048576K
}
Event: 95.462 GC heap after
{Heap after GC invocations=89 (full 0):
 garbage-first heap   total 227328K, used 159398K [0x0000000080000000, 0x0000000100000000)
  region size 1024K, 1 young (1024K), 1 survivors (1024K)
 Metaspace       used 128804K, capacity 131962K, committed 132044K, reserved 1163264K
  class space    used 16087K, capacity 17300K, committed 17356K, reserved 1048576K
}
Event: 95.801 GC heap before
{Heap before GC invocations=89 (full 0):
 garbage-first heap   total 227328K, used 168614K [0x0000000080000000, 0x0000000100000000)
  region size 1024K, 11 young (11264K), 1 survivors (1024K)
 Metaspace       used 130648K, capacity 133947K, committed 134092K, reserved 1165312K
  class space    used 16374K, capacity 17602K, committed 17612K, reserved 1048576K
}
Event: 95.818 GC heap after
{Heap after GC invocations=90 (full 0):
 garbage-first heap   total 286720K, used 151555K [0x0000000080000000, 0x0000000100000000)
  region size 1024K, 2 young (2048K), 2 survivors (2048K)
 Metaspace       used 130648K, capacity 133947K, committed 134092K, reserved 1165312K
  class space    used 16374K, capacity 17602K, committed 17612K, reserved 1048576K
}
Event: 96.618 GC heap before
{Heap before GC invocations=90 (full 0):
 garbage-first heap   total 286720K, used 193539K [0x0000000080000000, 0x0000000100000000)
  region size 1024K, 44 young (45056K), 2 survivors (2048K)
 Metaspace       used 132329K, capacity 135606K, committed 135884K, reserved 1167360K
  class space    used 16559K, capacity 17823K, committed 17868K, reserved 1048576K
}
Event: 96.628 GC heap after
{Heap after GC invocations=91 (full 0):
 garbage-first heap   total 286720K, used 153065K [0x0000000080000000, 0x0000000100000000)
  region size 1024K, 4 young (4096K), 4 survivors (4096K)
 Metaspace       used 132329K, capacity 135606K, committed 135884K, reserved 1167360K
  class space    used 16559K, capacity 17823K, committed 17868K, reserved 1048576K
}
Event: 97.254 GC heap before
{Heap before GC invocations=91 (full 0):
 garbage-first heap   total 286720K, used 199145K [0x0000000080000000, 0x0000000100000000)
  region size 1024K, 49 young (50176K), 4 survivors (4096K)
 Metaspace       used 133205K, capacity 136576K, committed 136780K, reserved 1167360K
  class space    used 16638K, capacity 17932K, committed 17996K, reserved 1048576K
}
Event: 97.262 GC heap after
{Heap after GC invocations=92 (full 0):
 garbage-first heap   total 286720K, used 153727K [0x0000000080000000, 0x0000000100000000)
  region size 1024K, 4 young (4096K), 4 survivors (4096K)
 Metaspace       used 133205K, capacity 136576K, committed 136780K, reserved 1167360K
  class space    used 16638K, capacity 17932K, committed 17996K, reserved 1048576K
}
Event: 97.813 GC heap before
{Heap before GC invocations=92 (full 0):
 garbage-first heap   total 286720K, used 205951K [0x0000000080000000, 0x0000000100000000)
  region size 1024K, 55 young (56320K), 4 survivors (4096K)
 Metaspace       used 134272K, capacity 137666K, committed 137932K, reserved 1169408K
  class space    used 16740K, capacity 18060K, committed 18124K, reserved 1048576K
}
Event: 97.821 GC heap after
{Heap after GC invocations=93 (full 0):
 garbage-first heap   total 286720K, used 155042K [0x0000000080000000, 0x0000000100000000)
  region size 1024K, 5 young (5120K), 5 survivors (5120K)
 Metaspace       used 134272K, capacity 137666K, committed 137932K, reserved 1169408K
  class space    used 16740K, capacity 18060K, committed 18124K, reserved 1048576K
}

Deoptimization events (20 events):
Event: 98.048 Thread 0x000001c3ec075000 Uncommon trap: trap_request=0xffffffde fr.pc=0x000001c3d3d73d44 relative=0x00000000000001e4
Event: 98.048 Thread 0x000001c3ec075000 Uncommon trap: reason=class_check action=maybe_recompile pc=0x000001c3d3d73d44 method=java.util.function.Function.lambda$andThen$1(Ljava/util/function/Function;Ljava/lang/Object;)Ljava/lang/Object; @ 8 c2
Event: 98.048 Thread 0x000001c3ec075000 DEOPT PACKING pc=0x000001c3d3d73d44 sp=0x000000b711bfc610
Event: 98.048 Thread 0x000001c3ec075000 DEOPT UNPACKING pc=0x000001c3cbeea1af sp=0x000000b711bfc528 mode 2
Event: 98.048 Thread 0x000001c3ec075000 Uncommon trap: trap_request=0xffffffde fr.pc=0x000001c3d3d73d44 relative=0x00000000000001e4
Event: 98.048 Thread 0x000001c3ec075000 Uncommon trap: reason=class_check action=maybe_recompile pc=0x000001c3d3d73d44 method=java.util.function.Function.lambda$andThen$1(Ljava/util/function/Function;Ljava/lang/Object;)Ljava/lang/Object; @ 8 c2
Event: 98.048 Thread 0x000001c3ec075000 DEOPT PACKING pc=0x000001c3d3d73d44 sp=0x000000b711bfc610
Event: 98.048 Thread 0x000001c3ec075000 DEOPT UNPACKING pc=0x000001c3cbeea1af sp=0x000000b711bfc528 mode 2
Event: 98.048 Thread 0x000001c3ec075000 Uncommon trap: trap_request=0xffffffde fr.pc=0x000001c3d3d73d44 relative=0x00000000000001e4
Event: 98.048 Thread 0x000001c3ec075000 Uncommon trap: reason=class_check action=maybe_recompile pc=0x000001c3d3d73d44 method=java.util.function.Function.lambda$andThen$1(Ljava/util/function/Function;Ljava/lang/Object;)Ljava/lang/Object; @ 8 c2
Event: 98.048 Thread 0x000001c3ec075000 DEOPT PACKING pc=0x000001c3d3d73d44 sp=0x000000b711bfc610
Event: 98.048 Thread 0x000001c3ec075000 DEOPT UNPACKING pc=0x000001c3cbeea1af sp=0x000000b711bfc528 mode 2
Event: 98.048 Thread 0x000001c3ec075000 Uncommon trap: trap_request=0xffffffde fr.pc=0x000001c3d3d73d44 relative=0x00000000000001e4
Event: 98.048 Thread 0x000001c3ec075000 Uncommon trap: reason=class_check action=maybe_recompile pc=0x000001c3d3d73d44 method=java.util.function.Function.lambda$andThen$1(Ljava/util/function/Function;Ljava/lang/Object;)Ljava/lang/Object; @ 8 c2
Event: 98.048 Thread 0x000001c3ec075000 DEOPT PACKING pc=0x000001c3d3d73d44 sp=0x000000b711bfc610
Event: 98.048 Thread 0x000001c3ec075000 DEOPT UNPACKING pc=0x000001c3cbeea1af sp=0x000000b711bfc528 mode 2
Event: 98.067 Thread 0x000001c3ec074000 DEOPT PACKING pc=0x000001c3cc4c75c1 sp=0x000000b7119fc090
Event: 98.067 Thread 0x000001c3ec074000 DEOPT UNPACKING pc=0x000001c3cbeea95e sp=0x000000b7119fb530 mode 0
Event: 98.072 Thread 0x000001c3ec074000 DEOPT PACKING pc=0x000001c3ceb2c785 sp=0x000000b7119fbf40
Event: 98.072 Thread 0x000001c3ec074000 DEOPT UNPACKING pc=0x000001c3cbeea95e sp=0x000000b7119fb568 mode 0

Classes redefined (0 events):
No events

Internal exceptions (20 events):
Event: 95.261 Thread 0x000001c3ec075000 Exception <a 'java/lang/NoSuchMethodError'{0x000000008db6e508}: 'java.lang.Object java.lang.invoke.DirectMethodHandle$Holder.invokeStatic(java.lang.Object, int, java.lang.Object, java.lang.Object)'> (0x000000008db6e508) thrown at [./src/hotspot/share/interpreter/linkResolver.cpp, line 773]
Event: 95.261 Thread 0x000001c3ec074000 Exception <a 'java/lang/NoSuchMethodError'{0x000000008db620a8}: 'java.lang.Object java.lang.invoke.DirectMethodHandle$Holder.invokeStatic(java.lang.Object, int, java.lang.Object, java.lang.Object)'> (0x000000008db620a8) thrown at [./src/hotspot/share/interpreter/linkResolver.cpp, line 773]
Event: 95.475 Thread 0x000001c3ec075000 Exception <a 'java/lang/IncompatibleClassChangeError'{0x000000008dd86a20}: Found class java.lang.Object, but interface was expected> (0x000000008dd86a20) thrown at [./src/hotspot/share/interpreter/linkResolver.cpp, line 839]
Event: 95.475 Thread 0x000001c3ec075000 Exception <a 'java/lang/IncompatibleClassChangeError'{0x000000008dd8dc00}: Found class java.lang.Object, but interface was expected> (0x000000008dd8dc00) thrown at [./src/hotspot/share/interpreter/linkResolver.cpp, line 839]
Event: 95.533 Thread 0x000001c3ec074000 Exception <a 'java/lang/NoSuchMethodError'{0x000000008dab15c0}: 'void java.lang.invoke.DirectMethodHandle$Holder.invokeSpecial(java.lang.Object, java.lang.Object, int, java.lang.Object)'> (0x000000008dab15c0) thrown at [./src/hotspot/share/interpreter/linkResolver.cpp, line 773]
Event: 95.780 Thread 0x000001c3ec074000 Exception <a 'java/lang/NoSuchMethodError'{0x000000008d334ce8}: 'java.lang.Object java.lang.invoke.DirectMethodHandle$Holder.newInvokeSpecial(java.lang.Object, int)'> (0x000000008d334ce8) thrown at [./src/hotspot/share/interpreter/linkResolver.cpp, line 773]
Event: 95.780 Thread 0x000001c3ec075000 Exception <a 'java/lang/NoSuchMethodError'{0x000000008d3370e8}: 'java.lang.Object java.lang.invoke.DirectMethodHandle$Holder.newInvokeSpecial(java.lang.Object, int)'> (0x000000008d3370e8) thrown at [./src/hotspot/share/interpreter/linkResolver.cpp, line 773]
Event: 97.532 Thread 0x000001c3ed6de000 Exception <a 'sun/nio/fs/WindowsException'{0x000000008fe516a0}> (0x000000008fe516a0) thrown at [./src/hotspot/share/prims/jni.cpp, line 615]
Event: 97.532 Thread 0x000001c3ed6de000 Exception <a 'sun/nio/fs/WindowsException'{0x000000008fe52530}> (0x000000008fe52530) thrown at [./src/hotspot/share/prims/jni.cpp, line 615]
Event: 97.532 Thread 0x000001c3ed6de000 Exception <a 'sun/nio/fs/WindowsException'{0x000000008fe52808}> (0x000000008fe52808) thrown at [./src/hotspot/share/prims/jni.cpp, line 615]
Event: 97.637 Thread 0x000001c3ec074000 Exception <a 'java/lang/NoSuchMethodError'{0x000000008f1d04e0}: 'long java.lang.invoke.DirectMethodHandle$Holder.invokeStatic(java.lang.Object, java.lang.Object)'> (0x000000008f1d04e0) thrown at [./src/hotspot/share/interpreter/linkResolver.cpp, line 773]
Event: 97.797 Thread 0x000001c3ec075000 Exception <a 'java/lang/NoSuchMethodError'{0x000000008e1122e8}: 'java.lang.Object java.lang.invoke.Invokers$Holder.linkToTargetMethod(java.lang.Object, int, java.lang.Object, java.lang.Object, java.lang.Object, java.lang.Object)'> (0x000000008e1122e8) thrown at [./src/hotspot/share/interpreter/linkResolver.cpp, line 773]
Event: 97.798 Thread 0x000001c3ec075000 Exception <a 'java/lang/NoSuchMethodError'{0x000000008e11e868}: 'java.lang.Object java.lang.invoke.DirectMethodHandle$Holder.invokeStatic(java.lang.Object, java.lang.Object, java.lang.Object, java.lang.Object, int, java.lang.Object, java.lang.Object)'> (0x000000008e11e868) thrown at [./src/hotspot/share/interpreter/linkResolver.cpp, line 773]
Event: 97.798 Thread 0x000001c3ec075000 Exception <a 'java/lang/NoSuchMethodError'{0x000000008e125e10}: 'java.lang.Object java.lang.invoke.Invokers$Holder.linkToTargetMethod(java.lang.Object, java.lang.Object, java.lang.Object, int, java.lang.Object, java.lang.Object, java.lang.Object)'> (0x000000008e125e10) thrown at [./src/hotspot/share/interpreter/linkResolver.cpp, line 773]
Event: 97.800 Thread 0x000001c3ec075000 Exception <a 'java/lang/NoSuchMethodError'{0x000000008e138f08}: 'void java.lang.invoke.DirectMethodHandle$Holder.invokeStatic(java.lang.Object, java.lang.Object, java.lang.Object, java.lang.Object, java.lang.Object, java.lang.Object, java.lang.Object, java.lang.Object)'> (0x000000008e138f08) thrown at [./src/hotspot/share/interpreter/linkResolver.cpp, line 773]
Event: 97.823 Thread 0x000001c3ec075000 Implicit null exception at 0x000001c3d3c92ed2 to 0x000001c3d3c94164
Event: 97.924 Thread 0x000001c3ec075000 Exception <a 'java/lang/IncompatibleClassChangeError'{0x00000000913a8430}: Found class java.lang.Object, but interface was expected> (0x00000000913a8430) thrown at [./src/hotspot/share/interpreter/linkResolver.cpp, line 839]
Event: 98.069 Thread 0x000001c3ec075000 Exception <a 'java/lang/NoSuchMethodError'{0x0000000090aab5d0}: 'void java.lang.invoke.DirectMethodHandle$Holder.invokeSpecial(java.lang.Object, java.lang.Object, int)'> (0x0000000090aab5d0) thrown at [./src/hotspot/share/interpreter/linkResolver.cpp, line 773]
Event: 98.121 Thread 0x000001c3ed6de000 Exception <a 'sun/nio/fs/WindowsException'{0x00000000906645a8}> (0x00000000906645a8) thrown at [./src/hotspot/share/prims/jni.cpp, line 615]
Event: 98.122 Thread 0x000001c3ed6de000 Exception <a 'sun/nio/fs/WindowsException'{0x0000000090665458}> (0x0000000090665458) thrown at [./src/hotspot/share/prims/jni.cpp, line 615]

Events (20 events):
Event: 98.166 loading class com/android/tools/r8/internal/kj
Event: 98.166 loading class com/android/tools/r8/internal/kj done
Event: 98.167 loading class com/android/tools/r8/graph/Z0
Event: 98.167 loading class com/android/tools/r8/graph/Z0 done
Event: 98.167 loading class com/android/tools/r8/internal/kj
Event: 98.167 loading class com/android/tools/r8/internal/kj done
Event: 98.168 loading class com/android/tools/r8/graph/I
Event: 98.168 loading class com/android/tools/r8/graph/I done
Event: 98.168 loading class com/android/tools/r8/graph/I
Event: 98.168 loading class com/android/tools/r8/graph/I done
Event: 98.168 loading class com/android/tools/r8/internal/kj
Event: 98.168 loading class com/android/tools/r8/internal/kj done
Event: 98.168 loading class com/android/tools/r8/graph/U0
Event: 98.168 loading class com/android/tools/r8/graph/U0 done
Event: 98.168 loading class com/android/tools/r8/graph/U0
Event: 98.168 loading class com/android/tools/r8/graph/U0 done
Event: 98.168 loading class com/android/tools/r8/internal/kj
Event: 98.168 loading class com/android/tools/r8/internal/kj done
Event: 98.169 loading class java/util/zip/Adler32
Event: 98.169 loading class java/util/zip/Adler32 done


Dynamic libraries:
0x00007ff7faab0000 - 0x00007ff7faaba000 	C:\Program Files\Android\Android Studio\jre\bin\java.exe
0x00007ffc3d810000 - 0x00007ffc3da04000 	C:\WINDOWS\SYSTEM32\ntdll.dll
0x00007ffc3d710000 - 0x00007ffc3d7cd000 	C:\WINDOWS\System32\KERNEL32.DLL
0x00007ffc3b2a0000 - 0x00007ffc3b567000 	C:\WINDOWS\System32\KERNELBASE.dll
0x00007ffc3b640000 - 0x00007ffc3b740000 	C:\WINDOWS\System32\ucrtbase.dll
0x00007ffc29480000 - 0x00007ffc29499000 	C:\Program Files\Android\Android Studio\jre\bin\jli.dll
0x00007ffc30a30000 - 0x00007ffc30a47000 	C:\Program Files\Android\Android Studio\jre\bin\VCRUNTIME140.dll
0x00007ffc3c600000 - 0x00007ffc3c7a0000 	C:\WINDOWS\System32\USER32.dll
0x00007ffc3b850000 - 0x00007ffc3b872000 	C:\WINDOWS\System32\win32u.dll
0x00007ffc2b810000 - 0x00007ffc2baaa000 	C:\WINDOWS\WinSxS\amd64_microsoft.windows.common-controls_6595b64144ccf1df_6.0.19041.1_none_b555e41d4684ddec\COMCTL32.dll
0x00007ffc3c410000 - 0x00007ffc3c43a000 	C:\WINDOWS\System32\GDI32.dll
0x00007ffc3b910000 - 0x00007ffc3b9ae000 	C:\WINDOWS\System32\msvcrt.dll
0x00007ffc3af60000 - 0x00007ffc3b069000 	C:\WINDOWS\System32\gdi32full.dll
0x00007ffc3b5a0000 - 0x00007ffc3b63d000 	C:\WINDOWS\System32\msvcp_win.dll
0x00007ffc3c3e0000 - 0x00007ffc3c410000 	C:\WINDOWS\System32\IMM32.DLL
0x000001c3c69a0000 - 0x000001c3c69b4000 	C:\WINDOWS\System32\umppc15610.dll
0x00007ffbf1340000 - 0x00007ffbf13dd000 	C:\Program Files\Android\Android Studio\jre\bin\msvcp140.dll
0x00007ffbd9740000 - 0x00007ffbda225000 	C:\Program Files\Android\Android Studio\jre\bin\server\jvm.dll
0x00007ffc3cee0000 - 0x00007ffc3cf8a000 	C:\WINDOWS\System32\ADVAPI32.dll
0x00007ffc3c440000 - 0x00007ffc3c4db000 	C:\WINDOWS\System32\sechost.dll
0x00007ffc3d1b0000 - 0x00007ffc3d2d3000 	C:\WINDOWS\System32\RPCRT4.dll
0x00007ffc3c930000 - 0x00007ffc3c938000 	C:\WINDOWS\System32\PSAPI.DLL
0x00007ffc281f0000 - 0x00007ffc281f9000 	C:\WINDOWS\SYSTEM32\WSOCK32.dll
0x00007ffc3c4e0000 - 0x00007ffc3c54b000 	C:\WINDOWS\System32\WS2_32.dll
0x00007ffc2bcb0000 - 0x00007ffc2bcd7000 	C:\WINDOWS\SYSTEM32\WINMM.dll
0x00007ffc2c920000 - 0x00007ffc2c92a000 	C:\WINDOWS\SYSTEM32\VERSION.dll
0x00007ffc39770000 - 0x00007ffc39783000 	C:\WINDOWS\SYSTEM32\kernel.appcore.dll
0x00007ffc37a50000 - 0x00007ffc37a61000 	C:\Program Files\Android\Android Studio\jre\bin\verify.dll
0x00007ffc26140000 - 0x00007ffc26324000 	C:\WINDOWS\SYSTEM32\DBGHELP.DLL
0x00007ffc26d00000 - 0x00007ffc26d2c000 	C:\WINDOWS\SYSTEM32\dbgcore.DLL
0x00007ffc3b0c0000 - 0x00007ffc3b13f000 	C:\WINDOWS\System32\bcryptPrimitives.dll
0x00007ffc37a20000 - 0x00007ffc37a49000 	C:\Program Files\Android\Android Studio\jre\bin\java.dll
0x00007ffc37a10000 - 0x00007ffc37a1b000 	C:\Program Files\Android\Android Studio\jre\bin\jimage.dll
0x00007ffc379f0000 - 0x00007ffc37a08000 	C:\Program Files\Android\Android Studio\jre\bin\zip.dll
0x00007ffc3ba10000 - 0x00007ffc3c141000 	C:\WINDOWS\System32\SHELL32.dll
0x00007ffc38ec0000 - 0x00007ffc3964a000 	C:\WINDOWS\SYSTEM32\windows.storage.dll
0x00007ffc3d2e0000 - 0x00007ffc3d634000 	C:\WINDOWS\System32\combase.dll
0x00007ffc3a970000 - 0x00007ffc3a99b000 	C:\WINDOWS\SYSTEM32\Wldp.dll
0x00007ffc3c7a0000 - 0x00007ffc3c84e000 	C:\WINDOWS\System32\SHCORE.dll
0x00007ffc3d150000 - 0x00007ffc3d1a5000 	C:\WINDOWS\System32\shlwapi.dll
0x00007ffc3aea0000 - 0x00007ffc3aebf000 	C:\WINDOWS\SYSTEM32\profapi.dll
0x00007ffc379d0000 - 0x00007ffc379ea000 	C:\Program Files\Android\Android Studio\jre\bin\net.dll
0x00007ffc39fc0000 - 0x00007ffc3a0c0000 	C:\WINDOWS\SYSTEM32\WINHTTP.dll
0x00007ffc3a690000 - 0x00007ffc3a6fa000 	C:\WINDOWS\system32\mswsock.dll
0x00007ffc35d40000 - 0x00007ffc35d54000 	C:\Program Files\Android\Android Studio\jre\bin\nio.dll
0x00007ffc27520000 - 0x00007ffc27547000 	C:\Users\apantele\.gradle\native\e1d6ef7f7dcc3fd88c89a11ec53ec762bb8ba0a96d01ffa2cd45eb1d1d8dd5c5\windows-amd64\native-platform.dll
0x00007ffbecb70000 - 0x00007ffbeccb4000 	C:\Users\apantele\.gradle\native\5664cfc778a61ccfe75a443a1ab52a65af34e5dc3c78e0209fed803814484fcb\windows-amd64\native-platform-file-events.dll
0x00007ffc35d30000 - 0x00007ffc35d3a000 	C:\Program Files\Android\Android Studio\jre\bin\management.dll
0x00007ffc35890000 - 0x00007ffc3589d000 	C:\Program Files\Android\Android Studio\jre\bin\management_ext.dll
0x00007ffc3a870000 - 0x00007ffc3a888000 	C:\WINDOWS\SYSTEM32\CRYPTSP.dll
0x00007ffc39f20000 - 0x00007ffc39f54000 	C:\WINDOWS\system32\rsaenh.dll
0x00007ffc3b570000 - 0x00007ffc3b597000 	C:\WINDOWS\System32\bcrypt.dll
0x00007ffc3ae60000 - 0x00007ffc3ae8e000 	C:\WINDOWS\SYSTEM32\USERENV.dll
0x00007ffc3a860000 - 0x00007ffc3a86c000 	C:\WINDOWS\SYSTEM32\CRYPTBASE.dll
0x00007ffc3a380000 - 0x00007ffc3a3bb000 	C:\WINDOWS\SYSTEM32\IPHLPAPI.DLL
0x00007ffc3cff0000 - 0x00007ffc3cff9000 	C:\WINDOWS\System32\NSI.dll
0x00007ffc355d0000 - 0x00007ffc355e7000 	C:\WINDOWS\SYSTEM32\dhcpcsvc6.DLL
0x00007ffc355a0000 - 0x00007ffc355bd000 	C:\WINDOWS\SYSTEM32\dhcpcsvc.DLL
0x00007ffc3a3c0000 - 0x00007ffc3a48a000 	C:\WINDOWS\SYSTEM32\DNSAPI.dll
0x00007ffc2cdb0000 - 0x00007ffc2cdd7000 	C:\Program Files\Android\Android Studio\jre\bin\sunec.dll
0x00007ffc29d20000 - 0x00007ffc29d2a000 	C:\Windows\System32\rasadhlp.dll
0x00007ffc35f80000 - 0x00007ffc35fff000 	C:\WINDOWS\System32\fwpuclnt.dll
0x00007ffc398b0000 - 0x00007ffc398e3000 	C:\WINDOWS\SYSTEM32\ntmarta.dll

dbghelp: loaded successfully - version: 4.0.5 - missing functions: none
symbol engine: initialized successfully - sym options: 0x614 - pdb path: .;C:\Program Files\Android\Android Studio\jre\bin;C:\WINDOWS\SYSTEM32;C:\WINDOWS\WinSxS\amd64_microsoft.windows.common-controls_6595b64144ccf1df_6.0.19041.1_none_b555e41d4684ddec;C:\Program Files\Android\Android Studio\jre\bin\server;C:\Users\apantele\.gradle\native\e1d6ef7f7dcc3fd88c89a11ec53ec762bb8ba0a96d01ffa2cd45eb1d1d8dd5c5\windows-amd64;C:\Users\apantele\.gradle\native\5664cfc778a61ccfe75a443a1ab52a65af34e5dc3c78e0209fed803814484fcb\windows-amd64

VM Arguments:
jvm_args: --add-opens=java.base/java.util=ALL-UNNAMED --add-opens=java.base/java.lang=ALL-UNNAMED --add-opens=java.base/java.lang.invoke=ALL-UNNAMED --add-opens=java.base/java.util=ALL-UNNAMED --add-opens=java.prefs/java.util.prefs=ALL-UNNAMED --add-opens=java.prefs/java.util.prefs=ALL-UNNAMED --add-opens=java.base/java.nio.charset=ALL-UNNAMED --add-opens=java.base/java.net=ALL-UNNAMED --add-opens=java.base/java.util.concurrent.atomic=ALL-UNNAMED -Xmx2048m -Dfile.encoding=UTF-8 -Duser.country=US -Duser.language=en -Duser.variant 
java_command: org.gradle.launcher.daemon.bootstrap.GradleDaemon 7.3.3
java_class_path (initial): C:\Users\apantele\.gradle\wrapper\dists\gradle-7.3.3-bin\6a41zxkdtcxs8rphpq6y0069z\gradle-7.3.3\lib\gradle-launcher-7.3.3.jar
Launcher Type: SUN_STANDARD

[Global flags]
     intx CICompilerCount                          = 3                                         {product} {ergonomic}
     uint ConcGCThreads                            = 1                                         {product} {ergonomic}
     uint G1ConcRefinementThreads                  = 4                                         {product} {ergonomic}
   size_t G1HeapRegionSize                         = 1048576                                   {product} {ergonomic}
    uintx GCDrainStackTargetSize                   = 64                                        {product} {ergonomic}
   size_t InitialHeapSize                          = 134217728                                 {product} {ergonomic}
   size_t MarkStackSize                            = 4194304                                   {product} {ergonomic}
   size_t MaxHeapSize                              = 2147483648                                {product} {command line}
   size_t MaxNewSize                               = 1287651328                                {product} {ergonomic}
   size_t MinHeapDeltaBytes                        = 1048576                                   {product} {ergonomic}
    uintx NonNMethodCodeHeapSize                   = 5830732                                {pd product} {ergonomic}
    uintx NonProfiledCodeHeapSize                  = 122913754                              {pd product} {ergonomic}
    uintx ProfiledCodeHeapSize                     = 122913754                              {pd product} {ergonomic}
    uintx ReservedCodeCacheSize                    = 251658240                              {pd product} {ergonomic}
     bool SegmentedCodeCache                       = true                                      {product} {ergonomic}
     bool UseCompressedClassPointers               = true                                 {lp64_product} {ergonomic}
     bool UseCompressedOops                        = true                                 {lp64_product} {ergonomic}
     bool UseG1GC                                  = true                                      {product} {ergonomic}
     bool UseLargePagesIndividualAllocation        = false                                  {pd product} {ergonomic}

Logging:
Log output configuration:
 #0: stdout all=warning uptime,level,tags
 #1: stderr all=off uptime,level,tags

Environment Variables:
PATH=C:\Python27\Lib\site-packages\PyQt4;C:\Python27\Lib\site-packages\PyQt4;C:\Program Files (x86)\Intel\iCLS Client\;C:\Program Files\Intel\iCLS Client\;C:\ProgramData\Oracle\Java\javapath;C:\Program Files\Common Files\Microsoft Shared\Microsoft Online Services;C:\Program Files (x86)\Common Files\Microsoft Shared\Microsoft Online Services;C:\WINDOWS\system32;C:\WINDOWS;C:\WINDOWS\System32\Wbem;C:\WINDOWS\System32\WindowsPowerShell\v1.0\;C:\WINDOWS\System32\OpenSSH\;C:\Program Files (x86)\Enterprise Vault\EVClient\;C:\Program Files (x86)\Intel\Intel(R) Management Engine Components\DAL;C:\Program Files\Intel\Intel(R) Management Engine Components\DAL;C:\Program Files (x86)\Intel\Intel(R) Management Engine Components\IPT;C:\Program Files\Intel\Intel(R) Management Engine Components\IPT;C:\Program Files\Git\cmd;C:\Users\apantele\AppData\Local\Programs\Python\Python310-32\Scripts\;C:\Users\apantele\AppData\Local\Programs\Python\Python310-32\;C:\Users\apantele\AppData\Local\Microsoft\WindowsApps;C:\ProgramData\Microsoft\Windows\Start Menu\Programs\Python 2.7;C:\Python27;C:\Users\apantele\AppData\Roaming\Microsoft\Windows\Start Menu\Programs\Python 3.10;C:\Users\apantele\AppData\Local\Programs\Microsoft VS Code\bin
USERNAME=apantele
OS=Windows_NT
PROCESSOR_IDENTIFIER=Intel64 Family 6 Model 60 Stepping 3, GenuineIntel



---------------  S Y S T E M  ---------------

OS: Windows 10 , 64 bit Build 19041 (10.0.19041.207)
OS uptime: 0 days 0:14 hours

CPU:total 4 (initial active 4) (2 cores per cpu, 2 threads per core) family 6 model 60 stepping 3 microcode 0x27, cmov, cx8, fxsr, mmx, sse, sse2, sse3, ssse3, sse4.1, sse4.2, popcnt, avx, avx2, aes, clmul, erms, lzcnt, ht, tsc, tscinvbit, bmi1, bmi2, fma

Memory: 4k page, system-wide physical 8097M (1105M free)
TotalPageFile size 12449M (AvailPageFile size 5467M)
current process WorkingSet (physical memory assigned to process): 658M, peak: 658M
current process commit charge ("private bytes"): 690M, peak: 690M

vm_info: OpenJDK 64-Bit Server VM (11.0.12+7-b1504.28-7817840) for windows-amd64 JRE (11.0.12+7-b1504.28-7817840), built on Oct 13 2021 22:12:33 by "builder" with MS VC++ 14.0 (VS2015)

END.
