#
# A fatal error has been detected by the Java Runtime Environment:
#
#  EXCEPTION_ACCESS_VIOLATION (0xc0000005) at pc=0x00007ffd908b0380, pid=4560, tid=11676
#
# JRE version: OpenJDK Runtime Environment (11.0.12+7) (build 11.0.12+7-b1504.28-7817840)
# Java VM: OpenJDK 64-Bit Server VM (11.0.12+7-b1504.28-7817840, mixed mode, tiered, compressed oops, g1 gc, windows-amd64)
# Problematic frame:
# V  [jvm.dll+0x360380]
#
# No core dump will be written. Minidumps are not enabled by default on client versions of Windows
#
# If you would like to submit a bug report, please visit:
#   https://bugreport.java.com/bugreport/crash.jsp
#

---------------  S U M M A R Y ------------

Command Line: --add-opens=java.base/java.util=ALL-UNNAMED --add-opens=java.base/java.lang=ALL-UNNAMED --add-opens=java.base/java.lang.invoke=ALL-UNNAMED --add-opens=java.base/java.util=ALL-UNNAMED --add-opens=java.prefs/java.util.prefs=ALL-UNNAMED --add-opens=java.prefs/java.util.prefs=ALL-UNNAMED --add-opens=java.base/java.nio.charset=ALL-UNNAMED --add-opens=java.base/java.net=ALL-UNNAMED --add-opens=java.base/java.util.concurrent.atomic=ALL-UNNAMED -Xmx2048m -Dfile.encoding=UTF-8 -Duser.country=US -Duser.language=en -Duser.variant org.gradle.launcher.daemon.bootstrap.GradleDaemon 7.3.3

Host: Intel(R) Core(TM) i7-4600M CPU @ 2.90GHz, 4 cores, 7G,  Windows 10 , 64 bit Build 19041 (10.0.19041.207)
Time: Fri Jul 22 16:59:03 2022 GTB Daylight Time elapsed time: 12.820601 seconds (0d 0h 0m 12s)

---------------  T H R E A D  ---------------

Current thread (0x00000227181a4800):  JavaThread "C2 CompilerThread1" daemon [_thread_in_native, id=11676, stack(0x000000b909300000,0x000000b909400000)]


Current CompileTask:
C2:  12821 2773       4       java.util.AbstractCollection::addAll (42 bytes)

Stack: [0x000000b909300000,0x000000b909400000],  sp=0x000000b9093fbf20,  free space=1007k
Native frames: (J=compiled Java code, j=interpreted, Vv=VM code, C=native code)
V  [jvm.dll+0x360380]
V  [jvm.dll+0x359800]
V  [jvm.dll+0x19d0f9]
V  [jvm.dll+0x20070e]
V  [jvm.dll+0x1ff794]
V  [jvm.dll+0x18868c]
V  [jvm.dll+0x20e0d7]
V  [jvm.dll+0x20c901]
V  [jvm.dll+0x6f9b7f]
V  [jvm.dll+0x6f26a5]
V  [jvm.dll+0x5fabf6]
C  [ucrtbase.dll+0x21542]
C  [KERNEL32.DLL+0x16fd4]
C  [ntdll.dll+0x4cec1]


siginfo: EXCEPTION_ACCESS_VIOLATION (0xc0000005), reading address 0x00007fbd90f5c898


Register to memory mapping:

RIP=0x00007ffd908b0380 jvm.dll
RAX=0x00007fbd90f5c898 is an unknown value
RBX=0x0000000000000038 is an unknown value
RCX=0x0000000000000002 is an unknown value
RDX=0x0 is NULL
RSP=0x000000b9093fbf20 is pointing into the stack for thread: 0x00000227181a4800
RBP=0x0000000000000008 is an unknown value
RSI=0x00007ffd90f5c898 jvm.dll
RDI=0x0000022717d354d0 points into unknown readable memory: 0x0000022716fd2e40 | 40 2e fd 16 27 02 00 00
R8 =0x000002271bc16990 points into unknown readable memory: 0x0000000000000001 | 01 00 00 00 00 00 00 00
R9 =0x000000b9093fbf70 is pointing into the stack for thread: 0x00000227181a4800
R10=0x0000000000000007 is an unknown value
R11=0x000000b9093fbe80 is pointing into the stack for thread: 0x00000227181a4800
R12=0x00007ffd90550000 jvm.dll
R13=0x0000000000000008 is an unknown value
R14=0x000000000000001c is an unknown value
R15=0x00007ffd90f5c898 jvm.dll


Registers:
RAX=0x00007fbd90f5c898, RBX=0x0000000000000038, RCX=0x0000000000000002, RDX=0x0000000000000000
RSP=0x000000b9093fbf20, RBP=0x0000000000000008, RSI=0x00007ffd90f5c898, RDI=0x0000022717d354d0
R8 =0x000002271bc16990, R9 =0x000000b9093fbf70, R10=0x0000000000000007, R11=0x000000b9093fbe80
R12=0x00007ffd90550000, R13=0x0000000000000008, R14=0x000000000000001c, R15=0x00007ffd90f5c898
RIP=0x00007ffd908b0380, EFLAGS=0x0000000000010246

Top of Stack: (sp=0x000000b9093fbf20)
0x000000b9093fbf20:   0000000000000000 0000000000000000
0x000000b9093fbf30:   0000022716fd2e48 0000022717c29c00
0x000000b9093fbf40:   000000000000083c 00007ffd908a9800
0x000000b9093fbf50:   000002271bc16210 000000b9093fc090
0x000000b9093fbf60:   000000000000083c 00007ffd90d8df20
0x000000b9093fbf70:   0000000000000000 0000022700000008
0x000000b9093fbf80:   00007fbd90f5c898 0000000000000000
0x000000b9093fbf90:   000002271882a1f0 0000022700000012
0x000000b9093fbfa0:   000002271bc16990 000000b9093fc518
0x000000b9093fbfb0:   0000022716eed4a0 0000000000000000
0x000000b9093fbfc0:   000000b9093fc0d0 00007ffd906ed0f9
0x000000b9093fbfd0:   000000b9093fc430 000000b9093fc518
0x000000b9093fbfe0:   00000000000003d8 0000022716eed4b0
0x000000b9093fbff0:   0000000000009900 0000000000000000
0x000000b9093fc000:   000000b900000006 0000022716eed4a0
0x000000b9093fc010:   000002271be80760 000002271be81d60 

Instructions: (pc=0x00007ffd908b0380)
0x00007ffd908b0280:   58 4c 8b 64 24 50 48 8b c3 48 83 c4 20 41 5f 5f
0x00007ffd908b0290:   5e 5d 5b c3 cc cc cc cc cc cc cc cc cc cc cc cc
0x00007ffd908b02a0:   83 3a 00 4c 8b c2 c7 41 08 08 00 00 00 75 16 33
0x00007ffd908b02b0:   d2 c7 41 18 01 00 00 00 89 11 48 8b c1 c7 41 28
0x00007ffd908b02c0:   01 00 00 00 c3 33 d2 48 89 11 89 51 18 41 8b 80
0x00007ffd908b02d0:   90 00 00 00 89 41 28 48 89 51 10 49 8b 40 08 48
0x00007ffd908b02e0:   89 41 20 48 8b c1 4c 89 41 30 c3 cc cc cc cc cc
0x00007ffd908b02f0:   48 83 ec 28 8b 51 08 4c 8b c9 83 fa 08 73 18 4c
0x00007ffd908b0300:   8b 41 10 8b c2 41 83 3c 80 00 0f 85 0d 01 00 00
0x00007ffd908b0310:   ff c2 83 fa 08 72 ec 44 8b 51 18 48 89 5c 24 30
0x00007ffd908b0320:   48 89 6c 24 38 48 89 74 24 40 48 89 7c 24 20 44
0x00007ffd908b0330:   3b 51 28 0f 83 b9 00 00 00 8b 0d 3d 81 6e 00 48
0x00007ffd908b0340:   8d 35 52 c5 6a 00 65 48 8b 04 25 58 00 00 00 bd
0x00007ffd908b0350:   08 00 00 00 48 8d 3c c8 0f 1f 84 00 00 00 00 00
0x00007ffd908b0360:   41 8b c2 48 8d 1c c5 00 00 00 00 49 8b 41 20 48
0x00007ffd908b0370:   8b 04 03 48 3b c6 74 6d 49 89 41 10 33 d2 66 90
0x00007ffd908b0380:   83 38 00 0f 85 c3 00 00 00 ff c2 48 83 c0 04 83
0x00007ffd908b0390:   fa 08 72 ec 4d 8b 59 30 4d 85 db 74 48 49 8b 43
0x00007ffd908b03a0:   08 8b d5 48 03 17 4c 8b 04 03 48 8b 02 48 8b 88
0x00007ffd908b03b0:   d0 04 00 00 48 8b 81 88 00 00 00 48 8b 88 88 08
0x00007ffd908b03c0:   00 00 49 89 08 48 8b 02 48 8b 88 d0 04 00 00 48
0x00007ffd908b03d0:   8b 81 88 00 00 00 4c 89 80 88 08 00 00 49 8b 43
0x00007ffd908b03e0:   08 48 89 34 03 41 ff c2 45 3b 51 28 0f 82 6e ff
0x00007ffd908b03f0:   ff ff 41 8b 41 28 41 89 41 18 33 c0 41 c7 41 08
0x00007ffd908b0400:   08 00 00 00 48 8b 74 24 40 48 8b 6c 24 38 48 8b
0x00007ffd908b0410:   5c 24 30 48 8b 7c 24 20 48 83 c4 28 c3 8b 41 18
0x00007ffd908b0420:   8d 0c c2 8b c2 c1 e1 05 81 e9 00 01 00 00 41 89
0x00007ffd908b0430:   49 04 41 8b 0c 80 8d 42 01 41 89 09 49 8b c9 41
0x00007ffd908b0440:   89 41 08 48 83 c4 28 e9 c4 fd e3 ff 42 8d 04 d2
0x00007ffd908b0450:   c1 e0 05 41 89 41 04 49 8b 41 10 8b 0c 90 41 8d
0x00007ffd908b0460:   42 01 41 89 41 18 8d 42 01 41 89 09 49 8b c9 41
0x00007ffd908b0470:   89 41 08 e8 98 fd e3 ff eb 8a cc cc cc cc cc cc 


Stack slot to memory mapping:
stack at sp + 0 slots: 0x0 is NULL
stack at sp + 1 slots: 0x0 is NULL
stack at sp + 2 slots: 0x0000022716fd2e48 points into unknown readable memory: 0x00000227181a4800 | 00 48 1a 18 27 02 00 00
stack at sp + 3 slots: 0x0000022717c29c00 points into unknown readable memory: 0x766f6f72672f7375 | 75 73 2f 67 72 6f 6f 76
stack at sp + 4 slots: 0x000000000000083c is an unknown value
stack at sp + 5 slots: 0x00007ffd908a9800 jvm.dll
stack at sp + 6 slots: 0x000002271bc16210 points into unknown readable memory: 0x0000000000000002 | 02 00 00 00 00 00 00 00
stack at sp + 7 slots: 0x000000b9093fc090 is pointing into the stack for thread: 0x00000227181a4800


---------------  P R O C E S S  ---------------

Threads class SMR info:
_java_thread_list=0x0000022719b1ded0, length=31, elements={
0x000002277afe4000, 0x00000227153d2000, 0x00000227153d8000, 0x00000227153ef800,
0x00000227153f2000, 0x00000227153f4000, 0x00000227153f5800, 0x00000227153fb800,
0x000002271541e800, 0x0000022715ea6800, 0x000002271826f000, 0x0000022717817000,
0x0000022717523800, 0x0000022716ad8000, 0x0000022718aac800, 0x00000227180f8000,
0x0000022719557800, 0x00000227181e3800, 0x0000022717b3c800, 0x00000227182d1800,
0x00000227182d2000, 0x00000227182d0800, 0x00000227182d3000, 0x0000022719960000,
0x000002271995d800, 0x000002271995e000, 0x000002271995f000, 0x000002271995c800,
0x00000227181a4800, 0x0000022719960800, 0x000002271995b000
}

Java Threads: ( => current thread )
  0x000002277afe4000 JavaThread "main" [_thread_blocked, id=14248, stack(0x000000b906d00000,0x000000b906e00000)]
  0x00000227153d2000 JavaThread "Reference Handler" daemon [_thread_blocked, id=3968, stack(0x000000b907400000,0x000000b907500000)]
  0x00000227153d8000 JavaThread "Finalizer" daemon [_thread_blocked, id=12720, stack(0x000000b907500000,0x000000b907600000)]
  0x00000227153ef800 JavaThread "Signal Dispatcher" daemon [_thread_blocked, id=6228, stack(0x000000b907600000,0x000000b907700000)]
  0x00000227153f2000 JavaThread "Attach Listener" daemon [_thread_blocked, id=11528, stack(0x000000b907700000,0x000000b907800000)]
  0x00000227153f4000 JavaThread "Service Thread" daemon [_thread_blocked, id=4384, stack(0x000000b907800000,0x000000b907900000)]
  0x00000227153f5800 JavaThread "C2 CompilerThread0" daemon [_thread_in_native, id=7552, stack(0x000000b907900000,0x000000b907a00000)]
  0x00000227153fb800 JavaThread "C1 CompilerThread0" daemon [_thread_in_native, id=7556, stack(0x000000b907a00000,0x000000b907b00000)]
  0x000002271541e800 JavaThread "Sweeper thread" daemon [_thread_blocked, id=6476, stack(0x000000b907b00000,0x000000b907c00000)]
  0x0000022715ea6800 JavaThread "Common-Cleaner" daemon [_thread_blocked, id=4164, stack(0x000000b907c00000,0x000000b907d00000)]
  0x000002271826f000 JavaThread "Daemon health stats" [_thread_blocked, id=5584, stack(0x000000b908100000,0x000000b908200000)]
  0x0000022717817000 JavaThread "Incoming local TCP Connector on port 57667" [_thread_in_native, id=14088, stack(0x000000b907e00000,0x000000b907f00000)]
  0x0000022717523800 JavaThread "Daemon periodic checks" [_thread_blocked, id=10192, stack(0x000000b908200000,0x000000b908300000)]
  0x0000022716ad8000 JavaThread "Daemon" [_thread_blocked, id=12452, stack(0x000000b908300000,0x000000b908400000)]
  0x0000022718aac800 JavaThread "Handler for socket connection from /127.0.0.1:57667 to /127.0.0.1:57668" [_thread_in_native, id=7580, stack(0x000000b908400000,0x000000b908500000)]
  0x00000227180f8000 JavaThread "Cancel handler" [_thread_blocked, id=2020, stack(0x000000b908500000,0x000000b908600000)]
  0x0000022719557800 JavaThread "Daemon worker" [_thread_in_Java, id=11780, stack(0x000000b908600000,0x000000b908700000)]
  0x00000227181e3800 JavaThread "Asynchronous log dispatcher for DefaultDaemonConnection: socket connection from /127.0.0.1:57667 to /127.0.0.1:57668" [_thread_blocked, id=3220, stack(0x000000b908700000,0x000000b908800000)]
  0x0000022717b3c800 JavaThread "Stdin handler" [_thread_blocked, id=13168, stack(0x000000b908800000,0x000000b908900000)]
  0x00000227182d1800 JavaThread "Daemon client event forwarder" [_thread_blocked, id=14012, stack(0x000000b908900000,0x000000b908a00000)]
  0x00000227182d2000 JavaThread "Cache worker for journal cache (C:\Users\apantele\.gradle\caches\journal-1)" [_thread_blocked, id=7616, stack(0x000000b908b00000,0x000000b908c00000)]
  0x00000227182d0800 JavaThread "File lock request listener" [_thread_in_native, id=12012, stack(0x000000b908c00000,0x000000b908d00000)]
  0x00000227182d3000 JavaThread "Cache worker for file hash cache (C:\Users\apantele\.gradle\caches\7.3.3\fileHashes)" [_thread_blocked, id=11964, stack(0x000000b908d00000,0x000000b908e00000)]
  0x0000022719960000 JavaThread "Cache worker for file hash cache (C:\Users\apantele\AndroidStudioProjects\BeacOnOffice\.gradle\7.3.3\fileHashes)" [_thread_blocked, id=10960, stack(0x000000b908f00000,0x000000b909000000)]
  0x000002271995d800 JavaThread "File watcher server" daemon [_thread_in_native, id=12108, stack(0x000000b909000000,0x000000b909100000)]
  0x000002271995e000 JavaThread "File watcher consumer" daemon [_thread_blocked, id=12072, stack(0x000000b909100000,0x000000b909200000)]
  0x000002271995f000 JavaThread "Cache worker for checksums cache (C:\Users\apantele\AndroidStudioProjects\BeacOnOffice\.gradle\7.3.3\checksums)" [_thread_blocked, id=1944, stack(0x000000b908e00000,0x000000b908f00000)]
  0x000002271995c800 JavaThread "Cache worker for cache directory md-supplier (C:\Users\apantele\.gradle\caches\7.3.3\md-supplier)" [_thread_blocked, id=10288, stack(0x000000b909200000,0x000000b909300000)]
=>0x00000227181a4800 JavaThread "C2 CompilerThread1" daemon [_thread_in_native, id=11676, stack(0x000000b909300000,0x000000b909400000)]
  0x0000022719960800 JavaThread "Cache worker for cache directory md-rule (C:\Users\apantele\.gradle\caches\7.3.3\md-rule)" [_thread_blocked, id=2236, stack(0x000000b909400000,0x000000b909500000)]
  0x000002271995b000 JavaThread "Cache worker for execution history cache (C:\Users\apantele\.gradle\caches\7.3.3\executionHistory)" [_thread_blocked, id=10576, stack(0x000000b909500000,0x000000b909600000)]

Other Threads:
  0x00000227153cc800 VMThread "VM Thread" [stack: 0x000000b907300000,0x000000b907400000] [id=6136]
  0x0000022715ece000 WatcherThread [stack: 0x000000b907d00000,0x000000b907e00000] [id=5980]
  0x000002277affb800 GCTaskThread "GC Thread#0" [stack: 0x000000b906e00000,0x000000b906f00000] [id=2156]
  0x000002271645c000 GCTaskThread "GC Thread#1" [stack: 0x000000b907f00000,0x000000b908000000] [id=10888]
  0x000002271622e800 GCTaskThread "GC Thread#2" [stack: 0x000000b908000000,0x000000b908100000] [id=13376]
  0x0000022717688000 GCTaskThread "GC Thread#3" [stack: 0x000000b908a00000,0x000000b908b00000] [id=1996]
  0x000002277b030000 ConcurrentGCThread "G1 Main Marker" [stack: 0x000000b906f00000,0x000000b907000000] [id=12600]
  0x000002277b031000 ConcurrentGCThread "G1 Conc#0" [stack: 0x000000b907000000,0x000000b907100000] [id=13708]
  0x0000022715220800 ConcurrentGCThread "G1 Refine#0" [stack: 0x000000b907100000,0x000000b907200000] [id=8312]
  0x0000022715221000 ConcurrentGCThread "G1 Young RemSet Sampling" [stack: 0x000000b907200000,0x000000b907300000] [id=6436]

Threads with active compile tasks:
C2 CompilerThread1  12992 2773       4       java.util.AbstractCollection::addAll (42 bytes)

VM state:not at safepoint (normal execution)

VM Mutex/Monitor currently owned by a thread: None

Heap address: 0x0000000080000000, size: 2048 MB, Compressed Oops mode: 32-bit
Narrow klass base: 0x0000000000000000, Narrow klass shift: 3
Compressed class space size: 1073741824 Address: 0x0000000100000000

Heap:
 garbage-first heap   total 131072K, used 33715K [0x0000000080000000, 0x0000000100000000)
  region size 1024K, 19 young (19456K), 6 survivors (6144K)
 Metaspace       used 37036K, capacity 37866K, committed 38092K, reserved 1083392K
  class space    used 4761K, capacity 5084K, committed 5120K, reserved 1048576K
Heap Regions: E=young(eden), S=young(survivor), O=old, HS=humongous(starts), HC=humongous(continues), CS=collection set, F=free, A=archive, TAMS=top-at-mark-start (previous, next)
|   0|0x0000000080000000, 0x0000000080100000, 0x0000000080100000|100%| O|  |TAMS 0x0000000080100000, 0x0000000080000000| Untracked 
|   1|0x0000000080100000, 0x0000000080200000, 0x0000000080200000|100%| O|  |TAMS 0x0000000080200000, 0x0000000080100000| Untracked 
|   2|0x0000000080200000, 0x0000000080300000, 0x0000000080300000|100%| O|  |TAMS 0x0000000080300000, 0x0000000080200000| Untracked 
|   3|0x0000000080300000, 0x0000000080400000, 0x0000000080400000|100%|HS|  |TAMS 0x0000000080400000, 0x0000000080300000| Complete 
|   4|0x0000000080400000, 0x0000000080500000, 0x0000000080500000|100%|HC|  |TAMS 0x0000000080500000, 0x0000000080400000| Complete 
|   5|0x0000000080500000, 0x0000000080600000, 0x0000000080600000|100%|HC|  |TAMS 0x0000000080600000, 0x0000000080500000| Complete 
|   6|0x0000000080600000, 0x0000000080700000, 0x0000000080700000|100%| O|  |TAMS 0x0000000080700000, 0x0000000080600000| Untracked 
|   7|0x0000000080700000, 0x0000000080800000, 0x0000000080800000|100%| O|  |TAMS 0x0000000080800000, 0x0000000080700000| Untracked 
|   8|0x0000000080800000, 0x0000000080900000, 0x0000000080900000|100%| O|  |TAMS 0x0000000080900000, 0x0000000080800000| Untracked 
|   9|0x0000000080900000, 0x0000000080a00000, 0x0000000080a00000|100%| O|  |TAMS 0x0000000080a00000, 0x0000000080900000| Untracked 
|  10|0x0000000080a00000, 0x0000000080b00000, 0x0000000080b00000|100%| O|  |TAMS 0x0000000080b00000, 0x0000000080a00000| Untracked 
|  11|0x0000000080b00000, 0x0000000080c00000, 0x0000000080c00000|100%| O|  |TAMS 0x0000000080c00000, 0x0000000080b00000| Untracked 
|  12|0x0000000080c00000, 0x0000000080d00000, 0x0000000080d00000|100%| O|  |TAMS 0x0000000080d00000, 0x0000000080c00000| Untracked 
|  13|0x0000000080d00000, 0x0000000080e00000, 0x0000000080e00000|100%| O|  |TAMS 0x0000000080e00000, 0x0000000080d00000| Untracked 
|  14|0x0000000080e00000, 0x0000000080f00000, 0x0000000080f00000|100%| O|  |TAMS 0x0000000080f00000, 0x0000000080e00000| Untracked 
|  15|0x0000000080f00000, 0x0000000080fecc00, 0x0000000081000000| 92%| O|  |TAMS 0x0000000080fecc00, 0x0000000080f00000| Untracked 
|  16|0x0000000081000000, 0x0000000081000000, 0x0000000081100000|  0%| F|  |TAMS 0x0000000081000000, 0x0000000081000000| Untracked 
|  17|0x0000000081100000, 0x0000000081100000, 0x0000000081200000|  0%| F|  |TAMS 0x0000000081100000, 0x0000000081100000| Untracked 
|  18|0x0000000081200000, 0x0000000081200000, 0x0000000081300000|  0%| F|  |TAMS 0x0000000081200000, 0x0000000081200000| Untracked 
|  19|0x0000000081300000, 0x0000000081300000, 0x0000000081400000|  0%| F|  |TAMS 0x0000000081300000, 0x0000000081300000| Untracked 
|  20|0x0000000081400000, 0x0000000081400000, 0x0000000081500000|  0%| F|  |TAMS 0x0000000081400000, 0x0000000081400000| Untracked 
|  21|0x0000000081500000, 0x0000000081500000, 0x0000000081600000|  0%| F|  |TAMS 0x0000000081500000, 0x0000000081500000| Untracked 
|  22|0x0000000081600000, 0x0000000081600000, 0x0000000081700000|  0%| F|  |TAMS 0x0000000081600000, 0x0000000081600000| Untracked 
|  23|0x0000000081700000, 0x0000000081700000, 0x0000000081800000|  0%| F|  |TAMS 0x0000000081700000, 0x0000000081700000| Untracked 
|  24|0x0000000081800000, 0x0000000081800000, 0x0000000081900000|  0%| F|  |TAMS 0x0000000081800000, 0x0000000081800000| Untracked 
|  25|0x0000000081900000, 0x0000000081900000, 0x0000000081a00000|  0%| F|  |TAMS 0x0000000081900000, 0x0000000081900000| Untracked 
|  26|0x0000000081a00000, 0x0000000081a00000, 0x0000000081b00000|  0%| F|  |TAMS 0x0000000081a00000, 0x0000000081a00000| Untracked 
|  27|0x0000000081b00000, 0x0000000081b00000, 0x0000000081c00000|  0%| F|  |TAMS 0x0000000081b00000, 0x0000000081b00000| Untracked 
|  28|0x0000000081c00000, 0x0000000081c00000, 0x0000000081d00000|  0%| F|  |TAMS 0x0000000081c00000, 0x0000000081c00000| Untracked 
|  29|0x0000000081d00000, 0x0000000081d00000, 0x0000000081e00000|  0%| F|  |TAMS 0x0000000081d00000, 0x0000000081d00000| Untracked 
|  30|0x0000000081e00000, 0x0000000081e00000, 0x0000000081f00000|  0%| F|  |TAMS 0x0000000081e00000, 0x0000000081e00000| Untracked 
|  31|0x0000000081f00000, 0x0000000081f00000, 0x0000000082000000|  0%| F|  |TAMS 0x0000000081f00000, 0x0000000081f00000| Untracked 
|  32|0x0000000082000000, 0x0000000082000000, 0x0000000082100000|  0%| F|  |TAMS 0x0000000082000000, 0x0000000082000000| Untracked 
|  33|0x0000000082100000, 0x0000000082100000, 0x0000000082200000|  0%| F|  |TAMS 0x0000000082100000, 0x0000000082100000| Untracked 
|  34|0x0000000082200000, 0x0000000082200000, 0x0000000082300000|  0%| F|  |TAMS 0x0000000082200000, 0x0000000082200000| Untracked 
|  35|0x0000000082300000, 0x0000000082300000, 0x0000000082400000|  0%| F|  |TAMS 0x0000000082300000, 0x0000000082300000| Untracked 
|  36|0x0000000082400000, 0x0000000082400000, 0x0000000082500000|  0%| F|  |TAMS 0x0000000082400000, 0x0000000082400000| Untracked 
|  37|0x0000000082500000, 0x0000000082500000, 0x0000000082600000|  0%| F|  |TAMS 0x0000000082500000, 0x0000000082500000| Untracked 
|  38|0x0000000082600000, 0x0000000082600000, 0x0000000082700000|  0%| F|  |TAMS 0x0000000082600000, 0x0000000082600000| Untracked 
|  39|0x0000000082700000, 0x0000000082700000, 0x0000000082800000|  0%| F|  |TAMS 0x0000000082700000, 0x0000000082700000| Untracked 
|  40|0x0000000082800000, 0x0000000082800000, 0x0000000082900000|  0%| F|  |TAMS 0x0000000082800000, 0x0000000082800000| Untracked 
|  41|0x0000000082900000, 0x0000000082900000, 0x0000000082a00000|  0%| F|  |TAMS 0x0000000082900000, 0x0000000082900000| Untracked 
|  42|0x0000000082a00000, 0x0000000082a00000, 0x0000000082b00000|  0%| F|  |TAMS 0x0000000082a00000, 0x0000000082a00000| Untracked 
|  43|0x0000000082b00000, 0x0000000082b00000, 0x0000000082c00000|  0%| F|  |TAMS 0x0000000082b00000, 0x0000000082b00000| Untracked 
|  44|0x0000000082c00000, 0x0000000082c00000, 0x0000000082d00000|  0%| F|  |TAMS 0x0000000082c00000, 0x0000000082c00000| Untracked 
|  45|0x0000000082d00000, 0x0000000082d00000, 0x0000000082e00000|  0%| F|  |TAMS 0x0000000082d00000, 0x0000000082d00000| Untracked 
|  46|0x0000000082e00000, 0x0000000082e00000, 0x0000000082f00000|  0%| F|  |TAMS 0x0000000082e00000, 0x0000000082e00000| Untracked 
|  47|0x0000000082f00000, 0x0000000082f00000, 0x0000000083000000|  0%| F|  |TAMS 0x0000000082f00000, 0x0000000082f00000| Untracked 
|  48|0x0000000083000000, 0x0000000083000000, 0x0000000083100000|  0%| F|  |TAMS 0x0000000083000000, 0x0000000083000000| Untracked 
|  49|0x0000000083100000, 0x0000000083100000, 0x0000000083200000|  0%| F|  |TAMS 0x0000000083100000, 0x0000000083100000| Untracked 
|  50|0x0000000083200000, 0x0000000083200000, 0x0000000083300000|  0%| F|  |TAMS 0x0000000083200000, 0x0000000083200000| Untracked 
|  51|0x0000000083300000, 0x0000000083300000, 0x0000000083400000|  0%| F|  |TAMS 0x0000000083300000, 0x0000000083300000| Untracked 
|  52|0x0000000083400000, 0x0000000083400000, 0x0000000083500000|  0%| F|  |TAMS 0x0000000083400000, 0x0000000083400000| Untracked 
|  53|0x0000000083500000, 0x0000000083500000, 0x0000000083600000|  0%| F|  |TAMS 0x0000000083500000, 0x0000000083500000| Untracked 
|  54|0x0000000083600000, 0x0000000083600000, 0x0000000083700000|  0%| F|  |TAMS 0x0000000083600000, 0x0000000083600000| Untracked 
|  55|0x0000000083700000, 0x0000000083700000, 0x0000000083800000|  0%| F|  |TAMS 0x0000000083700000, 0x0000000083700000| Untracked 
|  56|0x0000000083800000, 0x0000000083800000, 0x0000000083900000|  0%| F|  |TAMS 0x0000000083800000, 0x0000000083800000| Untracked 
|  57|0x0000000083900000, 0x0000000083900000, 0x0000000083a00000|  0%| F|  |TAMS 0x0000000083900000, 0x0000000083900000| Untracked 
|  58|0x0000000083a00000, 0x0000000083a00000, 0x0000000083b00000|  0%| F|  |TAMS 0x0000000083a00000, 0x0000000083a00000| Untracked 
|  59|0x0000000083b00000, 0x0000000083b00000, 0x0000000083c00000|  0%| F|  |TAMS 0x0000000083b00000, 0x0000000083b00000| Untracked 
|  60|0x0000000083c00000, 0x0000000083c00000, 0x0000000083d00000|  0%| F|  |TAMS 0x0000000083c00000, 0x0000000083c00000| Untracked 
|  61|0x0000000083d00000, 0x0000000083d00000, 0x0000000083e00000|  0%| F|  |TAMS 0x0000000083d00000, 0x0000000083d00000| Untracked 
|  62|0x0000000083e00000, 0x0000000083e00000, 0x0000000083f00000|  0%| F|  |TAMS 0x0000000083e00000, 0x0000000083e00000| Untracked 
|  63|0x0000000083f00000, 0x0000000083f00000, 0x0000000084000000|  0%| F|  |TAMS 0x0000000083f00000, 0x0000000083f00000| Untracked 
|  64|0x0000000084000000, 0x0000000084000000, 0x0000000084100000|  0%| F|  |TAMS 0x0000000084000000, 0x0000000084000000| Untracked 
|  65|0x0000000084100000, 0x0000000084100000, 0x0000000084200000|  0%| F|  |TAMS 0x0000000084100000, 0x0000000084100000| Untracked 
|  66|0x0000000084200000, 0x0000000084200000, 0x0000000084300000|  0%| F|  |TAMS 0x0000000084200000, 0x0000000084200000| Untracked 
|  67|0x0000000084300000, 0x0000000084300000, 0x0000000084400000|  0%| F|  |TAMS 0x0000000084300000, 0x0000000084300000| Untracked 
|  68|0x0000000084400000, 0x0000000084400000, 0x0000000084500000|  0%| F|  |TAMS 0x0000000084400000, 0x0000000084400000| Untracked 
|  69|0x0000000084500000, 0x0000000084500000, 0x0000000084600000|  0%| F|  |TAMS 0x0000000084500000, 0x0000000084500000| Untracked 
|  70|0x0000000084600000, 0x0000000084600000, 0x0000000084700000|  0%| F|  |TAMS 0x0000000084600000, 0x0000000084600000| Untracked 
|  71|0x0000000084700000, 0x0000000084700000, 0x0000000084800000|  0%| F|  |TAMS 0x0000000084700000, 0x0000000084700000| Untracked 
|  72|0x0000000084800000, 0x0000000084800000, 0x0000000084900000|  0%| F|  |TAMS 0x0000000084800000, 0x0000000084800000| Untracked 
|  73|0x0000000084900000, 0x0000000084900000, 0x0000000084a00000|  0%| F|  |TAMS 0x0000000084900000, 0x0000000084900000| Untracked 
|  74|0x0000000084a00000, 0x0000000084a00000, 0x0000000084b00000|  0%| F|  |TAMS 0x0000000084a00000, 0x0000000084a00000| Untracked 
|  75|0x0000000084b00000, 0x0000000084b00000, 0x0000000084c00000|  0%| F|  |TAMS 0x0000000084b00000, 0x0000000084b00000| Untracked 
|  76|0x0000000084c00000, 0x0000000084c00000, 0x0000000084d00000|  0%| F|  |TAMS 0x0000000084c00000, 0x0000000084c00000| Untracked 
|  77|0x0000000084d00000, 0x0000000084d00000, 0x0000000084e00000|  0%| F|  |TAMS 0x0000000084d00000, 0x0000000084d00000| Untracked 
|  78|0x0000000084e00000, 0x0000000084e00000, 0x0000000084f00000|  0%| F|  |TAMS 0x0000000084e00000, 0x0000000084e00000| Untracked 
|  79|0x0000000084f00000, 0x0000000084f00000, 0x0000000085000000|  0%| F|  |TAMS 0x0000000084f00000, 0x0000000084f00000| Untracked 
|  80|0x0000000085000000, 0x0000000085000000, 0x0000000085100000|  0%| F|  |TAMS 0x0000000085000000, 0x0000000085000000| Untracked 
|  81|0x0000000085100000, 0x0000000085100000, 0x0000000085200000|  0%| F|  |TAMS 0x0000000085100000, 0x0000000085100000| Untracked 
|  82|0x0000000085200000, 0x0000000085200000, 0x0000000085300000|  0%| F|  |TAMS 0x0000000085200000, 0x0000000085200000| Untracked 
|  83|0x0000000085300000, 0x0000000085300000, 0x0000000085400000|  0%| F|  |TAMS 0x0000000085300000, 0x0000000085300000| Untracked 
|  84|0x0000000085400000, 0x0000000085400000, 0x0000000085500000|  0%| F|  |TAMS 0x0000000085400000, 0x0000000085400000| Untracked 
|  85|0x0000000085500000, 0x0000000085500000, 0x0000000085600000|  0%| F|  |TAMS 0x0000000085500000, 0x0000000085500000| Untracked 
|  86|0x0000000085600000, 0x0000000085600000, 0x0000000085700000|  0%| F|  |TAMS 0x0000000085600000, 0x0000000085600000| Untracked 
|  87|0x0000000085700000, 0x0000000085700000, 0x0000000085800000|  0%| F|  |TAMS 0x0000000085700000, 0x0000000085700000| Untracked 
|  88|0x0000000085800000, 0x0000000085800000, 0x0000000085900000|  0%| F|  |TAMS 0x0000000085800000, 0x0000000085800000| Untracked 
|  89|0x0000000085900000, 0x0000000085900000, 0x0000000085a00000|  0%| F|  |TAMS 0x0000000085900000, 0x0000000085900000| Untracked 
|  90|0x0000000085a00000, 0x0000000085a00000, 0x0000000085b00000|  0%| F|  |TAMS 0x0000000085a00000, 0x0000000085a00000| Untracked 
|  91|0x0000000085b00000, 0x0000000085b00000, 0x0000000085c00000|  0%| F|  |TAMS 0x0000000085b00000, 0x0000000085b00000| Untracked 
|  92|0x0000000085c00000, 0x0000000085c00000, 0x0000000085d00000|  0%| F|  |TAMS 0x0000000085c00000, 0x0000000085c00000| Untracked 
|  93|0x0000000085d00000, 0x0000000085d00000, 0x0000000085e00000|  0%| F|  |TAMS 0x0000000085d00000, 0x0000000085d00000| Untracked 
|  94|0x0000000085e00000, 0x0000000085e00000, 0x0000000085f00000|  0%| F|  |TAMS 0x0000000085e00000, 0x0000000085e00000| Untracked 
|  95|0x0000000085f00000, 0x0000000085f00000, 0x0000000086000000|  0%| F|  |TAMS 0x0000000085f00000, 0x0000000085f00000| Untracked 
|  96|0x0000000086000000, 0x0000000086000000, 0x0000000086100000|  0%| F|  |TAMS 0x0000000086000000, 0x0000000086000000| Untracked 
|  97|0x0000000086100000, 0x0000000086100000, 0x0000000086200000|  0%| F|  |TAMS 0x0000000086100000, 0x0000000086100000| Untracked 
|  98|0x0000000086200000, 0x0000000086200000, 0x0000000086300000|  0%| F|  |TAMS 0x0000000086200000, 0x0000000086200000| Untracked 
|  99|0x0000000086300000, 0x0000000086300000, 0x0000000086400000|  0%| F|  |TAMS 0x0000000086300000, 0x0000000086300000| Untracked 
| 100|0x0000000086400000, 0x0000000086400000, 0x0000000086500000|  0%| F|  |TAMS 0x0000000086400000, 0x0000000086400000| Untracked 
| 101|0x0000000086500000, 0x0000000086500000, 0x0000000086600000|  0%| F|  |TAMS 0x0000000086500000, 0x0000000086500000| Untracked 
| 102|0x0000000086600000, 0x0000000086600000, 0x0000000086700000|  0%| F|  |TAMS 0x0000000086600000, 0x0000000086600000| Untracked 
| 103|0x0000000086700000, 0x0000000086700000, 0x0000000086800000|  0%| F|  |TAMS 0x0000000086700000, 0x0000000086700000| Untracked 
| 104|0x0000000086800000, 0x0000000086800000, 0x0000000086900000|  0%| F|  |TAMS 0x0000000086800000, 0x0000000086800000| Untracked 
| 105|0x0000000086900000, 0x0000000086900000, 0x0000000086a00000|  0%| F|  |TAMS 0x0000000086900000, 0x0000000086900000| Untracked 
| 106|0x0000000086a00000, 0x0000000086a00000, 0x0000000086b00000|  0%| F|  |TAMS 0x0000000086a00000, 0x0000000086a00000| Untracked 
| 107|0x0000000086b00000, 0x0000000086b00000, 0x0000000086c00000|  0%| F|  |TAMS 0x0000000086b00000, 0x0000000086b00000| Untracked 
| 108|0x0000000086c00000, 0x0000000086d00000, 0x0000000086d00000|100%| E|  |TAMS 0x0000000086c00000, 0x0000000086c00000| Complete 
| 109|0x0000000086d00000, 0x0000000086e00000, 0x0000000086e00000|100%| S|CS|TAMS 0x0000000086d00000, 0x0000000086d00000| Complete 
| 110|0x0000000086e00000, 0x0000000086f00000, 0x0000000086f00000|100%| S|CS|TAMS 0x0000000086e00000, 0x0000000086e00000| Complete 
| 111|0x0000000086f00000, 0x0000000087000000, 0x0000000087000000|100%| S|CS|TAMS 0x0000000086f00000, 0x0000000086f00000| Complete 
| 112|0x0000000087000000, 0x0000000087100000, 0x0000000087100000|100%| S|CS|TAMS 0x0000000087000000, 0x0000000087000000| Complete 
| 113|0x0000000087100000, 0x0000000087200000, 0x0000000087200000|100%| S|CS|TAMS 0x0000000087100000, 0x0000000087100000| Complete 
| 114|0x0000000087200000, 0x0000000087300000, 0x0000000087300000|100%| S|CS|TAMS 0x0000000087200000, 0x0000000087200000| Complete 
| 115|0x0000000087300000, 0x0000000087400000, 0x0000000087400000|100%| E|CS|TAMS 0x0000000087300000, 0x0000000087300000| Complete 
| 116|0x0000000087400000, 0x0000000087500000, 0x0000000087500000|100%| E|CS|TAMS 0x0000000087400000, 0x0000000087400000| Complete 
| 117|0x0000000087500000, 0x0000000087600000, 0x0000000087600000|100%| E|CS|TAMS 0x0000000087500000, 0x0000000087500000| Complete 
| 118|0x0000000087600000, 0x0000000087700000, 0x0000000087700000|100%| E|CS|TAMS 0x0000000087600000, 0x0000000087600000| Complete 
| 119|0x0000000087700000, 0x0000000087800000, 0x0000000087800000|100%| E|CS|TAMS 0x0000000087700000, 0x0000000087700000| Complete 
| 120|0x0000000087800000, 0x0000000087900000, 0x0000000087900000|100%| E|CS|TAMS 0x0000000087800000, 0x0000000087800000| Complete 
| 121|0x0000000087900000, 0x0000000087a00000, 0x0000000087a00000|100%| E|  |TAMS 0x0000000087900000, 0x0000000087900000| Complete 
| 122|0x0000000087a00000, 0x0000000087b00000, 0x0000000087b00000|100%| E|CS|TAMS 0x0000000087a00000, 0x0000000087a00000| Complete 
| 123|0x0000000087b00000, 0x0000000087c00000, 0x0000000087c00000|100%| E|CS|TAMS 0x0000000087b00000, 0x0000000087b00000| Complete 
| 124|0x0000000087c00000, 0x0000000087d00000, 0x0000000087d00000|100%| E|CS|TAMS 0x0000000087c00000, 0x0000000087c00000| Complete 
| 125|0x0000000087d00000, 0x0000000087e00000, 0x0000000087e00000|100%| E|CS|TAMS 0x0000000087d00000, 0x0000000087d00000| Complete 
| 126|0x0000000087e00000, 0x0000000087f00000, 0x0000000087f00000|100%| E|CS|TAMS 0x0000000087e00000, 0x0000000087e00000| Complete 
| 127|0x0000000087f00000, 0x0000000088000000, 0x0000000088000000|100%| E|CS|TAMS 0x0000000087f00000, 0x0000000087f00000| Complete 

Card table byte_map: [0x000002277f550000,0x000002277f950000] _byte_map_base: 0x000002277f150000

Marking Bits (Prev, Next): (CMBitMap*) 0x000002277b027668, (CMBitMap*) 0x000002277b0276a0
 Prev Bits: [0x000002270f000000, 0x0000022711000000)
 Next Bits: [0x0000022711000000, 0x0000022713000000)

Polling page: 0x00000227795b0000

Metaspace:

Usage:
  Non-class:     32.08 MB capacity,    31.55 MB ( 98%) used,   465.41 KB (  1%) free+waste,    79.81 KB ( <1%) overhead. 
      Class:      4.96 MB capacity,     4.65 MB ( 94%) used,   283.91 KB (  6%) free+waste,    38.50 KB ( <1%) overhead. 
       Both:     37.04 MB capacity,    36.20 MB ( 98%) used,   749.32 KB (  2%) free+waste,   118.31 KB ( <1%) overhead. 

Virtual space:
  Non-class space:       34.00 MB reserved,      32.20 MB ( 95%) committed 
      Class space:        1.00 GB reserved,       5.00 MB ( <1%) committed 
             Both:        1.03 GB reserved,      37.20 MB (  4%) committed 

Chunk freelists:
   Non-Class:  59.00 KB
       Class:  4.00 KB
        Both:  63.00 KB

MaxMetaspaceSize: 17179869184.00 GB
CompressedClassSpaceSize: 1.00 GB
Initial GC threshold: 20.80 MB
Current GC threshold: 58.88 MB
CDS: off

CodeHeap 'non-profiled nmethods': size=120064Kb used=1567Kb max_used=1567Kb free=118496Kb
 bounds [0x0000022707ac0000, 0x0000022707d30000, 0x000002270f000000]
CodeHeap 'profiled nmethods': size=120000Kb used=6475Kb max_used=6475Kb free=113525Kb
 bounds [0x0000022700590000, 0x0000022700bf0000, 0x0000022707ac0000]
CodeHeap 'non-nmethods': size=5696Kb used=1587Kb max_used=1632Kb free=4108Kb
 bounds [0x0000022700000000, 0x0000022700270000, 0x0000022700590000]
 total_blobs=3780 nmethods=3158 adapters=534
 compilation: enabled
              stopped_count=0, restarted_count=0
 full_count=0

Compilation events (20 events):
Event: 12.697 Thread 0x00000227153fb800 2880       1       java.lang.Enum::name (5 bytes)
Event: 12.697 Thread 0x00000227153fb800 nmethod 2880 0x0000022707c33b90 code [0x0000022707c33d40, 0x0000022707c33df8]
Event: 12.699 Thread 0x00000227153fb800 2882       3       java.lang.reflect.Field::copy (76 bytes)
Event: 12.700 Thread 0x00000227153fb800 nmethod 2882 0x0000022700b69010 code [0x0000022700b69200, 0x0000022700b695f8]
Event: 12.700 Thread 0x00000227153fb800 2883       1       java.lang.reflect.Field::getDeclaringClass (5 bytes)
Event: 12.700 Thread 0x00000227153fb800 nmethod 2883 0x0000022707c33e90 code [0x0000022707c34040, 0x0000022707c340f8]
Event: 12.701 Thread 0x00000227153fb800 2884       1       groovy.lang.MetaProperty::getName (5 bytes)
Event: 12.702 Thread 0x00000227153fb800 nmethod 2884 0x0000022707c34190 code [0x0000022707c34340, 0x0000022707c343f8]
Event: 12.702 Thread 0x00000227153fb800 2885       3       java.beans.MethodRef::get (91 bytes)
Event: 12.702 Thread 0x00000227153fb800 nmethod 2885 0x0000022700b69710 code [0x0000022700b69980, 0x0000022700b6a538]
Event: 12.702 Thread 0x00000227153fb800 2886       3       org.codehaus.groovy.reflection.CachedMethod::getReturnType (8 bytes)
Event: 12.702 Thread 0x00000227153fb800 nmethod 2886 0x0000022700b6a810 code [0x0000022700b6a9c0, 0x0000022700b6aad8]
Event: 12.703 Thread 0x00000227153fb800 2887       3       org.codehaus.groovy.util.ComplexKeyHashMap::hash (31 bytes)
Event: 12.703 Thread 0x00000227153fb800 nmethod 2887 0x0000022700b6ab90 code [0x0000022700b6ad40, 0x0000022700b6ae38]
Event: 12.703 Thread 0x00000227153fb800 2888       3       org.codehaus.groovy.util.SingleKeyHashMap::getOrPut (137 bytes)
Event: 12.704 Thread 0x00000227153fb800 nmethod 2888 0x0000022700b6af10 code [0x0000022700b6b160, 0x0000022700b6bca8]
Event: 12.706 Thread 0x00000227153fb800 2889       1       java.util.logging.Logger::getName (5 bytes)
Event: 12.706 Thread 0x00000227153fb800 nmethod 2889 0x0000022707c34490 code [0x0000022707c34640, 0x0000022707c346f8]
Event: 12.798 Thread 0x00000227153fb800 2890       3       sun.nio.fs.WindowsPathParser::isSlash (18 bytes)
Event: 12.798 Thread 0x00000227153fb800 nmethod 2890 0x0000022700b6c010 code [0x0000022700b6c1c0, 0x0000022700b6c338]

GC Heap History (16 events):
Event: 0.949 GC heap before
{Heap before GC invocations=0 (full 0):
 garbage-first heap   total 131072K, used 20480K [0x0000000080000000, 0x0000000100000000)
  region size 1024K, 14 young (14336K), 0 survivors (0K)
 Metaspace       used 6737K, capacity 6925K, committed 7168K, reserved 1056768K
  class space    used 582K, capacity 650K, committed 768K, reserved 1048576K
}
Event: 0.954 GC heap after
{Heap after GC invocations=1 (full 0):
 garbage-first heap   total 131072K, used 7705K [0x0000000080000000, 0x0000000100000000)
  region size 1024K, 2 young (2048K), 2 survivors (2048K)
 Metaspace       used 6737K, capacity 6925K, committed 7168K, reserved 1056768K
  class space    used 582K, capacity 650K, committed 768K, reserved 1048576K
}
Event: 1.469 GC heap before
{Heap before GC invocations=1 (full 0):
 garbage-first heap   total 131072K, used 19993K [0x0000000080000000, 0x0000000100000000)
  region size 1024K, 14 young (14336K), 2 survivors (2048K)
 Metaspace       used 9887K, capacity 10118K, committed 10368K, reserved 1058816K
  class space    used 1027K, capacity 1102K, committed 1152K, reserved 1048576K
}
Event: 1.472 GC heap after
{Heap after GC invocations=2 (full 0):
 garbage-first heap   total 131072K, used 9338K [0x0000000080000000, 0x0000000100000000)
  region size 1024K, 2 young (2048K), 2 survivors (2048K)
 Metaspace       used 9887K, capacity 10118K, committed 10368K, reserved 1058816K
  class space    used 1027K, capacity 1102K, committed 1152K, reserved 1048576K
}
Event: 2.573 GC heap before
{Heap before GC invocations=2 (full 0):
 garbage-first heap   total 131072K, used 40058K [0x0000000080000000, 0x0000000100000000)
  region size 1024K, 32 young (32768K), 2 survivors (2048K)
 Metaspace       used 10850K, capacity 11073K, committed 11264K, reserved 1058816K
  class space    used 1130K, capacity 1207K, committed 1280K, reserved 1048576K
}
Event: 2.576 GC heap after
{Heap after GC invocations=3 (full 0):
 garbage-first heap   total 131072K, used 11623K [0x0000000080000000, 0x0000000100000000)
  region size 1024K, 4 young (4096K), 4 survivors (4096K)
 Metaspace       used 10850K, capacity 11073K, committed 11264K, reserved 1058816K
  class space    used 1130K, capacity 1207K, committed 1280K, reserved 1048576K
}
Event: 10.145 GC heap before
{Heap before GC invocations=3 (full 0):
 garbage-first heap   total 131072K, used 59751K [0x0000000080000000, 0x0000000100000000)
  region size 1024K, 51 young (52224K), 4 survivors (4096K)
 Metaspace       used 18648K, capacity 19008K, committed 19328K, reserved 1067008K
  class space    used 2231K, capacity 2342K, committed 2432K, reserved 1048576K
}
Event: 10.156 GC heap after
{Heap after GC invocations=4 (full 0):
 garbage-first heap   total 131072K, used 16233K [0x0000000080000000, 0x0000000100000000)
  region size 1024K, 7 young (7168K), 7 survivors (7168K)
 Metaspace       used 18648K, capacity 19008K, committed 19328K, reserved 1067008K
  class space    used 2231K, capacity 2342K, committed 2432K, reserved 1048576K
}
Event: 10.423 GC heap before
{Heap before GC invocations=4 (full 0):
 garbage-first heap   total 131072K, used 36713K [0x0000000080000000, 0x0000000100000000)
  region size 1024K, 28 young (28672K), 7 survivors (7168K)
 Metaspace       used 20740K, capacity 21135K, committed 21248K, reserved 1067008K
  class space    used 2547K, capacity 2710K, committed 2816K, reserved 1048576K
}
Event: 10.432 GC heap after
{Heap after GC invocations=5 (full 0):
 garbage-first heap   total 131072K, used 17123K [0x0000000080000000, 0x0000000100000000)
  region size 1024K, 5 young (5120K), 5 survivors (5120K)
 Metaspace       used 20740K, capacity 21135K, committed 21248K, reserved 1067008K
  class space    used 2547K, capacity 2710K, committed 2816K, reserved 1048576K
}
Event: 11.232 GC heap before
{Heap before GC invocations=6 (full 0):
 garbage-first heap   total 131072K, used 65251K [0x0000000080000000, 0x0000000100000000)
  region size 1024K, 53 young (54272K), 5 survivors (5120K)
 Metaspace       used 25719K, capacity 26291K, committed 26368K, reserved 1073152K
  class space    used 3321K, capacity 3519K, committed 3584K, reserved 1048576K
}
Event: 11.240 GC heap after
{Heap after GC invocations=7 (full 0):
 garbage-first heap   total 131072K, used 18950K [0x0000000080000000, 0x0000000100000000)
  region size 1024K, 3 young (3072K), 3 survivors (3072K)
 Metaspace       used 25719K, capacity 26291K, committed 26368K, reserved 1073152K
  class space    used 3321K, capacity 3519K, committed 3584K, reserved 1048576K
}
Event: 12.125 GC heap before
{Heap before GC invocations=7 (full 0):
 garbage-first heap   total 131072K, used 71174K [0x0000000080000000, 0x0000000100000000)
  region size 1024K, 54 young (55296K), 3 survivors (3072K)
 Metaspace       used 30664K, capacity 31399K, committed 31616K, reserved 1077248K
  class space    used 4106K, capacity 4377K, committed 4480K, reserved 1048576K
}
Event: 12.131 GC heap after
{Heap after GC invocations=8 (full 0):
 garbage-first heap   total 131072K, used 20403K [0x0000000080000000, 0x0000000100000000)
  region size 1024K, 4 young (4096K), 4 survivors (4096K)
 Metaspace       used 30664K, capacity 31399K, committed 31616K, reserved 1077248K
  class space    used 4106K, capacity 4377K, committed 4480K, reserved 1048576K
}
Event: 12.584 GC heap before
{Heap before GC invocations=8 (full 0):
 garbage-first heap   total 131072K, used 32691K [0x0000000080000000, 0x0000000100000000)
  region size 1024K, 17 young (17408K), 4 survivors (4096K)
 Metaspace       used 34959K, capacity 35787K, committed 35840K, reserved 1081344K
  class space    used 4532K, capacity 4839K, committed 4864K, reserved 1048576K
}
Event: 12.598 GC heap after
{Heap after GC invocations=9 (full 0):
 garbage-first heap   total 131072K, used 22451K [0x0000000080000000, 0x0000000100000000)
  region size 1024K, 6 young (6144K), 6 survivors (6144K)
 Metaspace       used 34959K, capacity 35787K, committed 35840K, reserved 1081344K
  class space    used 4532K, capacity 4839K, committed 4864K, reserved 1048576K
}

Deoptimization events (20 events):
Event: 12.669 Thread 0x0000022719557800 Uncommon trap: trap_request=0xffffff4d fr.pc=0x0000022707b74fc4 relative=0x0000000000000084
Event: 12.669 Thread 0x0000022719557800 Uncommon trap: reason=unstable_if action=reinterpret pc=0x0000022707b74fc4 method=jdk.internal.loader.URLClassPath$JarLoader.getResource(Ljava/lang/String;ZLjava/util/Set;)Ljdk/internal/loader/Resource; @ 17 c2
Event: 12.669 Thread 0x0000022719557800 DEOPT PACKING pc=0x0000022707b74fc4 sp=0x000000b9086f5540
Event: 12.669 Thread 0x0000022719557800 DEOPT UNPACKING pc=0x000002270004a1af sp=0x000000b9086f5488 mode 2
Event: 12.798 Thread 0x0000022719557800 Uncommon trap: trap_request=0xffffff4d fr.pc=0x0000022707adaadc relative=0x000000000000003c
Event: 12.798 Thread 0x0000022719557800 Uncommon trap: reason=unstable_if action=reinterpret pc=0x0000022707adaadc method=sun.nio.fs.WindowsPathParser.isSlash(C)Z @ 9 c2
Event: 12.798 Thread 0x0000022719557800 DEOPT PACKING pc=0x0000022707adaadc sp=0x000000b9086f96f0
Event: 12.798 Thread 0x0000022719557800 DEOPT UNPACKING pc=0x000002270004a1af sp=0x000000b9086f9678 mode 2
Event: 12.798 Thread 0x0000022719557800 Uncommon trap: trap_request=0xffffff4d fr.pc=0x0000022707bd8d2c relative=0x000000000000152c
Event: 12.798 Thread 0x0000022719557800 Uncommon trap: reason=unstable_if action=reinterpret pc=0x0000022707bd8d2c method=sun.nio.fs.WindowsPathParser.isSlash(C)Z @ 9 c2
Event: 12.798 Thread 0x0000022719557800 DEOPT PACKING pc=0x0000022707bd8d2c sp=0x000000b9086f9620
Event: 12.798 Thread 0x0000022719557800 DEOPT UNPACKING pc=0x000002270004a1af sp=0x000000b9086f95c8 mode 2
Event: 12.808 Thread 0x0000022719557800 Uncommon trap: trap_request=0xffffff4d fr.pc=0x0000022707c29f60 relative=0x00000000000003a0
Event: 12.808 Thread 0x0000022719557800 Uncommon trap: reason=unstable_if action=reinterpret pc=0x0000022707c29f60 method=java.lang.String.equalsIgnoreCase(Ljava/lang/String;)Z @ 36 c2
Event: 12.808 Thread 0x0000022719557800 DEOPT PACKING pc=0x0000022707c29f60 sp=0x000000b9086f7db0
Event: 12.808 Thread 0x0000022719557800 DEOPT UNPACKING pc=0x000002270004a1af sp=0x000000b9086f7d70 mode 2
Event: 12.810 Thread 0x0000022719557800 Uncommon trap: trap_request=0xffffffc6 fr.pc=0x0000022707c07a34 relative=0x0000000000005014
Event: 12.810 Thread 0x0000022719557800 Uncommon trap: reason=bimorphic_or_optimized_type_check action=maybe_recompile pc=0x0000022707c07a34 method=java.net.URL.<init>(Ljava/net/URL;Ljava/lang/String;Ljava/net/URLStreamHandler;)V @ 504 c2
Event: 12.810 Thread 0x0000022719557800 DEOPT PACKING pc=0x0000022707c07a34 sp=0x000000b9086f7810
Event: 12.810 Thread 0x0000022719557800 DEOPT UNPACKING pc=0x000002270004a1af sp=0x000000b9086f77b0 mode 2

Classes redefined (0 events):
No events

Internal exceptions (20 events):
Event: 11.620 Thread 0x0000022719557800 Exception <a 'java/lang/NoSuchMethodError'{0x0000000086c4e0b8}: 'java.lang.Object java.lang.invoke.DirectMethodHandle$Holder.invokeStaticInit(java.lang.Object, java.lang.Object, java.lang.Object, java.lang.Object)'> (0x0000000086c4e0b8) thrown at [./src/hotspot/share/interpreter/linkResolver.cpp, line 773]
Event: 11.715 Thread 0x0000022719557800 Implicit null exception at 0x0000022707b946f5 to 0x0000022707b948bc
Event: 11.715 Thread 0x0000022719557800 Implicit null exception at 0x0000022707b6c52f to 0x0000022707b6c59d
Event: 11.920 Thread 0x0000022719557800 Exception <a 'java/lang/NoSuchMethodError'{0x0000000085bef650}: 'java.lang.Object java.lang.invoke.Invokers$Holder.linkToTargetMethod(java.lang.Object, java.lang.Object, java.lang.Object, java.lang.Object, java.lang.Object, java.lang.Object, java.lang.Object, java.lang.Object)'> (0x0000000085bef650) thrown at [./src/hotspot/share/interpreter/linkResolver.cpp, line 773]
Event: 11.924 Thread 0x0000022719557800 Exception <a 'java/lang/NoSuchMethodError'{0x0000000085a3dd40}: 'java.lang.Object java.lang.invoke.Invokers$Holder.linkToTargetMethod(java.lang.Object, java.lang.Object, java.lang.Object, java.lang.Object, java.lang.Object, java.lang.Object, java.lang.Object)'> (0x0000000085a3dd40) thrown at [./src/hotspot/share/interpreter/linkResolver.cpp, line 773]
Event: 11.928 Thread 0x0000022719557800 Exception <a 'java/lang/IncompatibleClassChangeError'{0x0000000085a7e130}: Found class java.lang.Object, but interface was expected> (0x0000000085a7e130) thrown at [./src/hotspot/share/interpreter/linkResolver.cpp, line 839]
Event: 12.265 Thread 0x0000022719557800 Exception <a 'java/lang/NoSuchMethodError'{0x0000000087993440}: 'void java.lang.invoke.DirectMethodHandle$Holder.invokeStaticInit(java.lang.Object, java.lang.Object, java.lang.Object)'> (0x0000000087993440) thrown at [./src/hotspot/share/interpreter/linkResolver.cpp, line 773]
Event: 12.266 Thread 0x0000022719557800 Exception <a 'java/lang/NoSuchMethodError'{0x000000008799a698}: 'void java.lang.invoke.DirectMethodHandle$Holder.invokeStaticInit(java.lang.Object, java.lang.Object, java.lang.Object, java.lang.Object)'> (0x000000008799a698) thrown at [./src/hotspot/share/interpreter/linkResolver.cpp, line 773]
Event: 12.270 Thread 0x0000022719557800 Exception <a 'java/lang/NoSuchMethodError'{0x00000000879bccf0}: 'void java.lang.invoke.DirectMethodHandle$Holder.invokeStaticInit(java.lang.Object, java.lang.Object, java.lang.Object, java.lang.Object, java.lang.Object)'> (0x00000000879bccf0) thrown at [./src/hotspot/share/interpreter/linkResolver.cpp, line 773]
Event: 12.363 Thread 0x0000022719557800 Exception <a 'java/lang/NoSuchMethodError'{0x000000008781b8f8}: 'int java.lang.invoke.DirectMethodHandle$Holder.invokeStaticInit(java.lang.Object, java.lang.Object, java.lang.Object, java.lang.Object)'> (0x000000008781b8f8) thrown at [./src/hotspot/share/interpreter/linkResolver.cpp, line 773]
Event: 12.660 Thread 0x0000022719557800 Exception <a 'java/lang/NoSuchMethodError'{0x0000000087ed4ef8}: 'java.lang.Object java.lang.invoke.DirectMethodHandle$Holder.invokeStatic(java.lang.Object, java.lang.Object, java.lang.Object, java.lang.Object, java.lang.Object, java.lang.Object, java.lang.Object, java.lang.Object, java.lang.Object, java.lang.Object, java.lang.Object, int)'> (0x0000000087ed4ef8) thrown at [./src/hotspot/share/interpreter/linkResolver.cpp, line 773]
Event: 12.663 Thread 0x0000022719557800 Exception <a 'java/lang/NoSuchMethodError'{0x0000000087ef3898}: 'java.lang.Object java.lang.invoke.DirectMethodHandle$Holder.invokeStatic(java.lang.Object, java.lang.Object, java.lang.Object, java.lang.Object, java.lang.Object, java.lang.Object, java.lang.Object, java.lang.Object, java.lang.Object, java.lang.Object, java.lang.Object, int, int)'> (0x0000000087ef3898) thrown at [./src/hotspot/share/interpreter/linkResolver.cpp, line 773]
Event: 12.665 Thread 0x0000022719557800 Exception <a 'java/lang/NoSuchMethodError'{0x0000000087d13560}: 'java.lang.Object java.lang.invoke.DirectMethodHandle$Holder.invokeStatic(java.lang.Object, java.lang.Object, java.lang.Object, java.lang.Object, java.lang.Object, java.lang.Object, java.lang.Object, java.lang.Object, java.lang.Object, java.lang.Object, java.lang.Object, int, int, java.lang.Object)'> (0x0000000087d13560) thrown at [./src/hotspot/share/interpreter/linkResolver.cpp, line 773]
Event: 12.668 Thread 0x0000022719557800 Exception <a 'java/lang/NoSuchMethodError'{0x0000000087d34658}: 'java.lang.Object java.lang.invoke.DirectMethodHandle$Holder.invokeStatic(java.lang.Object, java.lang.Object, java.lang.Object, java.lang.Object, java.lang.Object, java.lang.Object, java.lang.Object, java.lang.Object, java.lang.Object, java.lang.Object, java.lang.Object, int, int, java.lang.Object, java.lang.Object)'> (0x0000000087d34658) thrown at [./src/hotspot/share/interpreter/linkResolver.cpp, line 773]
Event: 12.674 Thread 0x0000022719557800 Exception <a 'java/lang/ClassNotFoundException'{0x0000000087d641f8}: groovy/lang/ExpandoMetaClassBeanInfo> (0x0000000087d641f8) thrown at [./src/hotspot/share/classfile/systemDictionary.cpp, line 231]
Event: 12.675 Thread 0x0000022719557800 Exception <a 'java/lang/ClassNotFoundException'{0x0000000087d84520}: groovy/lang/MetaClassImplBeanInfo> (0x0000000087d84520) thrown at [./src/hotspot/share/classfile/systemDictionary.cpp, line 231]
Event: 12.676 Thread 0x0000022719557800 Exception <a 'java/lang/ClassNotFoundException'{0x0000000087d8d7d8}: java/lang/ObjectBeanInfo> (0x0000000087d8d7d8) thrown at [./src/hotspot/share/classfile/systemDictionary.cpp, line 231]
Event: 12.677 Thread 0x0000022719557800 Exception <a 'java/lang/ClassNotFoundException'{0x0000000087d98ed0}: java/lang/ObjectCustomizer> (0x0000000087d98ed0) thrown at [./src/hotspot/share/classfile/systemDictionary.cpp, line 231]
Event: 12.686 Thread 0x0000022719557800 Exception <a 'java/lang/ClassNotFoundException'{0x0000000087dc0028}: groovy/lang/MetaClassImplCustomizer> (0x0000000087dc0028) thrown at [./src/hotspot/share/classfile/systemDictionary.cpp, line 231]
Event: 12.695 Thread 0x0000022719557800 Exception <a 'java/lang/ClassNotFoundException'{0x0000000087dfeb38}: groovy/lang/ExpandoMetaClassCustomizer> (0x0000000087dfeb38) thrown at [./src/hotspot/share/classfile/systemDictionary.cpp, line 231]

Events (20 events):
Event: 12.806 loading class java/nio/file/ProviderMismatchException
Event: 12.806 loading class java/nio/file/ProviderMismatchException done
Event: 12.806 loading class java/nio/file/FileSystemNotFoundException
Event: 12.806 loading class java/nio/file/FileSystemNotFoundException done
Event: 12.807 loading class java/nio/channels/AsynchronousFileChannel
Event: 12.807 loading class java/nio/channels/AsynchronousChannel
Event: 12.807 loading class java/nio/channels/AsynchronousChannel done
Event: 12.807 loading class java/nio/channels/AsynchronousFileChannel done
Event: 12.807 loading class java/nio/file/FileStore
Event: 12.807 loading class java/nio/file/FileStore done
Event: 12.807 loading class jdk/internal/jrtfs/JrtFileSystemProvider
Event: 12.807 loading class jdk/internal/jrtfs/JrtFileSystemProvider done
Event: 12.809 loading class sun/net/www/protocol/jrt/JavaRuntimeURLConnection
Event: 12.809 loading class sun/net/www/protocol/jrt/JavaRuntimeURLConnection done
Event: 12.810 loading class sun/net/www/protocol/jrt/JavaRuntimeURLConnection$1
Event: 12.810 loading class sun/net/www/protocol/jrt/JavaRuntimeURLConnection$1 done
Event: 12.810 Executing VM operation: Deoptimize
Event: 12.810 Executing VM operation: Deoptimize done
Event: 12.811 loading class sun/nio/fs/WindowsLinkSupport
Event: 12.812 loading class sun/nio/fs/WindowsLinkSupport done


Dynamic libraries:
0x00007ff68fce0000 - 0x00007ff68fcea000 	C:\Program Files\Android\Android Studio\jre\bin\java.exe
0x00007ffdc2750000 - 0x00007ffdc2944000 	C:\WINDOWS\SYSTEM32\ntdll.dll
0x00007ffdc1840000 - 0x00007ffdc18fd000 	C:\WINDOWS\System32\KERNEL32.DLL
0x00007ffdc0370000 - 0x00007ffdc0637000 	C:\WINDOWS\System32\KERNELBASE.dll
0x00007ffdc0690000 - 0x00007ffdc0790000 	C:\WINDOWS\System32\ucrtbase.dll
0x00007ffd6efb0000 - 0x00007ffd6efc9000 	C:\Program Files\Android\Android Studio\jre\bin\jli.dll
0x00007ffd6ee80000 - 0x00007ffd6ee97000 	C:\Program Files\Android\Android Studio\jre\bin\VCRUNTIME140.dll
0x00007ffdc2540000 - 0x00007ffdc26e0000 	C:\WINDOWS\System32\USER32.dll
0x00007ffdbfea0000 - 0x00007ffdbfec2000 	C:\WINDOWS\System32\win32u.dll
0x00007ffdaee00000 - 0x00007ffdaf09a000 	C:\WINDOWS\WinSxS\amd64_microsoft.windows.common-controls_6595b64144ccf1df_6.0.19041.1_none_b555e41d4684ddec\COMCTL32.dll
0x00007ffdc26e0000 - 0x00007ffdc270a000 	C:\WINDOWS\System32\GDI32.dll
0x00007ffdc1710000 - 0x00007ffdc17ae000 	C:\WINDOWS\System32\msvcrt.dll
0x00007ffdbfed0000 - 0x00007ffdbffd9000 	C:\WINDOWS\System32\gdi32full.dll
0x00007ffdc01f0000 - 0x00007ffdc028d000 	C:\WINDOWS\System32\msvcp_win.dll
0x00007ffdc0a00000 - 0x00007ffdc0a30000 	C:\WINDOWS\System32\IMM32.DLL
0x00000227795d0000 - 0x00000227795e4000 	C:\WINDOWS\System32\umppc15316.dll
0x00007ffd6e910000 - 0x00007ffd6e9ad000 	C:\Program Files\Android\Android Studio\jre\bin\msvcp140.dll
0x00007ffd90550000 - 0x00007ffd91035000 	C:\Program Files\Android\Android Studio\jre\bin\server\jvm.dll
0x00007ffdc07c0000 - 0x00007ffdc086a000 	C:\WINDOWS\System32\ADVAPI32.dll
0x00007ffdc1ce0000 - 0x00007ffdc1d7b000 	C:\WINDOWS\System32\sechost.dll
0x00007ffdc0870000 - 0x00007ffdc0993000 	C:\WINDOWS\System32\RPCRT4.dll
0x00007ffdc0cb0000 - 0x00007ffdc0cb8000 	C:\WINDOWS\System32\PSAPI.DLL
0x00007ffdace40000 - 0x00007ffdace49000 	C:\WINDOWS\SYSTEM32\WSOCK32.dll
0x00007ffdc0b20000 - 0x00007ffdc0b8b000 	C:\WINDOWS\System32\WS2_32.dll
0x00007ffdb1260000 - 0x00007ffdb1287000 	C:\WINDOWS\SYSTEM32\WINMM.dll
0x00007ffdbd620000 - 0x00007ffdbd62a000 	C:\WINDOWS\SYSTEM32\VERSION.dll
0x00007ffdbe670000 - 0x00007ffdbe683000 	C:\WINDOWS\SYSTEM32\kernel.appcore.dll
0x00007ffdb9490000 - 0x00007ffdb94a1000 	C:\Program Files\Android\Android Studio\jre\bin\verify.dll
0x00007ffdac5d0000 - 0x00007ffdac7b4000 	C:\WINDOWS\SYSTEM32\DBGHELP.DLL
0x00007ffdabdc0000 - 0x00007ffdabdec000 	C:\WINDOWS\SYSTEM32\dbgcore.DLL
0x00007ffdc0290000 - 0x00007ffdc030f000 	C:\WINDOWS\System32\bcryptPrimitives.dll
0x00007ffdb9460000 - 0x00007ffdb9489000 	C:\Program Files\Android\Android Studio\jre\bin\java.dll
0x00007ffdb9450000 - 0x00007ffdb945b000 	C:\Program Files\Android\Android Studio\jre\bin\jimage.dll
0x00007ffdb9430000 - 0x00007ffdb9448000 	C:\Program Files\Android\Android Studio\jre\bin\zip.dll
0x00007ffdc1e00000 - 0x00007ffdc2531000 	C:\WINDOWS\System32\SHELL32.dll
0x00007ffdbded0000 - 0x00007ffdbe65a000 	C:\WINDOWS\SYSTEM32\windows.storage.dll
0x00007ffdc0e00000 - 0x00007ffdc1154000 	C:\WINDOWS\System32\combase.dll
0x00007ffdbf920000 - 0x00007ffdbf94b000 	C:\WINDOWS\SYSTEM32\Wldp.dll
0x00007ffdc0c00000 - 0x00007ffdc0cae000 	C:\WINDOWS\System32\SHCORE.dll
0x00007ffdc09a0000 - 0x00007ffdc09f5000 	C:\WINDOWS\System32\shlwapi.dll
0x00007ffdbfde0000 - 0x00007ffdbfdff000 	C:\WINDOWS\SYSTEM32\profapi.dll
0x00007ffdb9410000 - 0x00007ffdb942a000 	C:\Program Files\Android\Android Studio\jre\bin\net.dll
0x00007ffdbef60000 - 0x00007ffdbf060000 	C:\WINDOWS\SYSTEM32\WINHTTP.dll
0x00007ffdbf6a0000 - 0x00007ffdbf70a000 	C:\WINDOWS\system32\mswsock.dll
0x00007ffdb93f0000 - 0x00007ffdb9404000 	C:\Program Files\Android\Android Studio\jre\bin\nio.dll
0x00007ffd84600000 - 0x00007ffd84627000 	C:\Users\apantele\.gradle\native\e1d6ef7f7dcc3fd88c89a11ec53ec762bb8ba0a96d01ffa2cd45eb1d1d8dd5c5\windows-amd64\native-platform.dll
0x00007ffd6c8f0000 - 0x00007ffd6ca34000 	C:\Users\apantele\.gradle\native\5664cfc778a61ccfe75a443a1ab52a65af34e5dc3c78e0209fed803814484fcb\windows-amd64\native-platform-file-events.dll
0x00007ffdb8d90000 - 0x00007ffdb8d9a000 	C:\Program Files\Android\Android Studio\jre\bin\management.dll
0x00007ffdb8d80000 - 0x00007ffdb8d8d000 	C:\Program Files\Android\Android Studio\jre\bin\management_ext.dll
0x00007ffdbf880000 - 0x00007ffdbf898000 	C:\WINDOWS\SYSTEM32\CRYPTSP.dll
0x00007ffdbeec0000 - 0x00007ffdbeef4000 	C:\WINDOWS\system32\rsaenh.dll
0x00007ffdc0790000 - 0x00007ffdc07b7000 	C:\WINDOWS\System32\bcrypt.dll
0x00007ffdbfda0000 - 0x00007ffdbfdce000 	C:\WINDOWS\SYSTEM32\USERENV.dll
0x00007ffdbf870000 - 0x00007ffdbf87c000 	C:\WINDOWS\SYSTEM32\CRYPTBASE.dll
0x00007ffdbf340000 - 0x00007ffdbf37b000 	C:\WINDOWS\SYSTEM32\IPHLPAPI.DLL
0x00007ffdc0b90000 - 0x00007ffdc0b99000 	C:\WINDOWS\System32\NSI.dll
0x00007ffdbae80000 - 0x00007ffdbae97000 	C:\WINDOWS\SYSTEM32\dhcpcsvc6.DLL
0x00007ffdbae60000 - 0x00007ffdbae7d000 	C:\WINDOWS\SYSTEM32\dhcpcsvc.DLL
0x00007ffdbf390000 - 0x00007ffdbf45a000 	C:\WINDOWS\SYSTEM32\DNSAPI.dll

dbghelp: loaded successfully - version: 4.0.5 - missing functions: none
symbol engine: initialized successfully - sym options: 0x614 - pdb path: .;C:\Program Files\Android\Android Studio\jre\bin;C:\WINDOWS\SYSTEM32;C:\WINDOWS\WinSxS\amd64_microsoft.windows.common-controls_6595b64144ccf1df_6.0.19041.1_none_b555e41d4684ddec;C:\Program Files\Android\Android Studio\jre\bin\server;C:\Users\apantele\.gradle\native\e1d6ef7f7dcc3fd88c89a11ec53ec762bb8ba0a96d01ffa2cd45eb1d1d8dd5c5\windows-amd64;C:\Users\apantele\.gradle\native\5664cfc778a61ccfe75a443a1ab52a65af34e5dc3c78e0209fed803814484fcb\windows-amd64

VM Arguments:
jvm_args: --add-opens=java.base/java.util=ALL-UNNAMED --add-opens=java.base/java.lang=ALL-UNNAMED --add-opens=java.base/java.lang.invoke=ALL-UNNAMED --add-opens=java.base/java.util=ALL-UNNAMED --add-opens=java.prefs/java.util.prefs=ALL-UNNAMED --add-opens=java.prefs/java.util.prefs=ALL-UNNAMED --add-opens=java.base/java.nio.charset=ALL-UNNAMED --add-opens=java.base/java.net=ALL-UNNAMED --add-opens=java.base/java.util.concurrent.atomic=ALL-UNNAMED -Xmx2048m -Dfile.encoding=UTF-8 -Duser.country=US -Duser.language=en -Duser.variant 
java_command: org.gradle.launcher.daemon.bootstrap.GradleDaemon 7.3.3
java_class_path (initial): C:\Users\apantele\.gradle\wrapper\dists\gradle-7.3.3-bin\6a41zxkdtcxs8rphpq6y0069z\gradle-7.3.3\lib\gradle-launcher-7.3.3.jar
Launcher Type: SUN_STANDARD

[Global flags]
     intx CICompilerCount                          = 3                                         {product} {ergonomic}
     uint ConcGCThreads                            = 1                                         {product} {ergonomic}
     uint G1ConcRefinementThreads                  = 4                                         {product} {ergonomic}
   size_t G1HeapRegionSize                         = 1048576                                   {product} {ergonomic}
    uintx GCDrainStackTargetSize                   = 64                                        {product} {ergonomic}
   size_t InitialHeapSize                          = 134217728                                 {product} {ergonomic}
   size_t MarkStackSize                            = 4194304                                   {product} {ergonomic}
   size_t MaxHeapSize                              = 2147483648                                {product} {command line}
   size_t MaxNewSize                               = 1287651328                                {product} {ergonomic}
   size_t MinHeapDeltaBytes                        = 1048576                                   {product} {ergonomic}
    uintx NonNMethodCodeHeapSize                   = 5830732                                {pd product} {ergonomic}
    uintx NonProfiledCodeHeapSize                  = 122913754                              {pd product} {ergonomic}
    uintx ProfiledCodeHeapSize                     = 122913754                              {pd product} {ergonomic}
    uintx ReservedCodeCacheSize                    = 251658240                              {pd product} {ergonomic}
     bool SegmentedCodeCache                       = true                                      {product} {ergonomic}
     bool UseCompressedClassPointers               = true                                 {lp64_product} {ergonomic}
     bool UseCompressedOops                        = true                                 {lp64_product} {ergonomic}
     bool UseG1GC                                  = true                                      {product} {ergonomic}
     bool UseLargePagesIndividualAllocation        = false                                  {pd product} {ergonomic}

Logging:
Log output configuration:
 #0: stdout all=warning uptime,level,tags
 #1: stderr all=off uptime,level,tags

Environment Variables:
PATH=C:\Python27\Lib\site-packages\PyQt4;C:\Python27\Lib\site-packages\PyQt4;C:\Program Files (x86)\Intel\iCLS Client\;C:\Program Files\Intel\iCLS Client\;C:\ProgramData\Oracle\Java\javapath;C:\Program Files\Common Files\Microsoft Shared\Microsoft Online Services;C:\Program Files (x86)\Common Files\Microsoft Shared\Microsoft Online Services;C:\WINDOWS\system32;C:\WINDOWS;C:\WINDOWS\System32\Wbem;C:\WINDOWS\System32\WindowsPowerShell\v1.0\;C:\WINDOWS\System32\OpenSSH\;C:\Program Files (x86)\Enterprise Vault\EVClient\;C:\Program Files (x86)\Intel\Intel(R) Management Engine Components\DAL;C:\Program Files\Intel\Intel(R) Management Engine Components\DAL;C:\Program Files (x86)\Intel\Intel(R) Management Engine Components\IPT;C:\Program Files\Intel\Intel(R) Management Engine Components\IPT;C:\Program Files\Git\cmd;C:\Users\apantele\AppData\Local\Programs\Python\Python310-32\Scripts\;C:\Users\apantele\AppData\Local\Programs\Python\Python310-32\;C:\Users\apantele\AppData\Local\Microsoft\WindowsApps;C:\ProgramData\Microsoft\Windows\Start Menu\Programs\Python 2.7;C:\Python27;C:\Users\apantele\AppData\Roaming\Microsoft\Windows\Start Menu\Programs\Python 3.10;C:\Users\apantele\AppData\Local\Programs\Microsoft VS Code\bin
USERNAME=apantele
OS=Windows_NT
PROCESSOR_IDENTIFIER=Intel64 Family 6 Model 60 Stepping 3, GenuineIntel



---------------  S Y S T E M  ---------------

OS: Windows 10 , 64 bit Build 19041 (10.0.19041.207)
OS uptime: 0 days 0:03 hours

CPU:total 4 (initial active 4) (2 cores per cpu, 2 threads per core) family 6 model 60 stepping 3 microcode 0x27, cmov, cx8, fxsr, mmx, sse, sse2, sse3, ssse3, sse4.1, sse4.2, popcnt, avx, avx2, aes, clmul, erms, lzcnt, ht, tsc, tscinvbit, bmi1, bmi2, fma

Memory: 4k page, system-wide physical 8097M (2423M free)
TotalPageFile size 12705M (AvailPageFile size 6826M)
current process WorkingSet (physical memory assigned to process): 220M, peak: 225M
current process commit charge ("private bytes"): 302M, peak: 308M

vm_info: OpenJDK 64-Bit Server VM (11.0.12+7-b1504.28-7817840) for windows-amd64 JRE (11.0.12+7-b1504.28-7817840), built on Oct 13 2021 22:12:33 by "builder" with MS VC++ 14.0 (VS2015)

END.
