#
# A fatal error has been detected by the Java Runtime Environment:
#
#  EXCEPTION_ACCESS_VIOLATION (0xc0000005) at pc=0x00007ffd76810380, pid=9564, tid=2732
#
# JRE version: OpenJDK Runtime Environment (11.0.12+7) (build 11.0.12+7-b1504.28-7817840)
# Java VM: OpenJDK 64-Bit Server VM (11.0.12+7-b1504.28-7817840, mixed mode, tiered, compressed oops, g1 gc, windows-amd64)
# Problematic frame:
# V  [jvm.dll+0x360380]
#
# No core dump will be written. Minidumps are not enabled by default on client versions of Windows
#
# If you would like to submit a bug report, please visit:
#   https://bugreport.java.com/bugreport/crash.jsp
#

---------------  S U M M A R Y ------------

Command Line: --add-opens=java.base/java.util=ALL-UNNAMED --add-opens=java.base/java.lang=ALL-UNNAMED --add-opens=java.base/java.lang.invoke=ALL-UNNAMED --add-opens=java.base/java.util=ALL-UNNAMED --add-opens=java.prefs/java.util.prefs=ALL-UNNAMED --add-opens=java.prefs/java.util.prefs=ALL-UNNAMED --add-opens=java.base/java.nio.charset=ALL-UNNAMED --add-opens=java.base/java.net=ALL-UNNAMED --add-opens=java.base/java.util.concurrent.atomic=ALL-UNNAMED -Xmx2048m -Dfile.encoding=UTF-8 -Duser.country=US -Duser.language=en -Duser.variant org.gradle.launcher.daemon.bootstrap.GradleDaemon 7.3.3

Host: Intel(R) Core(TM) i7-4600M CPU @ 2.90GHz, 4 cores, 7G,  Windows 10 , 64 bit Build 19041 (10.0.19041.207)
Time: Thu Jul  7 09:48:38 2022 GTB Daylight Time elapsed time: 1507.432425 seconds (0d 0h 25m 7s)

---------------  T H R E A D  ---------------

Current thread (0x0000018f30b47000):  JavaThread "C2 CompilerThread1" daemon [_thread_in_native, id=2732, stack(0x0000001df4700000,0x0000001df4800000)]


Current CompileTask:
C2:1507432 23636 %     4       jdk.nio.zipfs.ZipFileSystem::initCEN @ 188 (411 bytes)

Stack: [0x0000001df4700000,0x0000001df4800000],  sp=0x0000001df47fbe10,  free space=1007k
Native frames: (J=compiled Java code, j=interpreted, Vv=VM code, C=native code)
V  [jvm.dll+0x360380]
V  [jvm.dll+0x35b130]
V  [jvm.dll+0x359736]
V  [jvm.dll+0x19d102]
V  [jvm.dll+0x20070e]
V  [jvm.dll+0x1ff794]
V  [jvm.dll+0x18868c]
V  [jvm.dll+0x20e0d7]
V  [jvm.dll+0x20c901]
V  [jvm.dll+0x6f9b7f]
V  [jvm.dll+0x6f26a5]
V  [jvm.dll+0x5fabf6]
C  [ucrtbase.dll+0x21542]
C  [KERNEL32.DLL+0x16fd4]
C  [ntdll.dll+0x4cec1]


siginfo: EXCEPTION_ACCESS_VIOLATION (0xc0000005), reading address 0x00007fbd76ebc898


Register to memory mapping:

RIP=0x00007ffd76810380 jvm.dll
RAX=0x00007fbd76ebc898 is an unknown value
RBX=0x0000000000000138 is an unknown value
RCX=0x0000000000000002 is an unknown value
RDX=0x0 is NULL
RSP=0x0000001df47fbe10 is pointing into the stack for thread: 0x0000018f30b47000
RBP=0x0000000000000008 is an unknown value
RSI=0x00007ffd76ebc898 jvm.dll
RDI=0x0000018f39d80640 points into unknown readable memory: 0x0000018f39f9a900 | 00 a9 f9 39 8f 01 00 00
R8 =0x0000018f3cb8ec40 points into unknown readable memory: 0x0000000000000000 | 00 00 00 00 00 00 00 00
R9 =0x0000001df47fbe60 is pointing into the stack for thread: 0x0000018f30b47000
R10=0x0000000000000027 is an unknown value
R11=0x0000001df47fbea0 is pointing into the stack for thread: 0x0000018f30b47000
R12=0x00000000000003d8 is an unknown value
R13=0x0000000000000008 is an unknown value
R14=0x00007ffd764b0000 jvm.dll
R15=0x0000018f3a100c60 points into unknown readable memory: 0x0000018f409fc040 | 40 c0 9f 40 8f 01 00 00


Registers:
RAX=0x00007fbd76ebc898, RBX=0x0000000000000138, RCX=0x0000000000000002, RDX=0x0000000000000000
RSP=0x0000001df47fbe10, RBP=0x0000000000000008, RSI=0x00007ffd76ebc898, RDI=0x0000018f39d80640
R8 =0x0000018f3cb8ec40, R9 =0x0000001df47fbe60, R10=0x0000000000000027, R11=0x0000001df47fbea0
R12=0x00000000000003d8, R13=0x0000000000000008, R14=0x00007ffd764b0000, R15=0x0000018f3a100c60
RIP=0x00007ffd76810380, EFLAGS=0x0000000000010246

Top of Stack: (sp=0x0000001df47fbe10)
0x0000001df47fbe10:   000000000000002a 00007ffd769a5b22
0x0000001df47fbe20:   0000000000002924 00007ffd76810504
0x0000001df47fbe30:   0000000000000006 00007ffd7680b130
0x0000001df47fbe40:   0000000000000002 0000000000001000
0x0000001df47fbe50:   0000001df47fbfa0 00007ffd76809800
0x0000001df47fbe60:   000011cf00000000 0000001d00000007
0x0000001df47fbe70:   00007fbd76ebc898 00007ffd00000012
0x0000001df47fbe80:   0000018f3197a0f0 0000018f0000002a
0x0000001df47fbe90:   0000018f40a09c50 000000000000002a
0x0000001df47fbea0:   0000018f3a100c70 00007ffd76809736
0x0000001df47fbeb0:   0000000000000160 0000001df47fbfe0
0x0000001df47fbec0:   0000001df47fbfa0 0000018f40bb2c50
0x0000001df47fbed0:   0000001df47fc428 00007ffd7664d102
0x0000001df47fbee0:   0000000000000000 0000001df47fc340
0x0000001df47fbef0:   00000000000003d8 0000018f3a100c70
0x0000001df47fbf00:   000000000000d900 0000000000000000 

Instructions: (pc=0x00007ffd76810380)
0x00007ffd76810280:   58 4c 8b 64 24 50 48 8b c3 48 83 c4 20 41 5f 5f
0x00007ffd76810290:   5e 5d 5b c3 cc cc cc cc cc cc cc cc cc cc cc cc
0x00007ffd768102a0:   83 3a 00 4c 8b c2 c7 41 08 08 00 00 00 75 16 33
0x00007ffd768102b0:   d2 c7 41 18 01 00 00 00 89 11 48 8b c1 c7 41 28
0x00007ffd768102c0:   01 00 00 00 c3 33 d2 48 89 11 89 51 18 41 8b 80
0x00007ffd768102d0:   90 00 00 00 89 41 28 48 89 51 10 49 8b 40 08 48
0x00007ffd768102e0:   89 41 20 48 8b c1 4c 89 41 30 c3 cc cc cc cc cc
0x00007ffd768102f0:   48 83 ec 28 8b 51 08 4c 8b c9 83 fa 08 73 18 4c
0x00007ffd76810300:   8b 41 10 8b c2 41 83 3c 80 00 0f 85 0d 01 00 00
0x00007ffd76810310:   ff c2 83 fa 08 72 ec 44 8b 51 18 48 89 5c 24 30
0x00007ffd76810320:   48 89 6c 24 38 48 89 74 24 40 48 89 7c 24 20 44
0x00007ffd76810330:   3b 51 28 0f 83 b9 00 00 00 8b 0d 3d 81 6e 00 48
0x00007ffd76810340:   8d 35 52 c5 6a 00 65 48 8b 04 25 58 00 00 00 bd
0x00007ffd76810350:   08 00 00 00 48 8d 3c c8 0f 1f 84 00 00 00 00 00
0x00007ffd76810360:   41 8b c2 48 8d 1c c5 00 00 00 00 49 8b 41 20 48
0x00007ffd76810370:   8b 04 03 48 3b c6 74 6d 49 89 41 10 33 d2 66 90
0x00007ffd76810380:   83 38 00 0f 85 c3 00 00 00 ff c2 48 83 c0 04 83
0x00007ffd76810390:   fa 08 72 ec 4d 8b 59 30 4d 85 db 74 48 49 8b 43
0x00007ffd768103a0:   08 8b d5 48 03 17 4c 8b 04 03 48 8b 02 48 8b 88
0x00007ffd768103b0:   d0 04 00 00 48 8b 81 88 00 00 00 48 8b 88 88 08
0x00007ffd768103c0:   00 00 49 89 08 48 8b 02 48 8b 88 d0 04 00 00 48
0x00007ffd768103d0:   8b 81 88 00 00 00 4c 89 80 88 08 00 00 49 8b 43
0x00007ffd768103e0:   08 48 89 34 03 41 ff c2 45 3b 51 28 0f 82 6e ff
0x00007ffd768103f0:   ff ff 41 8b 41 28 41 89 41 18 33 c0 41 c7 41 08
0x00007ffd76810400:   08 00 00 00 48 8b 74 24 40 48 8b 6c 24 38 48 8b
0x00007ffd76810410:   5c 24 30 48 8b 7c 24 20 48 83 c4 28 c3 8b 41 18
0x00007ffd76810420:   8d 0c c2 8b c2 c1 e1 05 81 e9 00 01 00 00 41 89
0x00007ffd76810430:   49 04 41 8b 0c 80 8d 42 01 41 89 09 49 8b c9 41
0x00007ffd76810440:   89 41 08 48 83 c4 28 e9 c4 fd e3 ff 42 8d 04 d2
0x00007ffd76810450:   c1 e0 05 41 89 41 04 49 8b 41 10 8b 0c 90 41 8d
0x00007ffd76810460:   42 01 41 89 41 18 8d 42 01 41 89 09 49 8b c9 41
0x00007ffd76810470:   89 41 08 e8 98 fd e3 ff eb 8a cc cc cc cc cc cc 


Stack slot to memory mapping:
stack at sp + 0 slots: 0x000000000000002a is an unknown value
stack at sp + 1 slots: 0x00007ffd769a5b22 jvm.dll
stack at sp + 2 slots: 0x0000000000002924 is an unknown value
stack at sp + 3 slots: 0x00007ffd76810504 jvm.dll
stack at sp + 4 slots: 0x0000000000000006 is an unknown value
stack at sp + 5 slots: 0x00007ffd7680b130 jvm.dll
stack at sp + 6 slots: 0x0000000000000002 is an unknown value
stack at sp + 7 slots: 0x0000000000001000 is an unknown value


---------------  P R O C E S S  ---------------

Threads class SMR info:
_java_thread_list=0x0000018f39f9aad0, length=98, elements={
0x0000018f144d5000, 0x0000018f30074800, 0x0000018f30079800, 0x0000018f30090800,
0x0000018f30093800, 0x0000018f30096800, 0x0000018f300a3000, 0x0000018f300a4000,
0x0000018f300b3800, 0x0000018f30b4b800, 0x0000018f30b49000, 0x0000018f30b49800,
0x0000018f30b48000, 0x0000018f31693800, 0x0000018f31694800, 0x0000018f31692800,
0x0000018f31696000, 0x0000018f31690000, 0x0000018f34762000, 0x0000018f34766800,
0x0000018f34765000, 0x0000018f34763800, 0x0000018f3476a000, 0x0000018f35ff8000,
0x0000018f35ff8800, 0x0000018f362d8000, 0x0000018f39df4000, 0x0000018f34766000,
0x0000018f34761000, 0x0000018f34769000, 0x0000018f34764000, 0x0000018f3476b000,
0x0000018f3476f800, 0x0000018f3476f000, 0x0000018f3476b800, 0x0000018f3476c800,
0x0000018f3476d000, 0x0000018f3476e000, 0x0000018f39df7800, 0x0000018f39dfa800,
0x0000018f39df6800, 0x0000018f39df9000, 0x0000018f39dfa000, 0x0000018f39df6000,
0x0000018f39df5000, 0x0000018f39dfc800, 0x0000018f39dfe000, 0x0000018f39e00800,
0x0000018f39dff000, 0x0000018f39dfb800, 0x0000018f39e01000, 0x0000018f39e03000,
0x0000018f39dff800, 0x0000018f39e02000, 0x0000018f39dfd000, 0x0000018f362d0800,
0x0000018f362d3000, 0x0000018f362d4000, 0x0000018f362d5000, 0x0000018f362d5800,
0x0000018f362d0000, 0x0000018f362d1800, 0x0000018f362d6800, 0x0000018f362d7000,
0x0000018f362d2800, 0x0000018f362db800, 0x0000018f362dd000, 0x0000018f362d9000,
0x0000018f362d9800, 0x0000018f362de800, 0x0000018f362de000, 0x0000018f362da800,
0x0000018f35ff0000, 0x0000018f35ff2000, 0x0000018f35ff0800, 0x0000018f35fee000,
0x0000018f35ff3000, 0x0000018f35ff4000, 0x0000018f35ff4800, 0x0000018f35fef000,
0x0000018f35ff5800, 0x0000018f35ff6800, 0x0000018f35ff7000, 0x0000018f35ff1800,
0x0000018f35ffc000, 0x0000018f35ffa800, 0x0000018f35ffb000, 0x0000018f35ffd000,
0x0000018f30b4a800, 0x0000018f30b4c000, 0x0000018f30b4d000, 0x0000018f30b47000,
0x0000018f30b4e000, 0x0000018f31697000, 0x0000018f31691000, 0x0000018f31692000,
0x0000018f31695000, 0x0000018f39df8000
}

Java Threads: ( => current thread )
  0x0000018f144d5000 JavaThread "main" [_thread_blocked, id=8712, stack(0x0000001df2100000,0x0000001df2200000)]
  0x0000018f30074800 JavaThread "Reference Handler" daemon [_thread_blocked, id=11192, stack(0x0000001df2800000,0x0000001df2900000)]
  0x0000018f30079800 JavaThread "Finalizer" daemon [_thread_blocked, id=1948, stack(0x0000001df2900000,0x0000001df2a00000)]
  0x0000018f30090800 JavaThread "Signal Dispatcher" daemon [_thread_blocked, id=9308, stack(0x0000001df2a00000,0x0000001df2b00000)]
  0x0000018f30093800 JavaThread "Attach Listener" daemon [_thread_blocked, id=7728, stack(0x0000001df2b00000,0x0000001df2c00000)]
  0x0000018f30096800 JavaThread "Service Thread" daemon [_thread_blocked, id=13300, stack(0x0000001df2c00000,0x0000001df2d00000)]
  0x0000018f300a3000 JavaThread "C2 CompilerThread0" daemon [_thread_in_native, id=5932, stack(0x0000001df2d00000,0x0000001df2e00000)]
  0x0000018f300a4000 JavaThread "C1 CompilerThread0" daemon [_thread_blocked, id=12824, stack(0x0000001df2e00000,0x0000001df2f00000)]
  0x0000018f300b3800 JavaThread "Sweeper thread" daemon [_thread_blocked, id=2544, stack(0x0000001df2f00000,0x0000001df3000000)]
  0x0000018f30b4b800 JavaThread "Common-Cleaner" daemon [_thread_blocked, id=9672, stack(0x0000001df3000000,0x0000001df3100000)]
  0x0000018f30b49000 JavaThread "Daemon health stats" [_thread_blocked, id=3188, stack(0x0000001df3500000,0x0000001df3600000)]
  0x0000018f30b49800 JavaThread "Incoming local TCP Connector on port 56625" [_thread_in_native, id=10432, stack(0x0000001df3200000,0x0000001df3300000)]
  0x0000018f30b48000 JavaThread "Daemon periodic checks" [_thread_blocked, id=7308, stack(0x0000001df3600000,0x0000001df3700000)]
  0x0000018f31693800 JavaThread "Cache worker for journal cache (C:\Users\apantele\.gradle\caches\journal-1)" [_thread_blocked, id=2816, stack(0x0000001df4000000,0x0000001df4100000)]
  0x0000018f31694800 JavaThread "File lock request listener" [_thread_in_native, id=4588, stack(0x0000001df4100000,0x0000001df4200000)]
  0x0000018f31692800 JavaThread "Cache worker for file hash cache (C:\Users\apantele\.gradle\caches\7.3.3\fileHashes)" [_thread_blocked, id=7212, stack(0x0000001df4200000,0x0000001df4300000)]
  0x0000018f31696000 JavaThread "File watcher server" daemon [_thread_in_native, id=1840, stack(0x0000001df4400000,0x0000001df4500000)]
  0x0000018f31690000 JavaThread "File watcher consumer" daemon [_thread_blocked, id=920, stack(0x0000001df4500000,0x0000001df4600000)]
  0x0000018f34762000 JavaThread "Cache worker for execution history cache (C:\Users\apantele\.gradle\caches\7.3.3\executionHistory)" [_thread_blocked, id=6680, stack(0x0000001df4900000,0x0000001df4a00000)]
  0x0000018f34766800 JavaThread "jar transforms" [_thread_blocked, id=9096, stack(0x0000001df4a00000,0x0000001df4b00000)]
  0x0000018f34765000 JavaThread "Cache worker for file content cache (C:\Users\apantele\.gradle\caches\7.3.3\fileContent)" [_thread_blocked, id=5876, stack(0x0000001df4b00000,0x0000001df4c00000)]
  0x0000018f34763800 JavaThread "jar transforms Thread 2" [_thread_blocked, id=1728, stack(0x0000001df4c00000,0x0000001df4d00000)]
  0x0000018f3476a000 JavaThread "jar transforms Thread 3" [_thread_blocked, id=8756, stack(0x0000001df4e00000,0x0000001df4f00000)]
  0x0000018f35ff8000 JavaThread "jar transforms Thread 4" [_thread_blocked, id=12712, stack(0x0000001df7800000,0x0000001df7900000)]
  0x0000018f35ff8800 JavaThread "Memory manager" [_thread_blocked, id=9064, stack(0x0000001df7a00000,0x0000001df7b00000)]
  0x0000018f362d8000 JavaThread "Cache worker for Java compile cache (C:\Users\apantele\.gradle\caches\7.3.3\javaCompile)" [_thread_blocked, id=6748, stack(0x0000001df8800000,0x0000001df8900000)]
  0x0000018f39df4000 JavaThread "ForkJoinPool.commonPool-worker-3" daemon [_thread_blocked, id=11940, stack(0x0000001df8c00000,0x0000001df8d00000)]
  0x0000018f34766000 JavaThread "Daemon Thread 3" [_thread_blocked, id=6204, stack(0x0000001df1e00000,0x0000001df1f00000)]
  0x0000018f34761000 JavaThread "Handler for socket connection from /127.0.0.1:56625 to /127.0.0.1:57501" [_thread_in_native, id=7668, stack(0x0000001df1f00000,0x0000001df2000000)]
  0x0000018f34769000 JavaThread "Cancel handler" [_thread_blocked, id=10604, stack(0x0000001df2000000,0x0000001df2100000)]
  0x0000018f34764000 JavaThread "Daemon worker Thread 3" [_thread_blocked, id=5452, stack(0x0000001df3700000,0x0000001df3800000)]
  0x0000018f3476b000 JavaThread "Asynchronous log dispatcher for DefaultDaemonConnection: socket connection from /127.0.0.1:56625 to /127.0.0.1:57501" [_thread_blocked, id=4020, stack(0x0000001df3800000,0x0000001df3900000)]
  0x0000018f3476f800 JavaThread "Stdin handler" [_thread_blocked, id=12316, stack(0x0000001df3900000,0x0000001df3a00000)]
  0x0000018f3476f000 JavaThread "Daemon client event forwarder" [_thread_blocked, id=6400, stack(0x0000001df3a00000,0x0000001df3b00000)]
  0x0000018f3476b800 JavaThread "Cache worker for file hash cache (C:\Users\apantele\AndroidStudioProjects\BeacOnOffice\.gradle\7.3.3\fileHashes)" [_thread_blocked, id=7876, stack(0x0000001df3b00000,0x0000001df3c00000)]
  0x0000018f3476c800 JavaThread "Cache worker for checksums cache (C:\Users\apantele\AndroidStudioProjects\BeacOnOffice\.gradle\7.3.3\checksums)" [_thread_blocked, id=10032, stack(0x0000001df3c00000,0x0000001df3d00000)]
  0x0000018f3476d000 JavaThread "Cache worker for cache directory md-supplier (C:\Users\apantele\.gradle\caches\7.3.3\md-supplier)" [_thread_blocked, id=13176, stack(0x0000001df3d00000,0x0000001df3e00000)]
  0x0000018f3476e000 JavaThread "Cache worker for cache directory md-rule (C:\Users\apantele\.gradle\caches\7.3.3\md-rule)" [_thread_blocked, id=6972, stack(0x0000001df3e00000,0x0000001df3f00000)]
  0x0000018f39df7800 JavaThread "Cache worker for dependencies-accessors (C:\Users\apantele\AndroidStudioProjects\BeacOnOffice\.gradle\7.3.3\dependencies-accessors)" [_thread_blocked, id=10052, stack(0x0000001df4300000,0x0000001df4400000)]
  0x0000018f39dfa800 JavaThread "Cache worker for Build Output Cleanup Cache (C:\Users\apantele\AndroidStudioProjects\BeacOnOffice\.gradle\buildOutputCleanup)" [_thread_blocked, id=7992, stack(0x0000001df4600000,0x0000001df4700000)]
  0x0000018f39df6800 JavaThread "Unconstrained build operations" [_thread_blocked, id=6768, stack(0x0000001df4800000,0x0000001df4900000)]
  0x0000018f39df9000 JavaThread "Unconstrained build operations Thread 2" [_thread_blocked, id=2464, stack(0x0000001df4d00000,0x0000001df4e00000)]
  0x0000018f39dfa000 JavaThread "Unconstrained build operations Thread 3" [_thread_blocked, id=4300, stack(0x0000001df4f00000,0x0000001df5000000)]
  0x0000018f39df6000 JavaThread "Unconstrained build operations Thread 4" [_thread_blocked, id=12740, stack(0x0000001df5000000,0x0000001df5100000)]
  0x0000018f39df5000 JavaThread "Unconstrained build operations Thread 5" [_thread_blocked, id=10288, stack(0x0000001df5100000,0x0000001df5200000)]
  0x0000018f39dfc800 JavaThread "Unconstrained build operations Thread 6" [_thread_blocked, id=10492, stack(0x0000001df5200000,0x0000001df5300000)]
  0x0000018f39dfe000 JavaThread "Unconstrained build operations Thread 7" [_thread_blocked, id=8560, stack(0x0000001df5300000,0x0000001df5400000)]
  0x0000018f39e00800 JavaThread "Unconstrained build operations Thread 8" [_thread_blocked, id=8088, stack(0x0000001df5400000,0x0000001df5500000)]
  0x0000018f39dff000 JavaThread "Unconstrained build operations Thread 9" [_thread_blocked, id=10148, stack(0x0000001df5500000,0x0000001df5600000)]
  0x0000018f39dfb800 JavaThread "Unconstrained build operations Thread 10" [_thread_blocked, id=3980, stack(0x0000001df5600000,0x0000001df5700000)]
  0x0000018f39e01000 JavaThread "Unconstrained build operations Thread 11" [_thread_blocked, id=2364, stack(0x0000001df5700000,0x0000001df5800000)]
  0x0000018f39e03000 JavaThread "Unconstrained build operations Thread 12" [_thread_blocked, id=8012, stack(0x0000001df5800000,0x0000001df5900000)]
  0x0000018f39dff800 JavaThread "Unconstrained build operations Thread 13" [_thread_blocked, id=5604, stack(0x0000001df5900000,0x0000001df5a00000)]
  0x0000018f39e02000 JavaThread "Unconstrained build operations Thread 14" [_thread_blocked, id=5432, stack(0x0000001df5a00000,0x0000001df5b00000)]
  0x0000018f39dfd000 JavaThread "Unconstrained build operations Thread 15" [_thread_blocked, id=9756, stack(0x0000001df5b00000,0x0000001df5c00000)]
  0x0000018f362d0800 JavaThread "Unconstrained build operations Thread 16" [_thread_blocked, id=12292, stack(0x0000001df5c00000,0x0000001df5d00000)]
  0x0000018f362d3000 JavaThread "Unconstrained build operations Thread 17" [_thread_blocked, id=11936, stack(0x0000001df5d00000,0x0000001df5e00000)]
  0x0000018f362d4000 JavaThread "Unconstrained build operations Thread 18" [_thread_blocked, id=4380, stack(0x0000001df5e00000,0x0000001df5f00000)]
  0x0000018f362d5000 JavaThread "Unconstrained build operations Thread 19" [_thread_blocked, id=8356, stack(0x0000001df5f00000,0x0000001df6000000)]
  0x0000018f362d5800 JavaThread "Unconstrained build operations Thread 20" [_thread_blocked, id=11872, stack(0x0000001df6000000,0x0000001df6100000)]
  0x0000018f362d0000 JavaThread "Unconstrained build operations Thread 21" [_thread_blocked, id=11236, stack(0x0000001df6100000,0x0000001df6200000)]
  0x0000018f362d1800 JavaThread "Unconstrained build operations Thread 22" [_thread_blocked, id=7352, stack(0x0000001df6200000,0x0000001df6300000)]
  0x0000018f362d6800 JavaThread "Unconstrained build operations Thread 23" [_thread_blocked, id=5620, stack(0x0000001df6300000,0x0000001df6400000)]
  0x0000018f362d7000 JavaThread "Unconstrained build operations Thread 24" [_thread_blocked, id=9184, stack(0x0000001df6400000,0x0000001df6500000)]
  0x0000018f362d2800 JavaThread "Unconstrained build operations Thread 25" [_thread_blocked, id=10024, stack(0x0000001df6500000,0x0000001df6600000)]
  0x0000018f362db800 JavaThread "Unconstrained build operations Thread 26" [_thread_blocked, id=12720, stack(0x0000001df6600000,0x0000001df6700000)]
  0x0000018f362dd000 JavaThread "Unconstrained build operations Thread 27" [_thread_blocked, id=13292, stack(0x0000001df6700000,0x0000001df6800000)]
  0x0000018f362d9000 JavaThread "Unconstrained build operations Thread 28" [_thread_blocked, id=2248, stack(0x0000001df6800000,0x0000001df6900000)]
  0x0000018f362d9800 JavaThread "Unconstrained build operations Thread 29" [_thread_blocked, id=13180, stack(0x0000001df6900000,0x0000001df6a00000)]
  0x0000018f362de800 JavaThread "Unconstrained build operations Thread 30" [_thread_blocked, id=5420, stack(0x0000001df6a00000,0x0000001df6b00000)]
  0x0000018f362de000 JavaThread "Unconstrained build operations Thread 31" [_thread_blocked, id=8260, stack(0x0000001df6b00000,0x0000001df6c00000)]
  0x0000018f362da800 JavaThread "Unconstrained build operations Thread 32" [_thread_blocked, id=3812, stack(0x0000001df6c00000,0x0000001df6d00000)]
  0x0000018f35ff0000 JavaThread "Unconstrained build operations Thread 33" [_thread_blocked, id=3984, stack(0x0000001df6d00000,0x0000001df6e00000)]
  0x0000018f35ff2000 JavaThread "Unconstrained build operations Thread 34" [_thread_blocked, id=3736, stack(0x0000001df6e00000,0x0000001df6f00000)]
  0x0000018f35ff0800 JavaThread "Unconstrained build operations Thread 35" [_thread_blocked, id=6892, stack(0x0000001df6f00000,0x0000001df7000000)]
  0x0000018f35fee000 JavaThread "Unconstrained build operations Thread 36" [_thread_blocked, id=528, stack(0x0000001df7000000,0x0000001df7100000)]
  0x0000018f35ff3000 JavaThread "Unconstrained build operations Thread 37" [_thread_blocked, id=8412, stack(0x0000001df7100000,0x0000001df7200000)]
  0x0000018f35ff4000 JavaThread "Unconstrained build operations Thread 38" [_thread_blocked, id=8424, stack(0x0000001df7200000,0x0000001df7300000)]
  0x0000018f35ff4800 JavaThread "Unconstrained build operations Thread 39" [_thread_blocked, id=9508, stack(0x0000001df7300000,0x0000001df7400000)]
  0x0000018f35fef000 JavaThread "Unconstrained build operations Thread 40" [_thread_blocked, id=596, stack(0x0000001df7400000,0x0000001df7500000)]
  0x0000018f35ff5800 JavaThread "build event listener" [_thread_blocked, id=824, stack(0x0000001df7500000,0x0000001df7600000)]
  0x0000018f35ff6800 JavaThread "Execution worker for ':'" [_thread_blocked, id=10488, stack(0x0000001df7600000,0x0000001df7700000)]
  0x0000018f35ff7000 JavaThread "Execution worker for ':' Thread 2" [_thread_blocked, id=4064, stack(0x0000001df7700000,0x0000001df7800000)]
  0x0000018f35ff1800 JavaThread "Execution worker for ':' Thread 3" [_thread_blocked, id=9692, stack(0x0000001df7b00000,0x0000001df7c00000)]
  0x0000018f35ffc000 JavaThread "Cache worker for execution history cache (C:\Users\apantele\AndroidStudioProjects\BeacOnOffice\.gradle\7.3.3\executionHistory)" [_thread_blocked, id=8804, stack(0x0000001df7c00000,0x0000001df7d00000)]
  0x0000018f35ffa800 JavaThread "WorkerExecutor Queue" [_thread_blocked, id=12924, stack(0x0000001df7d00000,0x0000001df7e00000)]
  0x0000018f35ffb000 JavaThread "WorkerExecutor Queue Thread 2" [_thread_in_native, id=2252, stack(0x0000001df7e00000,0x0000001df7f00000)]
  0x0000018f35ffd000 JavaThread "WorkerExecutor Queue Thread 3" [_thread_blocked, id=712, stack(0x0000001df7f00000,0x0000001df8000000)]
  0x0000018f30b4a800 JavaThread "pool-15-thread-1" [_thread_blocked, id=2888, stack(0x0000001df8100000,0x0000001df8200000)]
  0x0000018f30b4c000 JavaThread "stderr" [_thread_in_native, id=5756, stack(0x0000001df8200000,0x0000001df8300000)]
  0x0000018f30b4d000 JavaThread "stdout" [_thread_in_native, id=7484, stack(0x0000001df8300000,0x0000001df8400000)]
=>0x0000018f30b47000 JavaThread "C2 CompilerThread1" daemon [_thread_in_native, id=2732, stack(0x0000001df4700000,0x0000001df4800000)]
  0x0000018f30b4e000 JavaThread "Build operations" [_thread_blocked, id=7836, stack(0x0000001df8400000,0x0000001df8500000)]
  0x0000018f31697000 JavaThread "Build operations Thread 2" [_thread_blocked, id=5612, stack(0x0000001df8500000,0x0000001df8600000)]
  0x0000018f31691000 JavaThread "Build operations Thread 3" [_thread_blocked, id=252, stack(0x0000001df8600000,0x0000001df8700000)]
  0x0000018f31692000 JavaThread "Build operations Thread 4" [_thread_blocked, id=3892, stack(0x0000001df8700000,0x0000001df8800000)]
  0x0000018f31695000 JavaThread "WorkerExecutor Queue Thread 4" [_thread_in_Java, id=10332, stack(0x0000001df8900000,0x0000001df8a00000)]
  0x0000018f39df8000 JavaThread "WorkerExecutor Queue Thread 5" [_thread_blocked, id=1780, stack(0x0000001df8a00000,0x0000001df8b00000)]

Other Threads:
  0x0000018f3006f800 VMThread "VM Thread" [stack: 0x0000001df2700000,0x0000001df2800000] [id=6452]
  0x0000018f30be1800 WatcherThread [stack: 0x0000001df3100000,0x0000001df3200000] [id=11480]
  0x0000018f144ec000 GCTaskThread "GC Thread#0" [stack: 0x0000001df2200000,0x0000001df2300000] [id=10780]
  0x0000018f314a0800 GCTaskThread "GC Thread#1" [stack: 0x0000001df3300000,0x0000001df3400000] [id=7000]
  0x0000018f3117c800 GCTaskThread "GC Thread#2" [stack: 0x0000001df3400000,0x0000001df3500000] [id=10788]
  0x0000018f32a4e800 GCTaskThread "GC Thread#3" [stack: 0x0000001df3f00000,0x0000001df4000000] [id=6724]
  0x0000018f14520800 ConcurrentGCThread "G1 Main Marker" [stack: 0x0000001df2300000,0x0000001df2400000] [id=1976]
  0x0000018f14521800 ConcurrentGCThread "G1 Conc#0" [stack: 0x0000001df2400000,0x0000001df2500000] [id=5732]
  0x0000018f145a2000 ConcurrentGCThread "G1 Refine#0" [stack: 0x0000001df2500000,0x0000001df2600000] [id=12200]
  0x0000018f35f78800 ConcurrentGCThread "G1 Refine#1" [stack: 0x0000001df7900000,0x0000001df7a00000] [id=10704]
  0x0000018f35f76000 ConcurrentGCThread "G1 Refine#2" [stack: 0x0000001df8000000,0x0000001df8100000] [id=1320]
  0x0000018f2fed0800 ConcurrentGCThread "G1 Young RemSet Sampling" [stack: 0x0000001df2600000,0x0000001df2700000] [id=2580]

Threads with active compile tasks:
C2 CompilerThread01507606 23889       4       com.android.tools.r8.internal.Lo::e (27 bytes)
C2 CompilerThread11507606 23636 %     4       jdk.nio.zipfs.ZipFileSystem::initCEN @ 188 (411 bytes)

VM state:not at safepoint (normal execution)

VM Mutex/Monitor currently owned by a thread: None

Heap address: 0x0000000080000000, size: 2048 MB, Compressed Oops mode: 32-bit
Narrow klass base: 0x0000000000000000, Narrow klass shift: 3
Compressed class space size: 1073741824 Address: 0x0000000100000000

Heap:
 garbage-first heap   total 273408K, used 220314K [0x0000000080000000, 0x0000000100000000)
  region size 1024K, 109 young (111616K), 12 survivors (12288K)
 Metaspace       used 126632K, capacity 129979K, committed 130328K, reserved 1163264K
  class space    used 15614K, capacity 16894K, committed 16996K, reserved 1048576K
Heap Regions: E=young(eden), S=young(survivor), O=old, HS=humongous(starts), HC=humongous(continues), CS=collection set, F=free, A=archive, TAMS=top-at-mark-start (previous, next)
|   0|0x0000000080000000, 0x0000000080100000, 0x0000000080100000|100%| O|  |TAMS 0x0000000080100000, 0x0000000080000000| Untracked 
|   1|0x0000000080100000, 0x0000000080200000, 0x0000000080200000|100%| O|  |TAMS 0x0000000080200000, 0x0000000080100000| Complete 
|   2|0x0000000080200000, 0x0000000080300000, 0x0000000080300000|100%| O|  |TAMS 0x0000000080300000, 0x0000000080200000| Untracked 
|   3|0x0000000080300000, 0x0000000080400000, 0x0000000080400000|100%|HS|  |TAMS 0x0000000080400000, 0x0000000080300000| Complete 
|   4|0x0000000080400000, 0x0000000080500000, 0x0000000080500000|100%|HC|  |TAMS 0x0000000080500000, 0x0000000080400000| Complete 
|   5|0x0000000080500000, 0x0000000080600000, 0x0000000080600000|100%|HC|  |TAMS 0x0000000080600000, 0x0000000080500000| Complete 
|   6|0x0000000080600000, 0x0000000080700000, 0x0000000080700000|100%| O|  |TAMS 0x0000000080700000, 0x0000000080600000| Complete 
|   7|0x0000000080700000, 0x0000000080800000, 0x0000000080800000|100%| O|  |TAMS 0x0000000080800000, 0x0000000080700000| Untracked 
|   8|0x0000000080800000, 0x0000000080900000, 0x0000000080900000|100%| O|  |TAMS 0x0000000080900000, 0x0000000080800000| Untracked 
|   9|0x0000000080900000, 0x0000000080a00000, 0x0000000080a00000|100%| O|  |TAMS 0x0000000080a00000, 0x0000000080900000| Untracked 
|  10|0x0000000080a00000, 0x0000000080b00000, 0x0000000080b00000|100%| O|  |TAMS 0x0000000080b00000, 0x0000000080a00000| Untracked 
|  11|0x0000000080b00000, 0x0000000080c00000, 0x0000000080c00000|100%| O|  |TAMS 0x0000000080c00000, 0x0000000080b00000| Untracked 
|  12|0x0000000080c00000, 0x0000000080d00000, 0x0000000080d00000|100%| O|  |TAMS 0x0000000080d00000, 0x0000000080c00000| Untracked 
|  13|0x0000000080d00000, 0x0000000080e00000, 0x0000000080e00000|100%| O|  |TAMS 0x0000000080e00000, 0x0000000080d00000| Untracked 
|  14|0x0000000080e00000, 0x0000000080f00000, 0x0000000080f00000|100%| O|  |TAMS 0x0000000080f00000, 0x0000000080e00000| Untracked 
|  15|0x0000000080f00000, 0x0000000081000000, 0x0000000081000000|100%| O|  |TAMS 0x0000000081000000, 0x0000000080f00000| Complete 
|  16|0x0000000081000000, 0x0000000081100000, 0x0000000081100000|100%|HS|  |TAMS 0x0000000081100000, 0x0000000081000000| Complete 
|  17|0x0000000081100000, 0x0000000081200000, 0x0000000081200000|100%| O|  |TAMS 0x0000000081200000, 0x0000000081100000| Untracked 
|  18|0x0000000081200000, 0x0000000081300000, 0x0000000081300000|100%| O|  |TAMS 0x0000000081300000, 0x0000000081200000| Untracked 
|  19|0x0000000081300000, 0x0000000081400000, 0x0000000081400000|100%| O|  |TAMS 0x0000000081400000, 0x0000000081300000| Untracked 
|  20|0x0000000081400000, 0x0000000081500000, 0x0000000081500000|100%| O|  |TAMS 0x0000000081500000, 0x0000000081400000| Complete 
|  21|0x0000000081500000, 0x0000000081600000, 0x0000000081600000|100%| O|  |TAMS 0x0000000081600000, 0x0000000081500000| Complete 
|  22|0x0000000081600000, 0x0000000081700000, 0x0000000081700000|100%| O|  |TAMS 0x0000000081700000, 0x0000000081600000| Complete 
|  23|0x0000000081700000, 0x0000000081800000, 0x0000000081800000|100%|HS|  |TAMS 0x0000000081800000, 0x0000000081700000| Complete 
|  24|0x0000000081800000, 0x0000000081900000, 0x0000000081900000|100%|HS|  |TAMS 0x0000000081900000, 0x0000000081800000| Complete 
|  25|0x0000000081900000, 0x0000000081a00000, 0x0000000081a00000|100%|HC|  |TAMS 0x0000000081a00000, 0x0000000081900000| Complete 
|  26|0x0000000081a00000, 0x0000000081b00000, 0x0000000081b00000|100%| O|  |TAMS 0x0000000081b00000, 0x0000000081a00000| Untracked 
|  27|0x0000000081b00000, 0x0000000081c00000, 0x0000000081c00000|100%| O|  |TAMS 0x0000000081c00000, 0x0000000081b00000| Untracked 
|  28|0x0000000081c00000, 0x0000000081d00000, 0x0000000081d00000|100%| O|  |TAMS 0x0000000081d00000, 0x0000000081c00000| Untracked 
|  29|0x0000000081d00000, 0x0000000081e00000, 0x0000000081e00000|100%| O|  |TAMS 0x0000000081e00000, 0x0000000081d00000| Complete 
|  30|0x0000000081e00000, 0x0000000081f00000, 0x0000000081f00000|100%| O|  |TAMS 0x0000000081f00000, 0x0000000081e00000| Untracked 
|  31|0x0000000081f00000, 0x0000000082000000, 0x0000000082000000|100%| O|  |TAMS 0x0000000082000000, 0x0000000081f00000| Untracked 
|  32|0x0000000082000000, 0x0000000082100000, 0x0000000082100000|100%| O|  |TAMS 0x0000000082100000, 0x0000000082000000| Complete 
|  33|0x0000000082100000, 0x0000000082200000, 0x0000000082200000|100%| O|  |TAMS 0x0000000082200000, 0x0000000082100000| Untracked 
|  34|0x0000000082200000, 0x0000000082300000, 0x0000000082300000|100%| O|  |TAMS 0x0000000082300000, 0x0000000082200000| Untracked 
|  35|0x0000000082300000, 0x0000000082400000, 0x0000000082400000|100%| O|  |TAMS 0x0000000082400000, 0x0000000082300000| Complete 
|  36|0x0000000082400000, 0x0000000082500000, 0x0000000082500000|100%| O|  |TAMS 0x0000000082500000, 0x0000000082400000| Untracked 
|  37|0x0000000082500000, 0x0000000082600000, 0x0000000082600000|100%| O|  |TAMS 0x0000000082600000, 0x0000000082500000| Untracked 
|  38|0x0000000082600000, 0x0000000082700000, 0x0000000082700000|100%| O|  |TAMS 0x0000000082700000, 0x0000000082600000| Untracked 
|  39|0x0000000082700000, 0x0000000082800000, 0x0000000082800000|100%| O|  |TAMS 0x0000000082800000, 0x0000000082700000| Untracked 
|  40|0x0000000082800000, 0x0000000082900000, 0x0000000082900000|100%| O|  |TAMS 0x0000000082900000, 0x0000000082800000| Untracked 
|  41|0x0000000082900000, 0x0000000082a00000, 0x0000000082a00000|100%| O|  |TAMS 0x0000000082a00000, 0x0000000082900000| Untracked 
|  42|0x0000000082a00000, 0x0000000082b00000, 0x0000000082b00000|100%| O|  |TAMS 0x0000000082b00000, 0x0000000082a00000| Untracked 
|  43|0x0000000082b00000, 0x0000000082c00000, 0x0000000082c00000|100%|HS|  |TAMS 0x0000000082b00000, 0x0000000082b00000| Complete 
|  44|0x0000000082c00000, 0x0000000082d00000, 0x0000000082d00000|100%| O|  |TAMS 0x0000000082d00000, 0x0000000082c00000| Complete 
|  45|0x0000000082d00000, 0x0000000082e00000, 0x0000000082e00000|100%| O|  |TAMS 0x0000000082e00000, 0x0000000082d00000| Untracked 
|  46|0x0000000082e00000, 0x0000000082f00000, 0x0000000082f00000|100%| O|  |TAMS 0x0000000082f00000, 0x0000000082e00000| Complete 
|  47|0x0000000082f00000, 0x0000000083000000, 0x0000000083000000|100%| O|  |TAMS 0x0000000083000000, 0x0000000082f00000| Untracked 
|  48|0x0000000083000000, 0x0000000083100000, 0x0000000083100000|100%| O|  |TAMS 0x0000000083100000, 0x0000000083000000| Untracked 
|  49|0x0000000083100000, 0x0000000083200000, 0x0000000083200000|100%| O|  |TAMS 0x0000000083200000, 0x0000000083100000| Complete 
|  50|0x0000000083200000, 0x0000000083300000, 0x0000000083300000|100%| O|  |TAMS 0x0000000083300000, 0x0000000083200000| Complete 
|  51|0x0000000083300000, 0x0000000083400000, 0x0000000083400000|100%| O|  |TAMS 0x0000000083400000, 0x0000000083300000| Untracked 
|  52|0x0000000083400000, 0x0000000083500000, 0x0000000083500000|100%| O|  |TAMS 0x0000000083500000, 0x0000000083400000| Untracked 
|  53|0x0000000083500000, 0x0000000083600000, 0x0000000083600000|100%| O|  |TAMS 0x0000000083600000, 0x0000000083500000| Untracked 
|  54|0x0000000083600000, 0x0000000083700000, 0x0000000083700000|100%| O|  |TAMS 0x0000000083700000, 0x0000000083600000| Complete 
|  55|0x0000000083700000, 0x0000000083800000, 0x0000000083800000|100%| O|  |TAMS 0x0000000083800000, 0x0000000083700000| Complete 
|  56|0x0000000083800000, 0x0000000083900000, 0x0000000083900000|100%| O|  |TAMS 0x0000000083900000, 0x0000000083800000| Complete 
|  57|0x0000000083900000, 0x0000000083a00000, 0x0000000083a00000|100%| O|  |TAMS 0x0000000083a00000, 0x0000000083900000| Untracked 
|  58|0x0000000083a00000, 0x0000000083b00000, 0x0000000083b00000|100%| O|  |TAMS 0x0000000083b00000, 0x0000000083a00000| Untracked 
|  59|0x0000000083b00000, 0x0000000083c00000, 0x0000000083c00000|100%| O|  |TAMS 0x0000000083c00000, 0x0000000083b00000| Complete 
|  60|0x0000000083c00000, 0x0000000083d00000, 0x0000000083d00000|100%| O|  |TAMS 0x0000000083d00000, 0x0000000083c00000| Complete 
|  61|0x0000000083d00000, 0x0000000083e00000, 0x0000000083e00000|100%| O|  |TAMS 0x0000000083e00000, 0x0000000083d00000| Complete 
|  62|0x0000000083e00000, 0x0000000083f00000, 0x0000000083f00000|100%| O|  |TAMS 0x0000000083f00000, 0x0000000083e00000| Complete 
|  63|0x0000000083f00000, 0x0000000084000000, 0x0000000084000000|100%| O|  |TAMS 0x0000000084000000, 0x0000000083f00000| Untracked 
|  64|0x0000000084000000, 0x0000000084100000, 0x0000000084100000|100%| O|  |TAMS 0x0000000084100000, 0x0000000084000000| Complete 
|  65|0x0000000084100000, 0x0000000084200000, 0x0000000084200000|100%| O|  |TAMS 0x0000000084200000, 0x0000000084100000| Complete 
|  66|0x0000000084200000, 0x0000000084300000, 0x0000000084300000|100%| O|  |TAMS 0x0000000084300000, 0x0000000084200000| Complete 
|  67|0x0000000084300000, 0x0000000084400000, 0x0000000084400000|100%|HS|  |TAMS 0x0000000084300000, 0x0000000084300000| Complete 
|  68|0x0000000084400000, 0x0000000084400000, 0x0000000084500000|  0%| F|  |TAMS 0x0000000084400000, 0x0000000084400000| Untracked 
|  69|0x0000000084500000, 0x0000000084600000, 0x0000000084600000|100%| O|  |TAMS 0x0000000084600000, 0x0000000084500000| Untracked 
|  70|0x0000000084600000, 0x0000000084700000, 0x0000000084700000|100%| O|  |TAMS 0x0000000084700000, 0x0000000084600000| Untracked 
|  71|0x0000000084700000, 0x0000000084800000, 0x0000000084800000|100%| O|  |TAMS 0x0000000084800000, 0x0000000084700000| Complete 
|  72|0x0000000084800000, 0x0000000084900000, 0x0000000084900000|100%| O|  |TAMS 0x0000000084900000, 0x0000000084800000| Untracked 
|  73|0x0000000084900000, 0x0000000084a00000, 0x0000000084a00000|100%| O|  |TAMS 0x0000000084a00000, 0x0000000084900000| Untracked 
|  74|0x0000000084a00000, 0x0000000084b00000, 0x0000000084b00000|100%| O|  |TAMS 0x0000000084b00000, 0x0000000084a00000| Complete 
|  75|0x0000000084b00000, 0x0000000084c00000, 0x0000000084c00000|100%| O|  |TAMS 0x0000000084c00000, 0x0000000084b00000| Complete 
|  76|0x0000000084c00000, 0x0000000084d00000, 0x0000000084d00000|100%|HS|  |TAMS 0x0000000084c00000, 0x0000000084c00000| Complete 
|  77|0x0000000084d00000, 0x0000000084e00000, 0x0000000084e00000|100%|HC|  |TAMS 0x0000000084d00000, 0x0000000084d00000| Complete 
|  78|0x0000000084e00000, 0x0000000084f00000, 0x0000000084f00000|100%| O|  |TAMS 0x0000000084f00000, 0x0000000084e00000| Untracked 
|  79|0x0000000084f00000, 0x0000000084ff2600, 0x0000000085000000| 94%| O|  |TAMS 0x0000000084ff2600, 0x0000000084f00000| Untracked 
|  80|0x0000000085000000, 0x0000000085100000, 0x0000000085100000|100%| O|  |TAMS 0x0000000085100000, 0x0000000085000000| Complete 
|  81|0x0000000085100000, 0x0000000085200000, 0x0000000085200000|100%| O|  |TAMS 0x0000000085200000, 0x0000000085100000| Complete 
|  82|0x0000000085200000, 0x0000000085300000, 0x0000000085300000|100%| O|  |TAMS 0x0000000085300000, 0x0000000085200000| Complete 
|  83|0x0000000085300000, 0x0000000085400000, 0x0000000085400000|100%| O|  |TAMS 0x0000000085400000, 0x0000000085300000| Complete 
|  84|0x0000000085400000, 0x0000000085400000, 0x0000000085500000|  0%| F|  |TAMS 0x0000000085400000, 0x0000000085400000| Untracked 
|  85|0x0000000085500000, 0x0000000085500000, 0x0000000085600000|  0%| F|  |TAMS 0x0000000085500000, 0x0000000085500000| Untracked 
|  86|0x0000000085600000, 0x0000000085700000, 0x0000000085700000|100%| O|  |TAMS 0x0000000085700000, 0x0000000085600000| Complete 
|  87|0x0000000085700000, 0x0000000085800000, 0x0000000085800000|100%| O|  |TAMS 0x0000000085800000, 0x0000000085700000| Complete 
|  88|0x0000000085800000, 0x0000000085900000, 0x0000000085900000|100%| O|  |TAMS 0x0000000085900000, 0x0000000085800000| Complete 
|  89|0x0000000085900000, 0x0000000085a00000, 0x0000000085a00000|100%| O|  |TAMS 0x0000000085a00000, 0x0000000085900000| Complete 
|  90|0x0000000085a00000, 0x0000000085b00000, 0x0000000085b00000|100%| O|  |TAMS 0x0000000085b00000, 0x0000000085a00000| Complete 
|  91|0x0000000085b00000, 0x0000000085c00000, 0x0000000085c00000|100%| O|  |TAMS 0x0000000085c00000, 0x0000000085b00000| Complete 
|  92|0x0000000085c00000, 0x0000000085d00000, 0x0000000085d00000|100%| O|  |TAMS 0x0000000085d00000, 0x0000000085c00000| Complete 
|  93|0x0000000085d00000, 0x0000000085e00000, 0x0000000085e00000|100%| O|  |TAMS 0x0000000085e00000, 0x0000000085d00000| Untracked 
|  94|0x0000000085e00000, 0x0000000085f00000, 0x0000000085f00000|100%| O|  |TAMS 0x0000000085f00000, 0x0000000085e00000| Untracked 
|  95|0x0000000085f00000, 0x0000000086000000, 0x0000000086000000|100%| O|  |TAMS 0x0000000086000000, 0x0000000085f00000| Untracked 
|  96|0x0000000086000000, 0x0000000086100000, 0x0000000086100000|100%| O|  |TAMS 0x0000000086100000, 0x0000000086000000| Complete 
|  97|0x0000000086100000, 0x0000000086100000, 0x0000000086200000|  0%| F|  |TAMS 0x0000000086100000, 0x0000000086100000| Untracked 
|  98|0x0000000086200000, 0x0000000086200000, 0x0000000086300000|  0%| F|  |TAMS 0x0000000086200000, 0x0000000086200000| Untracked 
|  99|0x0000000086300000, 0x0000000086400000, 0x0000000086400000|100%| O|  |TAMS 0x0000000086400000, 0x0000000086300000| Complete 
| 100|0x0000000086400000, 0x0000000086500000, 0x0000000086500000|100%| O|  |TAMS 0x0000000086500000, 0x0000000086400000| Complete 
| 101|0x0000000086500000, 0x0000000086500000, 0x0000000086600000|  0%| F|  |TAMS 0x0000000086500000, 0x0000000086500000| Untracked 
| 102|0x0000000086600000, 0x0000000086700000, 0x0000000086700000|100%| O|  |TAMS 0x0000000086700000, 0x0000000086600000| Complete 
| 103|0x0000000086700000, 0x0000000086700000, 0x0000000086800000|  0%| F|  |TAMS 0x0000000086700000, 0x0000000086700000| Untracked 
| 104|0x0000000086800000, 0x0000000086900000, 0x0000000086900000|100%| O|  |TAMS 0x0000000086900000, 0x0000000086800000| Complete 
| 105|0x0000000086900000, 0x0000000086a00000, 0x0000000086a00000|100%| O|  |TAMS 0x0000000086a00000, 0x0000000086900000| Complete 
| 106|0x0000000086a00000, 0x0000000086b00000, 0x0000000086b00000|100%| O|  |TAMS 0x0000000086b00000, 0x0000000086a00000| Complete 
| 107|0x0000000086b00000, 0x0000000086c00000, 0x0000000086c00000|100%| O|  |TAMS 0x0000000086c00000, 0x0000000086b00000| Complete 
| 108|0x0000000086c00000, 0x0000000086d00000, 0x0000000086d00000|100%| O|  |TAMS 0x0000000086d00000, 0x0000000086c00000| Untracked 
| 109|0x0000000086d00000, 0x0000000086e00000, 0x0000000086e00000|100%| O|  |TAMS 0x0000000086e00000, 0x0000000086d00000| Complete 
| 110|0x0000000086e00000, 0x0000000086e00000, 0x0000000086f00000|  0%| F|  |TAMS 0x0000000086e00000, 0x0000000086e00000| Untracked 
| 111|0x0000000086f00000, 0x0000000086f00000, 0x0000000087000000|  0%| F|  |TAMS 0x0000000086f00000, 0x0000000086f00000| Untracked 
| 112|0x0000000087000000, 0x0000000087100000, 0x0000000087100000|100%| O|  |TAMS 0x0000000087100000, 0x0000000087000000| Complete 
| 113|0x0000000087100000, 0x0000000087100000, 0x0000000087200000|  0%| F|  |TAMS 0x0000000087100000, 0x0000000087100000| Untracked 
| 114|0x0000000087200000, 0x0000000087200000, 0x0000000087300000|  0%| F|  |TAMS 0x0000000087200000, 0x0000000087200000| Untracked 
| 115|0x0000000087300000, 0x0000000087300000, 0x0000000087400000|  0%| F|  |TAMS 0x0000000087300000, 0x0000000087300000| Untracked 
| 116|0x0000000087400000, 0x0000000087400000, 0x0000000087500000|  0%| F|  |TAMS 0x0000000087400000, 0x0000000087400000| Untracked 
| 117|0x0000000087500000, 0x0000000087500000, 0x0000000087600000|  0%| F|  |TAMS 0x0000000087500000, 0x0000000087500000| Untracked 
| 118|0x0000000087600000, 0x0000000087600000, 0x0000000087700000|  0%| F|  |TAMS 0x0000000087600000, 0x0000000087600000| Untracked 
| 119|0x0000000087700000, 0x0000000087800000, 0x0000000087800000|100%| O|  |TAMS 0x0000000087800000, 0x0000000087700000| Untracked 
| 120|0x0000000087800000, 0x0000000087900000, 0x0000000087900000|100%| O|  |TAMS 0x0000000087900000, 0x0000000087800000| Untracked 
| 121|0x0000000087900000, 0x0000000087a00000, 0x0000000087a00000|100%| O|  |TAMS 0x0000000087a00000, 0x0000000087900000| Untracked 
| 122|0x0000000087a00000, 0x0000000087b00000, 0x0000000087b00000|100%| O|  |TAMS 0x0000000087b00000, 0x0000000087a00000| Untracked 
| 123|0x0000000087b00000, 0x0000000087b00000, 0x0000000087c00000|  0%| F|  |TAMS 0x0000000087b00000, 0x0000000087b00000| Untracked 
| 124|0x0000000087c00000, 0x0000000087d00000, 0x0000000087d00000|100%| O|  |TAMS 0x0000000087d00000, 0x0000000087c00000| Complete 
| 125|0x0000000087d00000, 0x0000000087d00000, 0x0000000087e00000|  0%| F|  |TAMS 0x0000000087d00000, 0x0000000087d00000| Untracked 
| 126|0x0000000087e00000, 0x0000000087e00000, 0x0000000087f00000|  0%| F|  |TAMS 0x0000000087e00000, 0x0000000087e00000| Untracked 
| 127|0x0000000087f00000, 0x0000000087f00000, 0x0000000088000000|  0%| F|  |TAMS 0x0000000087f00000, 0x0000000087f00000| Untracked 
| 128|0x0000000088000000, 0x0000000088000000, 0x0000000088100000|  0%| F|  |TAMS 0x0000000088000000, 0x0000000088000000| Untracked 
| 129|0x0000000088100000, 0x0000000088100000, 0x0000000088200000|  0%| F|  |TAMS 0x0000000088100000, 0x0000000088100000| Untracked 
| 130|0x0000000088200000, 0x0000000088200000, 0x0000000088300000|  0%| F|  |TAMS 0x0000000088200000, 0x0000000088200000| Untracked 
| 131|0x0000000088300000, 0x0000000088300000, 0x0000000088400000|  0%| F|  |TAMS 0x0000000088300000, 0x0000000088300000| Untracked 
| 132|0x0000000088400000, 0x0000000088400000, 0x0000000088500000|  0%| F|  |TAMS 0x0000000088400000, 0x0000000088400000| Untracked 
| 133|0x0000000088500000, 0x0000000088500000, 0x0000000088600000|  0%| F|  |TAMS 0x0000000088500000, 0x0000000088500000| Untracked 
| 134|0x0000000088600000, 0x0000000088600000, 0x0000000088700000|  0%| F|  |TAMS 0x0000000088600000, 0x0000000088600000| Untracked 
| 135|0x0000000088700000, 0x0000000088700000, 0x0000000088800000|  0%| F|  |TAMS 0x0000000088700000, 0x0000000088700000| Untracked 
| 136|0x0000000088800000, 0x0000000088800000, 0x0000000088900000|  0%| F|  |TAMS 0x0000000088800000, 0x0000000088800000| Untracked 
| 137|0x0000000088900000, 0x0000000088900000, 0x0000000088a00000|  0%| F|  |TAMS 0x0000000088900000, 0x0000000088900000| Untracked 
| 138|0x0000000088a00000, 0x0000000088a00000, 0x0000000088b00000|  0%| F|  |TAMS 0x0000000088a00000, 0x0000000088a00000| Untracked 
| 139|0x0000000088b00000, 0x0000000088b00000, 0x0000000088c00000|  0%| F|  |TAMS 0x0000000088b00000, 0x0000000088b00000| Untracked 
| 140|0x0000000088c00000, 0x0000000088c00000, 0x0000000088d00000|  0%| F|  |TAMS 0x0000000088c00000, 0x0000000088c00000| Untracked 
| 141|0x0000000088d00000, 0x0000000088d343d0, 0x0000000088e00000| 20%| S|CS|TAMS 0x0000000088d00000, 0x0000000088d00000| Complete 
| 142|0x0000000088e00000, 0x0000000088f00000, 0x0000000088f00000|100%| S|CS|TAMS 0x0000000088e00000, 0x0000000088e00000| Complete 
| 143|0x0000000088f00000, 0x0000000089000000, 0x0000000089000000|100%| S|CS|TAMS 0x0000000088f00000, 0x0000000088f00000| Complete 
| 144|0x0000000089000000, 0x0000000089100000, 0x0000000089100000|100%| S|CS|TAMS 0x0000000089000000, 0x0000000089000000| Complete 
| 145|0x0000000089100000, 0x0000000089200000, 0x0000000089200000|100%| S|CS|TAMS 0x0000000089100000, 0x0000000089100000| Complete 
| 146|0x0000000089200000, 0x0000000089300000, 0x0000000089300000|100%| S|CS|TAMS 0x0000000089200000, 0x0000000089200000| Complete 
| 147|0x0000000089300000, 0x0000000089400000, 0x0000000089400000|100%| S|CS|TAMS 0x0000000089300000, 0x0000000089300000| Complete 
| 148|0x0000000089400000, 0x0000000089500000, 0x0000000089500000|100%| S|CS|TAMS 0x0000000089400000, 0x0000000089400000| Complete 
| 149|0x0000000089500000, 0x0000000089600000, 0x0000000089600000|100%| S|CS|TAMS 0x0000000089500000, 0x0000000089500000| Complete 
| 150|0x0000000089600000, 0x0000000089700000, 0x0000000089700000|100%| S|CS|TAMS 0x0000000089600000, 0x0000000089600000| Complete 
| 151|0x0000000089700000, 0x0000000089800000, 0x0000000089800000|100%| S|CS|TAMS 0x0000000089700000, 0x0000000089700000| Complete 
| 152|0x0000000089800000, 0x0000000089900000, 0x0000000089900000|100%| S|CS|TAMS 0x0000000089800000, 0x0000000089800000| Complete 
| 153|0x0000000089900000, 0x0000000089900000, 0x0000000089a00000|  0%| F|  |TAMS 0x0000000089900000, 0x0000000089900000| Untracked 
| 154|0x0000000089a00000, 0x0000000089a00000, 0x0000000089b00000|  0%| F|  |TAMS 0x0000000089a00000, 0x0000000089a00000| Untracked 
| 155|0x0000000089b00000, 0x0000000089b00000, 0x0000000089c00000|  0%| F|  |TAMS 0x0000000089b00000, 0x0000000089b00000| Untracked 
| 156|0x0000000089c00000, 0x0000000089c00000, 0x0000000089d00000|  0%| F|  |TAMS 0x0000000089c00000, 0x0000000089c00000| Untracked 
| 157|0x0000000089d00000, 0x0000000089d00000, 0x0000000089e00000|  0%| F|  |TAMS 0x0000000089d00000, 0x0000000089d00000| Untracked 
| 158|0x0000000089e00000, 0x0000000089e00000, 0x0000000089f00000|  0%| F|  |TAMS 0x0000000089e00000, 0x0000000089e00000| Untracked 
| 159|0x0000000089f00000, 0x0000000089f00000, 0x000000008a000000|  0%| F|  |TAMS 0x0000000089f00000, 0x0000000089f00000| Untracked 
| 160|0x000000008a000000, 0x000000008a000000, 0x000000008a100000|  0%| F|  |TAMS 0x000000008a000000, 0x000000008a000000| Untracked 
| 161|0x000000008a100000, 0x000000008a100000, 0x000000008a200000|  0%| F|  |TAMS 0x000000008a100000, 0x000000008a100000| Untracked 
| 162|0x000000008a200000, 0x000000008a200000, 0x000000008a300000|  0%| F|  |TAMS 0x000000008a200000, 0x000000008a200000| Untracked 
| 163|0x000000008a300000, 0x000000008a300000, 0x000000008a400000|  0%| F|  |TAMS 0x000000008a300000, 0x000000008a300000| Untracked 
| 164|0x000000008a400000, 0x000000008a400000, 0x000000008a500000|  0%| F|  |TAMS 0x000000008a400000, 0x000000008a400000| Untracked 
| 165|0x000000008a500000, 0x000000008a500000, 0x000000008a600000|  0%| F|  |TAMS 0x000000008a500000, 0x000000008a500000| Untracked 
| 166|0x000000008a600000, 0x000000008a600000, 0x000000008a700000|  0%| F|  |TAMS 0x000000008a600000, 0x000000008a600000| Untracked 
| 167|0x000000008a700000, 0x000000008a700000, 0x000000008a800000|  0%| F|  |TAMS 0x000000008a700000, 0x000000008a700000| Complete 
| 168|0x000000008a800000, 0x000000008a900000, 0x000000008a900000|100%| E|CS|TAMS 0x000000008a800000, 0x000000008a800000| Complete 
| 169|0x000000008a900000, 0x000000008aa00000, 0x000000008aa00000|100%| E|CS|TAMS 0x000000008a900000, 0x000000008a900000| Complete 
| 170|0x000000008aa00000, 0x000000008ab00000, 0x000000008ab00000|100%| E|CS|TAMS 0x000000008aa00000, 0x000000008aa00000| Complete 
| 171|0x000000008ab00000, 0x000000008ac00000, 0x000000008ac00000|100%| E|CS|TAMS 0x000000008ab00000, 0x000000008ab00000| Complete 
| 172|0x000000008ac00000, 0x000000008ad00000, 0x000000008ad00000|100%| E|CS|TAMS 0x000000008ac00000, 0x000000008ac00000| Complete 
| 173|0x000000008ad00000, 0x000000008ae00000, 0x000000008ae00000|100%| E|CS|TAMS 0x000000008ad00000, 0x000000008ad00000| Complete 
| 174|0x000000008ae00000, 0x000000008af00000, 0x000000008af00000|100%| E|CS|TAMS 0x000000008ae00000, 0x000000008ae00000| Complete 
| 175|0x000000008af00000, 0x000000008b000000, 0x000000008b000000|100%| E|CS|TAMS 0x000000008af00000, 0x000000008af00000| Complete 
| 176|0x000000008b000000, 0x000000008b100000, 0x000000008b100000|100%| E|CS|TAMS 0x000000008b000000, 0x000000008b000000| Complete 
| 177|0x000000008b100000, 0x000000008b200000, 0x000000008b200000|100%| E|CS|TAMS 0x000000008b100000, 0x000000008b100000| Complete 
| 178|0x000000008b200000, 0x000000008b300000, 0x000000008b300000|100%| E|  |TAMS 0x000000008b200000, 0x000000008b200000| Complete 
| 179|0x000000008b300000, 0x000000008b400000, 0x000000008b400000|100%| E|CS|TAMS 0x000000008b300000, 0x000000008b300000| Complete 
| 180|0x000000008b400000, 0x000000008b500000, 0x000000008b500000|100%| E|CS|TAMS 0x000000008b400000, 0x000000008b400000| Complete 
| 181|0x000000008b500000, 0x000000008b600000, 0x000000008b600000|100%| E|CS|TAMS 0x000000008b500000, 0x000000008b500000| Complete 
| 182|0x000000008b600000, 0x000000008b700000, 0x000000008b700000|100%| E|CS|TAMS 0x000000008b600000, 0x000000008b600000| Complete 
| 183|0x000000008b700000, 0x000000008b800000, 0x000000008b800000|100%| E|CS|TAMS 0x000000008b700000, 0x000000008b700000| Complete 
| 184|0x000000008b800000, 0x000000008b900000, 0x000000008b900000|100%| E|CS|TAMS 0x000000008b800000, 0x000000008b800000| Complete 
| 185|0x000000008b900000, 0x000000008ba00000, 0x000000008ba00000|100%| E|CS|TAMS 0x000000008b900000, 0x000000008b900000| Complete 
| 186|0x000000008ba00000, 0x000000008bb00000, 0x000000008bb00000|100%| E|CS|TAMS 0x000000008ba00000, 0x000000008ba00000| Complete 
| 187|0x000000008bb00000, 0x000000008bc00000, 0x000000008bc00000|100%| E|CS|TAMS 0x000000008bb00000, 0x000000008bb00000| Complete 
| 188|0x000000008bc00000, 0x000000008bd00000, 0x000000008bd00000|100%| E|CS|TAMS 0x000000008bc00000, 0x000000008bc00000| Complete 
| 189|0x000000008bd00000, 0x000000008be00000, 0x000000008be00000|100%| E|CS|TAMS 0x000000008bd00000, 0x000000008bd00000| Complete 
| 190|0x000000008be00000, 0x000000008bf00000, 0x000000008bf00000|100%| E|CS|TAMS 0x000000008be00000, 0x000000008be00000| Complete 
| 191|0x000000008bf00000, 0x000000008c000000, 0x000000008c000000|100%| E|CS|TAMS 0x000000008bf00000, 0x000000008bf00000| Complete 
| 192|0x000000008c000000, 0x000000008c100000, 0x000000008c100000|100%| E|CS|TAMS 0x000000008c000000, 0x000000008c000000| Complete 
| 193|0x000000008c100000, 0x000000008c200000, 0x000000008c200000|100%| E|CS|TAMS 0x000000008c100000, 0x000000008c100000| Complete 
| 194|0x000000008c200000, 0x000000008c300000, 0x000000008c300000|100%| E|CS|TAMS 0x000000008c200000, 0x000000008c200000| Complete 
| 195|0x000000008c300000, 0x000000008c400000, 0x000000008c400000|100%| E|CS|TAMS 0x000000008c300000, 0x000000008c300000| Complete 
| 196|0x000000008c400000, 0x000000008c500000, 0x000000008c500000|100%| E|CS|TAMS 0x000000008c400000, 0x000000008c400000| Complete 
| 197|0x000000008c500000, 0x000000008c600000, 0x000000008c600000|100%| E|CS|TAMS 0x000000008c500000, 0x000000008c500000| Complete 
| 198|0x000000008c600000, 0x000000008c700000, 0x000000008c700000|100%| E|CS|TAMS 0x000000008c600000, 0x000000008c600000| Complete 
| 199|0x000000008c700000, 0x000000008c800000, 0x000000008c800000|100%| E|CS|TAMS 0x000000008c700000, 0x000000008c700000| Complete 
| 200|0x000000008c800000, 0x000000008c900000, 0x000000008c900000|100%| E|CS|TAMS 0x000000008c800000, 0x000000008c800000| Complete 
| 201|0x000000008c900000, 0x000000008ca00000, 0x000000008ca00000|100%| E|CS|TAMS 0x000000008c900000, 0x000000008c900000| Complete 
| 202|0x000000008ca00000, 0x000000008cb00000, 0x000000008cb00000|100%| E|CS|TAMS 0x000000008ca00000, 0x000000008ca00000| Complete 
| 203|0x000000008cb00000, 0x000000008cc00000, 0x000000008cc00000|100%| E|CS|TAMS 0x000000008cb00000, 0x000000008cb00000| Complete 
| 204|0x000000008cc00000, 0x000000008cd00000, 0x000000008cd00000|100%| E|CS|TAMS 0x000000008cc00000, 0x000000008cc00000| Complete 
| 205|0x000000008cd00000, 0x000000008ce00000, 0x000000008ce00000|100%| E|CS|TAMS 0x000000008cd00000, 0x000000008cd00000| Complete 
| 206|0x000000008ce00000, 0x000000008cf00000, 0x000000008cf00000|100%| E|CS|TAMS 0x000000008ce00000, 0x000000008ce00000| Complete 
| 207|0x000000008cf00000, 0x000000008d000000, 0x000000008d000000|100%| E|CS|TAMS 0x000000008cf00000, 0x000000008cf00000| Complete 
| 208|0x000000008d000000, 0x000000008d100000, 0x000000008d100000|100%| E|CS|TAMS 0x000000008d000000, 0x000000008d000000| Complete 
| 209|0x000000008d100000, 0x000000008d200000, 0x000000008d200000|100%| E|CS|TAMS 0x000000008d100000, 0x000000008d100000| Complete 
| 210|0x000000008d200000, 0x000000008d300000, 0x000000008d300000|100%| E|CS|TAMS 0x000000008d200000, 0x000000008d200000| Complete 
| 211|0x000000008d300000, 0x000000008d400000, 0x000000008d400000|100%| E|CS|TAMS 0x000000008d300000, 0x000000008d300000| Complete 
| 212|0x000000008d400000, 0x000000008d500000, 0x000000008d500000|100%| E|CS|TAMS 0x000000008d400000, 0x000000008d400000| Complete 
| 213|0x000000008d500000, 0x000000008d600000, 0x000000008d600000|100%| E|CS|TAMS 0x000000008d500000, 0x000000008d500000| Complete 
| 214|0x000000008d600000, 0x000000008d700000, 0x000000008d700000|100%| E|CS|TAMS 0x000000008d600000, 0x000000008d600000| Complete 
| 215|0x000000008d700000, 0x000000008d800000, 0x000000008d800000|100%| E|CS|TAMS 0x000000008d700000, 0x000000008d700000| Complete 
| 216|0x000000008d800000, 0x000000008d900000, 0x000000008d900000|100%| E|CS|TAMS 0x000000008d800000, 0x000000008d800000| Complete 
| 217|0x000000008d900000, 0x000000008da00000, 0x000000008da00000|100%| E|CS|TAMS 0x000000008d900000, 0x000000008d900000| Complete 
| 218|0x000000008da00000, 0x000000008db00000, 0x000000008db00000|100%| E|CS|TAMS 0x000000008da00000, 0x000000008da00000| Complete 
| 219|0x000000008db00000, 0x000000008dc00000, 0x000000008dc00000|100%| E|CS|TAMS 0x000000008db00000, 0x000000008db00000| Complete 
| 220|0x000000008dc00000, 0x000000008dd00000, 0x000000008dd00000|100%| E|CS|TAMS 0x000000008dc00000, 0x000000008dc00000| Complete 
| 221|0x000000008dd00000, 0x000000008de00000, 0x000000008de00000|100%| E|CS|TAMS 0x000000008dd00000, 0x000000008dd00000| Complete 
| 222|0x000000008de00000, 0x000000008df00000, 0x000000008df00000|100%| E|CS|TAMS 0x000000008de00000, 0x000000008de00000| Complete 
| 223|0x000000008df00000, 0x000000008e000000, 0x000000008e000000|100%| E|CS|TAMS 0x000000008df00000, 0x000000008df00000| Complete 
| 224|0x000000008e000000, 0x000000008e100000, 0x000000008e100000|100%| E|CS|TAMS 0x000000008e000000, 0x000000008e000000| Complete 
| 225|0x000000008e100000, 0x000000008e200000, 0x000000008e200000|100%| E|CS|TAMS 0x000000008e100000, 0x000000008e100000| Complete 
| 226|0x000000008e200000, 0x000000008e300000, 0x000000008e300000|100%| E|CS|TAMS 0x000000008e200000, 0x000000008e200000| Complete 
| 227|0x000000008e300000, 0x000000008e400000, 0x000000008e400000|100%| E|CS|TAMS 0x000000008e300000, 0x000000008e300000| Complete 
| 228|0x000000008e400000, 0x000000008e500000, 0x000000008e500000|100%| E|CS|TAMS 0x000000008e400000, 0x000000008e400000| Complete 
| 229|0x000000008e500000, 0x000000008e600000, 0x000000008e600000|100%| E|CS|TAMS 0x000000008e500000, 0x000000008e500000| Complete 
| 230|0x000000008e600000, 0x000000008e700000, 0x000000008e700000|100%| E|CS|TAMS 0x000000008e600000, 0x000000008e600000| Complete 
| 231|0x000000008e700000, 0x000000008e800000, 0x000000008e800000|100%| E|CS|TAMS 0x000000008e700000, 0x000000008e700000| Complete 
| 232|0x000000008e800000, 0x000000008e900000, 0x000000008e900000|100%| E|CS|TAMS 0x000000008e800000, 0x000000008e800000| Complete 
| 233|0x000000008e900000, 0x000000008ea00000, 0x000000008ea00000|  0%| F|  |TAMS 0x000000008e900000, 0x000000008e900000| Untracked 
| 234|0x000000008ea00000, 0x000000008ea00000, 0x000000008eb00000|  0%| F|  |TAMS 0x000000008ea00000, 0x000000008ea00000| Untracked 
| 235|0x000000008eb00000, 0x000000008eb00000, 0x000000008ec00000|  0%| F|  |TAMS 0x000000008eb00000, 0x000000008eb00000| Untracked 
| 236|0x000000008ec00000, 0x000000008ec00000, 0x000000008ed00000|  0%| F|  |TAMS 0x000000008ec00000, 0x000000008ec00000| Untracked 
| 237|0x000000008ed00000, 0x000000008ed00000, 0x000000008ee00000|  0%| F|  |TAMS 0x000000008ed00000, 0x000000008ed00000| Untracked 
| 238|0x000000008ee00000, 0x000000008ee00000, 0x000000008ef00000|  0%| F|  |TAMS 0x000000008ee00000, 0x000000008ee00000| Untracked 
| 239|0x000000008ef00000, 0x000000008ef00000, 0x000000008f000000|  0%| F|  |TAMS 0x000000008ef00000, 0x000000008ef00000| Untracked 
| 240|0x000000008f000000, 0x000000008f000000, 0x000000008f100000|  0%| F|  |TAMS 0x000000008f000000, 0x000000008f000000| Untracked 
| 241|0x000000008f100000, 0x000000008f100000, 0x000000008f200000|  0%| F|  |TAMS 0x000000008f100000, 0x000000008f100000| Untracked 
| 242|0x000000008f200000, 0x000000008f200000, 0x000000008f300000|  0%| F|  |TAMS 0x000000008f200000, 0x000000008f200000| Untracked 
| 243|0x000000008f300000, 0x000000008f300000, 0x000000008f400000|  0%| F|  |TAMS 0x000000008f300000, 0x000000008f300000| Untracked 
| 244|0x000000008f400000, 0x000000008f400000, 0x000000008f500000|  0%| F|  |TAMS 0x000000008f400000, 0x000000008f400000| Untracked 
| 245|0x000000008f500000, 0x000000008f500000, 0x000000008f600000|  0%| F|  |TAMS 0x000000008f500000, 0x000000008f500000| Untracked 
| 246|0x000000008f600000, 0x000000008f600000, 0x000000008f700000|  0%| F|  |TAMS 0x000000008f600000, 0x000000008f600000| Untracked 
| 247|0x000000008f700000, 0x000000008f700000, 0x000000008f800000|  0%| F|  |TAMS 0x000000008f700000, 0x000000008f700000| Untracked 
| 248|0x000000008f800000, 0x000000008f800000, 0x000000008f900000|  0%| F|  |TAMS 0x000000008f800000, 0x000000008f800000| Untracked 
| 249|0x000000008f900000, 0x000000008f900000, 0x000000008fa00000|  0%| F|  |TAMS 0x000000008f900000, 0x000000008f900000| Untracked 
| 250|0x000000008fa00000, 0x000000008fa00000, 0x000000008fb00000|  0%| F|  |TAMS 0x000000008fa00000, 0x000000008fa00000| Untracked 
| 251|0x000000008fb00000, 0x000000008fb00000, 0x000000008fc00000|  0%| F|  |TAMS 0x000000008fb00000, 0x000000008fb00000| Untracked 
| 252|0x000000008fc00000, 0x000000008fc00000, 0x000000008fd00000|  0%| F|  |TAMS 0x000000008fc00000, 0x000000008fc00000| Untracked 
| 253|0x000000008fd00000, 0x000000008fd00000, 0x000000008fe00000|  0%| F|  |TAMS 0x000000008fd00000, 0x000000008fd00000| Untracked 
| 254|0x000000008fe00000, 0x000000008fe00000, 0x000000008ff00000|  0%| F|  |TAMS 0x000000008fe00000, 0x000000008fe00000| Untracked 
| 255|0x000000008ff00000, 0x000000008ff00000, 0x0000000090000000|  0%| F|  |TAMS 0x000000008ff00000, 0x000000008ff00000| Untracked 
| 256|0x0000000090000000, 0x0000000090000000, 0x0000000090100000|  0%| F|  |TAMS 0x0000000090000000, 0x0000000090000000| Untracked 
| 257|0x0000000090100000, 0x0000000090100000, 0x0000000090200000|  0%| F|  |TAMS 0x0000000090100000, 0x0000000090100000| Untracked 
| 258|0x0000000090200000, 0x0000000090200000, 0x0000000090300000|  0%| F|  |TAMS 0x0000000090200000, 0x0000000090200000| Untracked 
| 259|0x0000000090300000, 0x0000000090300000, 0x0000000090400000|  0%| F|  |TAMS 0x0000000090300000, 0x0000000090300000| Untracked 
| 260|0x0000000090400000, 0x0000000090400000, 0x0000000090500000|  0%| F|  |TAMS 0x0000000090400000, 0x0000000090400000| Untracked 
| 261|0x0000000090500000, 0x0000000090500000, 0x0000000090600000|  0%| F|  |TAMS 0x0000000090500000, 0x0000000090500000| Untracked 
| 262|0x0000000090600000, 0x0000000090600000, 0x0000000090700000|  0%| F|  |TAMS 0x0000000090600000, 0x0000000090600000| Untracked 
| 263|0x0000000090700000, 0x0000000090700000, 0x0000000090800000|  0%| F|  |TAMS 0x0000000090700000, 0x0000000090700000| Untracked 
| 264|0x0000000090800000, 0x0000000090800000, 0x0000000090900000|  0%| F|  |TAMS 0x0000000090800000, 0x0000000090800000| Untracked 
| 265|0x0000000090900000, 0x0000000090900000, 0x0000000090a00000|  0%| F|  |TAMS 0x0000000090900000, 0x0000000090900000| Untracked 
| 266|0x0000000090a00000, 0x0000000090a4e1c8, 0x0000000090b00000| 30%| E|  |TAMS 0x0000000090a00000, 0x0000000090a00000| Complete 

Card table byte_map: [0x0000018f29280000,0x0000018f29680000] _byte_map_base: 0x0000018f28e80000

Marking Bits (Prev, Next): (CMBitMap*) 0x0000018f14517948, (CMBitMap*) 0x0000018f14517980
 Prev Bits: [0x0000018f29a80000, 0x0000018f2ba80000)
 Next Bits: [0x0000018f2ba80000, 0x0000018f2da80000)

Polling page: 0x0000018f142a0000

Metaspace:

Usage:
  Non-class:    110.43 MB capacity,   108.42 MB ( 98%) used,     1.60 MB (  1%) free+waste,   425.50 KB ( <1%) overhead. 
      Class:     16.50 MB capacity,    15.25 MB ( 92%) used,     1.07 MB (  6%) free+waste,   183.88 KB (  1%) overhead. 
       Both:    126.93 MB capacity,   123.66 MB ( 97%) used,     2.67 MB (  2%) free+waste,   609.38 KB ( <1%) overhead. 

Virtual space:
  Non-class space:      112.00 MB reserved,     110.68 MB ( 99%) committed 
      Class space:        1.00 GB reserved,      16.60 MB (  2%) committed 
             Both:        1.11 GB reserved,     127.27 MB ( 11%) committed 

Chunk freelists:
   Non-Class:  0 bytes
       Class:  2.00 KB
        Both:  2.00 KB

MaxMetaspaceSize: 17179869184.00 GB
CompressedClassSpaceSize: 1.00 GB
Initial GC threshold: 20.80 MB
Current GC threshold: 211.08 MB
CDS: off

CodeHeap 'non-profiled nmethods': size=120064Kb used=13173Kb max_used=13173Kb free=106891Kb
 bounds [0x0000018f21410000, 0x0000018f220f0000, 0x0000018f28950000]
CodeHeap 'profiled nmethods': size=120000Kb used=47350Kb max_used=47350Kb free=72649Kb
 bounds [0x0000018f19ee0000, 0x0000018f1cd30000, 0x0000018f21410000]
CodeHeap 'non-nmethods': size=5696Kb used=2467Kb max_used=2545Kb free=3228Kb
 bounds [0x0000018f19950000, 0x0000018f19be0000, 0x0000018f19ee0000]
 total_blobs=22708 nmethods=21718 adapters=900
 compilation: enabled
              stopped_count=0, restarted_count=0
 full_count=0

Compilation events (20 events):
Event: 1507.403 Thread 0x0000018f300a4000 nmethod 23861 0x0000018f1cccd910 code [0x0000018f1cccdb20, 0x0000018f1ccce0a8]
Event: 1507.403 Thread 0x0000018f300a4000 23862       2       com.android.tools.r8.graph.U::a (1 bytes)
Event: 1507.403 Thread 0x0000018f300a4000 nmethod 23862 0x0000018f1ccce310 code [0x0000018f1ccce4c0, 0x0000018f1ccce5b8]
Event: 1507.404 Thread 0x0000018f300a4000 23864       2       com.android.tools.r8.graph.e0::J (2 bytes)
Event: 1507.404 Thread 0x0000018f300a4000 nmethod 23864 0x0000018f1ccce690 code [0x0000018f1ccce840, 0x0000018f1ccce938]
Event: 1507.405 Thread 0x0000018f300a4000 23865       2       com.android.tools.r8.internal.Gd::d (25 bytes)
Event: 1507.406 Thread 0x0000018f300a4000 nmethod 23865 0x0000018f1cccea10 code [0x0000018f1cccebe0, 0x0000018f1ccced68]
Event: 1507.416 Thread 0x0000018f300a4000 23866       2       com.android.tools.r8.internal.Q3::<init> (14 bytes)
Event: 1507.416 Thread 0x0000018f300a4000 nmethod 23866 0x0000018f1cccee90 code [0x0000018f1cccf040, 0x0000018f1cccf258]
Event: 1507.416 Thread 0x0000018f300a4000 23867       2       com.android.tools.r8.graph.d::d (18 bytes)
Event: 1507.416 Thread 0x0000018f300a4000 nmethod 23867 0x0000018f1cccf310 code [0x0000018f1cccf4e0, 0x0000018f1cccf6c8]
Event: 1507.416 Thread 0x0000018f300a4000 23868       2       com.android.tools.r8.graph.E::d (27 bytes)
Event: 1507.417 Thread 0x0000018f300a4000 nmethod 23868 0x0000018f1cccf810 code [0x0000018f1cccf9c0, 0x0000018f1cccfb88]
Event: 1507.417 Thread 0x0000018f300a4000 23869       2       com.android.tools.r8.graph.F::<init> (10 bytes)
Event: 1507.417 Thread 0x0000018f300a4000 nmethod 23869 0x0000018f1cccfc90 code [0x0000018f1cccfe40, 0x0000018f1cccff78]
Event: 1507.420 Thread 0x0000018f300a4000 23870       2       com.android.tools.r8.internal.S6::F (52 bytes)
Event: 1507.421 Thread 0x0000018f300a4000 nmethod 23870 0x0000018f1ccd0010 code [0x0000018f1ccd0200, 0x0000018f1ccd0458]
Event: 1507.422 Thread 0x0000018f300a4000 23871       1       com.android.tools.r8.internal.a1::e (6 bytes)
Event: 1507.422 Thread 0x0000018f300a4000 nmethod 23871 0x0000018f220dca90 code [0x0000018f220dcc40, 0x0000018f220dccf8]
Event: 1507.423 Thread 0x0000018f300a4000 23874       2       com.android.tools.r8.graph.w0::a (119 bytes)

GC Heap History (20 events):
Event: 28.642 GC heap before
{Heap before GC invocations=29 (full 0):
 garbage-first heap   total 273408K, used 120449K [0x0000000080000000, 0x0000000100000000)
  region size 1024K, 13 young (13312K), 3 survivors (3072K)
 Metaspace       used 118503K, capacity 121555K, committed 121752K, reserved 1155072K
  class space    used 14923K, capacity 16083K, committed 16100K, reserved 1048576K
}
Event: 28.651 GC heap after
{Heap after GC invocations=30 (full 0):
 garbage-first heap   total 273408K, used 104109K [0x0000000080000000, 0x0000000100000000)
  region size 1024K, 2 young (2048K), 2 survivors (2048K)
 Metaspace       used 118503K, capacity 121555K, committed 121752K, reserved 1155072K
  class space    used 14923K, capacity 16083K, committed 16100K, reserved 1048576K
}
Event: 807.416 GC heap before
{Heap before GC invocations=30 (full 0):
 garbage-first heap   total 273408K, used 228013K [0x0000000080000000, 0x0000000100000000)
  region size 1024K, 107 young (109568K), 2 survivors (2048K)
 Metaspace       used 122579K, capacity 125777K, committed 125976K, reserved 1159168K
  class space    used 15441K, capacity 16714K, committed 16740K, reserved 1048576K
}
Event: 807.436 GC heap after
{Heap after GC invocations=31 (full 0):
 garbage-first heap   total 273408K, used 111011K [0x0000000080000000, 0x0000000100000000)
  region size 1024K, 9 young (9216K), 9 survivors (9216K)
 Metaspace       used 122579K, capacity 125777K, committed 125976K, reserved 1159168K
  class space    used 15441K, capacity 16714K, committed 16740K, reserved 1048576K
}
Event: 810.202 GC heap before
{Heap before GC invocations=32 (full 0):
 garbage-first heap   total 273408K, used 233891K [0x0000000080000000, 0x0000000100000000)
  region size 1024K, 111 young (113664K), 9 survivors (9216K)
 Metaspace       used 122602K, capacity 125659K, committed 126232K, reserved 1159168K
  class space    used 15369K, capacity 16580K, committed 16740K, reserved 1048576K
}
Event: 810.219 GC heap after
{Heap after GC invocations=33 (full 0):
 garbage-first heap   total 273408K, used 113232K [0x0000000080000000, 0x0000000100000000)
  region size 1024K, 5 young (5120K), 5 survivors (5120K)
 Metaspace       used 122602K, capacity 125659K, committed 126232K, reserved 1159168K
  class space    used 15369K, capacity 16580K, committed 16740K, reserved 1048576K
}
Event: 810.244 GC heap before
{Heap before GC invocations=33 (full 0):
 garbage-first heap   total 273408K, used 120400K [0x0000000080000000, 0x0000000100000000)
  region size 1024K, 13 young (13312K), 5 survivors (5120K)
 Metaspace       used 122615K, capacity 125659K, committed 126232K, reserved 1159168K
  class space    used 15369K, capacity 16580K, committed 16740K, reserved 1048576K
}
Event: 810.254 GC heap after
{Heap after GC invocations=34 (full 0):
 garbage-first heap   total 273408K, used 109145K [0x0000000080000000, 0x0000000100000000)
  region size 1024K, 1 young (1024K), 1 survivors (1024K)
 Metaspace       used 122615K, capacity 125659K, committed 126232K, reserved 1159168K
  class space    used 15369K, capacity 16580K, committed 16740K, reserved 1048576K
}
Event: 811.967 GC heap before
{Heap before GC invocations=34 (full 0):
 garbage-first heap   total 273408K, used 219737K [0x0000000080000000, 0x0000000100000000)
  region size 1024K, 105 young (107520K), 1 survivors (1024K)
 Metaspace       used 123632K, capacity 126775K, committed 127256K, reserved 1159168K
  class space    used 15404K, capacity 16600K, committed 16740K, reserved 1048576K
}
Event: 811.980 GC heap after
{Heap after GC invocations=35 (full 0):
 garbage-first heap   total 273408K, used 119347K [0x0000000080000000, 0x0000000100000000)
  region size 1024K, 9 young (9216K), 9 survivors (9216K)
 Metaspace       used 123632K, capacity 126775K, committed 127256K, reserved 1159168K
  class space    used 15404K, capacity 16600K, committed 16740K, reserved 1048576K
}
Event: 812.907 GC heap before
{Heap before GC invocations=35 (full 0):
 garbage-first heap   total 273408K, used 183859K [0x0000000080000000, 0x0000000100000000)
  region size 1024K, 62 young (63488K), 9 survivors (9216K)
 Metaspace       used 123914K, capacity 126993K, committed 127256K, reserved 1159168K
  class space    used 15404K, capacity 16601K, committed 16740K, reserved 1048576K
}
Event: 812.912 GC heap after
{Heap after GC invocations=36 (full 0):
 garbage-first heap   total 273408K, used 116127K [0x0000000080000000, 0x0000000100000000)
  region size 1024K, 1 young (1024K), 1 survivors (1024K)
 Metaspace       used 123914K, capacity 126993K, committed 127256K, reserved 1159168K
  class space    used 15404K, capacity 16601K, committed 16740K, reserved 1048576K
}
Event: 845.123 GC heap before
{Heap before GC invocations=37 (full 0):
 garbage-first heap   total 273408K, used 229791K [0x0000000080000000, 0x0000000100000000)
  region size 1024K, 105 young (107520K), 1 survivors (1024K)
 Metaspace       used 124477K, capacity 127679K, committed 127768K, reserved 1161216K
  class space    used 15438K, capacity 16658K, committed 16740K, reserved 1048576K
}
Event: 845.135 GC heap after
{Heap after GC invocations=38 (full 0):
 garbage-first heap   total 273408K, used 118377K [0x0000000080000000, 0x0000000100000000)
  region size 1024K, 8 young (8192K), 8 survivors (8192K)
 Metaspace       used 124477K, capacity 127679K, committed 127768K, reserved 1161216K
  class space    used 15438K, capacity 16658K, committed 16740K, reserved 1048576K
}
Event: 845.232 GC heap before
{Heap before GC invocations=38 (full 0):
 garbage-first heap   total 273408K, used 122473K [0x0000000080000000, 0x0000000100000000)
  region size 1024K, 13 young (13312K), 8 survivors (8192K)
 Metaspace       used 124493K, capacity 127682K, committed 127768K, reserved 1161216K
  class space    used 15439K, capacity 16659K, committed 16740K, reserved 1048576K
}
Event: 845.247 GC heap after
{Heap after GC invocations=39 (full 0):
 garbage-first heap   total 273408K, used 110818K [0x0000000080000000, 0x0000000100000000)
  region size 1024K, 2 young (2048K), 2 survivors (2048K)
 Metaspace       used 124493K, capacity 127682K, committed 127768K, reserved 1161216K
  class space    used 15439K, capacity 16659K, committed 16740K, reserved 1048576K
}
Event: 1503.945 GC heap before
{Heap before GC invocations=39 (full 0):
 garbage-first heap   total 273408K, used 231650K [0x0000000080000000, 0x0000000100000000)
  region size 1024K, 108 young (110592K), 2 survivors (2048K)
 Metaspace       used 125060K, capacity 128287K, committed 128536K, reserved 1161216K
  class space    used 15467K, capacity 16710K, committed 16740K, reserved 1048576K
}
Event: 1503.950 GC heap after
{Heap after GC invocations=40 (full 0):
 garbage-first heap   total 273408K, used 111933K [0x0000000080000000, 0x0000000100000000)
  region size 1024K, 3 young (3072K), 3 survivors (3072K)
 Metaspace       used 125060K, capacity 128287K, committed 128536K, reserved 1161216K
  class space    used 15467K, capacity 16710K, committed 16740K, reserved 1048576K
}
Event: 1506.721 GC heap before
{Heap before GC invocations=40 (full 0):
 garbage-first heap   total 273408K, used 223549K [0x0000000080000000, 0x0000000100000000)
  region size 1024K, 114 young (116736K), 3 survivors (3072K)
 Metaspace       used 126217K, capacity 129491K, committed 129688K, reserved 1163264K
  class space    used 15580K, capacity 16828K, committed 16868K, reserved 1048576K
}
Event: 1506.744 GC heap after
{Heap after GC invocations=41 (full 0):
 garbage-first heap   total 273408K, used 120986K [0x0000000080000000, 0x0000000100000000)
  region size 1024K, 12 young (12288K), 12 survivors (12288K)
 Metaspace       used 126217K, capacity 129491K, committed 129688K, reserved 1163264K
  class space    used 15580K, capacity 16828K, committed 16868K, reserved 1048576K
}

Deoptimization events (20 events):
Event: 1507.345 Thread 0x0000018f35ffa800 Uncommon trap: trap_request=0xffffff4d fr.pc=0x0000018f21ecea0c relative=0x00000000000002ac
Event: 1507.345 Thread 0x0000018f35ffa800 Uncommon trap: reason=unstable_if action=reinterpret pc=0x0000018f21ecea0c method=com.android.tools.r8.internal.le.a(C)Z @ 3 c2
Event: 1507.345 Thread 0x0000018f35ffa800 DEOPT PACKING pc=0x0000018f21ecea0c sp=0x0000001df7dfbbd0
Event: 1507.345 Thread 0x0000018f35ffa800 DEOPT UNPACKING pc=0x0000018f1999a1af sp=0x0000001df7dfba40 mode 2
Event: 1507.346 Thread 0x0000018f35ffa800 Uncommon trap: trap_request=0xffffffc6 fr.pc=0x0000018f21d7c58c relative=0x000000000000006c
Event: 1507.346 Thread 0x0000018f35ffa800 Uncommon trap: reason=bimorphic_or_optimized_type_check action=maybe_recompile pc=0x0000018f21d7c58c method=com.android.tools.r8.internal.NJ.test(Ljava/lang/Object;)Z @ 2 c2
Event: 1507.346 Thread 0x0000018f35ffa800 DEOPT PACKING pc=0x0000018f21d7c58c sp=0x0000001df7dfba10
Event: 1507.346 Thread 0x0000018f35ffa800 DEOPT UNPACKING pc=0x0000018f1999a1af sp=0x0000001df7dfb998 mode 2
Event: 1507.346 Thread 0x0000018f35ffa800 Uncommon trap: trap_request=0xffffffc6 fr.pc=0x0000018f21d7c58c relative=0x000000000000006c
Event: 1507.346 Thread 0x0000018f35ffa800 Uncommon trap: reason=bimorphic_or_optimized_type_check action=maybe_recompile pc=0x0000018f21d7c58c method=com.android.tools.r8.internal.NJ.test(Ljava/lang/Object;)Z @ 2 c2
Event: 1507.346 Thread 0x0000018f35ffa800 DEOPT PACKING pc=0x0000018f21d7c58c sp=0x0000001df7dfba10
Event: 1507.346 Thread 0x0000018f35ffa800 DEOPT UNPACKING pc=0x0000018f1999a1af sp=0x0000001df7dfb998 mode 2
Event: 1507.368 Thread 0x0000018f35ffd000 Uncommon trap: trap_request=0xffffffc6 fr.pc=0x0000018f21d87cb8 relative=0x0000000000000738
Event: 1507.368 Thread 0x0000018f35ffd000 Uncommon trap: reason=bimorphic_or_optimized_type_check action=maybe_recompile pc=0x0000018f21d87cb8 method=com.android.tools.r8.internal.u8.a(Lcom/android/tools/r8/internal/s8;)V @ 17 c2
Event: 1507.368 Thread 0x0000018f35ffd000 DEOPT PACKING pc=0x0000018f21d87cb8 sp=0x0000001df7ffb6c0
Event: 1507.368 Thread 0x0000018f35ffd000 DEOPT UNPACKING pc=0x0000018f1999a1af sp=0x0000001df7ffb678 mode 2
Event: 1507.404 Thread 0x0000018f35ffa800 Uncommon trap: trap_request=0xffffff4d fr.pc=0x0000018f21f3a318 relative=0x0000000000001a78
Event: 1507.404 Thread 0x0000018f35ffa800 Uncommon trap: reason=unstable_if action=reinterpret pc=0x0000018f21f3a318 method=java.util.TimSort.mergeLo(IIII)V @ 499 c2
Event: 1507.404 Thread 0x0000018f35ffa800 DEOPT PACKING pc=0x0000018f21f3a318 sp=0x0000001df7dfc530
Event: 1507.404 Thread 0x0000018f35ffa800 DEOPT UNPACKING pc=0x0000018f1999a1af sp=0x0000001df7dfc4f0 mode 2

Classes redefined (0 events):
No events

Internal exceptions (20 events):
Event: 1507.129 Thread 0x0000018f35ff1800 Exception <a 'sun/nio/fs/WindowsException'{0x000000008eeda270}> (0x000000008eeda270) thrown at [./src/hotspot/share/prims/jni.cpp, line 615]
Event: 1507.130 Thread 0x0000018f35ff1800 Exception <a 'sun/nio/fs/WindowsException'{0x000000008eeda3d0}> (0x000000008eeda3d0) thrown at [./src/hotspot/share/prims/jni.cpp, line 615]
Event: 1507.132 Thread 0x0000018f35ff1800 Exception <a 'sun/nio/fs/WindowsException'{0x000000008ed4ce58}> (0x000000008ed4ce58) thrown at [./src/hotspot/share/prims/jni.cpp, line 615]
Event: 1507.132 Thread 0x0000018f35ff1800 Exception <a 'sun/nio/fs/WindowsException'{0x000000008ed4cfc0}> (0x000000008ed4cfc0) thrown at [./src/hotspot/share/prims/jni.cpp, line 615]
Event: 1507.135 Thread 0x0000018f35ff1800 Exception <a 'sun/nio/fs/WindowsException'{0x000000008eda7c28}> (0x000000008eda7c28) thrown at [./src/hotspot/share/prims/jni.cpp, line 615]
Event: 1507.135 Thread 0x0000018f35ff1800 Exception <a 'sun/nio/fs/WindowsException'{0x000000008eda7d98}> (0x000000008eda7d98) thrown at [./src/hotspot/share/prims/jni.cpp, line 615]
Event: 1507.139 Thread 0x0000018f35ff1800 Exception <a 'sun/nio/fs/WindowsException'{0x000000008ec15b60}> (0x000000008ec15b60) thrown at [./src/hotspot/share/prims/jni.cpp, line 615]
Event: 1507.139 Thread 0x0000018f35ff1800 Exception <a 'sun/nio/fs/WindowsException'{0x000000008ec15cd8}> (0x000000008ec15cd8) thrown at [./src/hotspot/share/prims/jni.cpp, line 615]
Event: 1507.141 Thread 0x0000018f35ff1800 Exception <a 'sun/nio/fs/WindowsException'{0x000000008ec41f18}> (0x000000008ec41f18) thrown at [./src/hotspot/share/prims/jni.cpp, line 615]
Event: 1507.141 Thread 0x0000018f35ff1800 Exception <a 'sun/nio/fs/WindowsException'{0x000000008ec420b0}> (0x000000008ec420b0) thrown at [./src/hotspot/share/prims/jni.cpp, line 615]
Event: 1507.157 Thread 0x0000018f35ff1800 Exception <a 'sun/nio/fs/WindowsException'{0x000000008eb14fc8}> (0x000000008eb14fc8) thrown at [./src/hotspot/share/prims/jni.cpp, line 615]
Event: 1507.157 Thread 0x0000018f35ff1800 Exception <a 'sun/nio/fs/WindowsException'{0x000000008eb15168}> (0x000000008eb15168) thrown at [./src/hotspot/share/prims/jni.cpp, line 615]
Event: 1507.191 Thread 0x0000018f35ff1800 Exception <a 'sun/nio/fs/WindowsException'{0x000000008e9ef4e8}> (0x000000008e9ef4e8) thrown at [./src/hotspot/share/prims/jni.cpp, line 615]
Event: 1507.196 Thread 0x0000018f35ff1800 Exception <a 'sun/nio/fs/WindowsException'{0x000000008e9f7bd8}> (0x000000008e9f7bd8) thrown at [./src/hotspot/share/prims/jni.cpp, line 615]
Event: 1507.201 Thread 0x0000018f35ff1800 Exception <a 'sun/nio/fs/WindowsException'{0x000000008e806e38}> (0x000000008e806e38) thrown at [./src/hotspot/share/prims/jni.cpp, line 615]
Event: 1507.307 Thread 0x0000018f34764000 Exception <a 'sun/nio/fs/WindowsException'{0x000000008e596148}> (0x000000008e596148) thrown at [./src/hotspot/share/prims/jni.cpp, line 615]
Event: 1507.313 Thread 0x0000018f35ffd000 Exception <a 'sun/nio/fs/WindowsException'{0x000000008e431dd8}> (0x000000008e431dd8) thrown at [./src/hotspot/share/prims/jni.cpp, line 615]
Event: 1507.317 Thread 0x0000018f35ffa800 Exception <a 'sun/nio/fs/WindowsException'{0x000000008e48d520}> (0x000000008e48d520) thrown at [./src/hotspot/share/prims/jni.cpp, line 615]
Event: 1507.374 Thread 0x0000018f35ffd000 Exception <a 'sun/nio/fs/WindowsException'{0x000000008de51fa8}> (0x000000008de51fa8) thrown at [./src/hotspot/share/prims/jni.cpp, line 615]
Event: 1507.406 Thread 0x0000018f35ffa800 Exception <a 'sun/nio/fs/WindowsException'{0x000000008d32f9f8}> (0x000000008d32f9f8) thrown at [./src/hotspot/share/prims/jni.cpp, line 615]

Events (20 events):
Event: 1507.343 loading class com/android/tools/r8/internal/i4 done
Event: 1507.346 loading class com/android/tools/r8/internal/i4
Event: 1507.346 loading class com/android/tools/r8/internal/i4 done
Event: 1507.347 loading class com/android/tools/r8/internal/NJ
Event: 1507.347 loading class com/android/tools/r8/internal/NJ done
Event: 1507.348 loading class com/android/tools/r8/internal/Wh
Event: 1507.348 loading class com/android/tools/r8/internal/Wh done
Event: 1507.349 loading class com/android/tools/r8/internal/b4
Event: 1507.349 loading class com/android/tools/r8/internal/b4 done
Event: 1507.350 loading class com/android/tools/r8/internal/LS
Event: 1507.350 loading class com/android/tools/r8/internal/LS done
Event: 1507.351 loading class com/android/tools/r8/internal/cf
Event: 1507.351 loading class com/android/tools/r8/internal/cf done
Event: 1507.353 loading class com/android/tools/r8/graph/V
Event: 1507.353 loading class com/android/tools/r8/graph/V done
Event: 1507.363 loading class com/android/tools/r8/graph/V
Event: 1507.363 loading class com/android/tools/r8/graph/V done
Event: 1507.373 loading class com/android/tools/r8/internal/Vh
Event: 1507.373 loading class com/android/tools/r8/internal/Vh done
Event: 1507.378 Thread 0x0000018f39df8000 Thread added: 0x0000018f39df8000


Dynamic libraries:
0x00007ff7291c0000 - 0x00007ff7291ca000 	C:\Program Files\Android\Android Studio\jre\bin\java.exe
0x00007ffdab430000 - 0x00007ffdab624000 	C:\WINDOWS\SYSTEM32\ntdll.dll
0x00007ffda9c80000 - 0x00007ffda9d3d000 	C:\WINDOWS\System32\KERNEL32.DLL
0x00007ffda8f60000 - 0x00007ffda9227000 	C:\WINDOWS\System32\KERNELBASE.dll
0x00007ffda8b80000 - 0x00007ffda8c80000 	C:\WINDOWS\System32\ucrtbase.dll
0x00007ffda6000000 - 0x00007ffda6019000 	C:\Program Files\Android\Android Studio\jre\bin\jli.dll
0x00007ffda9740000 - 0x00007ffda98e0000 	C:\WINDOWS\System32\USER32.dll
0x00007ffda5fe0000 - 0x00007ffda5ff7000 	C:\Program Files\Android\Android Studio\jre\bin\VCRUNTIME140.dll
0x00007ffda8e90000 - 0x00007ffda8eb2000 	C:\WINDOWS\System32\win32u.dll
0x00007ffda9d40000 - 0x00007ffda9d6a000 	C:\WINDOWS\System32\GDI32.dll
0x00007ffd975b0000 - 0x00007ffd9784a000 	C:\WINDOWS\WinSxS\amd64_microsoft.windows.common-controls_6595b64144ccf1df_6.0.19041.1_none_b555e41d4684ddec\COMCTL32.dll
0x00007ffda92e0000 - 0x00007ffda93e9000 	C:\WINDOWS\System32\gdi32full.dll
0x00007ffdab230000 - 0x00007ffdab2ce000 	C:\WINDOWS\System32\msvcrt.dll
0x00007ffda8ec0000 - 0x00007ffda8f5d000 	C:\WINDOWS\System32\msvcp_win.dll
0x00007ffda9710000 - 0x00007ffda9740000 	C:\WINDOWS\System32\IMM32.DLL
0x0000018f14490000 - 0x0000018f144a4000 	C:\WINDOWS\System32\umppc15205.dll
0x00007ffd98630000 - 0x00007ffd986cd000 	C:\Program Files\Android\Android Studio\jre\bin\msvcp140.dll
0x00007ffd764b0000 - 0x00007ffd76f95000 	C:\Program Files\Android\Android Studio\jre\bin\server\jvm.dll
0x00007ffda9590000 - 0x00007ffda963a000 	C:\WINDOWS\System32\ADVAPI32.dll
0x00007ffda9ff0000 - 0x00007ffdaa08b000 	C:\WINDOWS\System32\sechost.dll
0x00007ffda9af0000 - 0x00007ffda9c13000 	C:\WINDOWS\System32\RPCRT4.dll
0x00007ffdaa090000 - 0x00007ffdaa098000 	C:\WINDOWS\System32\PSAPI.DLL
0x00007ffd95e30000 - 0x00007ffd95e39000 	C:\WINDOWS\SYSTEM32\WSOCK32.dll
0x00007ffdab380000 - 0x00007ffdab3eb000 	C:\WINDOWS\System32\WS2_32.dll
0x00007ffd9a0b0000 - 0x00007ffd9a0d7000 	C:\WINDOWS\SYSTEM32\WINMM.dll
0x00007ffd9a080000 - 0x00007ffd9a08a000 	C:\WINDOWS\SYSTEM32\VERSION.dll
0x00007ffda7390000 - 0x00007ffda73a3000 	C:\WINDOWS\SYSTEM32\kernel.appcore.dll
0x00007ffda35a0000 - 0x00007ffda35b1000 	C:\Program Files\Android\Android Studio\jre\bin\verify.dll
0x00007ffd95620000 - 0x00007ffd95804000 	C:\WINDOWS\SYSTEM32\DBGHELP.DLL
0x00007ffd94cc0000 - 0x00007ffd94cec000 	C:\WINDOWS\SYSTEM32\dbgcore.DLL
0x00007ffda93f0000 - 0x00007ffda946f000 	C:\WINDOWS\System32\bcryptPrimitives.dll
0x00007ffd7db70000 - 0x00007ffd7db99000 	C:\Program Files\Android\Android Studio\jre\bin\java.dll
0x00007ffda2e00000 - 0x00007ffda2e0b000 	C:\Program Files\Android\Android Studio\jre\bin\jimage.dll
0x00007ffda1db0000 - 0x00007ffda1dc8000 	C:\Program Files\Android\Android Studio\jre\bin\zip.dll
0x00007ffdaa100000 - 0x00007ffdaa831000 	C:\WINDOWS\System32\SHELL32.dll
0x00007ffda6bb0000 - 0x00007ffda733a000 	C:\WINDOWS\SYSTEM32\windows.storage.dll
0x00007ffdaa840000 - 0x00007ffdaab94000 	C:\WINDOWS\System32\combase.dll
0x00007ffda8530000 - 0x00007ffda855b000 	C:\WINDOWS\SYSTEM32\Wldp.dll
0x00007ffdab2d0000 - 0x00007ffdab37e000 	C:\WINDOWS\System32\SHCORE.dll
0x00007ffdaac30000 - 0x00007ffdaac85000 	C:\WINDOWS\System32\shlwapi.dll
0x00007ffda8ac0000 - 0x00007ffda8adf000 	C:\WINDOWS\SYSTEM32\profapi.dll
0x00007ffd7cd10000 - 0x00007ffd7cd2a000 	C:\Program Files\Android\Android Studio\jre\bin\net.dll
0x00007ffda7be0000 - 0x00007ffda7ce0000 	C:\WINDOWS\SYSTEM32\WINHTTP.dll
0x00007ffda82b0000 - 0x00007ffda831a000 	C:\WINDOWS\system32\mswsock.dll
0x00007ffd7ccf0000 - 0x00007ffd7cd04000 	C:\Program Files\Android\Android Studio\jre\bin\nio.dll
0x00007ffda6230000 - 0x00007ffda6257000 	C:\Users\apantele\.gradle\native\e1d6ef7f7dcc3fd88c89a11ec53ec762bb8ba0a96d01ffa2cd45eb1d1d8dd5c5\windows-amd64\native-platform.dll
0x00007ffd90380000 - 0x00007ffd904c4000 	C:\Users\apantele\.gradle\native\5664cfc778a61ccfe75a443a1ab52a65af34e5dc3c78e0209fed803814484fcb\windows-amd64\native-platform-file-events.dll
0x00007ffda2df0000 - 0x00007ffda2dfa000 	C:\Program Files\Android\Android Studio\jre\bin\management.dll
0x00007ffd7e3b0000 - 0x00007ffd7e3bd000 	C:\Program Files\Android\Android Studio\jre\bin\management_ext.dll
0x00007ffda8490000 - 0x00007ffda84a8000 	C:\WINDOWS\SYSTEM32\CRYPTSP.dll
0x00007ffda7b40000 - 0x00007ffda7b74000 	C:\WINDOWS\system32\rsaenh.dll
0x00007ffda9470000 - 0x00007ffda9497000 	C:\WINDOWS\System32\bcrypt.dll
0x00007ffda8a80000 - 0x00007ffda8aae000 	C:\WINDOWS\SYSTEM32\USERENV.dll
0x00007ffda8480000 - 0x00007ffda848c000 	C:\WINDOWS\SYSTEM32\CRYPTBASE.dll
0x00007ffda7fa0000 - 0x00007ffda7fdb000 	C:\WINDOWS\SYSTEM32\IPHLPAPI.DLL
0x00007ffda94a0000 - 0x00007ffda94a9000 	C:\WINDOWS\System32\NSI.dll
0x00007ffda3af0000 - 0x00007ffda3b07000 	C:\WINDOWS\SYSTEM32\dhcpcsvc6.DLL
0x00007ffda3ad0000 - 0x00007ffda3aed000 	C:\WINDOWS\SYSTEM32\dhcpcsvc.DLL
0x00007ffda7fe0000 - 0x00007ffda80aa000 	C:\WINDOWS\SYSTEM32\DNSAPI.dll
0x00007ffda78b0000 - 0x00007ffda78e3000 	C:\WINDOWS\SYSTEM32\ntmarta.dll
0x00007ffd70f80000 - 0x00007ffd70fa7000 	C:\Program Files\Android\Android Studio\jre\bin\sunec.dll

dbghelp: loaded successfully - version: 4.0.5 - missing functions: none
symbol engine: initialized successfully - sym options: 0x614 - pdb path: .;C:\Program Files\Android\Android Studio\jre\bin;C:\WINDOWS\SYSTEM32;C:\WINDOWS\WinSxS\amd64_microsoft.windows.common-controls_6595b64144ccf1df_6.0.19041.1_none_b555e41d4684ddec;C:\Program Files\Android\Android Studio\jre\bin\server;C:\Users\apantele\.gradle\native\e1d6ef7f7dcc3fd88c89a11ec53ec762bb8ba0a96d01ffa2cd45eb1d1d8dd5c5\windows-amd64;C:\Users\apantele\.gradle\native\5664cfc778a61ccfe75a443a1ab52a65af34e5dc3c78e0209fed803814484fcb\windows-amd64

VM Arguments:
jvm_args: --add-opens=java.base/java.util=ALL-UNNAMED --add-opens=java.base/java.lang=ALL-UNNAMED --add-opens=java.base/java.lang.invoke=ALL-UNNAMED --add-opens=java.base/java.util=ALL-UNNAMED --add-opens=java.prefs/java.util.prefs=ALL-UNNAMED --add-opens=java.prefs/java.util.prefs=ALL-UNNAMED --add-opens=java.base/java.nio.charset=ALL-UNNAMED --add-opens=java.base/java.net=ALL-UNNAMED --add-opens=java.base/java.util.concurrent.atomic=ALL-UNNAMED -Xmx2048m -Dfile.encoding=UTF-8 -Duser.country=US -Duser.language=en -Duser.variant 
java_command: org.gradle.launcher.daemon.bootstrap.GradleDaemon 7.3.3
java_class_path (initial): C:\Users\apantele\.gradle\wrapper\dists\gradle-7.3.3-bin\6a41zxkdtcxs8rphpq6y0069z\gradle-7.3.3\lib\gradle-launcher-7.3.3.jar
Launcher Type: SUN_STANDARD

[Global flags]
     intx CICompilerCount                          = 3                                         {product} {ergonomic}
     uint ConcGCThreads                            = 1                                         {product} {ergonomic}
     uint G1ConcRefinementThreads                  = 4                                         {product} {ergonomic}
   size_t G1HeapRegionSize                         = 1048576                                   {product} {ergonomic}
    uintx GCDrainStackTargetSize                   = 64                                        {product} {ergonomic}
   size_t InitialHeapSize                          = 134217728                                 {product} {ergonomic}
   size_t MarkStackSize                            = 4194304                                   {product} {ergonomic}
   size_t MaxHeapSize                              = 2147483648                                {product} {command line}
   size_t MaxNewSize                               = 1287651328                                {product} {ergonomic}
   size_t MinHeapDeltaBytes                        = 1048576                                   {product} {ergonomic}
    uintx NonNMethodCodeHeapSize                   = 5830732                                {pd product} {ergonomic}
    uintx NonProfiledCodeHeapSize                  = 122913754                              {pd product} {ergonomic}
    uintx ProfiledCodeHeapSize                     = 122913754                              {pd product} {ergonomic}
    uintx ReservedCodeCacheSize                    = 251658240                              {pd product} {ergonomic}
     bool SegmentedCodeCache                       = true                                      {product} {ergonomic}
     bool UseCompressedClassPointers               = true                                 {lp64_product} {ergonomic}
     bool UseCompressedOops                        = true                                 {lp64_product} {ergonomic}
     bool UseG1GC                                  = true                                      {product} {ergonomic}
     bool UseLargePagesIndividualAllocation        = false                                  {pd product} {ergonomic}

Logging:
Log output configuration:
 #0: stdout all=warning uptime,level,tags
 #1: stderr all=off uptime,level,tags

Environment Variables:
PATH=C:\Python27\Lib\site-packages\PyQt4;C:\Python27\Lib\site-packages\PyQt4;C:\Program Files (x86)\Intel\iCLS Client\;C:\Program Files\Intel\iCLS Client\;C:\ProgramData\Oracle\Java\javapath;C:\Program Files\Common Files\Microsoft Shared\Microsoft Online Services;C:\Program Files (x86)\Common Files\Microsoft Shared\Microsoft Online Services;C:\WINDOWS\system32;C:\WINDOWS;C:\WINDOWS\System32\Wbem;C:\WINDOWS\System32\WindowsPowerShell\v1.0\;C:\WINDOWS\System32\OpenSSH\;C:\Program Files (x86)\Enterprise Vault\EVClient\;C:\Program Files (x86)\Intel\Intel(R) Management Engine Components\DAL;C:\Program Files\Intel\Intel(R) Management Engine Components\DAL;C:\Program Files (x86)\Intel\Intel(R) Management Engine Components\IPT;C:\Program Files\Intel\Intel(R) Management Engine Components\IPT;C:\Program Files\Git\cmd;C:\Users\apantele\AppData\Local\Programs\Python\Python310-32\Scripts\;C:\Users\apantele\AppData\Local\Programs\Python\Python310-32\;C:\Users\apantele\AppData\Local\Microsoft\WindowsApps;C:\ProgramData\Microsoft\Windows\Start Menu\Programs\Python 2.7;C:\Python27;C:\Users\apantele\AppData\Roaming\Microsoft\Windows\Start Menu\Programs\Python 3.10;
USERNAME=apantele
OS=Windows_NT
PROCESSOR_IDENTIFIER=Intel64 Family 6 Model 60 Stepping 3, GenuineIntel



---------------  S Y S T E M  ---------------

OS: Windows 10 , 64 bit Build 19041 (10.0.19041.207)
OS uptime: 0 days 0:37 hours

CPU:total 4 (initial active 4) (2 cores per cpu, 2 threads per core) family 6 model 60 stepping 3 microcode 0x27, cmov, cx8, fxsr, mmx, sse, sse2, sse3, ssse3, sse4.1, sse4.2, popcnt, avx, avx2, aes, clmul, erms, lzcnt, ht, tsc, tscinvbit, bmi1, bmi2, fma

Memory: 4k page, system-wide physical 8097M (1127M free)
TotalPageFile size 13729M (AvailPageFile size 6004M)
current process WorkingSet (physical memory assigned to process): 625M, peak: 625M
current process commit charge ("private bytes"): 652M, peak: 652M

vm_info: OpenJDK 64-Bit Server VM (11.0.12+7-b1504.28-7817840) for windows-amd64 JRE (11.0.12+7-b1504.28-7817840), built on Oct 13 2021 22:12:33 by "builder" with MS VC++ 14.0 (VS2015)

END.
